/home/i/spark-2.2/bin/spark-submit --class ir.ac.sbu.graph.ktruss.spark.KTrussSpark --total-executor-cores 120 --master spark://alemi-1:7077 /home/i/subgraph-mining/target/subgraph-mining-1.0-jar-with-dependencies.jar hdfs://alemi-1/graph-data/penn94 120 10
[SBM] Input: hdfs://alemi-1/graph-data/penn94, partitionNum: 120, k: 10
[SBM] Spark conf: spark.app.name=KTrussSpark-120-penn94
spark.cores.max=120
spark.driver.maxResultSize=1g
spark.driver.memory=2g
spark.dynamicAllocation.enabled=true
spark.dynamicAllocation.maxExecutors=50
spark.dynamicAllocation.minExecutors=20
spark.eventLog.dir=hdfs://alemi-1/shared/spark-logs
spark.eventLog.enabled=true
spark.executor.cores=4
spark.executor.extraJavaOptions=-XX:+UseG1GC -XX:-ResizePLAB -XX:+PrintFlagsFinal -XX:+PrintReferenceGC -verbose:gc -XX:+PrintGCDetails -XX:+PrintGCTimeStamps -XX:+PrintAdaptiveSizePolicy -XX:+UnlockDiagnosticVMOptions -XX:+G1SummarizeConcMark -XX:+PrintFlagsFinal -XX:+UseCompressedOops -verbose:gc -XX:InitiatingHeapOccupancyPercent=20
spark.executor.memory=20G
spark.history.fs.logDirectory=hdfs://alemi-1/shared/spark-logs
spark.io.compression.codec=lz4
spark.io.compression.lz4.blockSize=32k
spark.jars=file:/home/i/subgraph-mining/target/subgraph-mining-1.0-jar-with-dependencies.jar
spark.kryo.classesToRegister=
spark.kryo.unsafe=true
spark.kryoserializer.buffer=256k
spark.kryoserializer.buffer.max=256m
spark.local.dir=/mnt/sde/spark-data,/mnt/sdf/spark-data
spark.master=spark://alemi-1:7077
spark.rdd.compress=false
spark.reducer.maxSizeInFlight=32m
spark.rpc.netty.dispatcher.numThreads=3
spark.serializer=org.apache.spark.serializer.KryoSerializer
spark.shuffle.compress=true
spark.shuffle.file.buffer=32k
spark.shuffle.io.numConnectionsPerPeer=3
spark.shuffle.io.preferDirectBufs=false
spark.shuffle.service.enabled=true
spark.submit.deployMode=client
spark.worker.cleanup.enabled=true
[KTrussSpark] iteration: 1, invalid edge count: 486397, duration: 32456 ms
[KTrussSpark] iteration: 2, invalid edge count: 136337, duration: 7780 ms
[KTrussSpark] iteration: 3, invalid edge count: 58765, duration: 5797 ms
[KTrussSpark] iteration: 4, invalid edge count: 29339, duration: 5129 ms
[KTrussSpark] iteration: 5, invalid edge count: 16621, duration: 4686 ms
[KTrussSpark] iteration: 6, invalid edge count: 9601, duration: 4277 ms
[KTrussSpark] iteration: 7, invalid edge count: 5947, duration: 3738 ms
[KTrussSpark] iteration: 8, invalid edge count: 4154, duration: 3372 ms
[KTrussSpark] iteration: 9, invalid edge count: 2779, duration: 3226 ms
[KTrussSpark] iteration: 10, invalid edge count: 1961, duration: 2986 ms
[KTrussSpark] iteration: 11, invalid edge count: 1316, duration: 2787 ms
[KTrussSpark] iteration: 12, invalid edge count: 902, duration: 2771 ms
[KTrussSpark] iteration: 13, invalid edge count: 564, duration: 2730 ms
[KTrussSpark] iteration: 14, invalid edge count: 410, duration: 2573 ms
[KTrussSpark] iteration: 15, invalid edge count: 278, duration: 2600 ms
[KTrussSpark] iteration: 16, invalid edge count: 237, duration: 2635 ms
[KTrussSpark] iteration: 17, invalid edge count: 188, duration: 2566 ms
[KTrussSpark] iteration: 18, invalid edge count: 136, duration: 2598 ms
[KTrussSpark] iteration: 19, invalid edge count: 94, duration: 2772 ms
[KTrussSpark] iteration: 20, invalid edge count: 77, duration: 2614 ms
[KTrussSpark] iteration: 21, invalid edge count: 63, duration: 2577 ms
[KTrussSpark] iteration: 22, invalid edge count: 41, duration: 2692 ms
[KTrussSpark] iteration: 23, invalid edge count: 30, duration: 2563 ms
[KTrussSpark] iteration: 24, invalid edge count: 26, duration: 2594 ms
[KTrussSpark] iteration: 25, invalid edge count: 23, duration: 2612 ms
[KTrussSpark] iteration: 26, invalid edge count: 13, duration: 2559 ms
[KTrussSpark] iteration: 27, invalid edge count: 6, duration: 2821 ms
[KTrussSpark] iteration: 28, invalid edge count: 2, duration: 2562 ms
