/home/i/spark-2.2/bin/spark-submit --class ir.ac.sbu.graph.ktruss.spark.KTrussSpark --total-executor-cores 120 --master spark://alemi-1:7077 /home/i/subgraph-mining/target/subgraph-mining-1.0-jar-with-dependencies.jar hdfs://alemi-1/graph-data/penn94 120 5
[SBM] Input: hdfs://alemi-1/graph-data/penn94, partitionNum: 120, k: 5
[SBM] Spark conf: spark.app.name=KTrussSpark-120-penn94
spark.cores.max=120
spark.driver.maxResultSize=1g
spark.driver.memory=2g
spark.dynamicAllocation.enabled=true
spark.dynamicAllocation.maxExecutors=50
spark.dynamicAllocation.minExecutors=20
spark.eventLog.dir=hdfs://alemi-1/shared/spark-logs
spark.eventLog.enabled=true
spark.executor.cores=4
spark.executor.extraJavaOptions=-XX:+UseG1GC -XX:-ResizePLAB -XX:+PrintFlagsFinal -XX:+PrintReferenceGC -verbose:gc -XX:+PrintGCDetails -XX:+PrintGCTimeStamps -XX:+PrintAdaptiveSizePolicy -XX:+UnlockDiagnosticVMOptions -XX:+G1SummarizeConcMark -XX:+PrintFlagsFinal -XX:+UseCompressedOops -verbose:gc -XX:InitiatingHeapOccupancyPercent=20
spark.executor.memory=20G
spark.history.fs.logDirectory=hdfs://alemi-1/shared/spark-logs
spark.io.compression.codec=lz4
spark.io.compression.lz4.blockSize=32k
spark.jars=file:/home/i/subgraph-mining/target/subgraph-mining-1.0-jar-with-dependencies.jar
spark.kryo.classesToRegister=
spark.kryo.unsafe=true
spark.kryoserializer.buffer=256k
spark.kryoserializer.buffer.max=256m
spark.local.dir=/mnt/sde/spark-data,/mnt/sdf/spark-data
spark.master=spark://alemi-1:7077
spark.rdd.compress=false
spark.reducer.maxSizeInFlight=32m
spark.rpc.netty.dispatcher.numThreads=3
spark.serializer=org.apache.spark.serializer.KryoSerializer
spark.shuffle.compress=true
spark.shuffle.file.buffer=32k
spark.shuffle.io.numConnectionsPerPeer=3
spark.shuffle.io.preferDirectBufs=false
spark.shuffle.service.enabled=true
spark.submit.deployMode=client
spark.worker.cleanup.enabled=true
[KTrussSpark] iteration: 1, invalid edge count: 142916, duration: 31834 ms
[KTrussSpark] iteration: 2, invalid edge count: 32449, duration: 5641 ms
[KTrussSpark] iteration: 3, invalid edge count: 10188, duration: 4207 ms
[KTrussSpark] iteration: 4, invalid edge count: 3920, duration: 3352 ms
[KTrussSpark] iteration: 5, invalid edge count: 1598, duration: 3107 ms
[KTrussSpark] iteration: 6, invalid edge count: 656, duration: 3018 ms
[KTrussSpark] iteration: 7, invalid edge count: 296, duration: 2956 ms
[KTrussSpark] iteration: 8, invalid edge count: 146, duration: 2887 ms
[KTrussSpark] iteration: 9, invalid edge count: 74, duration: 2867 ms
[KTrussSpark] iteration: 10, invalid edge count: 41, duration: 2828 ms
[KTrussSpark] iteration: 11, invalid edge count: 23, duration: 2872 ms
[KTrussSpark] iteration: 12, invalid edge count: 15, duration: 2925 ms
[KTrussSpark] iteration: 13, invalid edge count: 14, duration: 3028 ms
[KTrussSpark] iteration: 14, invalid edge count: 4, duration: 2890 ms
[KTrussSpark] iteration: 15, invalid edge count: 1, duration: 2966 ms
[KTrussSpark] iteration: 16, invalid edge count: 1, duration: 2923 ms
[KTrussSpark] iteration: 17, invalid edge count: 1, duration: 2863 ms
[KTrussSpark] KTruss Edge Count: 1116585, duration: 86748 ms
