/home/i/spark-2.2/bin/spark-submit --class ir.ac.sbu.graph.ktruss.spark.KTrussSpark --total-executor-cores 120 --master spark://alemi-1:7077 /home/i/subgraph-mining/target/subgraph-mining-1.0-jar-with-dependencies.jar hdfs://alemi-1/graph-data/penn94 120 7
[SBM] Input: hdfs://alemi-1/graph-data/penn94, partitionNum: 120, k: 7
[SBM] Spark conf: spark.app.name=KTrussSpark-120-penn94
spark.cores.max=120
spark.driver.maxResultSize=1g
spark.driver.memory=2g
spark.dynamicAllocation.enabled=true
spark.dynamicAllocation.maxExecutors=50
spark.dynamicAllocation.minExecutors=20
spark.eventLog.dir=hdfs://alemi-1/shared/spark-logs
spark.eventLog.enabled=true
spark.executor.cores=4
spark.executor.extraJavaOptions=-XX:+UseG1GC -XX:-ResizePLAB -XX:+PrintFlagsFinal -XX:+PrintReferenceGC -verbose:gc -XX:+PrintGCDetails -XX:+PrintGCTimeStamps -XX:+PrintAdaptiveSizePolicy -XX:+UnlockDiagnosticVMOptions -XX:+G1SummarizeConcMark -XX:+PrintFlagsFinal -XX:+UseCompressedOops -verbose:gc -XX:InitiatingHeapOccupancyPercent=20
spark.executor.memory=20G
spark.history.fs.logDirectory=hdfs://alemi-1/shared/spark-logs
spark.io.compression.codec=lz4
spark.io.compression.lz4.blockSize=32k
spark.jars=file:/home/i/subgraph-mining/target/subgraph-mining-1.0-jar-with-dependencies.jar
spark.kryo.classesToRegister=
spark.kryo.unsafe=true
spark.kryoserializer.buffer=256k
spark.kryoserializer.buffer.max=256m
spark.local.dir=/mnt/sde/spark-data,/mnt/sdf/spark-data
spark.master=spark://alemi-1:7077
spark.rdd.compress=false
spark.reducer.maxSizeInFlight=32m
spark.rpc.netty.dispatcher.numThreads=3
spark.serializer=org.apache.spark.serializer.KryoSerializer
spark.shuffle.compress=true
spark.shuffle.file.buffer=32k
spark.shuffle.io.numConnectionsPerPeer=3
spark.shuffle.io.preferDirectBufs=false
spark.shuffle.service.enabled=true
spark.submit.deployMode=client
spark.worker.cleanup.enabled=true
[KTrussSpark] iteration: 1, invalid edge count: 290906, duration: 33251 ms
[KTrussSpark] iteration: 2, invalid edge count: 80356, duration: 6777 ms
[KTrussSpark] iteration: 3, invalid edge count: 32344, duration: 5353 ms
[KTrussSpark] iteration: 4, invalid edge count: 15309, duration: 4600 ms
[KTrussSpark] iteration: 5, invalid edge count: 7674, duration: 3988 ms
[KTrussSpark] iteration: 6, invalid edge count: 4229, duration: 3473 ms
[KTrussSpark] iteration: 7, invalid edge count: 2363, duration: 3125 ms
[KTrussSpark] iteration: 8, invalid edge count: 1381, duration: 2935 ms
[KTrussSpark] iteration: 9, invalid edge count: 859, duration: 2877 ms
[KTrussSpark] iteration: 10, invalid edge count: 535, duration: 2806 ms
[KTrussSpark] iteration: 11, invalid edge count: 326, duration: 2858 ms
[KTrussSpark] iteration: 12, invalid edge count: 202, duration: 2698 ms
[KTrussSpark] iteration: 13, invalid edge count: 116, duration: 2791 ms
[KTrussSpark] iteration: 14, invalid edge count: 74, duration: 2805 ms
[KTrussSpark] iteration: 15, invalid edge count: 35, duration: 2754 ms
[KTrussSpark] iteration: 16, invalid edge count: 22, duration: 2765 ms
[KTrussSpark] iteration: 17, invalid edge count: 21, duration: 2677 ms
[KTrussSpark] iteration: 18, invalid edge count: 8, duration: 2725 ms
[KTrussSpark] iteration: 19, invalid edge count: 4, duration: 2660 ms
[KTrussSpark] iteration: 20, invalid edge count: 3, duration: 2782 ms
[KTrussSpark] iteration: 21, invalid edge count: 2, duration: 2928 ms
[KTrussSpark] KTruss Edge Count: 871482, duration: 103215 ms
