/home/i/spark-2.2/bin/spark-submit --class ir.ac.sbu.graph.ktruss.spark.KTrussSpark --total-executor-cores 120 --master spark://alemi-1:7077 /home/i/subgraph-mining/target/subgraph-mining-1.0-jar-with-dependencies.jar hdfs://alemi-1/graph-data/penn94 120 9
[SBM] Input: hdfs://alemi-1/graph-data/penn94, partitionNum: 120, kc: 9
[SBM] Spark conf: spark.app.name=KTrussSpark-120-penn94
spark.cores.max=120
spark.driver.maxResultSize=1g
spark.driver.memory=2g
spark.dynamicAllocation.enabled=true
spark.dynamicAllocation.maxExecutors=50
spark.dynamicAllocation.minExecutors=20
spark.eventLog.dir=hdfs://alemi-1/shared/spark-logs
spark.eventLog.enabled=true
spark.executor.cores=4
spark.executor.extraJavaOptions=-XX:+UseG1GC -XX:-ResizePLAB -XX:+PrintFlagsFinal -XX:+PrintReferenceGC -verbose:gc -XX:+PrintGCDetails -XX:+PrintGCTimeStamps -XX:+PrintAdaptiveSizePolicy -XX:+UnlockDiagnosticVMOptions -XX:+G1SummarizeConcMark -XX:+PrintFlagsFinal -XX:+UseCompressedOops -verbose:gc -XX:InitiatingHeapOccupancyPercent=20
spark.executor.memory=20G
spark.history.fs.logDirectory=hdfs://alemi-1/shared/spark-logs
spark.io.compression.codec=lz4
spark.io.compression.lz4.blockSize=32k
spark.jars=file:/home/i/subgraph-mining/target/subgraph-mining-1.0-jar-with-dependencies.jar
spark.kryo.classesToRegister=
spark.kryo.unsafe=true
spark.kryoserializer.buffer=256k
spark.kryoserializer.buffer.max=256m
spark.local.dir=/mnt/sde/spark-data,/mnt/sdf/spark-data
spark.master=spark://alemi-1:7077
spark.rdd.compress=false
spark.reducer.maxSizeInFlight=32m
spark.rpc.netty.dispatcher.numThreads=3
spark.serializer=org.apache.spark.serializer.KryoSerializer
spark.shuffle.compress=true
spark.shuffle.file.buffer=32k
spark.shuffle.io.numConnectionsPerPeer=3
spark.shuffle.io.preferDirectBufs=false
spark.shuffle.service.enabled=true
spark.submit.deployMode=client
spark.worker.cleanup.enabled=true
[KTrussSpark] iteration: 1, invalid edge count: 425567, duration: 31975 ms
[KTrussSpark] iteration: 2, invalid edge count: 120398, duration: 7449 ms
[KTrussSpark] iteration: 3, invalid edge count: 52350, duration: 5540 ms
[KTrussSpark] iteration: 4, invalid edge count: 26286, duration: 4883 ms
[KTrussSpark] iteration: 5, invalid edge count: 14269, duration: 4364 ms
[KTrussSpark] iteration: 6, invalid edge count: 8488, duration: 3839 ms
[KTrussSpark] iteration: 7, invalid edge count: 5217, duration: 3419 ms
[KTrussSpark] iteration: 8, invalid edge count: 3310, duration: 3249 ms
[KTrussSpark] iteration: 9, invalid edge count: 2191, duration: 2929 ms
[KTrussSpark] iteration: 10, invalid edge count: 1417, duration: 2749 ms
[KTrussSpark] iteration: 11, invalid edge count: 958, duration: 2650 ms
[KTrussSpark] iteration: 12, invalid edge count: 640, duration: 2774 ms
[KTrussSpark] iteration: 13, invalid edge count: 451, duration: 2554 ms
[KTrussSpark] iteration: 14, invalid edge count: 296, duration: 2692 ms
[KTrussSpark] iteration: 15, invalid edge count: 259, duration: 2441 ms
[KTrussSpark] iteration: 16, invalid edge count: 170, duration: 2559 ms
[KTrussSpark] iteration: 17, invalid edge count: 106, duration: 2415 ms
[KTrussSpark] iteration: 18, invalid edge count: 87, duration: 2627 ms
[KTrussSpark] iteration: 19, invalid edge count: 58, duration: 2606 ms
[KTrussSpark] iteration: 20, invalid edge count: 47, duration: 2569 ms
[KTrussSpark] iteration: 21, invalid edge count: 37, duration: 2487 ms
[KTrussSpark] iteration: 22, invalid edge count: 24, duration: 2654 ms
[KTrussSpark] iteration: 23, invalid edge count: 14, duration: 2707 ms
[KTrussSpark] iteration: 24, invalid edge count: 12, duration: 2485 ms
[KTrussSpark] iteration: 25, invalid edge count: 8, duration: 2518 ms
[KTrussSpark] iteration: 26, invalid edge count: 7, duration: 2525 ms
[KTrussSpark] iteration: 27, invalid edge count: 2, duration: 2548 ms
[KTrussSpark] KTruss Edge Count: 644935, duration: 117856 ms
