/home/i/spark-2.2/bin/spark-submit --class ir.ac.sbu.graph.ktruss.spark.KTrussSpark --total-executor-cores 120 --master spark://alemi-1:7077 /home/i/subgraph-mining/target/subgraph-mining-1.0-jar-with-dependencies.jar hdfs://alemi-1/graph-data/soc_LiveJournal 300 4
[SBM] Input: hdfs://alemi-1/graph-data/soc_LiveJournal, partitionNum: 300, k: 4
[SBM] Spark conf: spark.app.name=KTrussSpark-300-soc_LiveJournal
spark.cores.max=120
spark.driver.maxResultSize=1g
spark.driver.memory=2g
spark.dynamicAllocation.enabled=true
spark.dynamicAllocation.maxExecutors=50
spark.dynamicAllocation.minExecutors=20
spark.eventLog.dir=hdfs://alemi-1/shared/spark-logs
spark.eventLog.enabled=true
spark.executor.cores=4
spark.executor.extraJavaOptions=-XX:+UseG1GC -XX:-ResizePLAB -XX:+PrintFlagsFinal -XX:+PrintReferenceGC -verbose:gc -XX:+PrintGCDetails -XX:+PrintGCTimeStamps -XX:+PrintAdaptiveSizePolicy -XX:+UnlockDiagnosticVMOptions -XX:+G1SummarizeConcMark -XX:+PrintFlagsFinal -XX:+UseCompressedOops -verbose:gc -XX:InitiatingHeapOccupancyPercent=20
spark.executor.memory=20G
spark.history.fs.logDirectory=hdfs://alemi-1/shared/spark-logs
spark.io.compression.codec=lz4
spark.io.compression.lz4.blockSize=32k
spark.jars=file:/home/i/subgraph-mining/target/subgraph-mining-1.0-jar-with-dependencies.jar
spark.kryo.classesToRegister=
spark.kryo.unsafe=true
spark.kryoserializer.buffer=256k
spark.kryoserializer.buffer.max=256m
spark.local.dir=/mnt/sde/spark-data,/mnt/sdf/spark-data
spark.master=spark://alemi-1:7077
spark.rdd.compress=false
spark.reducer.maxSizeInFlight=32m
spark.rpc.netty.dispatcher.numThreads=3
spark.serializer=org.apache.spark.serializer.KryoSerializer
spark.shuffle.compress=true
spark.shuffle.file.buffer=32k
spark.shuffle.io.numConnectionsPerPeer=3
spark.shuffle.io.preferDirectBufs=false
spark.shuffle.service.enabled=true
spark.submit.deployMode=client
spark.worker.cleanup.enabled=true
[KTrussSpark] iteration: 1, invalid edge count: 5311059, duration: 149704 ms
[KTrussSpark] iteration: 2, invalid edge count: 649884, duration: 5772 ms
[KTrussSpark] iteration: 3, invalid edge count: 146228, duration: 7082 ms
[KTrussSpark] iteration: 4, invalid edge count: 43598, duration: 5998 ms
[KTrussSpark] iteration: 5, invalid edge count: 15058, duration: 3970 ms
[KTrussSpark] iteration: 6, invalid edge count: 5559, duration: 3253 ms
[KTrussSpark] iteration: 7, invalid edge count: 2164, duration: 2952 ms
[KTrussSpark] iteration: 8, invalid edge count: 914, duration: 3011 ms
[KTrussSpark] iteration: 9, invalid edge count: 366, duration: 2978 ms
[KTrussSpark] iteration: 10, invalid edge count: 152, duration: 2769 ms
[KTrussSpark] iteration: 11, invalid edge count: 88, duration: 2811 ms
[KTrussSpark] iteration: 12, invalid edge count: 39, duration: 2881 ms
[KTrussSpark] iteration: 13, invalid edge count: 15, duration: 2981 ms
[KTrussSpark] iteration: 14, invalid edge count: 5, duration: 3025 ms
[KTrussSpark] iteration: 15, invalid edge count: 2, duration: 2926 ms
[KTrussSpark] iteration: 16, invalid edge count: 2, duration: 2906 ms
[KTrussSpark] iteration: 17, invalid edge count: 1, duration: 2858 ms
[KTrussSpark] KTruss Edge Count: 28778320, duration: 212424 ms
