/home/i/spark-2.2/bin/spark-submit --class ir.ac.sbu.graph.ktruss.spark.KTrussSpark --total-executor-cores 120 --master spark://alemi-1:7077 /home/i/subgraph-mining/target/subgraph-mining-1.0-jar-with-dependencies.jar hdfs://alemi-1/graph-data/soc_LiveJournal 300 6
[SBM] Input: hdfs://alemi-1/graph-data/soc_LiveJournal, partitionNum: 300, kc: 6
[SBM] Spark conf: spark.app.name=KTrussSpark-300-soc_LiveJournal
spark.cores.max=120
spark.driver.maxResultSize=1g
spark.driver.memory=2g
spark.dynamicAllocation.enabled=true
spark.dynamicAllocation.maxExecutors=50
spark.dynamicAllocation.minExecutors=20
spark.eventLog.dir=hdfs://alemi-1/shared/spark-logs
spark.eventLog.enabled=true
spark.executor.cores=4
spark.executor.extraJavaOptions=-XX:+UseG1GC -XX:-ResizePLAB -XX:+PrintFlagsFinal -XX:+PrintReferenceGC -verbose:gc -XX:+PrintGCDetails -XX:+PrintGCTimeStamps -XX:+PrintAdaptiveSizePolicy -XX:+UnlockDiagnosticVMOptions -XX:+G1SummarizeConcMark -XX:+PrintFlagsFinal -XX:+UseCompressedOops -verbose:gc -XX:InitiatingHeapOccupancyPercent=20
spark.executor.memory=20G
spark.history.fs.logDirectory=hdfs://alemi-1/shared/spark-logs
spark.io.compression.codec=lz4
spark.io.compression.lz4.blockSize=32k
spark.jars=file:/home/i/subgraph-mining/target/subgraph-mining-1.0-jar-with-dependencies.jar
spark.kryo.classesToRegister=
spark.kryo.unsafe=true
spark.kryoserializer.buffer=256k
spark.kryoserializer.buffer.max=256m
spark.local.dir=/mnt/sde/spark-data,/mnt/sdf/spark-data
spark.master=spark://alemi-1:7077
spark.rdd.compress=false
spark.reducer.maxSizeInFlight=32m
spark.rpc.netty.dispatcher.numThreads=3
spark.serializer=org.apache.spark.serializer.KryoSerializer
spark.shuffle.compress=true
spark.shuffle.file.buffer=32k
spark.shuffle.io.numConnectionsPerPeer=3
spark.shuffle.io.preferDirectBufs=false
spark.shuffle.service.enabled=true
spark.submit.deployMode=client
spark.worker.cleanup.enabled=true
[KTrussSpark] iteration: 1, invalid edge count: 12315906, duration: 195048 ms
[KTrussSpark] iteration: 2, invalid edge count: 2321600, duration: 8567 ms
[KTrussSpark] iteration: 3, invalid edge count: 683011, duration: 6007 ms
[KTrussSpark] iteration: 4, invalid edge count: 257035, duration: 5382 ms
[KTrussSpark] iteration: 5, invalid edge count: 114070, duration: 4782 ms
[KTrussSpark] iteration: 6, invalid edge count: 56279, duration: 4497 ms
[KTrussSpark] iteration: 7, invalid edge count: 29397, duration: 3853 ms
[KTrussSpark] iteration: 8, invalid edge count: 16157, duration: 3663 ms
[KTrussSpark] iteration: 9, invalid edge count: 9270, duration: 3753 ms
[KTrussSpark] iteration: 10, invalid edge count: 5521, duration: 3850 ms
[KTrussSpark] iteration: 11, invalid edge count: 3457, duration: 3660 ms
[KTrussSpark] iteration: 12, invalid edge count: 2078, duration: 3646 ms
[KTrussSpark] iteration: 13, invalid edge count: 1267, duration: 3591 ms
[KTrussSpark] iteration: 14, invalid edge count: 852, duration: 3591 ms
[KTrussSpark] iteration: 15, invalid edge count: 561, duration: 3615 ms
[KTrussSpark] iteration: 16, invalid edge count: 414, duration: 3681 ms
[KTrussSpark] iteration: 17, invalid edge count: 252, duration: 3649 ms
[KTrussSpark] iteration: 18, invalid edge count: 179, duration: 3658 ms
[KTrussSpark] iteration: 19, invalid edge count: 109, duration: 3702 ms
[KTrussSpark] iteration: 20, invalid edge count: 82, duration: 3719 ms
[KTrussSpark] iteration: 21, invalid edge count: 56, duration: 3660 ms
[KTrussSpark] iteration: 22, invalid edge count: 36, duration: 3784 ms
[KTrussSpark] iteration: 23, invalid edge count: 21, duration: 3738 ms
[KTrussSpark] iteration: 24, invalid edge count: 8, duration: 3728 ms
[KTrussSpark] iteration: 25, invalid edge count: 9, duration: 3703 ms
[KTrussSpark] iteration: 26, invalid edge count: 3, duration: 3728 ms
[KTrussSpark] KTruss Edge Count: 19276766, duration: 304395 ms
