/home/i/spark-2.2/bin/spark-submit --class ir.ac.sbu.graph.ktruss.spark.KTrussSpark --total-executor-cores 120 --master spark://alemi-1:7077 /home/i/subgraph-mining/target/subgraph-mining-1.0-jar-with-dependencies.jar hdfs://alemi-1/graph-data/soc_LiveJournal 300 10
[SBM] Input: hdfs://alemi-1/graph-data/soc_LiveJournal, partitionNum: 300, kc: 10
[SBM] Spark conf: spark.app.name=KTrussSpark-300-soc_LiveJournal
spark.cores.max=120
spark.driver.maxResultSize=1g
spark.driver.memory=2g
spark.dynamicAllocation.enabled=true
spark.dynamicAllocation.maxExecutors=50
spark.dynamicAllocation.minExecutors=20
spark.eventLog.dir=hdfs://alemi-1/shared/spark-logs
spark.eventLog.enabled=true
spark.executor.cores=4
spark.executor.extraJavaOptions=-XX:+UseG1GC -XX:-ResizePLAB -XX:+PrintFlagsFinal -XX:+PrintReferenceGC -verbose:gc -XX:+PrintGCDetails -XX:+PrintGCTimeStamps -XX:+PrintAdaptiveSizePolicy -XX:+UnlockDiagnosticVMOptions -XX:+G1SummarizeConcMark -XX:+PrintFlagsFinal -XX:+UseCompressedOops -verbose:gc -XX:InitiatingHeapOccupancyPercent=20
spark.executor.memory=20G
spark.history.fs.logDirectory=hdfs://alemi-1/shared/spark-logs
spark.io.compression.codec=lz4
spark.io.compression.lz4.blockSize=32k
spark.jars=file:/home/i/subgraph-mining/target/subgraph-mining-1.0-jar-with-dependencies.jar
spark.kryo.classesToRegister=
spark.kryo.unsafe=true
spark.kryoserializer.buffer=256k
spark.kryoserializer.buffer.max=256m
spark.local.dir=/mnt/sde/spark-data,/mnt/sdf/spark-data
spark.master=spark://alemi-1:7077
spark.rdd.compress=false
spark.reducer.maxSizeInFlight=32m
spark.rpc.netty.dispatcher.numThreads=3
spark.serializer=org.apache.spark.serializer.KryoSerializer
spark.shuffle.compress=true
spark.shuffle.file.buffer=32k
spark.shuffle.io.numConnectionsPerPeer=3
spark.shuffle.io.preferDirectBufs=false
spark.shuffle.service.enabled=true
spark.submit.deployMode=client
spark.worker.cleanup.enabled=true
[KTrussSpark] iteration: 1, invalid edge count: 20053318, duration: 139198 ms
[KTrussSpark] iteration: 2, invalid edge count: 3210169, duration: 10615 ms
[KTrussSpark] iteration: 3, invalid edge count: 1066624, duration: 5394 ms
[KTrussSpark] iteration: 4, invalid edge count: 470858, duration: 4435 ms
[KTrussSpark] iteration: 5, invalid edge count: 244033, duration: 6084 ms
[KTrussSpark] iteration: 6, invalid edge count: 137813, duration: 4228 ms
[KTrussSpark] iteration: 7, invalid edge count: 83140, duration: 4205 ms
[KTrussSpark] iteration: 8, invalid edge count: 52455, duration: 3775 ms
[KTrussSpark] iteration: 9, invalid edge count: 34041, duration: 3851 ms
[KTrussSpark] iteration: 10, invalid edge count: 23432, duration: 3702 ms
[KTrussSpark] iteration: 11, invalid edge count: 16476, duration: 3739 ms
[KTrussSpark] iteration: 12, invalid edge count: 10936, duration: 3765 ms
[KTrussSpark] iteration: 13, invalid edge count: 7619, duration: 3714 ms
[KTrussSpark] iteration: 14, invalid edge count: 5302, duration: 4085 ms
[KTrussSpark] iteration: 15, invalid edge count: 3727, duration: 3813 ms
[KTrussSpark] iteration: 16, invalid edge count: 2668, duration: 3958 ms
[KTrussSpark] iteration: 17, invalid edge count: 1935, duration: 3706 ms
[KTrussSpark] iteration: 18, invalid edge count: 1540, duration: 3743 ms
[KTrussSpark] iteration: 19, invalid edge count: 1077, duration: 3849 ms
[KTrussSpark] iteration: 20, invalid edge count: 777, duration: 3888 ms
[KTrussSpark] iteration: 21, invalid edge count: 623, duration: 3852 ms
[KTrussSpark] iteration: 22, invalid edge count: 458, duration: 3897 ms
[KTrussSpark] iteration: 23, invalid edge count: 370, duration: 3964 ms
[KTrussSpark] iteration: 24, invalid edge count: 341, duration: 3805 ms
[KTrussSpark] iteration: 25, invalid edge count: 243, duration: 3992 ms
[KTrussSpark] iteration: 26, invalid edge count: 123, duration: 3966 ms
[KTrussSpark] iteration: 27, invalid edge count: 128, duration: 4040 ms
[KTrussSpark] iteration: 28, invalid edge count: 95, duration: 4020 ms
[KTrussSpark] iteration: 29, invalid edge count: 73, duration: 3848 ms
[KTrussSpark] iteration: 30, invalid edge count: 43, duration: 3872 ms
[KTrussSpark] iteration: 31, invalid edge count: 34, duration: 3956 ms
[KTrussSpark] iteration: 32, invalid edge count: 32, duration: 4011 ms
[KTrussSpark] iteration: 33, invalid edge count: 31, duration: 4032 ms
[KTrussSpark] iteration: 34, invalid edge count: 26, duration: 3911 ms
[KTrussSpark] iteration: 35, invalid edge count: 11, duration: 3911 ms
[KTrussSpark] iteration: 36, invalid edge count: 5, duration: 3941 ms
[KTrussSpark] iteration: 37, invalid edge count: 3, duration: 3961 ms
[KTrussSpark] iteration: 38, invalid edge count: 3, duration: 4060 ms
[KTrussSpark] iteration: 39, invalid edge count: 6, duration: 3994 ms
[KTrussSpark] iteration: 40, invalid edge count: 11, duration: 4004 ms
[KTrussSpark] KTruss Edge Count: 9808536, duration: 310251 ms
