/home/i/spark-2.2/bin/spark-submit --class ir.ac.sbu.graph.ktruss.spark.KTrussSpark --total-executor-cores 120 --master spark://alemi-1:7077 /home/i/subgraph-mining/target/subgraph-mining-1.0-jar-with-dependencies.jar hdfs://alemi-1/graph-data/youtube 240 6
[SBM] Input: hdfs://alemi-1/graph-data/youtube, partitionNum: 240, k: 6
[SBM] Spark conf: spark.app.name=KTrussSpark-240-youtube
spark.cores.max=120
spark.driver.maxResultSize=1g
spark.driver.memory=2g
spark.dynamicAllocation.enabled=true
spark.dynamicAllocation.maxExecutors=50
spark.dynamicAllocation.minExecutors=20
spark.eventLog.dir=hdfs://alemi-1/shared/spark-logs
spark.eventLog.enabled=true
spark.executor.cores=4
spark.executor.extraJavaOptions=-XX:+UseG1GC -XX:-ResizePLAB -XX:+PrintFlagsFinal -XX:+PrintReferenceGC -verbose:gc -XX:+PrintGCDetails -XX:+PrintGCTimeStamps -XX:+PrintAdaptiveSizePolicy -XX:+UnlockDiagnosticVMOptions -XX:+G1SummarizeConcMark -XX:+PrintFlagsFinal -XX:+UseCompressedOops -verbose:gc -XX:InitiatingHeapOccupancyPercent=20
spark.executor.memory=20G
spark.history.fs.logDirectory=hdfs://alemi-1/shared/spark-logs
spark.io.compression.codec=lz4
spark.io.compression.lz4.blockSize=32k
spark.jars=file:/home/i/subgraph-mining/target/subgraph-mining-1.0-jar-with-dependencies.jar
spark.kryo.classesToRegister=
spark.kryo.unsafe=true
spark.kryoserializer.buffer=256k
spark.kryoserializer.buffer.max=256m
spark.local.dir=/mnt/sde/spark-data,/mnt/sdf/spark-data
spark.master=spark://alemi-1:7077
spark.rdd.compress=false
spark.reducer.maxSizeInFlight=32m
spark.rpc.netty.dispatcher.numThreads=3
spark.serializer=org.apache.spark.serializer.KryoSerializer
spark.shuffle.compress=true
spark.shuffle.file.buffer=32k
spark.shuffle.io.numConnectionsPerPeer=3
spark.shuffle.io.preferDirectBufs=false
spark.shuffle.service.enabled=true
spark.submit.deployMode=client
spark.worker.cleanup.enabled=true
[KTrussSpark] iteration: 1, invalid edge count: 849489, duration: 49842 ms
[KTrussSpark] iteration: 2, invalid edge count: 99760, duration: 13093 ms
[KTrussSpark] iteration: 3, invalid edge count: 27033, duration: 7888 ms
[KTrussSpark] iteration: 4, invalid edge count: 10229, duration: 4985 ms
[KTrussSpark] iteration: 5, invalid edge count: 4382, duration: 4174 ms
[KTrussSpark] iteration: 6, invalid edge count: 2067, duration: 3607 ms
[KTrussSpark] iteration: 7, invalid edge count: 990, duration: 3469 ms
[KTrussSpark] iteration: 8, invalid edge count: 513, duration: 3220 ms
[KTrussSpark] iteration: 9, invalid edge count: 233, duration: 3227 ms
[KTrussSpark] iteration: 10, invalid edge count: 128, duration: 3367 ms
[KTrussSpark] iteration: 11, invalid edge count: 88, duration: 3182 ms
[KTrussSpark] iteration: 12, invalid edge count: 49, duration: 3233 ms
[KTrussSpark] iteration: 13, invalid edge count: 27, duration: 3227 ms
[KTrussSpark] iteration: 14, invalid edge count: 22, duration: 3261 ms
[KTrussSpark] iteration: 15, invalid edge count: 10, duration: 3187 ms
[KTrussSpark] iteration: 16, invalid edge count: 2, duration: 3085 ms
[KTrussSpark] iteration: 17, invalid edge count: 1, duration: 3112 ms
[KTrussSpark] iteration: 18, invalid edge count: 1, duration: 3178 ms
[KTrussSpark] iteration: 19, invalid edge count: 1, duration: 3179 ms
[KTrussSpark] KTruss Edge Count: 378240, duration: 130012 ms
