/home/i/spark-2.2/bin/spark-submit --class ir.ac.sbu.graph.ktruss.spark.KTrussSpark --total-executor-cores 120 --master spark://alemi-1:7077 /home/i/subgraph-mining/target/subgraph-mining-1.0-jar-with-dependencies.jar hdfs://alemi-1/graph-data/youtube 240 8
[SBM] Input: hdfs://alemi-1/graph-data/youtube, partitionNum: 240, kc: 8
[SBM] Spark conf: spark.app.name=KTrussSpark-240-youtube
spark.cores.max=120
spark.driver.maxResultSize=1g
spark.driver.memory=2g
spark.dynamicAllocation.enabled=true
spark.dynamicAllocation.maxExecutors=50
spark.dynamicAllocation.minExecutors=20
spark.eventLog.dir=hdfs://alemi-1/shared/spark-logs
spark.eventLog.enabled=true
spark.executor.cores=4
spark.executor.extraJavaOptions=-XX:+UseG1GC -XX:-ResizePLAB -XX:+PrintFlagsFinal -XX:+PrintReferenceGC -verbose:gc -XX:+PrintGCDetails -XX:+PrintGCTimeStamps -XX:+PrintAdaptiveSizePolicy -XX:+UnlockDiagnosticVMOptions -XX:+G1SummarizeConcMark -XX:+PrintFlagsFinal -XX:+UseCompressedOops -verbose:gc -XX:InitiatingHeapOccupancyPercent=20
spark.executor.memory=20G
spark.history.fs.logDirectory=hdfs://alemi-1/shared/spark-logs
spark.io.compression.codec=lz4
spark.io.compression.lz4.blockSize=32k
spark.jars=file:/home/i/subgraph-mining/target/subgraph-mining-1.0-jar-with-dependencies.jar
spark.kryo.classesToRegister=
spark.kryo.unsafe=true
spark.kryoserializer.buffer=256k
spark.kryoserializer.buffer.max=256m
spark.local.dir=/mnt/sde/spark-data,/mnt/sdf/spark-data
spark.master=spark://alemi-1:7077
spark.rdd.compress=false
spark.reducer.maxSizeInFlight=32m
spark.rpc.netty.dispatcher.numThreads=3
spark.serializer=org.apache.spark.serializer.KryoSerializer
spark.shuffle.compress=true
spark.shuffle.file.buffer=32k
spark.shuffle.io.numConnectionsPerPeer=3
spark.shuffle.io.preferDirectBufs=false
spark.shuffle.service.enabled=true
spark.submit.deployMode=client
spark.worker.cleanup.enabled=true
[KTrussSpark] iteration: 1, invalid edge count: 1016523, duration: 46891 ms
[KTrussSpark] iteration: 2, invalid edge count: 102646, duration: 13143 ms
[KTrussSpark] iteration: 3, invalid edge count: 29361, duration: 8182 ms
[KTrussSpark] iteration: 4, invalid edge count: 12297, duration: 5120 ms
[KTrussSpark] iteration: 5, invalid edge count: 6300, duration: 3917 ms
[KTrussSpark] iteration: 6, invalid edge count: 3371, duration: 3346 ms
[KTrussSpark] iteration: 7, invalid edge count: 1907, duration: 2940 ms
[KTrussSpark] iteration: 8, invalid edge count: 952, duration: 2872 ms
[KTrussSpark] iteration: 9, invalid edge count: 564, duration: 2836 ms
[KTrussSpark] iteration: 10, invalid edge count: 359, duration: 2791 ms
[KTrussSpark] iteration: 11, invalid edge count: 213, duration: 2783 ms
[KTrussSpark] iteration: 12, invalid edge count: 134, duration: 2914 ms
[KTrussSpark] iteration: 13, invalid edge count: 83, duration: 2675 ms
[KTrussSpark] iteration: 14, invalid edge count: 51, duration: 2698 ms
[KTrussSpark] iteration: 15, invalid edge count: 26, duration: 2685 ms
[KTrussSpark] iteration: 16, invalid edge count: 35, duration: 2916 ms
[KTrussSpark] iteration: 17, invalid edge count: 14, duration: 2612 ms
[KTrussSpark] iteration: 18, invalid edge count: 2, duration: 2772 ms
[KTrussSpark] KTruss Edge Count: 206657, duration: 118137 ms
