/home/i/spark-2.2/bin/spark-submit --class ir.ac.sbu.graph.ktruss.spark.KTrussSpark --total-executor-cores 120 --master spark://alemi-1:7077 /home/i/subgraph-mining/target/subgraph-mining-1.0-jar-with-dependencies.jar hdfs://alemi-1/graph-data/live_journal 120 5
[SBM] Input: hdfs://alemi-1/graph-data/live_journal, partitionNum: 120, k: 5
[SBM] Spark conf: spark.app.name=KTrussSpark-120-live_journal
spark.cores.max=120
spark.driver.maxResultSize=1g
spark.driver.memory=2g
spark.dynamicAllocation.enabled=true
spark.dynamicAllocation.maxExecutors=50
spark.dynamicAllocation.minExecutors=20
spark.eventLog.dir=hdfs://alemi-1/shared/spark-logs
spark.eventLog.enabled=true
spark.executor.cores=4
spark.executor.extraJavaOptions=-XX:+UseG1GC -XX:-ResizePLAB -XX:+PrintFlagsFinal -XX:+PrintReferenceGC -verbose:gc -XX:+PrintGCDetails -XX:+PrintGCTimeStamps -XX:+PrintAdaptiveSizePolicy -XX:+UnlockDiagnosticVMOptions -XX:+G1SummarizeConcMark -XX:+PrintFlagsFinal -XX:+UseCompressedOops -verbose:gc -XX:InitiatingHeapOccupancyPercent=20
spark.executor.memory=20G
spark.history.fs.logDirectory=hdfs://alemi-1/shared/spark-logs
spark.io.compression.codec=lz4
spark.io.compression.lz4.blockSize=32k
spark.jars=file:/home/i/subgraph-mining/target/subgraph-mining-1.0-jar-with-dependencies.jar
spark.kryo.classesToRegister=
spark.kryo.unsafe=true
spark.kryoserializer.buffer=256k
spark.kryoserializer.buffer.max=256m
spark.local.dir=/mnt/sde/spark-data,/mnt/sdf/spark-data
spark.master=spark://alemi-1:7077
spark.rdd.compress=false
spark.reducer.maxSizeInFlight=32m
spark.rpc.netty.dispatcher.numThreads=3
spark.serializer=org.apache.spark.serializer.KryoSerializer
spark.shuffle.compress=true
spark.shuffle.file.buffer=32k
spark.shuffle.io.numConnectionsPerPeer=3
spark.shuffle.io.preferDirectBufs=false
spark.shuffle.service.enabled=true
spark.submit.deployMode=client
spark.worker.cleanup.enabled=true
[KTrussSpark] iteration: 1, invalid edge count: 7639353, duration: 222208 ms
[KTrussSpark] iteration: 2, invalid edge count: 1395107, duration: 20407 ms
[KTrussSpark] iteration: 3, invalid edge count: 354355, duration: 14129 ms
[KTrussSpark] iteration: 4, invalid edge count: 119499, duration: 11956 ms
[KTrussSpark] iteration: 5, invalid edge count: 48527, duration: 11224 ms
[KTrussSpark] iteration: 6, invalid edge count: 21815, duration: 9656 ms
[KTrussSpark] iteration: 7, invalid edge count: 10347, duration: 9473 ms
[KTrussSpark] iteration: 8, invalid edge count: 5154, duration: 8528 ms
[KTrussSpark] iteration: 9, invalid edge count: 2705, duration: 8262 ms
[KTrussSpark] iteration: 10, invalid edge count: 1383, duration: 8020 ms
[KTrussSpark] iteration: 11, invalid edge count: 767, duration: 8128 ms
[KTrussSpark] iteration: 12, invalid edge count: 398, duration: 8084 ms
[KTrussSpark] iteration: 13, invalid edge count: 212, duration: 7964 ms
[KTrussSpark] iteration: 14, invalid edge count: 114, duration: 8104 ms
[KTrussSpark] iteration: 15, invalid edge count: 64, duration: 7998 ms
[KTrussSpark] iteration: 16, invalid edge count: 40, duration: 8107 ms
[KTrussSpark] iteration: 17, invalid edge count: 23, duration: 7733 ms
[KTrussSpark] iteration: 18, invalid edge count: 14, duration: 7945 ms
[KTrussSpark] iteration: 19, invalid edge count: 10, duration: 8109 ms
[KTrussSpark] iteration: 20, invalid edge count: 9, duration: 8035 ms
[KTrussSpark] iteration: 21, invalid edge count: 6, duration: 8198 ms
