/home/i/spark-2.2/bin/spark-submit --class ir.ac.sbu.graph.ktruss.spark.KTrussSpark --total-executor-cores 120 --master spark://alemi-1:7077 /home/i/subgraph-mining/target/subgraph-mining-1.0-jar-with-dependencies.jar hdfs://alemi-1/graph-data/live_journal 120 6
[SBM] Input: hdfs://alemi-1/graph-data/live_journal, partitionNum: 120, k: 6
[SBM] Spark conf: spark.app.name=KTrussSpark-120-live_journal
spark.cores.max=120
spark.driver.maxResultSize=1g
spark.driver.memory=2g
spark.dynamicAllocation.enabled=true
spark.dynamicAllocation.maxExecutors=50
spark.dynamicAllocation.minExecutors=20
spark.eventLog.dir=hdfs://alemi-1/shared/spark-logs
spark.eventLog.enabled=true
spark.executor.cores=4
spark.executor.extraJavaOptions=-XX:+UseG1GC -XX:-ResizePLAB -XX:+PrintFlagsFinal -XX:+PrintReferenceGC -verbose:gc -XX:+PrintGCDetails -XX:+PrintGCTimeStamps -XX:+PrintAdaptiveSizePolicy -XX:+UnlockDiagnosticVMOptions -XX:+G1SummarizeConcMark -XX:+PrintFlagsFinal -XX:+UseCompressedOops -verbose:gc -XX:InitiatingHeapOccupancyPercent=20
spark.executor.memory=20G
spark.history.fs.logDirectory=hdfs://alemi-1/shared/spark-logs
spark.io.compression.codec=lz4
spark.io.compression.lz4.blockSize=32k
spark.jars=file:/home/i/subgraph-mining/target/subgraph-mining-1.0-jar-with-dependencies.jar
spark.kryo.classesToRegister=
spark.kryo.unsafe=true
spark.kryoserializer.buffer=256k
spark.kryoserializer.buffer.max=256m
spark.local.dir=/mnt/sde/spark-data,/mnt/sdf/spark-data
spark.master=spark://alemi-1:7077
spark.rdd.compress=false
spark.reducer.maxSizeInFlight=32m
spark.rpc.netty.dispatcher.numThreads=3
spark.serializer=org.apache.spark.serializer.KryoSerializer
spark.shuffle.compress=true
spark.shuffle.file.buffer=32k
spark.shuffle.io.numConnectionsPerPeer=3
spark.shuffle.io.preferDirectBufs=false
spark.shuffle.service.enabled=true
spark.submit.deployMode=client
spark.worker.cleanup.enabled=true
[KTrussSpark] iteration: 1, invalid edge count: 10228285, duration: 232946 ms
[KTrussSpark] iteration: 2, invalid edge count: 1969528, duration: 24220 ms
[KTrussSpark] iteration: 3, invalid edge count: 577525, duration: 14003 ms
[KTrussSpark] iteration: 4, invalid edge count: 215384, duration: 10895 ms
[KTrussSpark] iteration: 5, invalid edge count: 94456, duration: 9572 ms
[KTrussSpark] iteration: 6, invalid edge count: 46505, duration: 9331 ms
[KTrussSpark] iteration: 7, invalid edge count: 24371, duration: 8201 ms
[KTrussSpark] iteration: 8, invalid edge count: 13542, duration: 7867 ms
[KTrussSpark] iteration: 9, invalid edge count: 7533, duration: 7503 ms
[KTrussSpark] iteration: 10, invalid edge count: 4446, duration: 7063 ms
[KTrussSpark] iteration: 11, invalid edge count: 2729, duration: 7006 ms
[KTrussSpark] iteration: 12, invalid edge count: 1568, duration: 7012 ms
[KTrussSpark] iteration: 13, invalid edge count: 897, duration: 6592 ms
[KTrussSpark] iteration: 14, invalid edge count: 584, duration: 6733 ms
[KTrussSpark] iteration: 15, invalid edge count: 366, duration: 6776 ms
[KTrussSpark] iteration: 16, invalid edge count: 237, duration: 6702 ms
[KTrussSpark] iteration: 17, invalid edge count: 143, duration: 6540 ms
[KTrussSpark] iteration: 18, invalid edge count: 110, duration: 6719 ms
[KTrussSpark] iteration: 19, invalid edge count: 93, duration: 6632 ms
[KTrussSpark] iteration: 20, invalid edge count: 63, duration: 6547 ms
[KTrussSpark] iteration: 21, invalid edge count: 51, duration: 6752 ms
[KTrussSpark] iteration: 22, invalid edge count: 29, duration: 6713 ms
[KTrussSpark] iteration: 23, invalid edge count: 22, duration: 6594 ms
