/home/i/spark-2.2/bin/spark-submit --class ir.ac.sbu.graph.ktruss.spark.KTrussSpark --total-executor-cores 120 --master spark://alemi-1:7077 /home/i/subgraph-mining/target/subgraph-mining-1.0-jar-with-dependencies.jar hdfs://alemi-1/graph-data/live_journal 120 4
[SBM] Input: hdfs://alemi-1/graph-data/live_journal, partitionNum: 120, k: 4
[SBM] Spark conf: spark.app.name=KTrussSpark-120-live_journal
spark.cores.max=120
spark.driver.maxResultSize=1g
spark.driver.memory=2g
spark.dynamicAllocation.enabled=true
spark.dynamicAllocation.maxExecutors=50
spark.dynamicAllocation.minExecutors=20
spark.eventLog.dir=hdfs://alemi-1/shared/spark-logs
spark.eventLog.enabled=true
spark.executor.cores=4
spark.executor.extraJavaOptions=-XX:+UseG1GC -XX:-ResizePLAB -XX:+PrintFlagsFinal -XX:+PrintReferenceGC -verbose:gc -XX:+PrintGCDetails -XX:+PrintGCTimeStamps -XX:+PrintAdaptiveSizePolicy -XX:+UnlockDiagnosticVMOptions -XX:+G1SummarizeConcMark -XX:+PrintFlagsFinal -XX:+UseCompressedOops -verbose:gc -XX:InitiatingHeapOccupancyPercent=20
spark.executor.memory=20G
spark.history.fs.logDirectory=hdfs://alemi-1/shared/spark-logs
spark.io.compression.codec=lz4
spark.io.compression.lz4.blockSize=32k
spark.jars=file:/home/i/subgraph-mining/target/subgraph-mining-1.0-jar-with-dependencies.jar
spark.kryo.classesToRegister=
spark.kryo.unsafe=true
spark.kryoserializer.buffer=256k
spark.kryoserializer.buffer.max=256m
spark.local.dir=/mnt/sde/spark-data,/mnt/sdf/spark-data
spark.master=spark://alemi-1:7077
spark.rdd.compress=false
spark.reducer.maxSizeInFlight=32m
spark.rpc.netty.dispatcher.numThreads=3
spark.serializer=org.apache.spark.serializer.KryoSerializer
spark.shuffle.compress=true
spark.shuffle.file.buffer=32k
spark.shuffle.io.numConnectionsPerPeer=3
spark.shuffle.io.preferDirectBufs=false
spark.shuffle.service.enabled=true
spark.submit.deployMode=client
spark.worker.cleanup.enabled=true
[KTrussSpark] iteration: 1, invalid edge count: 4357294, duration: 114178 ms
[KTrussSpark] iteration: 2, invalid edge count: 532234, duration: 4241 ms
[KTrussSpark] iteration: 3, invalid edge count: 119227, duration: 2293 ms
[KTrussSpark] iteration: 4, invalid edge count: 35456, duration: 1892 ms
[KTrussSpark] iteration: 5, invalid edge count: 12309, duration: 1837 ms
[KTrussSpark] iteration: 6, invalid edge count: 4624, duration: 2170 ms
[KTrussSpark] iteration: 7, invalid edge count: 1827, duration: 2499 ms
[KTrussSpark] iteration: 8, invalid edge count: 746, duration: 2945 ms
[KTrussSpark] iteration: 9, invalid edge count: 355, duration: 2561 ms
[KTrussSpark] iteration: 10, invalid edge count: 147, duration: 2932 ms
[KTrussSpark] iteration: 11, invalid edge count: 61, duration: 1910 ms
[KTrussSpark] iteration: 12, invalid edge count: 31, duration: 2319 ms
[KTrussSpark] iteration: 13, invalid edge count: 18, duration: 1648 ms
[KTrussSpark] iteration: 14, invalid edge count: 8, duration: 2181 ms
[KTrussSpark] iteration: 15, invalid edge count: 7, duration: 2377 ms
[KTrussSpark] iteration: 16, invalid edge count: 5, duration: 2561 ms
[KTrussSpark] iteration: 17, invalid edge count: 3, duration: 1767 ms
[KTrussSpark] iteration: 18, invalid edge count: 2, duration: 1728 ms
[KTrussSpark] KTruss Edge Count: 23318996, duration: 156395 ms
