/home/i/spark-2.2/bin/spark-submit --class ir.ac.sbu.graph.ktruss.spark.KTrussSpark --total-executor-cores 120 --master spark://alemi-1:7077 /home/i/subgraph-mining/target/subgraph-mining-1.0-jar-with-dependencies.jar hdfs://alemi-1/graph-data/live_journal 120 9
[SBM] Input: hdfs://alemi-1/graph-data/live_journal, partitionNum: 120, kc: 9
[SBM] Spark conf: spark.app.name=KTrussSpark-120-live_journal
spark.cores.max=120
spark.driver.maxResultSize=1g
spark.driver.memory=2g
spark.dynamicAllocation.enabled=true
spark.dynamicAllocation.maxExecutors=50
spark.dynamicAllocation.minExecutors=20
spark.eventLog.dir=hdfs://alemi-1/shared/spark-logs
spark.eventLog.enabled=true
spark.executor.cores=4
spark.executor.extraJavaOptions=-XX:+UseG1GC -XX:-ResizePLAB -XX:+PrintFlagsFinal -XX:+PrintReferenceGC -verbose:gc -XX:+PrintGCDetails -XX:+PrintGCTimeStamps -XX:+PrintAdaptiveSizePolicy -XX:+UnlockDiagnosticVMOptions -XX:+G1SummarizeConcMark -XX:+PrintFlagsFinal -XX:+UseCompressedOops -verbose:gc -XX:InitiatingHeapOccupancyPercent=20
spark.executor.memory=20G
spark.history.fs.logDirectory=hdfs://alemi-1/shared/spark-logs
spark.io.compression.codec=lz4
spark.io.compression.lz4.blockSize=32k
spark.jars=file:/home/i/subgraph-mining/target/subgraph-mining-1.0-jar-with-dependencies.jar
spark.kryo.classesToRegister=
spark.kryo.unsafe=true
spark.kryoserializer.buffer=256k
spark.kryoserializer.buffer.max=256m
spark.local.dir=/mnt/sde/spark-data,/mnt/sdf/spark-data
spark.master=spark://alemi-1:7077
spark.rdd.compress=false
spark.reducer.maxSizeInFlight=32m
spark.rpc.netty.dispatcher.numThreads=3
spark.serializer=org.apache.spark.serializer.KryoSerializer
spark.shuffle.compress=true
spark.shuffle.file.buffer=32k
spark.shuffle.io.numConnectionsPerPeer=3
spark.shuffle.io.preferDirectBufs=false
spark.shuffle.service.enabled=true
spark.submit.deployMode=client
spark.worker.cleanup.enabled=true
[KTrussSpark] iteration: 1, invalid edge count: 15594258, duration: 117373 ms
[KTrussSpark] iteration: 2, invalid edge count: 2716214, duration: 7834 ms
[KTrussSpark] iteration: 3, invalid edge count: 910425, duration: 3052 ms
[KTrussSpark] iteration: 4, invalid edge count: 399395, duration: 2208 ms
[KTrussSpark] iteration: 5, invalid edge count: 201087, duration: 2023 ms
[KTrussSpark] iteration: 6, invalid edge count: 110284, duration: 1813 ms
[KTrussSpark] iteration: 7, invalid edge count: 63983, duration: 1670 ms
[KTrussSpark] iteration: 8, invalid edge count: 38919, duration: 1582 ms
[KTrussSpark] iteration: 9, invalid edge count: 24827, duration: 1620 ms
[KTrussSpark] iteration: 10, invalid edge count: 16311, duration: 1684 ms
[KTrussSpark] iteration: 11, invalid edge count: 11183, duration: 1505 ms
[KTrussSpark] iteration: 12, invalid edge count: 7717, duration: 1624 ms
[KTrussSpark] iteration: 13, invalid edge count: 5561, duration: 1459 ms
[KTrussSpark] iteration: 14, invalid edge count: 3812, duration: 1456 ms
[KTrussSpark] iteration: 15, invalid edge count: 2835, duration: 1558 ms
[KTrussSpark] iteration: 16, invalid edge count: 2133, duration: 1461 ms
[KTrussSpark] iteration: 17, invalid edge count: 1604, duration: 1472 ms
[KTrussSpark] iteration: 18, invalid edge count: 1210, duration: 1441 ms
[KTrussSpark] iteration: 19, invalid edge count: 890, duration: 1511 ms
[KTrussSpark] iteration: 20, invalid edge count: 702, duration: 1459 ms
[KTrussSpark] iteration: 21, invalid edge count: 488, duration: 1502 ms
[KTrussSpark] iteration: 22, invalid edge count: 354, duration: 1436 ms
[KTrussSpark] iteration: 23, invalid edge count: 241, duration: 1547 ms
[KTrussSpark] iteration: 24, invalid edge count: 137, duration: 1452 ms
[KTrussSpark] iteration: 25, invalid edge count: 114, duration: 1453 ms
[KTrussSpark] iteration: 26, invalid edge count: 103, duration: 1528 ms
[KTrussSpark] iteration: 27, invalid edge count: 70, duration: 1610 ms
[KTrussSpark] iteration: 28, invalid edge count: 65, duration: 1450 ms
[KTrussSpark] iteration: 29, invalid edge count: 60, duration: 1453 ms
[KTrussSpark] iteration: 30, invalid edge count: 42, duration: 1567 ms
[KTrussSpark] iteration: 31, invalid edge count: 19, duration: 1484 ms
[KTrussSpark] iteration: 32, invalid edge count: 13, duration: 1496 ms
[KTrussSpark] iteration: 33, invalid edge count: 9, duration: 1547 ms
[KTrussSpark] iteration: 34, invalid edge count: 13, duration: 1515 ms
[KTrussSpark] iteration: 35, invalid edge count: 5, duration: 1588 ms
[KTrussSpark] iteration: 36, invalid edge count: 3, duration: 1593 ms
[KTrussSpark] iteration: 37, invalid edge count: 7, duration: 1531 ms
[KTrussSpark] iteration: 38, invalid edge count: 2, duration: 1469 ms
[KTrussSpark] iteration: 39, invalid edge count: 1, duration: 1525 ms
[KTrussSpark] KTruss Edge Count: 8477715, duration: 187413 ms
