/home/i/spark-2.2/bin/spark-submit --class ir.ac.sbu.graph.ktruss.spark.KTrussSpark --total-executor-cores 120 --master spark://alemi-1:7077 /home/i/subgraph-mining/target/subgraph-mining-1.0-jar-with-dependencies.jar hdfs://alemi-1/graph-data/live_journal 120 10
[SBM] Input: hdfs://alemi-1/graph-data/live_journal, partitionNum: 120, kc: 10
[SBM] Spark conf: spark.app.name=KTrussSpark-120-live_journal
spark.cores.max=120
spark.driver.maxResultSize=1g
spark.driver.memory=2g
spark.dynamicAllocation.enabled=true
spark.dynamicAllocation.maxExecutors=50
spark.dynamicAllocation.minExecutors=20
spark.eventLog.dir=hdfs://alemi-1/shared/spark-logs
spark.eventLog.enabled=true
spark.executor.cores=4
spark.executor.extraJavaOptions=-XX:+UseG1GC -XX:-ResizePLAB -XX:+PrintFlagsFinal -XX:+PrintReferenceGC -verbose:gc -XX:+PrintGCDetails -XX:+PrintGCTimeStamps -XX:+PrintAdaptiveSizePolicy -XX:+UnlockDiagnosticVMOptions -XX:+G1SummarizeConcMark -XX:+PrintFlagsFinal -XX:+UseCompressedOops -verbose:gc -XX:InitiatingHeapOccupancyPercent=20
spark.executor.memory=20G
spark.history.fs.logDirectory=hdfs://alemi-1/shared/spark-logs
spark.io.compression.codec=lz4
spark.io.compression.lz4.blockSize=32k
spark.jars=file:/home/i/subgraph-mining/target/subgraph-mining-1.0-jar-with-dependencies.jar
spark.kryo.classesToRegister=
spark.kryo.unsafe=true
spark.kryoserializer.buffer=256k
spark.kryoserializer.buffer.max=256m
spark.local.dir=/mnt/sde/spark-data,/mnt/sdf/spark-data
spark.master=spark://alemi-1:7077
spark.rdd.compress=false
spark.reducer.maxSizeInFlight=32m
spark.rpc.netty.dispatcher.numThreads=3
spark.serializer=org.apache.spark.serializer.KryoSerializer
spark.shuffle.compress=true
spark.shuffle.file.buffer=32k
spark.shuffle.io.numConnectionsPerPeer=3
spark.shuffle.io.preferDirectBufs=false
spark.shuffle.service.enabled=true
spark.submit.deployMode=client
spark.worker.cleanup.enabled=true
[KTrussSpark] iteration: 1, invalid edge count: 16864360, duration: 116506 ms
[KTrussSpark] iteration: 2, invalid edge count: 2771476, duration: 8934 ms
[KTrussSpark] iteration: 3, invalid edge count: 923880, duration: 3299 ms
[KTrussSpark] iteration: 4, invalid edge count: 407989, duration: 2083 ms
[KTrussSpark] iteration: 5, invalid edge count: 209339, duration: 1751 ms
[KTrussSpark] iteration: 6, invalid edge count: 118163, duration: 1673 ms
[KTrussSpark] iteration: 7, invalid edge count: 71726, duration: 1542 ms
[KTrussSpark] iteration: 8, invalid edge count: 45734, duration: 1546 ms
[KTrussSpark] iteration: 9, invalid edge count: 30124, duration: 1567 ms
[KTrussSpark] iteration: 10, invalid edge count: 19837, duration: 1911 ms
[KTrussSpark] iteration: 11, invalid edge count: 13511, duration: 1813 ms
[KTrussSpark] iteration: 12, invalid edge count: 9697, duration: 1989 ms
[KTrussSpark] iteration: 13, invalid edge count: 6462, duration: 1929 ms
[KTrussSpark] iteration: 14, invalid edge count: 4601, duration: 1541 ms
[KTrussSpark] iteration: 15, invalid edge count: 3352, duration: 1731 ms
[KTrussSpark] iteration: 16, invalid edge count: 2452, duration: 1648 ms
[KTrussSpark] iteration: 17, invalid edge count: 1900, duration: 1390 ms
[KTrussSpark] iteration: 18, invalid edge count: 1287, duration: 1420 ms
[KTrussSpark] iteration: 19, invalid edge count: 912, duration: 1351 ms
[KTrussSpark] iteration: 20, invalid edge count: 771, duration: 1408 ms
[KTrussSpark] iteration: 21, invalid edge count: 592, duration: 1377 ms
[KTrussSpark] iteration: 22, invalid edge count: 418, duration: 1366 ms
[KTrussSpark] iteration: 23, invalid edge count: 283, duration: 1387 ms
[KTrussSpark] iteration: 24, invalid edge count: 201, duration: 1368 ms
[KTrussSpark] iteration: 25, invalid edge count: 195, duration: 1476 ms
[KTrussSpark] iteration: 26, invalid edge count: 141, duration: 1375 ms
[KTrussSpark] iteration: 27, invalid edge count: 95, duration: 1343 ms
[KTrussSpark] iteration: 28, invalid edge count: 73, duration: 1385 ms
[KTrussSpark] iteration: 29, invalid edge count: 65, duration: 1441 ms
[KTrussSpark] iteration: 30, invalid edge count: 45, duration: 1351 ms
[KTrussSpark] iteration: 31, invalid edge count: 18, duration: 1439 ms
[KTrussSpark] iteration: 32, invalid edge count: 12, duration: 1413 ms
[KTrussSpark] iteration: 33, invalid edge count: 16, duration: 1385 ms
[KTrussSpark] iteration: 34, invalid edge count: 5, duration: 1380 ms
[KTrussSpark] iteration: 35, invalid edge count: 4, duration: 1406 ms
[KTrussSpark] iteration: 36, invalid edge count: 1, duration: 1403 ms
[KTrussSpark] iteration: 37, invalid edge count: 1, duration: 1404 ms
[KTrussSpark] iteration: 38, invalid edge count: 1, duration: 1418 ms
[KTrussSpark] iteration: 39, invalid edge count: 1, duration: 1466 ms
[KTrussSpark] iteration: 40, invalid edge count: 1, duration: 1401 ms
[KTrussSpark] iteration: 41, invalid edge count: 4, duration: 1412 ms
[KTrussSpark] iteration: 42, invalid edge count: 6, duration: 1466 ms
[KTrussSpark] iteration: 43, invalid edge count: 2, duration: 1441 ms
[KTrussSpark] iteration: 44, invalid edge count: 1, duration: 1387 ms
[KTrussSpark] KTruss Edge Count: 7107609, duration: 193612 ms
