/home/i/spark-2.2/bin/spark-submit --class ir.ac.sbu.graph.ktruss.spark.KTrussSpark --total-executor-cores 120 --master spark://alemi-1:7077 /home/i/subgraph-mining/target/subgraph-mining-1.0-jar-with-dependencies.jar hdfs://alemi-1/graph-data/as_skitter 240 9
[SBM] Input: hdfs://alemi-1/graph-data/as_skitter, partitionNum: 240, k: 9
[SBM] Spark conf: spark.app.name=KTrussSpark-240-as_skitter
spark.cores.max=120
spark.driver.maxResultSize=1g
spark.driver.memory=2g
spark.dynamicAllocation.enabled=true
spark.dynamicAllocation.maxExecutors=50
spark.dynamicAllocation.minExecutors=20
spark.eventLog.dir=hdfs://alemi-1/shared/spark-logs
spark.eventLog.enabled=true
spark.executor.cores=4
spark.executor.extraJavaOptions=-XX:+UseG1GC -XX:-ResizePLAB -XX:+PrintFlagsFinal -XX:+PrintReferenceGC -verbose:gc -XX:+PrintGCDetails -XX:+PrintGCTimeStamps -XX:+PrintAdaptiveSizePolicy -XX:+UnlockDiagnosticVMOptions -XX:+G1SummarizeConcMark -XX:+PrintFlagsFinal -XX:+UseCompressedOops -verbose:gc -XX:InitiatingHeapOccupancyPercent=20
spark.executor.memory=20G
spark.history.fs.logDirectory=hdfs://alemi-1/shared/spark-logs
spark.io.compression.codec=lz4
spark.io.compression.lz4.blockSize=32k
spark.jars=file:/home/i/subgraph-mining/target/subgraph-mining-1.0-jar-with-dependencies.jar
spark.kryo.classesToRegister=
spark.kryo.unsafe=true
spark.kryoserializer.buffer=256k
spark.kryoserializer.buffer.max=256m
spark.local.dir=/mnt/sde/spark-data,/mnt/sdf/spark-data
spark.master=spark://alemi-1:7077
spark.rdd.compress=false
spark.reducer.maxSizeInFlight=32m
spark.rpc.netty.dispatcher.numThreads=3
spark.serializer=org.apache.spark.serializer.KryoSerializer
spark.shuffle.compress=true
spark.shuffle.file.buffer=32k
spark.shuffle.io.numConnectionsPerPeer=3
spark.shuffle.io.preferDirectBufs=false
spark.shuffle.service.enabled=true
spark.submit.deployMode=client
spark.worker.cleanup.enabled=true
[KTrussSpark] iteration: 1, invalid edge count: 6055171, duration: 93301 ms
[KTrussSpark] iteration: 2, invalid edge count: 592870, duration: 22047 ms
[KTrussSpark] iteration: 3, invalid edge count: 120851, duration: 13636 ms
[KTrussSpark] iteration: 4, invalid edge count: 45420, duration: 10952 ms
[KTrussSpark] iteration: 5, invalid edge count: 20175, duration: 8337 ms
[KTrussSpark] iteration: 6, invalid edge count: 10139, duration: 6914 ms
[KTrussSpark] iteration: 7, invalid edge count: 5819, duration: 5884 ms
[KTrussSpark] iteration: 8, invalid edge count: 3477, duration: 5351 ms
[KTrussSpark] iteration: 9, invalid edge count: 2237, duration: 5173 ms
[KTrussSpark] iteration: 10, invalid edge count: 1659, duration: 4881 ms
[KTrussSpark] iteration: 11, invalid edge count: 1049, duration: 4954 ms
[KTrussSpark] iteration: 12, invalid edge count: 670, duration: 4996 ms
[KTrussSpark] iteration: 13, invalid edge count: 513, duration: 4832 ms
[KTrussSpark] iteration: 14, invalid edge count: 427, duration: 4793 ms
[KTrussSpark] iteration: 15, invalid edge count: 403, duration: 5022 ms
[KTrussSpark] iteration: 16, invalid edge count: 261, duration: 4695 ms
[KTrussSpark] iteration: 17, invalid edge count: 192, duration: 4922 ms
[KTrussSpark] iteration: 18, invalid edge count: 178, duration: 4919 ms
[KTrussSpark] iteration: 19, invalid edge count: 114, duration: 4933 ms
[KTrussSpark] iteration: 20, invalid edge count: 97, duration: 4904 ms
[KTrussSpark] iteration: 21, invalid edge count: 90, duration: 4992 ms
[KTrussSpark] iteration: 22, invalid edge count: 89, duration: 4977 ms
[KTrussSpark] iteration: 23, invalid edge count: 66, duration: 4922 ms
[KTrussSpark] iteration: 24, invalid edge count: 61, duration: 4780 ms
[KTrussSpark] iteration: 25, invalid edge count: 52, duration: 4879 ms
[KTrussSpark] iteration: 26, invalid edge count: 42, duration: 4992 ms
[KTrussSpark] iteration: 27, invalid edge count: 49, duration: 4828 ms
[KTrussSpark] iteration: 28, invalid edge count: 31, duration: 4841 ms
