/home/i/spark-2.2/bin/spark-submit --class ir.ac.sbu.graph.ktruss.spark.KTrussSpark --total-executor-cores 120 --master spark://alemi-1:7077 /home/i/subgraph-mining/target/subgraph-mining-1.0-jar-with-dependencies.jar hdfs://alemi-1/graph-data/as_skitter 240 5
[SBM] Input: hdfs://alemi-1/graph-data/as_skitter, partitionNum: 240, kc: 5
[SBM] Spark conf: spark.app.name=KTrussSpark-240-as_skitter
spark.cores.max=120
spark.driver.maxResultSize=1g
spark.driver.memory=2g
spark.dynamicAllocation.enabled=true
spark.dynamicAllocation.maxExecutors=50
spark.dynamicAllocation.minExecutors=20
spark.eventLog.dir=hdfs://alemi-1/shared/spark-logs
spark.eventLog.enabled=true
spark.executor.cores=4
spark.executor.extraJavaOptions=-XX:+UseG1GC -XX:-ResizePLAB -XX:+PrintFlagsFinal -XX:+PrintReferenceGC -verbose:gc -XX:+PrintGCDetails -XX:+PrintGCTimeStamps -XX:+PrintAdaptiveSizePolicy -XX:+UnlockDiagnosticVMOptions -XX:+G1SummarizeConcMark -XX:+PrintFlagsFinal -XX:+UseCompressedOops -verbose:gc -XX:InitiatingHeapOccupancyPercent=20
spark.executor.memory=20G
spark.history.fs.logDirectory=hdfs://alemi-1/shared/spark-logs
spark.io.compression.codec=lz4
spark.io.compression.lz4.blockSize=32k
spark.jars=file:/home/i/subgraph-mining/target/subgraph-mining-1.0-jar-with-dependencies.jar
spark.kryo.classesToRegister=
spark.kryo.unsafe=true
spark.kryoserializer.buffer=256k
spark.kryoserializer.buffer.max=256m
spark.local.dir=/mnt/sde/spark-data,/mnt/sdf/spark-data
spark.master=spark://alemi-1:7077
spark.rdd.compress=false
spark.reducer.maxSizeInFlight=32m
spark.rpc.netty.dispatcher.numThreads=3
spark.serializer=org.apache.spark.serializer.KryoSerializer
spark.shuffle.compress=true
spark.shuffle.file.buffer=32k
spark.shuffle.io.numConnectionsPerPeer=3
spark.shuffle.io.preferDirectBufs=false
spark.shuffle.service.enabled=true
spark.submit.deployMode=client
spark.worker.cleanup.enabled=true
[KTrussSpark] iteration: 1, invalid edge count: 3580843, duration: 92588 ms
[KTrussSpark] iteration: 2, invalid edge count: 551948, duration: 17282 ms
[KTrussSpark] iteration: 3, invalid edge count: 137681, duration: 12234 ms
[KTrussSpark] iteration: 4, invalid edge count: 45336, duration: 8887 ms
[KTrussSpark] iteration: 5, invalid edge count: 16838, duration: 6903 ms
[KTrussSpark] iteration: 6, invalid edge count: 7128, duration: 5816 ms
[KTrussSpark] iteration: 7, invalid edge count: 3237, duration: 5488 ms
[KTrussSpark] iteration: 8, invalid edge count: 1534, duration: 5507 ms
[KTrussSpark] iteration: 9, invalid edge count: 865, duration: 5372 ms
[KTrussSpark] iteration: 10, invalid edge count: 465, duration: 5421 ms
[KTrussSpark] iteration: 11, invalid edge count: 241, duration: 5469 ms
[KTrussSpark] iteration: 12, invalid edge count: 134, duration: 5328 ms
[KTrussSpark] iteration: 13, invalid edge count: 66, duration: 5393 ms
[KTrussSpark] iteration: 14, invalid edge count: 43, duration: 5625 ms
[KTrussSpark] iteration: 15, invalid edge count: 20, duration: 5364 ms
[KTrussSpark] iteration: 16, invalid edge count: 15, duration: 5360 ms
[KTrussSpark] iteration: 17, invalid edge count: 7, duration: 5574 ms
[KTrussSpark] iteration: 18, invalid edge count: 4, duration: 5372 ms
[KTrussSpark] KTruss Edge Count: 4188460, duration: 215819 ms
