#
# There is insufficient memory for the Java Runtime Environment to continue.
# Native memory allocation (mmap) failed to map 28632940544 bytes for committing reserved memory.
# Possible reasons:
#   The system is out of physical RAM or swap space
#   In 32 bit mode, the process size limit was hit
# Possible solutions:
#   Reduce memory load on the system
#   Increase physical memory or swap space
#   Check if swap backing store is full
#   Use 64 bit Java on a 64 bit OS
#   Decrease Java heap size (-Xmx/-Xms)
#   Decrease number of Java threads
#   Decrease Java thread stack sizes (-Xss)
#   Set larger code cache with -XX:ReservedCodeCacheSize=
# This output file may be truncated or incomplete.
#
#  Out of Memory Error (os_linux.cpp:2627), pid=7877, tid=0x00007f81fd49c700
#
# JRE version:  (8.0_92-b14) (build )
# Java VM: Java HotSpot(TM) 64-Bit Server VM (25.92-b14 mixed mode linux-amd64 )
# Failed to write core dump. Core dumps have been disabled. To enable core dumping, try "ulimit -c unlimited" before starting Java again
#

---------------  T H R E A D  ---------------

Current thread (0x00007f81f400a000):  JavaThread "Unknown thread" [_thread_in_vm, id=7878, stack(0x00007f81fd39c000,0x00007f81fd49d000)]

Stack: [0x00007f81fd39c000,0x00007f81fd49d000],  sp=0x00007f81fd49b400,  free space=1021k
Native frames: (J=compiled Java code, j=interpreted, Vv=VM code, C=native code)
V  [libjvm.so+0xabd65a]  VMError::report_and_die()+0x2ba
V  [libjvm.so+0x4fb4db]  report_vm_out_of_memory(char const*, int, unsigned long, VMErrorType, char const*)+0x8b
V  [libjvm.so+0x91d713]  os::Linux::commit_memory_impl(char*, unsigned long, bool)+0x103
V  [libjvm.so+0x91dc69]  os::pd_commit_memory(char*, unsigned long, unsigned long, bool)+0x29
V  [libjvm.so+0x917f6a]  os::commit_memory(char*, unsigned long, unsigned long, bool)+0x2a
V  [libjvm.so+0x98c343]  PSVirtualSpace::expand_by(unsigned long)+0x53
V  [libjvm.so+0x98d305]  PSYoungGen::initialize_virtual_space(ReservedSpace, unsigned long)+0x75
V  [libjvm.so+0x98dc6e]  PSYoungGen::initialize(ReservedSpace, unsigned long)+0x3e
V  [libjvm.so+0x2d84b5]  AdjoiningGenerations::AdjoiningGenerations(ReservedSpace, GenerationSizer*, unsigned long)+0x345
V  [libjvm.so+0x940ad6]  ParallelScavengeHeap::initialize()+0x1d6
V  [libjvm.so+0xa85f73]  Universe::initialize_heap()+0xf3
V  [libjvm.so+0xa861be]  universe_init()+0x3e
V  [libjvm.so+0x63b115]  init_globals()+0x65
V  [libjvm.so+0xa6a41e]  Threads::create_vm(JavaVMInitArgs*, bool*)+0x23e
V  [libjvm.so+0x6cf994]  JNI_CreateJavaVM+0x74
C  [libjli.so+0x745e]  JavaMain+0x9e
C  [libpthread.so.0+0x76aa]  start_thread+0xca


---------------  P R O C E S S  ---------------

Java Threads: ( => current thread )

Other Threads:

=>0x00007f81f400a000 (exited) JavaThread "Unknown thread" [_thread_in_vm, id=7878, stack(0x00007f81fd39c000,0x00007f81fd49d000)]

VM state:not at safepoint (not fully initialized)

VM Mutex/Monitor currently owned by a thread: None

GC Heap History (0 events):
No events

Deoptimization events (0 events):
No events

Internal exceptions (0 events):
No events

Events (0 events):
No events


Dynamic libraries:
00400000-00401000 r-xp 00000000 08:07 5659775                            /usr/local/jvm/jdk1.8.0_92/bin/java
00600000-00601000 rw-p 00000000 08:07 5659775                            /usr/local/jvm/jdk1.8.0_92/bin/java
01177000-01198000 rw-p 00000000 00:00 0                                  [heap]
7f6ddafff000-7f6de4fff000 ---p 00000000 00:00 0 
7f6de4fff000-7f6de5000000 rw-p 00000000 00:00 0 
7f6de5000000-7f7b3a580000 ---p 00000000 00:00 0 
7f81e5000000-7f81e5270000 rwxp 00000000 00:00 0 
7f81e5270000-7f81f4000000 ---p 00000000 00:00 0 
7f81f4000000-7f81f4031000 rw-p 00000000 00:00 0 
7f81f4031000-7f81f8000000 ---p 00000000 00:00 0 
7f81f9ecb000-7f81fa15a000 rw-p 00000000 00:00 0 
7f81fa15a000-7f81fa510000 ---p 00000000 00:00 0 
7f81fa510000-7f81fa52a000 r-xp 00000000 08:07 5660218                    /usr/local/jvm/jdk1.8.0_92/jre/lib/amd64/libzip.so
7f81fa52a000-7f81fa72a000 ---p 0001a000 08:07 5660218                    /usr/local/jvm/jdk1.8.0_92/jre/lib/amd64/libzip.so
7f81fa72a000-7f81fa72b000 rw-p 0001a000 08:07 5660218                    /usr/local/jvm/jdk1.8.0_92/jre/lib/amd64/libzip.so
7f81fa72b000-7f81fa737000 r-xp 00000000 08:07 4067616                    /lib/x86_64-linux-gnu/libnss_files-2.21.so
7f81fa737000-7f81fa936000 ---p 0000c000 08:07 4067616                    /lib/x86_64-linux-gnu/libnss_files-2.21.so
7f81fa936000-7f81fa937000 r--p 0000b000 08:07 4067616                    /lib/x86_64-linux-gnu/libnss_files-2.21.so
7f81fa937000-7f81fa938000 rw-p 0000c000 08:07 4067616                    /lib/x86_64-linux-gnu/libnss_files-2.21.so
7f81fa938000-7f81fa943000 r-xp 00000000 08:07 4067626                    /lib/x86_64-linux-gnu/libnss_nis-2.21.so
7f81fa943000-7f81fab42000 ---p 0000b000 08:07 4067626                    /lib/x86_64-linux-gnu/libnss_nis-2.21.so
7f81fab42000-7f81fab43000 r--p 0000a000 08:07 4067626                    /lib/x86_64-linux-gnu/libnss_nis-2.21.so
7f81fab43000-7f81fab44000 rw-p 0000b000 08:07 4067626                    /lib/x86_64-linux-gnu/libnss_nis-2.21.so
7f81fab44000-7f81fab5b000 r-xp 00000000 08:07 4067610                    /lib/x86_64-linux-gnu/libnsl-2.21.so
7f81fab5b000-7f81fad5a000 ---p 00017000 08:07 4067610                    /lib/x86_64-linux-gnu/libnsl-2.21.so
7f81fad5a000-7f81fad5b000 r--p 00016000 08:07 4067610                    /lib/x86_64-linux-gnu/libnsl-2.21.so
7f81fad5b000-7f81fad5c000 rw-p 00017000 08:07 4067610                    /lib/x86_64-linux-gnu/libnsl-2.21.so
7f81fad5c000-7f81fad5e000 rw-p 00000000 00:00 0 
7f81fad5e000-7f81fad66000 r-xp 00000000 08:07 4067612                    /lib/x86_64-linux-gnu/libnss_compat-2.21.so
7f81fad66000-7f81faf65000 ---p 00008000 08:07 4067612                    /lib/x86_64-linux-gnu/libnss_compat-2.21.so
7f81faf65000-7f81faf66000 r--p 00007000 08:07 4067612                    /lib/x86_64-linux-gnu/libnss_compat-2.21.so
7f81faf66000-7f81faf67000 rw-p 00008000 08:07 4067612                    /lib/x86_64-linux-gnu/libnss_compat-2.21.so
7f81faf67000-7f81faf91000 r-xp 00000000 08:07 5660213                    /usr/local/jvm/jdk1.8.0_92/jre/lib/amd64/libjava.so
7f81faf91000-7f81fb191000 ---p 0002a000 08:07 5660213                    /usr/local/jvm/jdk1.8.0_92/jre/lib/amd64/libjava.so
7f81fb191000-7f81fb193000 rw-p 0002a000 08:07 5660213                    /usr/local/jvm/jdk1.8.0_92/jre/lib/amd64/libjava.so
7f81fb193000-7f81fb1a0000 r-xp 00000000 08:07 5660217                    /usr/local/jvm/jdk1.8.0_92/jre/lib/amd64/libverify.so
7f81fb1a0000-7f81fb3a0000 ---p 0000d000 08:07 5660217                    /usr/local/jvm/jdk1.8.0_92/jre/lib/amd64/libverify.so
7f81fb3a0000-7f81fb3a2000 rw-p 0000d000 08:07 5660217                    /usr/local/jvm/jdk1.8.0_92/jre/lib/amd64/libverify.so
7f81fb3a2000-7f81fb3a9000 r-xp 00000000 08:07 4067671                    /lib/x86_64-linux-gnu/librt-2.21.so
7f81fb3a9000-7f81fb5a8000 ---p 00007000 08:07 4067671                    /lib/x86_64-linux-gnu/librt-2.21.so
7f81fb5a8000-7f81fb5a9000 r--p 00006000 08:07 4067671                    /lib/x86_64-linux-gnu/librt-2.21.so
7f81fb5a9000-7f81fb5aa000 rw-p 00007000 08:07 4067671                    /lib/x86_64-linux-gnu/librt-2.21.so
7f81fb5aa000-7f81fb6b1000 r-xp 00000000 08:07 4067589                    /lib/x86_64-linux-gnu/libm-2.21.so
7f81fb6b1000-7f81fb8b0000 ---p 00107000 08:07 4067589                    /lib/x86_64-linux-gnu/libm-2.21.so
7f81fb8b0000-7f81fb8b1000 r--p 00106000 08:07 4067589                    /lib/x86_64-linux-gnu/libm-2.21.so
7f81fb8b1000-7f81fb8b2000 rw-p 00107000 08:07 4067589                    /lib/x86_64-linux-gnu/libm-2.21.so
7f81fb8b2000-7f81fc575000 r-xp 00000000 08:07 5660196                    /usr/local/jvm/jdk1.8.0_92/jre/lib/amd64/server/libjvm.so
7f81fc575000-7f81fc774000 ---p 00cc3000 08:07 5660196                    /usr/local/jvm/jdk1.8.0_92/jre/lib/amd64/server/libjvm.so
7f81fc774000-7f81fc84d000 rw-p 00cc2000 08:07 5660196                    /usr/local/jvm/jdk1.8.0_92/jre/lib/amd64/server/libjvm.so
7f81fc84d000-7f81fc898000 rw-p 00000000 00:00 0 
7f81fc898000-7f81fca58000 r-xp 00000000 08:07 4067533                    /lib/x86_64-linux-gnu/libc-2.21.so
7f81fca58000-7f81fcc58000 ---p 001c0000 08:07 4067533                    /lib/x86_64-linux-gnu/libc-2.21.so
7f81fcc58000-7f81fcc5c000 r--p 001c0000 08:07 4067533                    /lib/x86_64-linux-gnu/libc-2.21.so
7f81fcc5c000-7f81fcc5e000 rw-p 001c4000 08:07 4067533                    /lib/x86_64-linux-gnu/libc-2.21.so
7f81fcc5e000-7f81fcc62000 rw-p 00000000 00:00 0 
7f81fcc62000-7f81fcc65000 r-xp 00000000 08:07 4067548                    /lib/x86_64-linux-gnu/libdl-2.21.so
7f81fcc65000-7f81fce64000 ---p 00003000 08:07 4067548                    /lib/x86_64-linux-gnu/libdl-2.21.so
7f81fce64000-7f81fce65000 r--p 00002000 08:07 4067548                    /lib/x86_64-linux-gnu/libdl-2.21.so
7f81fce65000-7f81fce66000 rw-p 00003000 08:07 4067548                    /lib/x86_64-linux-gnu/libdl-2.21.so
7f81fce66000-7f81fce7b000 r-xp 00000000 08:07 5781568                    /usr/local/jvm/jdk1.8.0_92/lib/amd64/jli/libjli.so
7f81fce7b000-7f81fd07b000 ---p 00015000 08:07 5781568                    /usr/local/jvm/jdk1.8.0_92/lib/amd64/jli/libjli.so
7f81fd07b000-7f81fd07c000 rw-p 00015000 08:07 5781568                    /usr/local/jvm/jdk1.8.0_92/lib/amd64/jli/libjli.so
7f81fd07c000-7f81fd094000 r-xp 00000000 08:07 4067663                    /lib/x86_64-linux-gnu/libpthread-2.21.so
7f81fd094000-7f81fd294000 ---p 00018000 08:07 4067663                    /lib/x86_64-linux-gnu/libpthread-2.21.so
7f81fd294000-7f81fd295000 r--p 00018000 08:07 4067663                    /lib/x86_64-linux-gnu/libpthread-2.21.so
7f81fd295000-7f81fd296000 rw-p 00019000 08:07 4067663                    /lib/x86_64-linux-gnu/libpthread-2.21.so
7f81fd296000-7f81fd29a000 rw-p 00000000 00:00 0 
7f81fd29a000-7f81fd2be000 r-xp 00000000 08:07 4067505                    /lib/x86_64-linux-gnu/ld-2.21.so
7f81fd39c000-7f81fd39f000 ---p 00000000 00:00 0 
7f81fd39f000-7f81fd4a1000 rw-p 00000000 00:00 0 
7f81fd4ad000-7f81fd4b0000 rw-p 00000000 00:00 0 
7f81fd4b0000-7f81fd4b8000 rw-s 00000000 08:07 4851513                    /tmp/hsperfdata_mehdi/7877
7f81fd4b8000-7f81fd4ba000 rw-p 00000000 00:00 0 
7f81fd4ba000-7f81fd4bb000 r--p 00000000 00:00 0 
7f81fd4bb000-7f81fd4bd000 rw-p 00000000 00:00 0 
7f81fd4bd000-7f81fd4be000 r--p 00023000 08:07 4067505                    /lib/x86_64-linux-gnu/ld-2.21.so
7f81fd4be000-7f81fd4bf000 rw-p 00024000 08:07 4067505                    /lib/x86_64-linux-gnu/ld-2.21.so
7f81fd4bf000-7f81fd4c0000 rw-p 00000000 00:00 0 
7fffa0dd0000-7fffa0df1000 rw-p 00000000 00:00 0                          [stack]
7fffa0df9000-7fffa0dfb000 r--p 00000000 00:00 0                          [vvar]
7fffa0dfb000-7fffa0dfd000 r-xp 00000000 00:00 0                          [vdso]
ffffffffff600000-ffffffffff601000 r-xp 00000000 00:00 0                  [vsyscall]

VM Arguments:
jvm_args: -XX:+UseParallelGC -Xmx80g -Xms80g -XX:NewRatio=2 -XX:MaxGCPauseMillis=500 -XX:+PrintGC -XX:+PrintGCDetails -XX:+PrintGCTimeStamps -Xloggc:bin/ktruss/gc.log 
java_command: ir.ac.sbu.graph.ktruss.multicore.KTrussParallel /home/mehdi/graph-data/cit-Patents.txt 5 6
java_class_path (initial): /home/mehdi/IdeaProjects/graph-processing/target/subgraph-mining-1.0-jar-with-dependencies.jar
Launcher Type: SUN_STANDARD

Environment Variables:
PATH=/usr/local/sbin:/usr/local/bin:/usr/sbin:/usr/bin:/sbin:/bin:/usr/games:/usr/local/games
SHELL=/bin/bash
DISPLAY=:0

Signal Handlers:
SIGSEGV: [libjvm.so+0xabdee0], sa_mask[0]=11111111011111111101111111111110, sa_flags=SA_RESTART|SA_SIGINFO
SIGBUS: [libjvm.so+0xabdee0], sa_mask[0]=11111111011111111101111111111110, sa_flags=SA_RESTART|SA_SIGINFO
SIGFPE: [libjvm.so+0x91a580], sa_mask[0]=11111111011111111101111111111110, sa_flags=SA_RESTART|SA_SIGINFO
SIGPIPE: [libjvm.so+0x91a580], sa_mask[0]=11111111011111111101111111111110, sa_flags=SA_RESTART|SA_SIGINFO
SIGXFSZ: [libjvm.so+0x91a580], sa_mask[0]=11111111011111111101111111111110, sa_flags=SA_RESTART|SA_SIGINFO
SIGILL: [libjvm.so+0x91a580], sa_mask[0]=11111111011111111101111111111110, sa_flags=SA_RESTART|SA_SIGINFO
SIGUSR1: SIG_DFL, sa_mask[0]=00000000000000000000000000000000, sa_flags=none
SIGUSR2: [libjvm.so+0x91bbb0], sa_mask[0]=00000000000000000000000000000000, sa_flags=SA_RESTART|SA_SIGINFO
SIGHUP: SIG_DFL, sa_mask[0]=00000000000000000000000000000000, sa_flags=none
SIGINT: SIG_DFL, sa_mask[0]=00000000000000000000000000000000, sa_flags=none
SIGTERM: SIG_DFL, sa_mask[0]=00000000000000000000000000000000, sa_flags=none
SIGQUIT: SIG_DFL, sa_mask[0]=00000000000000000000000000000000, sa_flags=none


---------------  S Y S T E M  ---------------

OS:DISTRIB_ID=Ubuntu
DISTRIB_RELEASE=15.04
DISTRIB_CODENAME=vivid
DISTRIB_DESCRIPTION="Ubuntu 15.04"

uname:Linux 3.19.0-74-generic #82-Ubuntu SMP Thu Oct 20 21:47:03 UTC 2016 x86_64
libc:glibc 2.21 NPTL 2.21 
rlimit: STACK 8192k, CORE 0k, NPROC 31367, NOFILE 65536, AS infinity
load average:0.64 0.78 0.90

/proc/meminfo:
MemTotal:        8052308 kB
MemFree:         4394440 kB
MemAvailable:    5462252 kB
Buffers:          120388 kB
Cached:          1162692 kB
SwapCached:            0 kB
Active:          2695768 kB
Inactive:         747844 kB
Active(anon):    2161704 kB
Inactive(anon):    87900 kB
Active(file):     534064 kB
Inactive(file):   659944 kB
Unevictable:          32 kB
Mlocked:              32 kB
SwapTotal:             0 kB
SwapFree:              0 kB
Dirty:             24560 kB
Writeback:             0 kB
AnonPages:       2160604 kB
Mapped:           312252 kB
Shmem:             89076 kB
Slab:             116964 kB
SReclaimable:      85460 kB
SUnreclaim:        31504 kB
KernelStack:       10432 kB
PageTables:        27496 kB
NFS_Unstable:          0 kB
Bounce:                0 kB
WritebackTmp:          0 kB
CommitLimit:     4026152 kB
Committed_AS:    5113136 kB
VmallocTotal:   34359738367 kB
VmallocUsed:      563580 kB
VmallocChunk:   34359110832 kB
HardwareCorrupted:     0 kB
AnonHugePages:   1366016 kB
CmaTotal:              0 kB
CmaFree:               0 kB
HugePages_Total:       0
HugePages_Free:        0
HugePages_Rsvd:        0
HugePages_Surp:        0
Hugepagesize:       2048 kB
DirectMap4k:      120708 kB
DirectMap2M:     8144896 kB


CPU:total 4 (2 cores per cpu, 2 threads per core) family 6 model 58 stepping 9, cmov, cx8, fxsr, mmx, sse, sse2, sse3, ssse3, sse4.1, sse4.2, popcnt, avx, aes, clmul, erms, ht, tsc, tscinvbit, tscinv

/proc/cpuinfo:
processor	: 0
vendor_id	: GenuineIntel
cpu family	: 6
model		: 58
model name	: Intel(R) Core(TM) i5-3230M CPU @ 2.60GHz
stepping	: 9
microcode	: 0x1b
cpu MHz		: 1299.085
cache size	: 3072 KB
physical id	: 0
siblings	: 4
core id		: 0
cpu cores	: 2
apicid		: 0
initial apicid	: 0
fpu		: yes
fpu_exception	: yes
cpuid level	: 13
wp		: yes
flags		: fpu vme de pse tsc msr pae mce cx8 apic sep mtrr pge mca cmov pat pse36 clflush dts acpi mmx fxsr sse sse2 ss ht tm pbe syscall nx rdtscp lm constant_tsc arch_perfmon pebs bts rep_good nopl xtopology nonstop_tsc aperfmperf eagerfpu pni pclmulqdq dtes64 monitor ds_cpl vmx est tm2 ssse3 cx16 xtpr pdcm pcid sse4_1 sse4_2 x2apic popcnt tsc_deadline_timer aes xsave avx f16c rdrand lahf_lm ida arat epb pln pts dtherm tpr_shadow vnmi flexpriority ept vpid fsgsbase smep erms xsaveopt
bugs		:
bogomips	: 5187.92
clflush size	: 64
cache_alignment	: 64
address sizes	: 36 bits physical, 48 bits virtual
power management:

processor	: 1
vendor_id	: GenuineIntel
cpu family	: 6
model		: 58
model name	: Intel(R) Core(TM) i5-3230M CPU @ 2.60GHz
stepping	: 9
microcode	: 0x1b
cpu MHz		: 1199.960
cache size	: 3072 KB
physical id	: 0
siblings	: 4
core id		: 0
cpu cores	: 2
apicid		: 1
initial apicid	: 1
fpu		: yes
fpu_exception	: yes
cpuid level	: 13
wp		: yes
flags		: fpu vme de pse tsc msr pae mce cx8 apic sep mtrr pge mca cmov pat pse36 clflush dts acpi mmx fxsr sse sse2 ss ht tm pbe syscall nx rdtscp lm constant_tsc arch_perfmon pebs bts rep_good nopl xtopology nonstop_tsc aperfmperf eagerfpu pni pclmulqdq dtes64 monitor ds_cpl vmx est tm2 ssse3 cx16 xtpr pdcm pcid sse4_1 sse4_2 x2apic popcnt tsc_deadline_timer aes xsave avx f16c rdrand lahf_lm ida arat epb pln pts dtherm tpr_shadow vnmi flexpriority ept vpid fsgsbase smep erms xsaveopt
bugs		:
bogomips	: 5187.92
clflush size	: 64
cache_alignment	: 64
address sizes	: 36 bits physical, 48 bits virtual
power management:

processor	: 2
vendor_id	: GenuineIntel
cpu family	: 6
model		: 58
model name	: Intel(R) Core(TM) i5-3230M CPU @ 2.60GHz
stepping	: 9
microcode	: 0x1b
cpu MHz		: 1214.382
cache size	: 3072 KB
physical id	: 0
siblings	: 4
core id		: 1
cpu cores	: 2
apicid		: 2
initial apicid	: 2
fpu		: yes
fpu_exception	: yes
cpuid level	: 13
wp		: yes
flags		: fpu vme de pse tsc msr pae mce cx8 apic sep mtrr pge mca cmov pat pse36 clflush dts acpi mmx fxsr sse sse2 ss ht tm pbe syscall nx rdtscp lm constant_tsc arch_perfmon pebs bts rep_good nopl xtopology nonstop_tsc aperfmperf eagerfpu pni pclmulqdq dtes64 monitor ds_cpl vmx est tm2 ssse3 cx16 xtpr pdcm pcid sse4_1 sse4_2 x2apic popcnt tsc_deadline_timer aes xsave avx f16c rdrand lahf_lm ida arat epb pln pts dtherm tpr_shadow vnmi flexpriority ept vpid fsgsbase smep erms xsaveopt
bugs		:
bogomips	: 5187.92
clflush size	: 64
cache_alignment	: 64
address sizes	: 36 bits physical, 48 bits virtual
power management:

processor	: 3
vendor_id	: GenuineIntel
cpu family	: 6
model		: 58
model name	: Intel(R) Core(TM) i5-3230M CPU @ 2.60GHz
stepping	: 9
microcode	: 0x1b
cpu MHz		: 1286.289
cache size	: 3072 KB
physical id	: 0
siblings	: 4
core id		: 1
cpu cores	: 2
apicid		: 3
initial apicid	: 3
fpu		: yes
fpu_exception	: yes
cpuid level	: 13
wp		: yes
flags		: fpu vme de pse tsc msr pae mce cx8 apic sep mtrr pge mca cmov pat pse36 clflush dts acpi mmx fxsr sse sse2 ss ht tm pbe syscall nx rdtscp lm constant_tsc arch_perfmon pebs bts rep_good nopl xtopology nonstop_tsc aperfmperf eagerfpu pni pclmulqdq dtes64 monitor ds_cpl vmx est tm2 ssse3 cx16 xtpr pdcm pcid sse4_1 sse4_2 x2apic popcnt tsc_deadline_timer aes xsave avx f16c rdrand lahf_lm ida arat epb pln pts dtherm tpr_shadow vnmi flexpriority ept vpid fsgsbase smep erms xsaveopt
bugs		:
bogomips	: 5187.92
clflush size	: 64
cache_alignment	: 64
address sizes	: 36 bits physical, 48 bits virtual
power management:



Memory: 4k page, physical 8052308k(4394440k free), swap 0k(0k free)

vm_info: Java HotSpot(TM) 64-Bit Server VM (25.92-b14) for linux-amd64 JRE (1.8.0_92-b14), built on Mar 31 2016 21:08:29 by "java_re" with gcc 4.3.0 20080428 (Red Hat 4.3.0-8)

time: Fri Nov 18 07:50:08 2016
elapsed time: 0 seconds (0d 0h 0m 0s)

