/home/i/spark-2.2/bin/spark-submit --class ir.ac.sbu.graph.ktruss.spark.KTrussSpark --total-executor-cores 120 --master spark://alemi-1:7077 /home/i/subgraph-mining/target/subgraph-mining-1.0-jar-with-dependencies.jar hdfs://alemi-1/graph-data/cit_Patents 240 7
[SBM] Input: hdfs://alemi-1/graph-data/cit_Patents, partitionNum: 240, kc: 7
[SBM] Spark conf: spark.app.name=KTrussSpark-240-cit_Patents
spark.cores.max=120
spark.driver.maxResultSize=1g
spark.driver.memory=2g
spark.dynamicAllocation.enabled=true
spark.dynamicAllocation.maxExecutors=50
spark.dynamicAllocation.minExecutors=20
spark.eventLog.dir=hdfs://alemi-1/shared/spark-logs
spark.eventLog.enabled=true
spark.executor.cores=4
spark.executor.extraJavaOptions=-XX:+UseG1GC -XX:-ResizePLAB -XX:+PrintFlagsFinal -XX:+PrintReferenceGC -verbose:gc -XX:+PrintGCDetails -XX:+PrintGCTimeStamps -XX:+PrintAdaptiveSizePolicy -XX:+UnlockDiagnosticVMOptions -XX:+G1SummarizeConcMark -XX:+PrintFlagsFinal -XX:+UseCompressedOops -verbose:gc -XX:InitiatingHeapOccupancyPercent=20
spark.executor.memory=20G
spark.history.fs.logDirectory=hdfs://alemi-1/shared/spark-logs
spark.io.compression.codec=lz4
spark.io.compression.lz4.blockSize=32k
spark.jars=file:/home/i/subgraph-mining/target/subgraph-mining-1.0-jar-with-dependencies.jar
spark.kryo.classesToRegister=
spark.kryo.unsafe=true
spark.kryoserializer.buffer=256k
spark.kryoserializer.buffer.max=256m
spark.local.dir=/mnt/sde/spark-data,/mnt/sdf/spark-data
spark.master=spark://alemi-1:7077
spark.rdd.compress=false
spark.reducer.maxSizeInFlight=32m
spark.rpc.netty.dispatcher.numThreads=3
spark.serializer=org.apache.spark.serializer.KryoSerializer
spark.shuffle.compress=true
spark.shuffle.file.buffer=32k
spark.shuffle.io.numConnectionsPerPeer=3
spark.shuffle.io.preferDirectBufs=false
spark.shuffle.service.enabled=true
spark.submit.deployMode=client
spark.worker.cleanup.enabled=true
[KTrussSpark] iteration: 1, invalid edge count: 6585180, duration: 79893 ms
[KTrussSpark] iteration: 2, invalid edge count: 507647, duration: 21522 ms
[KTrussSpark] iteration: 3, invalid edge count: 110946, duration: 12148 ms
[KTrussSpark] iteration: 4, invalid edge count: 41295, duration: 8604 ms
[KTrussSpark] iteration: 5, invalid edge count: 19069, duration: 6029 ms
[KTrussSpark] iteration: 6, invalid edge count: 9669, duration: 4752 ms
[KTrussSpark] iteration: 7, invalid edge count: 4936, duration: 3984 ms
[KTrussSpark] iteration: 8, invalid edge count: 2916, duration: 3441 ms
[KTrussSpark] iteration: 9, invalid edge count: 1522, duration: 3501 ms
[KTrussSpark] iteration: 10, invalid edge count: 849, duration: 3362 ms
[KTrussSpark] iteration: 11, invalid edge count: 591, duration: 3242 ms
[KTrussSpark] iteration: 12, invalid edge count: 372, duration: 3241 ms
[KTrussSpark] iteration: 13, invalid edge count: 201, duration: 3279 ms
[KTrussSpark] iteration: 14, invalid edge count: 130, duration: 3182 ms
[KTrussSpark] iteration: 15, invalid edge count: 84, duration: 3171 ms
[KTrussSpark] iteration: 16, invalid edge count: 32, duration: 3095 ms
[KTrussSpark] iteration: 17, invalid edge count: 19, duration: 3212 ms
[KTrussSpark] iteration: 18, invalid edge count: 7, duration: 3104 ms
[KTrussSpark] iteration: 19, invalid edge count: 6, duration: 3155 ms
[KTrussSpark] KTruss Edge Count: 252084, duration: 180771 ms
