/home/i/spark-2.2/bin/spark-submit --class ir.ac.sbu.graph.ktruss.spark.KTrussSpark --total-executor-cores 120 --master spark://alemi-1:7077 /home/i/subgraph-mining/target/subgraph-mining-1.0-jar-with-dependencies.jar hdfs://alemi-1/graph-data/cit_Patents 240 9
[SBM] Input: hdfs://alemi-1/graph-data/cit_Patents, partitionNum: 240, k: 9
[SBM] Spark conf: spark.app.name=KTrussSpark-240-cit_Patents
spark.cores.max=120
spark.driver.maxResultSize=1g
spark.driver.memory=2g
spark.dynamicAllocation.enabled=true
spark.dynamicAllocation.maxExecutors=50
spark.dynamicAllocation.minExecutors=20
spark.eventLog.dir=hdfs://alemi-1/shared/spark-logs
spark.eventLog.enabled=true
spark.executor.cores=4
spark.executor.extraJavaOptions=-XX:+UseG1GC -XX:-ResizePLAB -XX:+PrintFlagsFinal -XX:+PrintReferenceGC -verbose:gc -XX:+PrintGCDetails -XX:+PrintGCTimeStamps -XX:+PrintAdaptiveSizePolicy -XX:+UnlockDiagnosticVMOptions -XX:+G1SummarizeConcMark -XX:+PrintFlagsFinal -XX:+UseCompressedOops -verbose:gc -XX:InitiatingHeapOccupancyPercent=20
spark.executor.memory=20G
spark.history.fs.logDirectory=hdfs://alemi-1/shared/spark-logs
spark.io.compression.codec=lz4
spark.io.compression.lz4.blockSize=32k
spark.jars=file:/home/i/subgraph-mining/target/subgraph-mining-1.0-jar-with-dependencies.jar
spark.kryo.classesToRegister=
spark.kryo.unsafe=true
spark.kryoserializer.buffer=256k
spark.kryoserializer.buffer.max=256m
spark.local.dir=/mnt/sde/spark-data,/mnt/sdf/spark-data
spark.master=spark://alemi-1:7077
spark.rdd.compress=false
spark.reducer.maxSizeInFlight=32m
spark.rpc.netty.dispatcher.numThreads=3
spark.serializer=org.apache.spark.serializer.KryoSerializer
spark.shuffle.compress=true
spark.shuffle.file.buffer=32k
spark.shuffle.io.numConnectionsPerPeer=3
spark.shuffle.io.preferDirectBufs=false
spark.shuffle.service.enabled=true
spark.submit.deployMode=client
spark.worker.cleanup.enabled=true
[KTrussSpark] iteration: 1, invalid edge count: 7156454, duration: 81961 ms
[KTrussSpark] iteration: 2, invalid edge count: 319340, duration: 20431 ms
[KTrussSpark] iteration: 3, invalid edge count: 54643, duration: 9961 ms
[KTrussSpark] iteration: 4, invalid edge count: 18553, duration: 6147 ms
[KTrussSpark] iteration: 5, invalid edge count: 8771, duration: 3776 ms
[KTrussSpark] iteration: 6, invalid edge count: 4797, duration: 2808 ms
[KTrussSpark] iteration: 7, invalid edge count: 2804, duration: 2546 ms
[KTrussSpark] iteration: 8, invalid edge count: 1684, duration: 2385 ms
[KTrussSpark] iteration: 9, invalid edge count: 1085, duration: 2140 ms
[KTrussSpark] iteration: 10, invalid edge count: 703, duration: 2013 ms
[KTrussSpark] iteration: 11, invalid edge count: 381, duration: 1946 ms
[KTrussSpark] iteration: 12, invalid edge count: 180, duration: 2020 ms
[KTrussSpark] iteration: 13, invalid edge count: 166, duration: 1999 ms
[KTrussSpark] iteration: 14, invalid edge count: 106, duration: 1968 ms
[KTrussSpark] iteration: 15, invalid edge count: 28, duration: 1993 ms
[KTrussSpark] iteration: 16, invalid edge count: 5, duration: 2036 ms
[KTrussSpark] iteration: 17, invalid edge count: 3, duration: 2087 ms
[KTrussSpark] KTruss Edge Count: 69073, duration: 151802 ms
