/home/i/spark-2.2/bin/spark-submit --class ir.ac.sbu.graph.ktruss.spark.KTrussSpark --total-executor-cores 120 --master spark://alemi-1:7077 /home/i/subgraph-mining/target/subgraph-mining-1.0-jar-with-dependencies.jar hdfs://alemi-1/graph-data/cit_Patents 240 6
[SBM] Input: hdfs://alemi-1/graph-data/cit_Patents, partitionNum: 240, kc: 6
[SBM] Spark conf: spark.app.name=KTrussSpark-240-cit_Patents
spark.cores.max=120
spark.driver.maxResultSize=1g
spark.driver.memory=2g
spark.dynamicAllocation.enabled=true
spark.dynamicAllocation.maxExecutors=50
spark.dynamicAllocation.minExecutors=20
spark.eventLog.dir=hdfs://alemi-1/shared/spark-logs
spark.eventLog.enabled=true
spark.executor.cores=4
spark.executor.extraJavaOptions=-XX:+UseG1GC -XX:-ResizePLAB -XX:+PrintFlagsFinal -XX:+PrintReferenceGC -verbose:gc -XX:+PrintGCDetails -XX:+PrintGCTimeStamps -XX:+PrintAdaptiveSizePolicy -XX:+UnlockDiagnosticVMOptions -XX:+G1SummarizeConcMark -XX:+PrintFlagsFinal -XX:+UseCompressedOops -verbose:gc -XX:InitiatingHeapOccupancyPercent=20
spark.executor.memory=20G
spark.history.fs.logDirectory=hdfs://alemi-1/shared/spark-logs
spark.io.compression.codec=lz4
spark.io.compression.lz4.blockSize=32k
spark.jars=file:/home/i/subgraph-mining/target/subgraph-mining-1.0-jar-with-dependencies.jar
spark.kryo.classesToRegister=
spark.kryo.unsafe=true
spark.kryoserializer.buffer=256k
spark.kryoserializer.buffer.max=256m
spark.local.dir=/mnt/sde/spark-data,/mnt/sdf/spark-data
spark.master=spark://alemi-1:7077
spark.rdd.compress=false
spark.reducer.maxSizeInFlight=32m
spark.rpc.netty.dispatcher.numThreads=3
spark.serializer=org.apache.spark.serializer.KryoSerializer
spark.shuffle.compress=true
spark.shuffle.file.buffer=32k
spark.shuffle.io.numConnectionsPerPeer=3
spark.shuffle.io.preferDirectBufs=false
spark.shuffle.service.enabled=true
spark.submit.deployMode=client
spark.worker.cleanup.enabled=true
[KTrussSpark] iteration: 1, invalid edge count: 6032781, duration: 82740 ms
[KTrussSpark] iteration: 2, invalid edge count: 625316, duration: 18925 ms
[KTrussSpark] iteration: 3, invalid edge count: 151718, duration: 11359 ms
[KTrussSpark] iteration: 4, invalid edge count: 54579, duration: 8586 ms
[KTrussSpark] iteration: 5, invalid edge count: 23038, duration: 6012 ms
[KTrussSpark] iteration: 6, invalid edge count: 10869, duration: 4857 ms
[KTrussSpark] iteration: 7, invalid edge count: 5555, duration: 3945 ms
[KTrussSpark] iteration: 8, invalid edge count: 2787, duration: 3742 ms
[KTrussSpark] iteration: 9, invalid edge count: 1565, duration: 3623 ms
[KTrussSpark] iteration: 10, invalid edge count: 910, duration: 3408 ms
[KTrussSpark] iteration: 11, invalid edge count: 502, duration: 3404 ms
[KTrussSpark] iteration: 12, invalid edge count: 325, duration: 3339 ms
[KTrussSpark] iteration: 13, invalid edge count: 196, duration: 3583 ms
[KTrussSpark] iteration: 14, invalid edge count: 127, duration: 3469 ms
[KTrussSpark] iteration: 15, invalid edge count: 65, duration: 3689 ms
[KTrussSpark] iteration: 16, invalid edge count: 39, duration: 3666 ms
[KTrussSpark] iteration: 17, invalid edge count: 40, duration: 3358 ms
[KTrussSpark] iteration: 18, invalid edge count: 17, duration: 3437 ms
[KTrussSpark] iteration: 19, invalid edge count: 11, duration: 3349 ms
[KTrussSpark] iteration: 20, invalid edge count: 10, duration: 3447 ms
[KTrussSpark] iteration: 21, invalid edge count: 8, duration: 3421 ms
[KTrussSpark] iteration: 22, invalid edge count: 14, duration: 3384 ms
[KTrussSpark] iteration: 23, invalid edge count: 3, duration: 3400 ms
[KTrussSpark] KTruss Edge Count: 539285, duration: 197235 ms
