/home/i/spark-2.2/bin/spark-submit --class ir.ac.sbu.graph.ktruss.spark.KTrussSpark --total-executor-cores 120 --master spark://alemi-1:7077 /home/i/subgraph-mining/target/subgraph-mining-1.0-jar-with-dependencies.jar hdfs://alemi-1/graph-data/orkut 300 6
[SBM] Input: hdfs://alemi-1/graph-data/orkut, partitionNum: 300, kc: 6
[SBM] Spark conf: spark.app.name=KTrussSpark-300-orkut
spark.cores.max=120
spark.driver.maxResultSize=1g
spark.driver.memory=2g
spark.dynamicAllocation.enabled=true
spark.dynamicAllocation.maxExecutors=50
spark.dynamicAllocation.minExecutors=20
spark.eventLog.dir=hdfs://alemi-1/shared/spark-logs
spark.eventLog.enabled=true
spark.executor.cores=4
spark.executor.extraJavaOptions=-XX:+UseG1GC -XX:-ResizePLAB -XX:+PrintFlagsFinal -XX:+PrintReferenceGC -verbose:gc -XX:+PrintGCDetails -XX:+PrintGCTimeStamps -XX:+PrintAdaptiveSizePolicy -XX:+UnlockDiagnosticVMOptions -XX:+G1SummarizeConcMark -XX:+PrintFlagsFinal -XX:+UseCompressedOops -verbose:gc -XX:InitiatingHeapOccupancyPercent=20
spark.executor.memory=20G
spark.history.fs.logDirectory=hdfs://alemi-1/shared/spark-logs
spark.io.compression.codec=lz4
spark.io.compression.lz4.blockSize=32k
spark.jars=file:/home/i/subgraph-mining/target/subgraph-mining-1.0-jar-with-dependencies.jar
spark.kryo.classesToRegister=
spark.kryo.unsafe=true
spark.kryoserializer.buffer=256k
spark.kryoserializer.buffer.max=256m
spark.local.dir=/mnt/sde/spark-data,/mnt/sdf/spark-data
spark.master=spark://alemi-1:7077
spark.rdd.compress=false
spark.reducer.maxSizeInFlight=32m
spark.rpc.netty.dispatcher.numThreads=3
spark.serializer=org.apache.spark.serializer.KryoSerializer
spark.shuffle.compress=true
spark.shuffle.file.buffer=32k
spark.shuffle.io.numConnectionsPerPeer=3
spark.shuffle.io.preferDirectBufs=false
spark.shuffle.service.enabled=true
spark.submit.deployMode=client
spark.worker.cleanup.enabled=true
[KTrussSpark] iteration: 1, invalid edge count: 26284471, duration: 191937 ms
[KTrussSpark] iteration: 2, invalid edge count: 4977121, duration: 11762 ms
[KTrussSpark] iteration: 3, invalid edge count: 1646380, duration: 6895 ms
[KTrussSpark] iteration: 4, invalid edge count: 682469, duration: 7910 ms
[KTrussSpark] iteration: 5, invalid edge count: 325570, duration: 7177 ms
[KTrussSpark] iteration: 6, invalid edge count: 170433, duration: 6376 ms
[KTrussSpark] iteration: 7, invalid edge count: 94524, duration: 5439 ms
[KTrussSpark] iteration: 8, invalid edge count: 54879, duration: 5079 ms
[KTrussSpark] iteration: 9, invalid edge count: 32977, duration: 4995 ms
[KTrussSpark] iteration: 10, invalid edge count: 20123, duration: 5019 ms
[KTrussSpark] iteration: 11, invalid edge count: 12833, duration: 4900 ms
[KTrussSpark] iteration: 12, invalid edge count: 8238, duration: 5026 ms
[KTrussSpark] iteration: 13, invalid edge count: 5358, duration: 5352 ms
[KTrussSpark] iteration: 14, invalid edge count: 3580, duration: 4961 ms
[KTrussSpark] iteration: 15, invalid edge count: 2436, duration: 4951 ms
[KTrussSpark] iteration: 16, invalid edge count: 1708, duration: 5072 ms
[KTrussSpark] iteration: 17, invalid edge count: 1182, duration: 5193 ms
[KTrussSpark] iteration: 18, invalid edge count: 803, duration: 4997 ms
[KTrussSpark] iteration: 19, invalid edge count: 522, duration: 5174 ms
[KTrussSpark] iteration: 20, invalid edge count: 404, duration: 4974 ms
[KTrussSpark] iteration: 21, invalid edge count: 312, duration: 4880 ms
[KTrussSpark] iteration: 22, invalid edge count: 208, duration: 4989 ms
[KTrussSpark] iteration: 23, invalid edge count: 145, duration: 4954 ms
[KTrussSpark] iteration: 24, invalid edge count: 93, duration: 5162 ms
[KTrussSpark] iteration: 25, invalid edge count: 58, duration: 5073 ms
[KTrussSpark] iteration: 26, invalid edge count: 45, duration: 4981 ms
[KTrussSpark] iteration: 27, invalid edge count: 33, duration: 5100 ms
[KTrussSpark] iteration: 28, invalid edge count: 34, duration: 5111 ms
[KTrussSpark] iteration: 29, invalid edge count: 17, duration: 5034 ms
[KTrussSpark] iteration: 30, invalid edge count: 7, duration: 5036 ms
[KTrussSpark] iteration: 31, invalid edge count: 4, duration: 5047 ms
[KTrussSpark] iteration: 32, invalid edge count: 8, duration: 5139 ms
[KTrussSpark] iteration: 33, invalid edge count: 5, duration: 5019 ms
[KTrussSpark] iteration: 34, invalid edge count: 3, duration: 5068 ms
[KTrussSpark] iteration: 35, invalid edge count: 2, duration: 5146 ms
[KTrussSpark] iteration: 36, invalid edge count: 1, duration: 5147 ms
[KTrussSpark] iteration: 37, invalid edge count: 1, duration: 5126 ms
[KTrussSpark] KTruss Edge Count: 66154545, duration: 397554 ms
