/home/i/spark-2.2/bin/spark-submit --class ir.ac.sbu.graph.ktruss.spark.KTrussSpark --total-executor-cores 120 --master spark://alemi-1:7077 /home/i/subgraph-mining/target/subgraph-mining-1.0-jar-with-dependencies.jar hdfs://alemi-1/graph-data/orkut 300 4
[SBM] Input: hdfs://alemi-1/graph-data/orkut, partitionNum: 300, k: 4
[SBM] Spark conf: spark.app.name=KTrussSpark-300-orkut
spark.cores.max=120
spark.driver.maxResultSize=1g
spark.driver.memory=2g
spark.dynamicAllocation.enabled=true
spark.dynamicAllocation.maxExecutors=50
spark.dynamicAllocation.minExecutors=20
spark.eventLog.dir=hdfs://alemi-1/shared/spark-logs
spark.eventLog.enabled=true
spark.executor.cores=4
spark.executor.extraJavaOptions=-XX:+UseG1GC -XX:-ResizePLAB -XX:+PrintFlagsFinal -XX:+PrintReferenceGC -verbose:gc -XX:+PrintGCDetails -XX:+PrintGCTimeStamps -XX:+PrintAdaptiveSizePolicy -XX:+UnlockDiagnosticVMOptions -XX:+G1SummarizeConcMark -XX:+PrintFlagsFinal -XX:+UseCompressedOops -verbose:gc -XX:InitiatingHeapOccupancyPercent=20
spark.executor.memory=20G
spark.history.fs.logDirectory=hdfs://alemi-1/shared/spark-logs
spark.io.compression.codec=lz4
spark.io.compression.lz4.blockSize=32k
spark.jars=file:/home/i/subgraph-mining/target/subgraph-mining-1.0-jar-with-dependencies.jar
spark.kryo.classesToRegister=
spark.kryo.unsafe=true
spark.kryoserializer.buffer=256k
spark.kryoserializer.buffer.max=256m
spark.local.dir=/mnt/sde/spark-data,/mnt/sdf/spark-data
spark.master=spark://alemi-1:7077
spark.rdd.compress=false
spark.reducer.maxSizeInFlight=32m
spark.rpc.netty.dispatcher.numThreads=3
spark.serializer=org.apache.spark.serializer.KryoSerializer
spark.shuffle.compress=true
spark.shuffle.file.buffer=32k
spark.shuffle.io.numConnectionsPerPeer=3
spark.shuffle.io.preferDirectBufs=false
spark.shuffle.service.enabled=true
spark.submit.deployMode=client
spark.worker.cleanup.enabled=true
[KTrussSpark] iteration: 1, invalid edge count: 11523968, duration: 186011 ms
[KTrussSpark] iteration: 2, invalid edge count: 1794826, duration: 8930 ms
[KTrussSpark] iteration: 3, invalid edge count: 470803, duration: 7066 ms
[KTrussSpark] iteration: 4, invalid edge count: 152538, duration: 7620 ms
[KTrussSpark] iteration: 5, invalid edge count: 55486, duration: 6248 ms
[KTrussSpark] iteration: 6, invalid edge count: 21640, duration: 5690 ms
[KTrussSpark] iteration: 7, invalid edge count: 8903, duration: 5917 ms
[KTrussSpark] iteration: 8, invalid edge count: 3946, duration: 5537 ms
[KTrussSpark] iteration: 9, invalid edge count: 1657, duration: 5516 ms
[KTrussSpark] iteration: 10, invalid edge count: 723, duration: 5489 ms
[KTrussSpark] iteration: 11, invalid edge count: 344, duration: 5374 ms
[KTrussSpark] iteration: 12, invalid edge count: 163, duration: 5388 ms
[KTrussSpark] iteration: 13, invalid edge count: 76, duration: 5432 ms
[KTrussSpark] iteration: 14, invalid edge count: 40, duration: 5653 ms
[KTrussSpark] iteration: 15, invalid edge count: 15, duration: 5610 ms
[KTrussSpark] iteration: 16, invalid edge count: 7, duration: 5608 ms
[KTrussSpark] iteration: 17, invalid edge count: 3, duration: 5468 ms
[KTrussSpark] iteration: 18, invalid edge count: 2, duration: 5460 ms
[KTrussSpark] iteration: 19, invalid edge count: 1, duration: 5439 ms
[KTrussSpark] KTruss Edge Count: 86221786, duration: 301082 ms
