/home/i/spark-2.2/bin/spark-submit --class ir.ac.sbu.graph.ktruss.spark.KTrussSpark --total-executor-cores 120 --master spark://alemi-1:7077 /home/i/subgraph-mining/target/subgraph-mining-1.0-jar-with-dependencies.jar hdfs://alemi-1/graph-data/orkut 300 9
[SBM] Input: hdfs://alemi-1/graph-data/orkut, partitionNum: 300, k: 9
[SBM] Spark conf: spark.app.name=KTrussSpark-300-orkut
spark.cores.max=120
spark.driver.maxResultSize=1g
spark.driver.memory=2g
spark.dynamicAllocation.enabled=true
spark.dynamicAllocation.maxExecutors=50
spark.dynamicAllocation.minExecutors=20
spark.eventLog.dir=hdfs://alemi-1/shared/spark-logs
spark.eventLog.enabled=true
spark.executor.cores=4
spark.executor.extraJavaOptions=-XX:+UseG1GC -XX:-ResizePLAB -XX:+PrintFlagsFinal -XX:+PrintReferenceGC -verbose:gc -XX:+PrintGCDetails -XX:+PrintGCTimeStamps -XX:+PrintAdaptiveSizePolicy -XX:+UnlockDiagnosticVMOptions -XX:+G1SummarizeConcMark -XX:+PrintFlagsFinal -XX:+UseCompressedOops -verbose:gc -XX:InitiatingHeapOccupancyPercent=20
spark.executor.memory=20G
spark.history.fs.logDirectory=hdfs://alemi-1/shared/spark-logs
spark.io.compression.codec=lz4
spark.io.compression.lz4.blockSize=32k
spark.jars=file:/home/i/subgraph-mining/target/subgraph-mining-1.0-jar-with-dependencies.jar
spark.kryo.classesToRegister=
spark.kryo.unsafe=true
spark.kryoserializer.buffer=256k
spark.kryoserializer.buffer.max=256m
spark.local.dir=/mnt/sde/spark-data,/mnt/sdf/spark-data
spark.master=spark://alemi-1:7077
spark.rdd.compress=false
spark.reducer.maxSizeInFlight=32m
spark.rpc.netty.dispatcher.numThreads=3
spark.serializer=org.apache.spark.serializer.KryoSerializer
spark.shuffle.compress=true
spark.shuffle.file.buffer=32k
spark.shuffle.io.numConnectionsPerPeer=3
spark.shuffle.io.preferDirectBufs=false
spark.shuffle.service.enabled=true
spark.submit.deployMode=client
spark.worker.cleanup.enabled=true
[KTrussSpark] iteration: 1, invalid edge count: 40628266, duration: 188908 ms
[KTrussSpark] iteration: 2, invalid edge count: 7552125, duration: 18571 ms
[KTrussSpark] iteration: 3, invalid edge count: 2815226, duration: 7904 ms
[KTrussSpark] iteration: 4, invalid edge count: 1340286, duration: 6132 ms
[KTrussSpark] iteration: 5, invalid edge count: 716302, duration: 7025 ms
[KTrussSpark] iteration: 6, invalid edge count: 414376, duration: 6280 ms
[KTrussSpark] iteration: 7, invalid edge count: 250104, duration: 5070 ms
[KTrussSpark] iteration: 8, invalid edge count: 157444, duration: 5210 ms
[KTrussSpark] iteration: 9, invalid edge count: 103540, duration: 4984 ms
[KTrussSpark] iteration: 10, invalid edge count: 69317, duration: 4988 ms
[KTrussSpark] iteration: 11, invalid edge count: 48507, duration: 5001 ms
[KTrussSpark] iteration: 12, invalid edge count: 34066, duration: 5138 ms
[KTrussSpark] iteration: 13, invalid edge count: 24622, duration: 5020 ms
[KTrussSpark] iteration: 14, invalid edge count: 17863, duration: 5329 ms
[KTrussSpark] iteration: 15, invalid edge count: 12668, duration: 5192 ms
[KTrussSpark] iteration: 16, invalid edge count: 9435, duration: 5263 ms
[KTrussSpark] iteration: 17, invalid edge count: 6896, duration: 5158 ms
[KTrussSpark] iteration: 18, invalid edge count: 5058, duration: 5284 ms
[KTrussSpark] iteration: 19, invalid edge count: 3879, duration: 5312 ms
[KTrussSpark] iteration: 20, invalid edge count: 2950, duration: 5207 ms
[KTrussSpark] iteration: 21, invalid edge count: 2351, duration: 5254 ms
[KTrussSpark] iteration: 22, invalid edge count: 1763, duration: 5265 ms
[KTrussSpark] iteration: 23, invalid edge count: 1405, duration: 5351 ms
[KTrussSpark] iteration: 24, invalid edge count: 1052, duration: 5551 ms
[KTrussSpark] iteration: 25, invalid edge count: 861, duration: 5381 ms
[KTrussSpark] iteration: 26, invalid edge count: 716, duration: 5277 ms
[KTrussSpark] iteration: 27, invalid edge count: 649, duration: 5536 ms
[KTrussSpark] iteration: 28, invalid edge count: 555, duration: 5402 ms
[KTrussSpark] iteration: 29, invalid edge count: 482, duration: 5421 ms
[KTrussSpark] iteration: 30, invalid edge count: 429, duration: 5459 ms
[KTrussSpark] iteration: 31, invalid edge count: 338, duration: 5475 ms
[KTrussSpark] iteration: 32, invalid edge count: 336, duration: 5458 ms
[KTrussSpark] iteration: 33, invalid edge count: 236, duration: 5468 ms
[KTrussSpark] iteration: 34, invalid edge count: 154, duration: 5461 ms
[KTrussSpark] iteration: 35, invalid edge count: 145, duration: 5542 ms
[KTrussSpark] iteration: 36, invalid edge count: 132, duration: 5583 ms
[KTrussSpark] iteration: 37, invalid edge count: 108, duration: 5541 ms
[KTrussSpark] iteration: 38, invalid edge count: 114, duration: 5529 ms
[KTrussSpark] iteration: 39, invalid edge count: 73, duration: 5539 ms
[KTrussSpark] iteration: 40, invalid edge count: 58, duration: 5583 ms
[KTrussSpark] iteration: 41, invalid edge count: 65, duration: 5673 ms
[KTrussSpark] iteration: 42, invalid edge count: 54, duration: 5634 ms
[KTrussSpark] iteration: 43, invalid edge count: 59, duration: 5608 ms
[KTrussSpark] iteration: 44, invalid edge count: 49, duration: 5671 ms
[KTrussSpark] iteration: 45, invalid edge count: 53, duration: 5708 ms
[KTrussSpark] iteration: 46, invalid edge count: 32, duration: 5742 ms
[KTrussSpark] iteration: 47, invalid edge count: 25, duration: 5740 ms
[KTrussSpark] iteration: 48, invalid edge count: 20, duration: 5800 ms
[KTrussSpark] iteration: 49, invalid edge count: 19, duration: 5760 ms
[KTrussSpark] iteration: 50, invalid edge count: 29, duration: 5774 ms
[KTrussSpark] iteration: 51, invalid edge count: 33, duration: 5810 ms
[KTrussSpark] iteration: 52, invalid edge count: 33, duration: 5767 ms
[KTrussSpark] iteration: 53, invalid edge count: 28, duration: 5770 ms
[KTrussSpark] iteration: 54, invalid edge count: 19, duration: 5737 ms
[KTrussSpark] iteration: 55, invalid edge count: 9, duration: 5893 ms
[KTrussSpark] iteration: 56, invalid edge count: 14, duration: 5861 ms
[KTrussSpark] iteration: 57, invalid edge count: 26, duration: 5949 ms
[KTrussSpark] iteration: 58, invalid edge count: 32, duration: 5926 ms
[KTrussSpark] iteration: 59, invalid edge count: 15, duration: 6275 ms
[KTrussSpark] iteration: 60, invalid edge count: 13, duration: 5870 ms
[KTrussSpark] iteration: 61, invalid edge count: 11, duration: 5807 ms
[KTrussSpark] iteration: 62, invalid edge count: 21, duration: 5970 ms
[KTrussSpark] iteration: 63, invalid edge count: 18, duration: 5932 ms
[KTrussSpark] iteration: 64, invalid edge count: 5, duration: 5867 ms
[KTrussSpark] iteration: 65, invalid edge count: 5, duration: 5995 ms
[KTrussSpark] iteration: 66, invalid edge count: 7, duration: 5980 ms
[KTrussSpark] iteration: 67, invalid edge count: 9, duration: 6003 ms
[KTrussSpark] iteration: 68, invalid edge count: 8, duration: 5920 ms
[KTrussSpark] iteration: 69, invalid edge count: 7, duration: 6305 ms
[KTrussSpark] iteration: 70, invalid edge count: 10, duration: 5963 ms
