/home/i/spark-2.2/bin/spark-submit --class ir.ac.sbu.graph.ktruss.spark.KTrussSpark --total-executor-cores 120 --master spark://alemi-1:7077 /home/i/subgraph-mining/target/subgraph-mining-1.0-jar-with-dependencies.jar hdfs://alemi-1/graph-data/orkut 300 10
[SBM] Input: hdfs://alemi-1/graph-data/orkut, partitionNum: 300, kc: 10
[SBM] Spark conf: spark.app.name=KTrussSpark-300-orkut
spark.cores.max=120
spark.driver.maxResultSize=1g
spark.driver.memory=2g
spark.dynamicAllocation.enabled=true
spark.dynamicAllocation.maxExecutors=50
spark.dynamicAllocation.minExecutors=20
spark.eventLog.dir=hdfs://alemi-1/shared/spark-logs
spark.eventLog.enabled=true
spark.executor.cores=4
spark.executor.extraJavaOptions=-XX:+UseG1GC -XX:-ResizePLAB -XX:+PrintFlagsFinal -XX:+PrintReferenceGC -verbose:gc -XX:+PrintGCDetails -XX:+PrintGCTimeStamps -XX:+PrintAdaptiveSizePolicy -XX:+UnlockDiagnosticVMOptions -XX:+G1SummarizeConcMark -XX:+PrintFlagsFinal -XX:+UseCompressedOops -verbose:gc -XX:InitiatingHeapOccupancyPercent=20
spark.executor.memory=20G
spark.history.fs.logDirectory=hdfs://alemi-1/shared/spark-logs
spark.io.compression.codec=lz4
spark.io.compression.lz4.blockSize=32k
spark.jars=file:/home/i/subgraph-mining/target/subgraph-mining-1.0-jar-with-dependencies.jar
spark.kryo.classesToRegister=
spark.kryo.unsafe=true
spark.kryoserializer.buffer=256k
spark.kryoserializer.buffer.max=256m
spark.local.dir=/mnt/sde/spark-data,/mnt/sdf/spark-data
spark.master=spark://alemi-1:7077
spark.rdd.compress=false
spark.reducer.maxSizeInFlight=32m
spark.rpc.netty.dispatcher.numThreads=3
spark.serializer=org.apache.spark.serializer.KryoSerializer
spark.shuffle.compress=true
spark.shuffle.file.buffer=32k
spark.shuffle.io.numConnectionsPerPeer=3
spark.shuffle.io.preferDirectBufs=false
spark.shuffle.service.enabled=true
spark.submit.deployMode=client
spark.worker.cleanup.enabled=true
[KTrussSpark] iteration: 1, invalid edge count: 44382996, duration: 192370 ms
[KTrussSpark] iteration: 2, invalid edge count: 8112016, duration: 21678 ms
[KTrussSpark] iteration: 3, invalid edge count: 3070262, duration: 7850 ms
[KTrussSpark] iteration: 4, invalid edge count: 1489260, duration: 8394 ms
[KTrussSpark] iteration: 5, invalid edge count: 809777, duration: 5576 ms
[KTrussSpark] iteration: 6, invalid edge count: 477912, duration: 5534 ms
[KTrussSpark] iteration: 7, invalid edge count: 297703, duration: 5238 ms
[KTrussSpark] iteration: 8, invalid edge count: 190465, duration: 5061 ms
[KTrussSpark] iteration: 9, invalid edge count: 126864, duration: 5175 ms
[KTrussSpark] iteration: 10, invalid edge count: 86604, duration: 5110 ms
[KTrussSpark] iteration: 11, invalid edge count: 58838, duration: 4965 ms
[KTrussSpark] iteration: 12, invalid edge count: 41866, duration: 5139 ms
[KTrussSpark] iteration: 13, invalid edge count: 30312, duration: 5185 ms
[KTrussSpark] iteration: 14, invalid edge count: 21404, duration: 5245 ms
[KTrussSpark] iteration: 15, invalid edge count: 15811, duration: 5331 ms
[KTrussSpark] iteration: 16, invalid edge count: 11495, duration: 5362 ms
[KTrussSpark] iteration: 17, invalid edge count: 8411, duration: 5340 ms
[KTrussSpark] iteration: 18, invalid edge count: 6439, duration: 5334 ms
[KTrussSpark] iteration: 19, invalid edge count: 4967, duration: 5350 ms
[KTrussSpark] iteration: 20, invalid edge count: 3637, duration: 5294 ms
[KTrussSpark] iteration: 21, invalid edge count: 2784, duration: 5279 ms
[KTrussSpark] iteration: 22, invalid edge count: 1992, duration: 5333 ms
[KTrussSpark] iteration: 23, invalid edge count: 1485, duration: 5365 ms
[KTrussSpark] iteration: 24, invalid edge count: 1155, duration: 5389 ms
[KTrussSpark] iteration: 25, invalid edge count: 850, duration: 5364 ms
[KTrussSpark] iteration: 26, invalid edge count: 685, duration: 5335 ms
[KTrussSpark] iteration: 27, invalid edge count: 572, duration: 5426 ms
[KTrussSpark] iteration: 28, invalid edge count: 385, duration: 5356 ms
[KTrussSpark] iteration: 29, invalid edge count: 249, duration: 5501 ms
[KTrussSpark] iteration: 30, invalid edge count: 249, duration: 5402 ms
[KTrussSpark] iteration: 31, invalid edge count: 182, duration: 5490 ms
[KTrussSpark] iteration: 32, invalid edge count: 157, duration: 5359 ms
[KTrussSpark] iteration: 33, invalid edge count: 172, duration: 5383 ms
[KTrussSpark] iteration: 34, invalid edge count: 135, duration: 5443 ms
[KTrussSpark] iteration: 35, invalid edge count: 122, duration: 5430 ms
[KTrussSpark] iteration: 36, invalid edge count: 110, duration: 5558 ms
[KTrussSpark] iteration: 37, invalid edge count: 88, duration: 5492 ms
[KTrussSpark] iteration: 38, invalid edge count: 55, duration: 5607 ms
[KTrussSpark] iteration: 39, invalid edge count: 50, duration: 5482 ms
[KTrussSpark] iteration: 40, invalid edge count: 40, duration: 5489 ms
[KTrussSpark] iteration: 41, invalid edge count: 71, duration: 5567 ms
[KTrussSpark] iteration: 42, invalid edge count: 57, duration: 5500 ms
[KTrussSpark] iteration: 43, invalid edge count: 45, duration: 5647 ms
[KTrussSpark] iteration: 44, invalid edge count: 44, duration: 5542 ms
[KTrussSpark] iteration: 45, invalid edge count: 22, duration: 5824 ms
[KTrussSpark] iteration: 46, invalid edge count: 11, duration: 5581 ms
[KTrussSpark] iteration: 47, invalid edge count: 6, duration: 5578 ms
[KTrussSpark] iteration: 48, invalid edge count: 2, duration: 5592 ms
[KTrussSpark] iteration: 49, invalid edge count: 2, duration: 5694 ms
[KTrussSpark] iteration: 50, invalid edge count: 1, duration: 5676 ms
[KTrussSpark] iteration: 51, invalid edge count: 2, duration: 5756 ms
[KTrussSpark] iteration: 52, invalid edge count: 2, duration: 5756 ms
[KTrussSpark] iteration: 53, invalid edge count: 2, duration: 5719 ms
[KTrussSpark] KTruss Edge Count: 41407911, duration: 506922 ms
