nohup: ignoring input
24 Mar 2018 12:22:37,294 DEBUG - Graphulo.TwoTable(738) -  23792%00; :%00; [1] -> 18024 entries processed
24 Mar 2018 12:22:37,701 DEBUG - Graphulo.TwoTable(738) -  7828%00; :%00; [1] -> 172028 entries processed
24 Mar 2018 12:22:39,823 DEBUG - Graphulo.TwoTable(738) -  97509%00; :%00; [1] -> 234362 entries processed
24 Mar 2018 12:22:40,900 DEBUG - Graphulo.TwoTable(738) -  4849%00; :%00; [1] -> 433484 entries processed
24 Mar 2018 12:22:40,902 DEBUG - Graphulo.TwoTable(738) -  982220%00; :%00; [1] -> 796462 entries processed
24 Mar 2018 12:22:41,023 DEBUG - Graphulo.TwoTable(738) -  815133%00; :%00; [1] -> 441798 entries processed
24 Mar 2018 12:22:47,981 DEBUG - Graphulo.TwoTable(738) -  2148%00; :%00; [1] -> 78208 entries processed
24 Mar 2018 12:22:48,091 DEBUG - Graphulo.TwoTable(738) -  215277%00; :%00; [1] -> 878372 entries processed
24 Mar 2018 12:24:19,326 DEBUG - Graphulo.TwoTable(738) -  486046%00; :%00; [1] -> 2588534 entries processed
24 Mar 2018 12:24:47,961 DEBUG - Graphulo.TwoTable(738) -  33044%00; :%00; [1] -> 822352 entries processed
24 Mar 2018 12:26:33,195 DEBUG - Graphulo.TwoTable(738) -  4370%00; :%00; [1] -> 542608 entries processed
24 Mar 2018 12:26:33,558 DEBUG - Graphulo.TwoTable(738) -  255324%00; :%00; [1] -> 5047494 entries processed
24 Mar 2018 12:26:44,532 DEBUG - Graphulo.TwoTable(738) -  887661%00; :%00; [1] -> 3590932 entries processed
24 Mar 2018 12:26:57,756 DEBUG - Graphulo.TwoTable(738) -  288303%00; :%00; [1] -> 1190254 entries processed
24 Mar 2018 12:27:47,495 DEBUG - Graphulo.TwoTable(738) -  121852%00; :%00; [1] -> 2881986 entries processed
24 Mar 2018 12:27:47,575 DEBUG - Graphulo.TwoTable(738) -  167607%00; :%00; [1] -> 4284668 entries processed
24 Mar 2018 12:30:10,632 DEBUG - Graphulo.TwoTable(738) -  955%00; :%00; [1] -> 5602412 entries processed
24 Mar 2018 12:31:01,087 DEBUG - Graphulo.TwoTable(738) -  75758%00; :%00; [1] -> 61982 entries processed
24 Mar 2018 12:31:03,296 DEBUG - Graphulo.TwoTable(738) -  204000%00; :%00; [1] -> 5089828 entries processed
24 Mar 2018 12:31:10,000 DEBUG - Graphulo.TwoTable(738) -  5502%00; :%00; [1] -> 3249726 entries processed
24 Mar 2018 12:31:16,364 DEBUG - Graphulo.TwoTable(738) -  1120951%00; :%00; [1] -> 1305982 entries processed
24 Mar 2018 12:31:18,977 DEBUG - Graphulo.TwoTable(738) -  71230%00; :%00; [1] -> 1834802 entries processed
24 Mar 2018 12:31:20,816 DEBUG - Graphulo.TwoTable(738) -  49095%00; :%00; [1] -> 949130 entries processed
24 Mar 2018 12:31:21,695 DEBUG - Graphulo.TwoTable(738) -  1705%00; :%00; [1] -> 4571576 entries processed
24 Mar 2018 12:31:21,745 DEBUG - Graphulo.TwoTable(738) -  63529%00; :%00; [1] -> 7482334 entries processed
24 Mar 2018 12:31:24,019 DEBUG - Graphulo.TwoTable(738) -  175798%00; :%00; [1] -> 3180518 entries processed
24 Mar 2018 12:31:24,055 DEBUG - Graphulo.TwoTable(738) -  8919%00; :%00; [1] -> 3525430 entries processed
24 Mar 2018 12:31:31,291 DEBUG - Graphulo.TwoTable(738) -  332992%00; :%00; [1] -> 2173534 entries processed
24 Mar 2018 12:31:36,872 DEBUG - Graphulo.TwoTable(738) -  2526%00; :%00; [1] -> 12689910 entries processed
24 Mar 2018 12:31:40,061 DEBUG - Graphulo.TwoTable(738) -  1253%00; :%00; [1] -> 4313028 entries processed
24 Mar 2018 12:31:40,070 DEBUG - Graphulo.TwoTable(738) -  529759%00; :%00; [1] -> 2735972 entries processed
24 Mar 2018 12:31:40,502 DEBUG - Graphulo.TwoTable(738) -  674527%00; :%00; [1] -> 3714614 entries processed
24 Mar 2018 12:31:40,659 DEBUG - Graphulo.TwoTable(738) -  21661%00; :%00; [1] -> 9507612 entries processed
24 Mar 2018 12:31:40,798 DEBUG - Graphulo.TwoTable(738) -  126899%00; :%00; [1] -> 11965782 entries processed
24 Mar 2018 12:31:41,377 DEBUG - Graphulo.TwoTable(738) -  1044941%00; :%00; [1] -> 4570780 entries processed
24 Mar 2018 12:31:42,702 DEBUG - Graphulo.TwoTable(738) -  67974%00; :%00; [1] -> 8268080 entries processed
24 Mar 2018 12:31:42,742 DEBUG - Graphulo.TwoTable(738) -  808%00; :%00; [1] -> 1100940 entries processed
24 Mar 2018 12:31:55,534 DEBUG - Graphulo.TwoTable(738) -  30023%00; :%00; [1] -> 7414872 entries processed
24 Mar 2018 12:32:00,922 DEBUG - Graphulo.TwoTable(738) -  291%00; :%00; [1] -> 3213108 entries processed
24 Mar 2018 12:32:08,974 DEBUG - Graphulo.TwoTable(738) -   :%00; [1] -> 6378898 entries processed
24 Mar 2018 12:32:24,300 DEBUG - Graphulo.TwoTable(738) -  3812%00; :%00; [1] -> 891908 entries processed
24 Mar 2018 12:32:37,402 DEBUG - Graphulo.TwoTable(738) -  271729%00; :%00; [1] -> 11253506 entries processed
24 Mar 2018 12:33:01,917 DEBUG - Graphulo.TwoTable(738) -  108797%00; :%00; [1] -> 15231794 entries processed
24 Mar 2018 12:33:34,847 DEBUG - Graphulo.TwoTable(738) -  95160%00; :%00; [1] -> 1130280 entries processed
24 Mar 2018 12:33:35,027 DEBUG - Graphulo.TwoTable(738) -  192638%00; :%00; [1] -> 13311458 entries processed
24 Mar 2018 12:33:35,075 DEBUG - Graphulo.TwoTable(738) -  10606%00; :%00; [1] -> 5245440 entries processed
24 Mar 2018 12:33:48,636 DEBUG - Graphulo.TwoTable(738) -  20000%00; :%00; [1] -> 16245394 entries processed
24 Mar 2018 12:33:48,697 DEBUG - Graphulo.TwoTable(738) -  12296%00; :%00; [1] -> 20692148 entries processed
24 Mar 2018 12:33:58,743 DEBUG - Graphulo.TwoTable(738) -  57042%00; :%00; [1] -> 1173474 entries processed
24 Mar 2018 12:33:58,780 DEBUG - Graphulo.TwoTable(738) -  632363%00; :%00; [1] -> 1200636 entries processed
24 Mar 2018 12:33:58,816 DEBUG - Graphulo.TwoTable(738) -  666764%00; :%00; [1] -> 12504480 entries processed
24 Mar 2018 12:34:22,533 DEBUG - Graphulo.TwoTable(738) -  226655%00; :%00; [1] -> 18811062 entries processed
24 Mar 2018 12:41:40,765 DEBUG - Graphulo.TwoTable(738) -  20317%00; :%00; [1] -> 8196104 entries processed
24 Mar 2018 12:41:58,615 DEBUG - Graphulo.TwoTable(738) -  60690%00; :%00; [1] -> 13048230 entries processed
24 Mar 2018 12:42:09,355 DEBUG - Graphulo.TwoTable(738) -  182807%00; :%00; [1] -> 26409016 entries processed
24 Mar 2018 12:42:33,634 DEBUG - Graphulo.TwoTable(738) -  6441%00; :%00; [1] -> 21114328 entries processed
24 Mar 2018 12:42:34,032 DEBUG - Graphulo.TwoTable(738) -  683507%00; :%00; [1] -> 26687452 entries processed
24 Mar 2018 12:42:34,074 DEBUG - Graphulo.TwoTable(738) -  93573%00; :%00; [1] -> 16790088 entries processed
24 Mar 2018 12:42:36,526 DEBUG - Graphulo.TwoTable(738) -  310113%00; :%00; [1] -> 19417436 entries processed
24 Mar 2018 12:42:37,126 DEBUG - Graphulo.TwoTable(738) -  579557%00; :%00; [1] -> 10095132 entries processed
24 Mar 2018 12:42:37,620 DEBUG - Graphulo.TwoTable(738) -  663619%00; :%00; [1] -> 27734142 entries processed
24 Mar 2018 12:42:37,621 DEBUG - Graphulo.TwoTable(738) -  134868%00; :%00; [1] -> 16819726 entries processed
24 Mar 2018 12:42:37,632 DEBUG - Graphulo.TwoTable(738) -  91247%00; :%00; [1] -> 71469508 entries processed
24 Mar 2018 12:42:42,004 DEBUG - Graphulo.TwoTable(738) -  18010%00; :%00; [1] -> 5131632 entries processed
24 Mar 2018 12:42:45,160 DEBUG - Graphulo.TwoTable(738) -  86912%00; :%00; [1] -> 17216444 entries processed
24 Mar 2018 12:42:46,892 DEBUG - Graphulo.TwoTable(738) -  492%00; :%00; [1] -> 20433584 entries processed
24 Mar 2018 12:42:51,200 DEBUG - Graphulo.TwoTable(738) -  699731%00; :%00; [1] -> 13401828 entries processed
24 Mar 2018 12:42:53,460 DEBUG - Graphulo.TwoTable(738) -  38309%00; :%00; [1] -> 15781896 entries processed
24 Mar 2018 12:42:54,851 DEBUG - Graphulo.TwoTable(738) -  15500%00; :%00; [1] -> 4729280 entries processed
24 Mar 2018 12:43:12,048 DEBUG - Graphulo.TwoTable(738) -  43949%00; :%00; [1] -> 19708744 entries processed
24 Mar 2018 12:43:12,210 DEBUG - Graphulo.TwoTable(738) -  389970%00; :%00; [1] -> 21667470 entries processed
24 Mar 2018 12:43:12,311 DEBUG - Graphulo.TwoTable(738) -  26085%00; :%00; [1] -> 52764764 entries processed
24 Mar 2018 12:43:12,564 DEBUG - Graphulo.TwoTable(738) -  102454%00; :%00; [1] -> 23945268 entries processed
24 Mar 2018 12:43:25,723 DEBUG - Graphulo.TwoTable(738) -  759058%00; :%00; [1] -> 22213192 entries processed
24 Mar 2018 12:43:32,563 DEBUG - Graphulo.TwoTable(738) -  2780%00; :%00; [1] -> 12202480 entries processed
24 Mar 2018 12:43:33,822 DEBUG - Graphulo.TwoTable(738) -  145685%00; :%00; [1] -> 15564220 entries processed
24 Mar 2018 12:43:38,309 DEBUG - Graphulo.TwoTable(738) -  1072%00; :%00; [1] -> 25750360 entries processed
24 Mar 2018 12:43:56,827 DEBUG - Graphulo.TwoTable(738) -  20692%00; :%00; [1] -> 17491918 entries processed
24 Mar 2018 12:43:56,827 DEBUG - Graphulo.TwoTable(738) -  717945%00; :%00; [1] -> 15689768 entries processed
24 Mar 2018 12:43:56,827 DEBUG - Graphulo.TwoTable(738) -  238210%00; :%00; [1] -> 25708406 entries processed
24 Mar 2018 12:44:58,355 DEBUG - Graphulo.TwoTable(738) -  27815%00; :%00; [1] -> 43402898 entries processed
24 Mar 2018 12:44:58,357 DEBUG - Graphulo.TwoTable(738) -  113979%00; :%00; [1] -> 43873078 entries processed
24 Mar 2018 12:45:18,734 DEBUG - Graphulo.TwoTable(738) -  104678%00; :%00; [1] -> 120449488 entries processed
24 Mar 2018 12:45:58,467 DEBUG - Graphulo.TwoTable(738) -  78383%00; :%00; [1] -> 60398556 entries processed
24 Mar 2018 12:46:27,154 DEBUG - Graphulo.TwoTable(738) -  82103%00; :%00; [1] -> 30234184 entries processed
24 Mar 2018 12:47:05,303 DEBUG - Graphulo.TwoTable(738) -  456904%00; :%00; [1] -> 87969534 entries processed
24 Mar 2018 12:49:38,452 DEBUG - Graphulo.TwoTable(738) -  3367%00; :%00; [1] -> 152821762 entries processed
24 Mar 2018 13:05:23,382 DEBUG - Graphulo.TwoTable(738) -  106689%00; :%00; [1] -> 820159416 entries processed
24 Mar 2018 13:05:36,398 DEBUG - Graphulo.TwoTable(738) -  358606%00; :%00; [1] -> 603986 entries processed
24 Mar 2018 13:05:53,608 DEBUG - Graphulo.TwoTable(738) -  420965%00; :%00; [1] -> 5832090 entries processed
24 Mar 2018 13:05:54,172 DEBUG - Graphulo.TwoTable(738) -  156876%00; :%00; [1] -> 5772690 entries processed
24 Mar 2018 13:06:24,107 DEBUG - Graphulo.TwoTable(738) -  21078%00; :%00; [1] -> 23225560 entries processed
24 Mar 2018 13:09:38,336 DEBUG - Graphulo.TwoTable(738) -  36073%00; :%00; [1] -> 223472902 entries processed
24 Mar 2018 13:19:44,143 DEBUG - Graphulo.kTrussAdj_Smart(2512) -  time to count 648567 entries is 605322
24 Mar 2018 13:19:44,146 DEBUG - Graphulo.kTrussAdj_Smart(2515) -  iter +1 nppBefore 9223372036854775807 nppAfter 2461992556; 2827 s
24 Mar 2018 13:19:47,737 DEBUG - Graphulo.TwoTable(738) -  4849%00; :%00; [1] -> 66538 entries processed
24 Mar 2018 13:19:56,614 DEBUG - Graphulo.TwoTable(738) -  97509%00; :%00; [1] -> 24760 entries processed
24 Mar 2018 13:19:59,227 DEBUG - Graphulo.TwoTable(738) -  887661%00; :%00; [1] -> 979650 entries processed
24 Mar 2018 13:20:00,268 DEBUG - Graphulo.TwoTable(738) -  215277%00; :%00; [1] -> 62510 entries processed
24 Mar 2018 13:20:00,430 DEBUG - Graphulo.TwoTable(738) -  815133%00; :%00; [1] -> 100626 entries processed
24 Mar 2018 13:20:10,862 DEBUG - Graphulo.TwoTable(738) -  7828%00; :%00; [1] -> 86714 entries processed
24 Mar 2018 13:20:10,897 DEBUG - Graphulo.TwoTable(738) -  632363%00; :%00; [1] -> 57040 entries processed
24 Mar 2018 13:20:10,942 DEBUG - Graphulo.TwoTable(738) -  486046%00; :%00; [1] -> 45692 entries processed
24 Mar 2018 13:20:11,392 DEBUG - Graphulo.TwoTable(738) -  2780%00; :%00; [1] -> 1264116 entries processed
24 Mar 2018 13:20:11,622 DEBUG - Graphulo.TwoTable(738) -  332992%00; :%00; [1] -> 214110 entries processed
24 Mar 2018 13:20:11,625 DEBUG - Graphulo.TwoTable(738) -  1044941%00; :%00; [1] -> 1635838 entries processed
24 Mar 2018 13:20:15,767 DEBUG - Graphulo.TwoTable(738) -  71230%00; :%00; [1] -> 45904 entries processed
24 Mar 2018 13:20:16,360 DEBUG - Graphulo.TwoTable(738) -  75758%00; :%00; [1] -> 976 entries processed
24 Mar 2018 13:20:17,392 DEBUG - Graphulo.TwoTable(738) -  982220%00; :%00; [1] -> 126552 entries processed
24 Mar 2018 13:20:19,063 DEBUG - Graphulo.TwoTable(738) -  63529%00; :%00; [1] -> 2035674 entries processed
24 Mar 2018 13:20:19,063 DEBUG - Graphulo.TwoTable(738) -  121852%00; :%00; [1] -> 289098 entries processed
24 Mar 2018 13:20:19,148 DEBUG - Graphulo.TwoTable(738) -  38309%00; :%00; [1] -> 3430596 entries processed
24 Mar 2018 13:20:19,175 DEBUG - Graphulo.TwoTable(738) -  18010%00; :%00; [1] -> 1283592 entries processed
24 Mar 2018 13:20:20,282 DEBUG - Graphulo.TwoTable(738) -  20317%00; :%00; [1] -> 323658 entries processed
24 Mar 2018 13:20:22,409 DEBUG - Graphulo.TwoTable(738) -  49095%00; :%00; [1] -> 224220 entries processed
24 Mar 2018 13:20:29,341 DEBUG - Graphulo.TwoTable(738) -  12296%00; :%00; [1] -> 596764 entries processed
24 Mar 2018 13:20:32,074 DEBUG - Graphulo.TwoTable(738) -  33044%00; :%00; [1] -> 23538 entries processed
24 Mar 2018 13:20:32,814 DEBUG - Graphulo.TwoTable(738) -  167607%00; :%00; [1] -> 437914 entries processed
24 Mar 2018 13:20:33,988 DEBUG - Graphulo.TwoTable(738) -  358606%00; :%00; [1] -> 13846 entries processed
24 Mar 2018 13:20:41,147 DEBUG - Graphulo.TwoTable(738) -  4370%00; :%00; [1] -> 14218 entries processed
24 Mar 2018 13:20:41,159 DEBUG - Graphulo.TwoTable(738) -  2148%00; :%00; [1] -> 8564 entries processed
24 Mar 2018 13:20:41,367 DEBUG - Graphulo.TwoTable(738) -  15500%00; :%00; [1] -> 133270 entries processed
24 Mar 2018 13:20:44,215 DEBUG - Graphulo.TwoTable(738) -  288303%00; :%00; [1] -> 64040 entries processed
24 Mar 2018 13:20:47,450 DEBUG - Graphulo.TwoTable(738) -   :%00; [1] -> 692868 entries processed
24 Mar 2018 13:20:53,621 DEBUG - Graphulo.TwoTable(738) -  67974%00; :%00; [1] -> 364624 entries processed
24 Mar 2018 13:20:55,951 DEBUG - Graphulo.TwoTable(738) -  20000%00; :%00; [1] -> 2177458 entries processed
24 Mar 2018 13:20:58,255 DEBUG - Graphulo.TwoTable(738) -  3812%00; :%00; [1] -> 123208 entries processed
24 Mar 2018 13:21:00,367 DEBUG - Graphulo.TwoTable(738) -  255324%00; :%00; [1] -> 294098 entries processed
24 Mar 2018 13:21:00,900 DEBUG - Graphulo.TwoTable(738) -  20692%00; :%00; [1] -> 1864416 entries processed
24 Mar 2018 13:21:02,985 DEBUG - Graphulo.TwoTable(738) -  204000%00; :%00; [1] -> 1115918 entries processed
24 Mar 2018 13:21:12,185 DEBUG - Graphulo.TwoTable(738) -  1705%00; :%00; [1] -> 523540 entries processed
24 Mar 2018 13:21:12,388 DEBUG - Graphulo.TwoTable(738) -  95160%00; :%00; [1] -> 313354 entries processed
24 Mar 2018 13:21:16,207 DEBUG - Graphulo.TwoTable(738) -  43949%00; :%00; [1] -> 4692086 entries processed
24 Mar 2018 13:21:19,794 DEBUG - Graphulo.TwoTable(738) -  36073%00; :%00; [1] -> 9819858 entries processed
24 Mar 2018 13:21:23,710 DEBUG - Graphulo.TwoTable(738) -  86912%00; :%00; [1] -> 2196858 entries processed
24 Mar 2018 13:21:24,399 DEBUG - Graphulo.TwoTable(738) -  420965%00; :%00; [1] -> 731076 entries processed
24 Mar 2018 13:21:44,437 DEBUG - Graphulo.TwoTable(738) -  57042%00; :%00; [1] -> 114622 entries processed
24 Mar 2018 13:21:58,308 DEBUG - Graphulo.TwoTable(738) -  663619%00; :%00; [1] -> 432768 entries processed
24 Mar 2018 13:21:59,062 DEBUG - Graphulo.TwoTable(738) -  6441%00; :%00; [1] -> 988040 entries processed
24 Mar 2018 13:22:04,221 DEBUG - Graphulo.TwoTable(738) -  1253%00; :%00; [1] -> 843532 entries processed
24 Mar 2018 13:22:06,298 DEBUG - Graphulo.TwoTable(738) -  30023%00; :%00; [1] -> 1028040 entries processed
24 Mar 2018 13:22:08,518 DEBUG - Graphulo.TwoTable(738) -  175798%00; :%00; [1] -> 283040 entries processed
24 Mar 2018 13:22:08,519 DEBUG - Graphulo.TwoTable(738) -  8919%00; :%00; [1] -> 466050 entries processed
24 Mar 2018 13:22:24,676 DEBUG - Graphulo.TwoTable(738) -  27815%00; :%00; [1] -> 6289874 entries processed
24 Mar 2018 13:22:27,009 DEBUG - Graphulo.TwoTable(738) -  226655%00; :%00; [1] -> 1403912 entries processed
24 Mar 2018 13:22:47,544 DEBUG - Graphulo.TwoTable(738) -  182807%00; :%00; [1] -> 1950316 entries processed
24 Mar 2018 13:22:51,781 DEBUG - Graphulo.TwoTable(738) -  102454%00; :%00; [1] -> 1814568 entries processed
24 Mar 2018 13:22:53,681 DEBUG - Graphulo.TwoTable(738) -  156876%00; :%00; [1] -> 1131496 entries processed
24 Mar 2018 13:23:16,388 DEBUG - Graphulo.TwoTable(738) -  699731%00; :%00; [1] -> 1323918 entries processed
24 Mar 2018 13:23:23,053 DEBUG - Graphulo.TwoTable(738) -  3367%00; :%00; [1] -> 1973644 entries processed
24 Mar 2018 13:23:23,090 DEBUG - Graphulo.TwoTable(738) -  271729%00; :%00; [1] -> 2216932 entries processed
24 Mar 2018 13:23:23,094 DEBUG - Graphulo.TwoTable(738) -  579557%00; :%00; [1] -> 1457196 entries processed
24 Mar 2018 13:23:23,101 DEBUG - Graphulo.TwoTable(738) -  1072%00; :%00; [1] -> 1315934 entries processed
24 Mar 2018 13:23:49,019 DEBUG - Graphulo.TwoTable(738) -  192638%00; :%00; [1] -> 812132 entries processed
24 Mar 2018 13:23:49,493 DEBUG - Graphulo.TwoTable(738) -  456904%00; :%00; [1] -> 6519642 entries processed
24 Mar 2018 13:23:49,656 DEBUG - Graphulo.TwoTable(738) -  126899%00; :%00; [1] -> 1745096 entries processed
24 Mar 2018 13:23:49,656 DEBUG - Graphulo.TwoTable(738) -  82103%00; :%00; [1] -> 2040132 entries processed
24 Mar 2018 13:23:49,683 DEBUG - Graphulo.TwoTable(738) -  291%00; :%00; [1] -> 247322 entries processed
24 Mar 2018 13:23:49,716 DEBUG - Graphulo.TwoTable(738) -  113979%00; :%00; [1] -> 3426798 entries processed
24 Mar 2018 13:23:49,719 DEBUG - Graphulo.TwoTable(738) -  666764%00; :%00; [1] -> 480770 entries processed
24 Mar 2018 13:23:49,720 DEBUG - Graphulo.TwoTable(738) -  60690%00; :%00; [1] -> 2816102 entries processed
24 Mar 2018 13:23:49,720 DEBUG - Graphulo.TwoTable(738) -  145685%00; :%00; [1] -> 2036956 entries processed
24 Mar 2018 13:23:49,721 DEBUG - Graphulo.TwoTable(738) -  91247%00; :%00; [1] -> 1608246 entries processed
24 Mar 2018 13:23:49,721 DEBUG - Graphulo.TwoTable(738) -  529759%00; :%00; [1] -> 253868 entries processed
24 Mar 2018 13:23:49,737 DEBUG - Graphulo.TwoTable(738) -  2526%00; :%00; [1] -> 1177644 entries processed
24 Mar 2018 13:23:49,738 DEBUG - Graphulo.TwoTable(738) -  1120951%00; :%00; [1] -> 141500 entries processed
24 Mar 2018 13:23:49,739 DEBUG - Graphulo.TwoTable(738) -  23792%00; :%00; [1] -> 696 entries processed
24 Mar 2018 13:23:52,265 DEBUG - Graphulo.TwoTable(738) -  134868%00; :%00; [1] -> 1951738 entries processed
24 Mar 2018 13:24:42,901 DEBUG - Graphulo.TwoTable(738) -  21661%00; :%00; [1] -> 586120 entries processed
24 Mar 2018 13:24:42,902 DEBUG - Graphulo.TwoTable(738) -  674527%00; :%00; [1] -> 94568 entries processed
24 Mar 2018 13:24:44,953 DEBUG - Graphulo.TwoTable(738) -  759058%00; :%00; [1] -> 3644236 entries processed
24 Mar 2018 13:24:51,735 DEBUG - Graphulo.TwoTable(738) -  310113%00; :%00; [1] -> 2005764 entries processed
24 Mar 2018 13:24:51,736 DEBUG - Graphulo.TwoTable(738) -  683507%00; :%00; [1] -> 1487614 entries processed
24 Mar 2018 13:25:24,265 DEBUG - Graphulo.TwoTable(738) -  238210%00; :%00; [1] -> 1715222 entries processed
24 Mar 2018 13:25:25,609 DEBUG - Graphulo.TwoTable(738) -  106689%00; :%00; [1] -> 59308866 entries processed
24 Mar 2018 13:25:25,691 DEBUG - Graphulo.TwoTable(738) -  108797%00; :%00; [1] -> 1036920 entries processed
24 Mar 2018 13:25:25,706 DEBUG - Graphulo.TwoTable(738) -  26085%00; :%00; [1] -> 4962850 entries processed
24 Mar 2018 13:25:25,741 DEBUG - Graphulo.TwoTable(738) -  78383%00; :%00; [1] -> 5657840 entries processed
24 Mar 2018 13:25:25,746 DEBUG - Graphulo.TwoTable(738) -  808%00; :%00; [1] -> 508222 entries processed
24 Mar 2018 13:25:25,863 DEBUG - Graphulo.TwoTable(738) -  5502%00; :%00; [1] -> 474938 entries processed
24 Mar 2018 13:25:34,271 DEBUG - Graphulo.TwoTable(738) -  21078%00; :%00; [1] -> 5512092 entries processed
24 Mar 2018 13:25:48,611 DEBUG - Graphulo.TwoTable(738) -  10606%00; :%00; [1] -> 763436 entries processed
24 Mar 2018 13:26:05,184 DEBUG - Graphulo.TwoTable(738) -  955%00; :%00; [1] -> 1827180 entries processed
24 Mar 2018 13:26:15,758 DEBUG - Graphulo.TwoTable(738) -  717945%00; :%00; [1] -> 1990792 entries processed
24 Mar 2018 13:26:22,615 DEBUG - Graphulo.TwoTable(738) -  104678%00; :%00; [1] -> 2530142 entries processed
24 Mar 2018 13:27:02,755 DEBUG - Graphulo.TwoTable(738) -  93573%00; :%00; [1] -> 2449356 entries processed
24 Mar 2018 13:27:14,399 DEBUG - Graphulo.TwoTable(738) -  492%00; :%00; [1] -> 2854398 entries processed
24 Mar 2018 13:27:26,534 DEBUG - Graphulo.TwoTable(738) -  389970%00; :%00; [1] -> 1967902 entries processed
24 Mar 2018 13:31:06,967 DEBUG - Graphulo.kTrussAdj_Smart(2512) -  time to count 642118 entries is 219789
24 Mar 2018 13:31:06,968 DEBUG - Graphulo.kTrussAdj_Smart(2515) -  iter +2 nppBefore 2461992556 nppAfter 190170362; 462 s
24 Mar 2018 13:31:10,155 DEBUG - Graphulo.TwoTable(738) -  4849%00; :%00; [1] -> 68180 entries processed
24 Mar 2018 13:31:12,112 DEBUG - Graphulo.TwoTable(738) -  2780%00; :%00; [1] -> 1544918 entries processed
24 Mar 2018 13:31:15,108 DEBUG - Graphulo.TwoTable(738) -  23792%00; :%00; [1] -> 856 entries processed
24 Mar 2018 13:31:16,465 DEBUG - Graphulo.TwoTable(738) -  49095%00; :%00; [1] -> 228912 entries processed
24 Mar 2018 13:31:19,187 DEBUG - Graphulo.TwoTable(738) -  632363%00; :%00; [1] -> 62588 entries processed
24 Mar 2018 13:31:23,909 DEBUG - Graphulo.TwoTable(738) -  3812%00; :%00; [1] -> 148076 entries processed
24 Mar 2018 13:31:24,759 DEBUG - Graphulo.TwoTable(738) -  808%00; :%00; [1] -> 517936 entries processed
24 Mar 2018 13:31:29,911 DEBUG - Graphulo.TwoTable(738) -  20317%00; :%00; [1] -> 356626 entries processed
24 Mar 2018 13:31:31,930 DEBUG - Graphulo.TwoTable(738) -  7828%00; :%00; [1] -> 94588 entries processed
24 Mar 2018 13:31:34,675 DEBUG - Graphulo.TwoTable(738) -  121852%00; :%00; [1] -> 313242 entries processed
24 Mar 2018 13:31:34,977 DEBUG - Graphulo.TwoTable(738) -  486046%00; :%00; [1] -> 52078 entries processed
24 Mar 2018 13:31:35,917 DEBUG - Graphulo.TwoTable(738) -  71230%00; :%00; [1] -> 49838 entries processed
24 Mar 2018 13:31:40,110 DEBUG - Graphulo.TwoTable(738) -  1044941%00; :%00; [1] -> 1775626 entries processed
24 Mar 2018 13:31:40,423 DEBUG - Graphulo.TwoTable(738) -  38309%00; :%00; [1] -> 3543692 entries processed
24 Mar 2018 13:31:40,478 DEBUG - Graphulo.TwoTable(738) -  18010%00; :%00; [1] -> 1324336 entries processed
24 Mar 2018 13:31:41,752 DEBUG - Graphulo.TwoTable(738) -  63529%00; :%00; [1] -> 2152398 entries processed
24 Mar 2018 13:31:52,156 DEBUG - Graphulo.TwoTable(738) -  33044%00; :%00; [1] -> 26902 entries processed
24 Mar 2018 13:31:54,549 DEBUG - Graphulo.TwoTable(738) -  2148%00; :%00; [1] -> 9078 entries processed
24 Mar 2018 13:31:54,550 DEBUG - Graphulo.TwoTable(738) -  358606%00; :%00; [1] -> 17870 entries processed
24 Mar 2018 13:31:54,992 DEBUG - Graphulo.TwoTable(738) -  20692%00; :%00; [1] -> 2008328 entries processed
24 Mar 2018 13:31:54,994 DEBUG - Graphulo.TwoTable(738) -  4370%00; :%00; [1] -> 21986 entries processed
24 Mar 2018 13:31:58,183 DEBUG - Graphulo.TwoTable(738) -  288303%00; :%00; [1] -> 74640 entries processed
24 Mar 2018 13:32:07,603 DEBUG - Graphulo.TwoTable(738) -  12296%00; :%00; [1] -> 5669382 entries processed
24 Mar 2018 13:32:12,664 DEBUG - Graphulo.TwoTable(738) -  6441%00; :%00; [1] -> 1066030 entries processed
24 Mar 2018 13:32:14,112 DEBUG - Graphulo.TwoTable(738) -  167607%00; :%00; [1] -> 459098 entries processed
24 Mar 2018 13:32:16,623 DEBUG - Graphulo.TwoTable(738) -  204000%00; :%00; [1] -> 1197124 entries processed
24 Mar 2018 13:32:21,959 DEBUG - Graphulo.TwoTable(738) -  57042%00; :%00; [1] -> 128782 entries processed
24 Mar 2018 13:32:21,994 DEBUG - Graphulo.TwoTable(738) -  30023%00; :%00; [1] -> 1083608 entries processed
24 Mar 2018 13:32:22,008 DEBUG - Graphulo.TwoTable(738) -  663619%00; :%00; [1] -> 466508 entries processed
24 Mar 2018 13:32:22,067 DEBUG - Graphulo.TwoTable(738) -  95160%00; :%00; [1] -> 320976 entries processed
24 Mar 2018 13:32:32,143 DEBUG - Graphulo.TwoTable(738) -  887661%00; :%00; [1] -> 997126 entries processed
24 Mar 2018 13:32:34,411 DEBUG - Graphulo.TwoTable(738) -  86912%00; :%00; [1] -> 2266792 entries processed
24 Mar 2018 13:32:44,995 DEBUG - Graphulo.TwoTable(738) -  215277%00; :%00; [1] -> 70162 entries processed
24 Mar 2018 13:32:45,009 DEBUG - Graphulo.TwoTable(738) -  815133%00; :%00; [1] -> 103408 entries processed
24 Mar 2018 13:32:49,973 DEBUG - Graphulo.TwoTable(738) -  332992%00; :%00; [1] -> 242490 entries processed
24 Mar 2018 13:32:49,973 DEBUG - Graphulo.TwoTable(738) -  982220%00; :%00; [1] -> 140032 entries processed
24 Mar 2018 13:32:51,269 DEBUG - Graphulo.TwoTable(738) -  1072%00; :%00; [1] -> 1592646 entries processed
24 Mar 2018 13:32:51,731 DEBUG - Graphulo.TwoTable(738) -  21078%00; :%00; [1] -> 5705582 entries processed
24 Mar 2018 13:32:52,197 DEBUG - Graphulo.TwoTable(738) -  271729%00; :%00; [1] -> 2382040 entries processed
24 Mar 2018 13:32:56,199 DEBUG - Graphulo.TwoTable(738) -  97509%00; :%00; [1] -> 26470 entries processed
24 Mar 2018 13:33:01,512 DEBUG - Graphulo.TwoTable(738) -  579557%00; :%00; [1] -> 1537668 entries processed
24 Mar 2018 13:33:01,937 DEBUG - Graphulo.TwoTable(738) -  1705%00; :%00; [1] -> 557788 entries processed
24 Mar 2018 13:33:03,880 DEBUG - Graphulo.TwoTable(738) -  20000%00; :%00; [1] -> 2295416 entries processed
24 Mar 2018 13:33:04,358 DEBUG - Graphulo.TwoTable(738) -  456904%00; :%00; [1] -> 6809758 entries processed
24 Mar 2018 13:33:04,783 DEBUG - Graphulo.TwoTable(738) -  43949%00; :%00; [1] -> 4905532 entries processed
24 Mar 2018 13:33:04,798 DEBUG - Graphulo.TwoTable(738) -  2526%00; :%00; [1] -> 1298030 entries processed
24 Mar 2018 13:33:09,359 DEBUG - Graphulo.TwoTable(738) -  15500%00; :%00; [1] -> 156444 entries processed
24 Mar 2018 13:33:18,861 DEBUG - Graphulo.TwoTable(738) -  21661%00; :%00; [1] -> 613472 entries processed
24 Mar 2018 13:33:19,681 DEBUG - Graphulo.TwoTable(738) -  27815%00; :%00; [1] -> 6648290 entries processed
24 Mar 2018 13:33:21,351 DEBUG - Graphulo.TwoTable(738) -  75758%00; :%00; [1] -> 1042 entries processed
24 Mar 2018 13:33:21,353 DEBUG - Graphulo.TwoTable(738) -  10606%00; :%00; [1] -> 808770 entries processed
24 Mar 2018 13:33:21,353 DEBUG - Graphulo.TwoTable(738) -  955%00; :%00; [1] -> 1905386 entries processed
24 Mar 2018 13:33:21,373 DEBUG - Graphulo.TwoTable(738) -  26085%00; :%00; [1] -> 5320084 entries processed
24 Mar 2018 13:33:21,396 DEBUG - Graphulo.TwoTable(738) -  102454%00; :%00; [1] -> 1991956 entries processed
24 Mar 2018 13:33:27,936 DEBUG - Graphulo.TwoTable(738) -   :%00; [1] -> 733512 entries processed
24 Mar 2018 13:33:28,010 DEBUG - Graphulo.TwoTable(738) -  1253%00; :%00; [1] -> 866594 entries processed
24 Mar 2018 13:33:28,016 DEBUG - Graphulo.TwoTable(738) -  60690%00; :%00; [1] -> 2989754 entries processed
24 Mar 2018 13:33:31,772 DEBUG - Graphulo.TwoTable(738) -  91247%00; :%00; [1] -> 1994722 entries processed
24 Mar 2018 13:33:54,967 DEBUG - Graphulo.TwoTable(738) -  3367%00; :%00; [1] -> 2204828 entries processed
24 Mar 2018 13:33:54,998 DEBUG - Graphulo.TwoTable(738) -  104678%00; :%00; [1] -> 2789380 entries processed
24 Mar 2018 13:33:55,385 DEBUG - Graphulo.TwoTable(738) -  67974%00; :%00; [1] -> 386370 entries processed
24 Mar 2018 13:33:55,409 DEBUG - Graphulo.TwoTable(738) -  134868%00; :%00; [1] -> 2224806 entries processed
24 Mar 2018 13:33:55,682 DEBUG - Graphulo.TwoTable(738) -  310113%00; :%00; [1] -> 2137668 entries processed
24 Mar 2018 13:33:55,698 DEBUG - Graphulo.TwoTable(738) -  145685%00; :%00; [1] -> 2177670 entries processed
24 Mar 2018 13:33:55,732 DEBUG - Graphulo.TwoTable(738) -  699731%00; :%00; [1] -> 1385512 entries processed
24 Mar 2018 13:34:02,898 DEBUG - Graphulo.TwoTable(738) -  126899%00; :%00; [1] -> 1837212 entries processed
24 Mar 2018 13:34:04,118 DEBUG - Graphulo.TwoTable(738) -  226655%00; :%00; [1] -> 1500920 entries processed
24 Mar 2018 13:34:04,151 DEBUG - Graphulo.TwoTable(738) -  255324%00; :%00; [1] -> 318316 entries processed
24 Mar 2018 13:34:05,208 DEBUG - Graphulo.TwoTable(738) -  666764%00; :%00; [1] -> 508588 entries processed
24 Mar 2018 13:34:14,700 DEBUG - Graphulo.TwoTable(738) -  106689%00; :%00; [1] -> 59342674 entries processed
24 Mar 2018 13:34:16,831 DEBUG - Graphulo.TwoTable(738) -  93573%00; :%00; [1] -> 2695168 entries processed
24 Mar 2018 13:34:19,100 DEBUG - Graphulo.TwoTable(738) -  36073%00; :%00; [1] -> 9923278 entries processed
24 Mar 2018 13:34:22,909 DEBUG - Graphulo.TwoTable(738) -  529759%00; :%00; [1] -> 270716 entries processed
24 Mar 2018 13:34:23,503 DEBUG - Graphulo.TwoTable(738) -  420965%00; :%00; [1] -> 789746 entries processed
24 Mar 2018 13:34:28,917 DEBUG - Graphulo.TwoTable(738) -  291%00; :%00; [1] -> 264656 entries processed
24 Mar 2018 13:34:33,645 DEBUG - Graphulo.TwoTable(738) -  175798%00; :%00; [1] -> 303690 entries processed
24 Mar 2018 13:34:34,562 DEBUG - Graphulo.TwoTable(738) -  389970%00; :%00; [1] -> 2037536 entries processed
24 Mar 2018 13:34:47,125 DEBUG - Graphulo.TwoTable(738) -  492%00; :%00; [1] -> 2987176 entries processed
24 Mar 2018 13:34:53,893 DEBUG - Graphulo.TwoTable(738) -  8919%00; :%00; [1] -> 525016 entries processed
24 Mar 2018 13:35:12,248 DEBUG - Graphulo.TwoTable(738) -  5502%00; :%00; [1] -> 540890 entries processed
24 Mar 2018 13:35:17,469 DEBUG - Graphulo.TwoTable(738) -  156876%00; :%00; [1] -> 1168082 entries processed
24 Mar 2018 13:35:18,892 DEBUG - Graphulo.TwoTable(738) -  238210%00; :%00; [1] -> 2003798 entries processed
24 Mar 2018 13:35:23,096 DEBUG - Graphulo.TwoTable(738) -  113979%00; :%00; [1] -> 3768702 entries processed
24 Mar 2018 13:35:34,097 DEBUG - Graphulo.TwoTable(738) -  1120951%00; :%00; [1] -> 159954 entries processed
24 Mar 2018 13:35:45,985 DEBUG - Graphulo.TwoTable(738) -  182807%00; :%00; [1] -> 2734700 entries processed
24 Mar 2018 13:35:52,197 DEBUG - Graphulo.TwoTable(738) -  82103%00; :%00; [1] -> 2239656 entries processed
24 Mar 2018 13:36:07,704 DEBUG - Graphulo.TwoTable(738) -  192638%00; :%00; [1] -> 847284 entries processed
24 Mar 2018 13:36:21,289 DEBUG - Graphulo.TwoTable(738) -  674527%00; :%00; [1] -> 103170 entries processed
24 Mar 2018 13:36:55,462 DEBUG - Graphulo.TwoTable(738) -  683507%00; :%00; [1] -> 1568046 entries processed
24 Mar 2018 13:37:01,653 DEBUG - Graphulo.TwoTable(738) -  717945%00; :%00; [1] -> 2128004 entries processed
24 Mar 2018 13:37:07,195 DEBUG - Graphulo.TwoTable(738) -  759058%00; :%00; [1] -> 3875298 entries processed
24 Mar 2018 13:37:42,578 DEBUG - Graphulo.TwoTable(738) -  78383%00; :%00; [1] -> 5956138 entries processed
24 Mar 2018 13:37:56,538 DEBUG - Graphulo.TwoTable(738) -  108797%00; :%00; [1] -> 1092136 entries processed
24 Mar 2018 13:42:12,281 DEBUG - Graphulo.kTrussAdj_Smart(2512) -  time to count 644733 entries is 255130
24 Mar 2018 13:42:12,281 DEBUG - Graphulo.kTrussAdj_Smart(2515) -  iter +3 nppBefore 190170362 nppAfter 204541952; 409 s
24 Mar 2018 13:42:20,380 DEBUG - Graphulo.TwoTable(738) -  23792%00; :%00; [1] -> 856 entries processed
24 Mar 2018 13:42:21,799 DEBUG - Graphulo.TwoTable(738) -  49095%00; :%00; [1] -> 228912 entries processed
24 Mar 2018 13:42:29,076 DEBUG - Graphulo.TwoTable(738) -  75758%00; :%00; [1] -> 1054 entries processed
24 Mar 2018 13:42:31,423 DEBUG - Graphulo.TwoTable(738) -  2780%00; :%00; [1] -> 1564454 entries processed
24 Mar 2018 13:42:33,895 DEBUG - Graphulo.TwoTable(738) -  7828%00; :%00; [1] -> 95404 entries processed
24 Mar 2018 13:42:34,480 DEBUG - Graphulo.TwoTable(738) -  632363%00; :%00; [1] -> 63994 entries processed
24 Mar 2018 13:42:37,013 DEBUG - Graphulo.TwoTable(738) -  808%00; :%00; [1] -> 517972 entries processed
24 Mar 2018 13:42:38,429 DEBUG - Graphulo.TwoTable(738) -  121852%00; :%00; [1] -> 314126 entries processed
24 Mar 2018 13:42:38,847 DEBUG - Graphulo.TwoTable(738) -  486046%00; :%00; [1] -> 52210 entries processed
24 Mar 2018 13:42:40,091 DEBUG - Graphulo.TwoTable(738) -  71230%00; :%00; [1] -> 50164 entries processed
24 Mar 2018 13:42:46,744 DEBUG - Graphulo.TwoTable(738) -  63529%00; :%00; [1] -> 2158682 entries processed
24 Mar 2018 13:42:50,321 DEBUG - Graphulo.TwoTable(738) -  887661%00; :%00; [1] -> 997864 entries processed
24 Mar 2018 13:42:50,609 DEBUG - Graphulo.TwoTable(738) -  20692%00; :%00; [1] -> 2014906 entries processed
24 Mar 2018 13:42:53,210 DEBUG - Graphulo.TwoTable(738) -  21078%00; :%00; [1] -> 5713650 entries processed
24 Mar 2018 13:42:53,252 DEBUG - Graphulo.TwoTable(738) -  20317%00; :%00; [1] -> 357874 entries processed
24 Mar 2018 13:42:53,779 DEBUG - Graphulo.TwoTable(738) -  215277%00; :%00; [1] -> 70492 entries processed
24 Mar 2018 13:42:54,835 DEBUG - Graphulo.TwoTable(738) -  20000%00; :%00; [1] -> 2303074 entries processed
24 Mar 2018 13:42:57,093 DEBUG - Graphulo.TwoTable(738) -  204000%00; :%00; [1] -> 1203072 entries processed
24 Mar 2018 13:42:58,167 DEBUG - Graphulo.TwoTable(738) -  12296%00; :%00; [1] -> 5670860 entries processed
24 Mar 2018 13:42:59,118 DEBUG - Graphulo.TwoTable(738) -  4849%00; :%00; [1] -> 68180 entries processed
24 Mar 2018 13:43:05,599 DEBUG - Graphulo.TwoTable(738) -  332992%00; :%00; [1] -> 246062 entries processed
24 Mar 2018 13:43:24,265 DEBUG - Graphulo.TwoTable(738) -  10606%00; :%00; [1] -> 811520 entries processed
24 Mar 2018 13:43:25,895 DEBUG - Graphulo.TwoTable(738) -  97509%00; :%00; [1] -> 26498 entries processed
24 Mar 2018 13:43:25,916 DEBUG - Graphulo.TwoTable(738) -  982220%00; :%00; [1] -> 141166 entries processed
24 Mar 2018 13:43:25,918 DEBUG - Graphulo.TwoTable(738) -  1253%00; :%00; [1] -> 867252 entries processed
24 Mar 2018 13:43:25,930 DEBUG - Graphulo.TwoTable(738) -  167607%00; :%00; [1] -> 459326 entries processed
24 Mar 2018 13:43:26,558 DEBUG - Graphulo.TwoTable(738) -  1044941%00; :%00; [1] -> 1779076 entries processed
24 Mar 2018 13:43:26,568 DEBUG - Graphulo.TwoTable(738) -  815133%00; :%00; [1] -> 103698 entries processed
24 Mar 2018 13:43:28,391 DEBUG - Graphulo.TwoTable(738) -  27815%00; :%00; [1] -> 6668738 entries processed
24 Mar 2018 13:43:28,592 DEBUG - Graphulo.TwoTable(738) -  271729%00; :%00; [1] -> 2384810 entries processed
24 Mar 2018 13:43:29,970 DEBUG - Graphulo.TwoTable(738) -  18010%00; :%00; [1] -> 1325282 entries processed
24 Mar 2018 13:43:32,272 DEBUG - Graphulo.TwoTable(738) -  38309%00; :%00; [1] -> 3547416 entries processed
24 Mar 2018 13:43:33,026 DEBUG - Graphulo.TwoTable(738) -  2526%00; :%00; [1] -> 1301054 entries processed
24 Mar 2018 13:43:42,212 DEBUG - Graphulo.TwoTable(738) -  955%00; :%00; [1] -> 1907568 entries processed
24 Mar 2018 13:43:49,949 DEBUG - Graphulo.TwoTable(738) -  3812%00; :%00; [1] -> 148888 entries processed
24 Mar 2018 13:43:49,965 DEBUG - Graphulo.TwoTable(738) -  175798%00; :%00; [1] -> 304886 entries processed
24 Mar 2018 13:43:49,983 DEBUG - Graphulo.TwoTable(738) -  699731%00; :%00; [1] -> 1387194 entries processed
24 Mar 2018 13:43:49,983 DEBUG - Graphulo.TwoTable(738) -  60690%00; :%00; [1] -> 2994314 entries processed
24 Mar 2018 13:43:50,409 DEBUG - Graphulo.TwoTable(738) -  3367%00; :%00; [1] -> 2234308 entries processed
24 Mar 2018 13:43:55,576 DEBUG - Graphulo.TwoTable(738) -  106689%00; :%00; [1] -> 59343592 entries processed
24 Mar 2018 13:43:55,858 DEBUG - Graphulo.TwoTable(738) -   :%00; [1] -> 735036 entries processed
24 Mar 2018 13:43:55,900 DEBUG - Graphulo.TwoTable(738) -  1705%00; :%00; [1] -> 560222 entries processed
24 Mar 2018 13:43:56,280 DEBUG - Graphulo.TwoTable(738) -  21661%00; :%00; [1] -> 616216 entries processed
24 Mar 2018 13:43:56,771 DEBUG - Graphulo.TwoTable(738) -  104678%00; :%00; [1] -> 2798364 entries processed
24 Mar 2018 13:43:57,083 DEBUG - Graphulo.TwoTable(738) -  26085%00; :%00; [1] -> 5326436 entries processed
24 Mar 2018 13:44:00,003 DEBUG - Graphulo.TwoTable(738) -  4370%00; :%00; [1] -> 22220 entries processed
24 Mar 2018 13:44:01,340 DEBUG - Graphulo.TwoTable(738) -  67974%00; :%00; [1] -> 388844 entries processed
24 Mar 2018 13:44:02,510 DEBUG - Graphulo.TwoTable(738) -  33044%00; :%00; [1] -> 26902 entries processed
24 Mar 2018 13:44:02,711 DEBUG - Graphulo.TwoTable(738) -  91247%00; :%00; [1] -> 2004176 entries processed
24 Mar 2018 13:44:03,857 DEBUG - Graphulo.TwoTable(738) -  666764%00; :%00; [1] -> 509202 entries processed
24 Mar 2018 13:44:12,741 DEBUG - Graphulo.TwoTable(738) -  43949%00; :%00; [1] -> 4916032 entries processed
24 Mar 2018 13:44:19,233 DEBUG - Graphulo.TwoTable(738) -  288303%00; :%00; [1] -> 74936 entries processed
24 Mar 2018 13:44:19,243 DEBUG - Graphulo.TwoTable(738) -  358606%00; :%00; [1] -> 18008 entries processed
24 Mar 2018 13:44:19,250 DEBUG - Graphulo.TwoTable(738) -  255324%00; :%00; [1] -> 318636 entries processed
24 Mar 2018 13:44:20,346 DEBUG - Graphulo.TwoTable(738) -  2148%00; :%00; [1] -> 9128 entries processed
24 Mar 2018 13:44:20,355 DEBUG - Graphulo.TwoTable(738) -  15500%00; :%00; [1] -> 157598 entries processed
24 Mar 2018 13:44:21,827 DEBUG - Graphulo.TwoTable(738) -  291%00; :%00; [1] -> 265988 entries processed
24 Mar 2018 13:44:23,443 DEBUG - Graphulo.TwoTable(738) -  310113%00; :%00; [1] -> 2141428 entries processed
24 Mar 2018 13:44:23,539 DEBUG - Graphulo.TwoTable(738) -  93573%00; :%00; [1] -> 2706742 entries processed
24 Mar 2018 13:44:23,544 DEBUG - Graphulo.TwoTable(738) -  6441%00; :%00; [1] -> 1071070 entries processed
24 Mar 2018 13:44:27,034 DEBUG - Graphulo.TwoTable(738) -  1120951%00; :%00; [1] -> 160742 entries processed
24 Mar 2018 13:44:27,061 DEBUG - Graphulo.TwoTable(738) -  95160%00; :%00; [1] -> 322324 entries processed
24 Mar 2018 13:44:35,652 DEBUG - Graphulo.TwoTable(738) -  57042%00; :%00; [1] -> 129740 entries processed
24 Mar 2018 13:44:37,721 DEBUG - Graphulo.TwoTable(738) -  226655%00; :%00; [1] -> 1502978 entries processed
24 Mar 2018 13:44:37,818 DEBUG - Graphulo.TwoTable(738) -  30023%00; :%00; [1] -> 1085314 entries processed
24 Mar 2018 13:44:37,860 DEBUG - Graphulo.TwoTable(738) -  145685%00; :%00; [1] -> 2180838 entries processed
24 Mar 2018 13:44:38,765 DEBUG - Graphulo.TwoTable(738) -  663619%00; :%00; [1] -> 469504 entries processed
24 Mar 2018 13:44:40,271 DEBUG - Graphulo.TwoTable(738) -  102454%00; :%00; [1] -> 2002986 entries processed
24 Mar 2018 13:44:52,439 DEBUG - Graphulo.TwoTable(738) -  674527%00; :%00; [1] -> 103722 entries processed
24 Mar 2018 13:44:53,961 DEBUG - Graphulo.TwoTable(738) -  86912%00; :%00; [1] -> 2270672 entries processed
24 Mar 2018 13:44:55,796 DEBUG - Graphulo.TwoTable(738) -  192638%00; :%00; [1] -> 848504 entries processed
24 Mar 2018 13:45:01,976 DEBUG - Graphulo.TwoTable(738) -  389970%00; :%00; [1] -> 2041588 entries processed
24 Mar 2018 13:45:07,391 DEBUG - Graphulo.TwoTable(738) -  579557%00; :%00; [1] -> 1541718 entries processed
24 Mar 2018 13:45:07,690 DEBUG - Graphulo.TwoTable(738) -  182807%00; :%00; [1] -> 2747276 entries processed
24 Mar 2018 13:45:12,187 DEBUG - Graphulo.TwoTable(738) -  36073%00; :%00; [1] -> 9927440 entries processed
24 Mar 2018 13:45:14,211 DEBUG - Graphulo.TwoTable(738) -  1072%00; :%00; [1] -> 1615018 entries processed
24 Mar 2018 13:45:18,638 DEBUG - Graphulo.TwoTable(738) -  492%00; :%00; [1] -> 2993210 entries processed
24 Mar 2018 13:45:20,412 DEBUG - Graphulo.TwoTable(738) -  420965%00; :%00; [1] -> 794254 entries processed
24 Mar 2018 13:45:27,048 DEBUG - Graphulo.TwoTable(738) -  456904%00; :%00; [1] -> 6819408 entries processed
24 Mar 2018 13:45:27,050 DEBUG - Graphulo.TwoTable(738) -  759058%00; :%00; [1] -> 3889786 entries processed
24 Mar 2018 13:45:33,713 DEBUG - Graphulo.TwoTable(738) -  126899%00; :%00; [1] -> 1838526 entries processed
24 Mar 2018 13:45:39,556 DEBUG - Graphulo.TwoTable(738) -  8919%00; :%00; [1] -> 528446 entries processed
24 Mar 2018 13:45:42,987 DEBUG - Graphulo.TwoTable(738) -  5502%00; :%00; [1] -> 541842 entries processed
24 Mar 2018 13:45:49,934 DEBUG - Graphulo.TwoTable(738) -  156876%00; :%00; [1] -> 1170256 entries processed
24 Mar 2018 13:45:51,745 DEBUG - Graphulo.TwoTable(738) -  134868%00; :%00; [1] -> 2228692 entries processed
24 Mar 2018 13:46:00,069 DEBUG - Graphulo.TwoTable(738) -  78383%00; :%00; [1] -> 5969868 entries processed
24 Mar 2018 13:46:32,707 DEBUG - Graphulo.TwoTable(738) -  238210%00; :%00; [1] -> 2078358 entries processed
24 Mar 2018 13:46:33,125 DEBUG - Graphulo.TwoTable(738) -  529759%00; :%00; [1] -> 270950 entries processed
24 Mar 2018 13:46:34,416 DEBUG - Graphulo.TwoTable(738) -  108797%00; :%00; [1] -> 1097586 entries processed
24 Mar 2018 13:46:36,493 DEBUG - Graphulo.TwoTable(738) -  82103%00; :%00; [1] -> 2251862 entries processed
24 Mar 2018 13:47:10,635 DEBUG - Graphulo.TwoTable(738) -  683507%00; :%00; [1] -> 1569194 entries processed
24 Mar 2018 13:47:21,377 DEBUG - Graphulo.TwoTable(738) -  113979%00; :%00; [1] -> 3779838 entries processed
24 Mar 2018 13:48:27,166 DEBUG - Graphulo.TwoTable(738) -  717945%00; :%00; [1] -> 2133214 entries processed
24 Mar 2018 13:51:44,447 DEBUG - Graphulo.kTrussAdj_Smart(2512) -  time to count 644946 entries is 196748
24 Mar 2018 13:51:44,447 DEBUG - Graphulo.kTrussAdj_Smart(2515) -  iter +4 nppBefore 204541952 nppAfter 205003286; 374 s
24 Mar 2018 13:51:47,716 DEBUG - Graphulo.TwoTable(738) -  4849%00; :%00; [1] -> 68180 entries processed
24 Mar 2018 13:51:49,266 DEBUG - Graphulo.TwoTable(738) -  2780%00; :%00; [1] -> 1564454 entries processed
24 Mar 2018 13:51:53,082 DEBUG - Graphulo.TwoTable(738) -  4370%00; :%00; [1] -> 22220 entries processed
24 Mar 2018 13:51:56,060 DEBUG - Graphulo.TwoTable(738) -  23792%00; :%00; [1] -> 862 entries processed
24 Mar 2018 13:52:13,475 DEBUG - Graphulo.TwoTable(738) -  808%00; :%00; [1] -> 517972 entries processed
24 Mar 2018 13:52:13,549 DEBUG - Graphulo.TwoTable(738) -  632363%00; :%00; [1] -> 64144 entries processed
24 Mar 2018 13:52:13,549 DEBUG - Graphulo.TwoTable(738) -  358606%00; :%00; [1] -> 18148 entries processed
24 Mar 2018 13:52:13,549 DEBUG - Graphulo.TwoTable(738) -  33044%00; :%00; [1] -> 26902 entries processed
24 Mar 2018 13:52:13,580 DEBUG - Graphulo.TwoTable(738) -  49095%00; :%00; [1] -> 228912 entries processed
24 Mar 2018 13:52:13,634 DEBUG - Graphulo.TwoTable(738) -  2148%00; :%00; [1] -> 9128 entries processed
24 Mar 2018 13:52:13,663 DEBUG - Graphulo.TwoTable(738) -  3812%00; :%00; [1] -> 148964 entries processed
24 Mar 2018 13:52:13,703 DEBUG - Graphulo.TwoTable(738) -  288303%00; :%00; [1] -> 74936 entries processed
24 Mar 2018 13:52:17,459 DEBUG - Graphulo.TwoTable(738) -  1044941%00; :%00; [1] -> 1779088 entries processed
24 Mar 2018 13:52:18,471 DEBUG - Graphulo.TwoTable(738) -  18010%00; :%00; [1] -> 1325600 entries processed
24 Mar 2018 13:52:18,759 DEBUG - Graphulo.TwoTable(738) -  38309%00; :%00; [1] -> 3547862 entries processed
24 Mar 2018 13:52:22,246 DEBUG - Graphulo.TwoTable(738) -  75758%00; :%00; [1] -> 1054 entries processed
24 Mar 2018 13:52:23,985 DEBUG - Graphulo.TwoTable(738) -  95160%00; :%00; [1] -> 322324 entries processed
24 Mar 2018 13:52:25,915 DEBUG - Graphulo.TwoTable(738) -  204000%00; :%00; [1] -> 1204162 entries processed
24 Mar 2018 13:52:26,062 DEBUG - Graphulo.TwoTable(738) -  21078%00; :%00; [1] -> 5713948 entries processed
24 Mar 2018 13:52:33,289 DEBUG - Graphulo.TwoTable(738) -  20692%00; :%00; [1] -> 2015146 entries processed
24 Mar 2018 13:52:35,575 DEBUG - Graphulo.TwoTable(738) -  955%00; :%00; [1] -> 1907630 entries processed
24 Mar 2018 13:52:39,175 DEBUG - Graphulo.TwoTable(738) -  20317%00; :%00; [1] -> 358052 entries processed
24 Mar 2018 13:52:41,657 DEBUG - Graphulo.TwoTable(738) -  7828%00; :%00; [1] -> 95404 entries processed
24 Mar 2018 13:52:41,984 DEBUG - Graphulo.TwoTable(738) -  167607%00; :%00; [1] -> 459326 entries processed
24 Mar 2018 13:52:44,063 DEBUG - Graphulo.TwoTable(738) -  663619%00; :%00; [1] -> 469740 entries processed
24 Mar 2018 13:52:44,240 DEBUG - Graphulo.TwoTable(738) -  6441%00; :%00; [1] -> 1072628 entries processed
24 Mar 2018 13:52:48,433 DEBUG - Graphulo.TwoTable(738) -  15500%00; :%00; [1] -> 157598 entries processed
24 Mar 2018 13:52:49,831 DEBUG - Graphulo.TwoTable(738) -  271729%00; :%00; [1] -> 2384814 entries processed
24 Mar 2018 13:52:52,189 DEBUG - Graphulo.TwoTable(738) -  121852%00; :%00; [1] -> 314126 entries processed
24 Mar 2018 13:52:53,567 DEBUG - Graphulo.TwoTable(738) -  30023%00; :%00; [1] -> 1085698 entries processed
24 Mar 2018 13:52:54,377 DEBUG - Graphulo.TwoTable(738) -  57042%00; :%00; [1] -> 129740 entries processed
24 Mar 2018 13:52:56,472 DEBUG - Graphulo.TwoTable(738) -  887661%00; :%00; [1] -> 997882 entries processed
24 Mar 2018 13:53:06,909 DEBUG - Graphulo.TwoTable(738) -  2526%00; :%00; [1] -> 1301054 entries processed
24 Mar 2018 13:53:09,075 DEBUG - Graphulo.TwoTable(738) -  215277%00; :%00; [1] -> 70606 entries processed
24 Mar 2018 13:53:09,078 DEBUG - Graphulo.TwoTable(738) -  12296%00; :%00; [1] -> 5670880 entries processed
24 Mar 2018 13:53:09,078 DEBUG - Graphulo.TwoTable(738) -  486046%00; :%00; [1] -> 52232 entries processed
24 Mar 2018 13:53:09,082 DEBUG - Graphulo.TwoTable(738) -  86912%00; :%00; [1] -> 2271468 entries processed
24 Mar 2018 13:53:09,084 DEBUG - Graphulo.TwoTable(738) -  71230%00; :%00; [1] -> 50230 entries processed
24 Mar 2018 13:53:09,091 DEBUG - Graphulo.TwoTable(738) -  175798%00; :%00; [1] -> 304926 entries processed
24 Mar 2018 13:53:09,103 DEBUG - Graphulo.TwoTable(738) -  21661%00; :%00; [1] -> 616320 entries processed
24 Mar 2018 13:53:11,350 DEBUG - Graphulo.TwoTable(738) -  63529%00; :%00; [1] -> 2159140 entries processed
24 Mar 2018 13:53:11,548 DEBUG - Graphulo.TwoTable(738) -  815133%00; :%00; [1] -> 103788 entries processed
24 Mar 2018 13:53:12,787 DEBUG - Graphulo.TwoTable(738) -  10606%00; :%00; [1] -> 811548 entries processed
24 Mar 2018 13:53:13,875 DEBUG - Graphulo.TwoTable(738) -  332992%00; :%00; [1] -> 246124 entries processed
24 Mar 2018 13:53:13,989 DEBUG - Graphulo.TwoTable(738) -  1705%00; :%00; [1] -> 560222 entries processed
24 Mar 2018 13:53:20,996 DEBUG - Graphulo.TwoTable(738) -  420965%00; :%00; [1] -> 794284 entries processed
24 Mar 2018 13:53:21,189 DEBUG - Graphulo.TwoTable(738) -  97509%00; :%00; [1] -> 26498 entries processed
24 Mar 2018 13:53:22,186 DEBUG - Graphulo.TwoTable(738) -  43949%00; :%00; [1] -> 4916044 entries processed
24 Mar 2018 13:53:23,025 DEBUG - Graphulo.TwoTable(738) -  91247%00; :%00; [1] -> 2004338 entries processed
24 Mar 2018 13:53:27,197 DEBUG - Graphulo.TwoTable(738) -  26085%00; :%00; [1] -> 5326480 entries processed
24 Mar 2018 13:53:34,539 DEBUG - Graphulo.TwoTable(738) -  8919%00; :%00; [1] -> 528654 entries processed
24 Mar 2018 13:53:35,744 DEBUG - Graphulo.TwoTable(738) -  36073%00; :%00; [1] -> 9927496 entries processed
24 Mar 2018 13:53:36,264 DEBUG - Graphulo.TwoTable(738) -  104678%00; :%00; [1] -> 2798432 entries processed
24 Mar 2018 13:53:36,443 DEBUG - Graphulo.TwoTable(738) -  579557%00; :%00; [1] -> 1543738 entries processed
24 Mar 2018 13:53:39,342 DEBUG - Graphulo.TwoTable(738) -  310113%00; :%00; [1] -> 2141428 entries processed
24 Mar 2018 13:53:43,592 DEBUG - Graphulo.TwoTable(738) -  982220%00; :%00; [1] -> 141166 entries processed
24 Mar 2018 13:53:43,597 DEBUG - Graphulo.TwoTable(738) -  1072%00; :%00; [1] -> 1616988 entries processed
24 Mar 2018 13:53:44,665 DEBUG - Graphulo.TwoTable(738) -  182807%00; :%00; [1] -> 2747276 entries processed
24 Mar 2018 13:53:44,768 DEBUG - Graphulo.TwoTable(738) -  1120951%00; :%00; [1] -> 160786 entries processed
24 Mar 2018 13:53:50,790 DEBUG - Graphulo.TwoTable(738) -   :%00; [1] -> 735510 entries processed
24 Mar 2018 13:53:59,413 DEBUG - Graphulo.TwoTable(738) -  20000%00; :%00; [1] -> 2304522 entries processed
24 Mar 2018 13:53:59,413 DEBUG - Graphulo.TwoTable(738) -  456904%00; :%00; [1] -> 6819652 entries processed
24 Mar 2018 13:54:05,283 DEBUG - Graphulo.TwoTable(738) -  102454%00; :%00; [1] -> 2003048 entries processed
24 Mar 2018 13:54:05,454 DEBUG - Graphulo.TwoTable(738) -  1253%00; :%00; [1] -> 867500 entries processed
24 Mar 2018 13:54:05,455 DEBUG - Graphulo.TwoTable(738) -  67974%00; :%00; [1] -> 389018 entries processed
24 Mar 2018 13:54:06,780 DEBUG - Graphulo.TwoTable(738) -  192638%00; :%00; [1] -> 848662 entries processed
24 Mar 2018 13:54:10,457 DEBUG - Graphulo.TwoTable(738) -  674527%00; :%00; [1] -> 103724 entries processed
24 Mar 2018 13:54:14,184 DEBUG - Graphulo.TwoTable(738) -  145685%00; :%00; [1] -> 2180838 entries processed
24 Mar 2018 13:54:14,493 DEBUG - Graphulo.TwoTable(738) -  156876%00; :%00; [1] -> 1170256 entries processed
24 Mar 2018 13:54:18,669 DEBUG - Graphulo.TwoTable(738) -  255324%00; :%00; [1] -> 318636 entries processed
24 Mar 2018 13:54:19,879 DEBUG - Graphulo.TwoTable(738) -  134868%00; :%00; [1] -> 2228770 entries processed
24 Mar 2018 13:54:19,935 DEBUG - Graphulo.TwoTable(738) -  27815%00; :%00; [1] -> 6671924 entries processed
24 Mar 2018 13:54:28,700 DEBUG - Graphulo.TwoTable(738) -  699731%00; :%00; [1] -> 1387250 entries processed
24 Mar 2018 13:54:31,044 DEBUG - Graphulo.TwoTable(738) -  389970%00; :%00; [1] -> 2041638 entries processed
24 Mar 2018 13:54:39,914 DEBUG - Graphulo.TwoTable(738) -  60690%00; :%00; [1] -> 2994470 entries processed
24 Mar 2018 13:54:39,973 DEBUG - Graphulo.TwoTable(738) -  82103%00; :%00; [1] -> 2251898 entries processed
24 Mar 2018 13:54:40,135 DEBUG - Graphulo.TwoTable(738) -  759058%00; :%00; [1] -> 3889992 entries processed
24 Mar 2018 13:54:44,893 DEBUG - Graphulo.TwoTable(738) -  3367%00; :%00; [1] -> 2234336 entries processed
24 Mar 2018 13:54:47,103 DEBUG - Graphulo.TwoTable(738) -  106689%00; :%00; [1] -> 59343592 entries processed
24 Mar 2018 13:54:53,176 DEBUG - Graphulo.TwoTable(738) -  226655%00; :%00; [1] -> 1502988 entries processed
24 Mar 2018 13:54:55,155 DEBUG - Graphulo.TwoTable(738) -  666764%00; :%00; [1] -> 510394 entries processed
24 Mar 2018 13:54:58,529 DEBUG - Graphulo.TwoTable(738) -  529759%00; :%00; [1] -> 270960 entries processed
24 Mar 2018 13:55:00,992 DEBUG - Graphulo.TwoTable(738) -  126899%00; :%00; [1] -> 1838802 entries processed
24 Mar 2018 13:55:04,264 DEBUG - Graphulo.TwoTable(738) -  93573%00; :%00; [1] -> 2706850 entries processed
24 Mar 2018 13:55:13,881 DEBUG - Graphulo.TwoTable(738) -  492%00; :%00; [1] -> 2993552 entries processed
24 Mar 2018 13:55:13,952 DEBUG - Graphulo.TwoTable(738) -  78383%00; :%00; [1] -> 5971072 entries processed
24 Mar 2018 13:55:13,962 DEBUG - Graphulo.TwoTable(738) -  291%00; :%00; [1] -> 266012 entries processed
24 Mar 2018 13:55:42,103 DEBUG - Graphulo.TwoTable(738) -  5502%00; :%00; [1] -> 541842 entries processed
24 Mar 2018 13:55:43,894 DEBUG - Graphulo.TwoTable(738) -  113979%00; :%00; [1] -> 3780660 entries processed
24 Mar 2018 13:55:53,241 DEBUG - Graphulo.TwoTable(738) -  108797%00; :%00; [1] -> 1098970 entries processed
24 Mar 2018 13:56:08,394 DEBUG - Graphulo.TwoTable(738) -  238210%00; :%00; [1] -> 2078522 entries processed
24 Mar 2018 13:57:05,799 DEBUG - Graphulo.TwoTable(738) -  683507%00; :%00; [1] -> 1569908 entries processed
24 Mar 2018 13:58:07,730 DEBUG - Graphulo.TwoTable(738) -  717945%00; :%00; [1] -> 2133494 entries processed
24 Mar 2018 14:02:41,103 DEBUG - Graphulo.kTrussAdj_Smart(2512) -  time to count 644964 entries is 272810
24 Mar 2018 14:02:41,103 DEBUG - Graphulo.kTrussAdj_Smart(2515) -  iter +5 nppBefore 205003286 nppAfter 205028052; 383 s
24 Mar 2018 14:02:45,696 DEBUG - Graphulo.TwoTable(738) -  2780%00; :%00; [1] -> 1564454 entries processed
24 Mar 2018 14:02:49,924 DEBUG - Graphulo.TwoTable(738) -  75758%00; :%00; [1] -> 1054 entries processed
24 Mar 2018 14:02:53,698 DEBUG - Graphulo.TwoTable(738) -  49095%00; :%00; [1] -> 228912 entries processed
24 Mar 2018 14:02:54,887 DEBUG - Graphulo.TwoTable(738) -  358606%00; :%00; [1] -> 18148 entries processed
24 Mar 2018 14:02:55,113 DEBUG - Graphulo.TwoTable(738) -  632363%00; :%00; [1] -> 64144 entries processed
24 Mar 2018 14:02:56,920 DEBUG - Graphulo.TwoTable(738) -  33044%00; :%00; [1] -> 26902 entries processed
24 Mar 2018 14:02:57,147 DEBUG - Graphulo.TwoTable(738) -  4370%00; :%00; [1] -> 22220 entries processed
24 Mar 2018 14:02:57,232 DEBUG - Graphulo.TwoTable(738) -  288303%00; :%00; [1] -> 74936 entries processed
24 Mar 2018 14:03:04,773 DEBUG - Graphulo.TwoTable(738) -  7828%00; :%00; [1] -> 95404 entries processed
24 Mar 2018 14:03:06,263 DEBUG - Graphulo.TwoTable(738) -  2148%00; :%00; [1] -> 9128 entries processed
24 Mar 2018 14:03:07,089 DEBUG - Graphulo.TwoTable(738) -  20317%00; :%00; [1] -> 358052 entries processed
24 Mar 2018 14:03:08,025 DEBUG - Graphulo.TwoTable(738) -  20000%00; :%00; [1] -> 2304602 entries processed
24 Mar 2018 14:03:10,000 DEBUG - Graphulo.TwoTable(738) -  486046%00; :%00; [1] -> 52232 entries processed
24 Mar 2018 14:03:10,959 DEBUG - Graphulo.TwoTable(738) -  71230%00; :%00; [1] -> 50230 entries processed
24 Mar 2018 14:03:11,035 DEBUG - Graphulo.TwoTable(738) -  4849%00; :%00; [1] -> 68180 entries processed
24 Mar 2018 14:03:12,545 DEBUG - Graphulo.TwoTable(738) -  121852%00; :%00; [1] -> 314126 entries processed
24 Mar 2018 14:03:30,118 DEBUG - Graphulo.TwoTable(738) -  63529%00; :%00; [1] -> 2159348 entries processed
24 Mar 2018 14:03:30,194 DEBUG - Graphulo.TwoTable(738) -  1044941%00; :%00; [1] -> 1779088 entries processed
24 Mar 2018 14:03:30,501 DEBUG - Graphulo.TwoTable(738) -  1253%00; :%00; [1] -> 867500 entries processed
24 Mar 2018 14:03:30,521 DEBUG - Graphulo.TwoTable(738) -  204000%00; :%00; [1] -> 1204162 entries processed
24 Mar 2018 14:03:30,524 DEBUG - Graphulo.TwoTable(738) -  95160%00; :%00; [1] -> 322324 entries processed
24 Mar 2018 14:03:31,124 DEBUG - Graphulo.TwoTable(738) -  12296%00; :%00; [1] -> 5670880 entries processed
24 Mar 2018 14:03:35,889 DEBUG - Graphulo.TwoTable(738) -  175798%00; :%00; [1] -> 304926 entries processed
24 Mar 2018 14:03:36,222 DEBUG - Graphulo.TwoTable(738) -  18010%00; :%00; [1] -> 1325600 entries processed
24 Mar 2018 14:03:37,512 DEBUG - Graphulo.TwoTable(738) -  20692%00; :%00; [1] -> 2015312 entries processed
24 Mar 2018 14:03:39,155 DEBUG - Graphulo.TwoTable(738) -  97509%00; :%00; [1] -> 26498 entries processed
24 Mar 2018 14:03:40,320 DEBUG - Graphulo.TwoTable(738) -  38309%00; :%00; [1] -> 3547862 entries processed
24 Mar 2018 14:03:44,979 DEBUG - Graphulo.TwoTable(738) -  887661%00; :%00; [1] -> 997882 entries processed
24 Mar 2018 14:03:46,133 DEBUG - Graphulo.TwoTable(738) -  86912%00; :%00; [1] -> 2271468 entries processed
24 Mar 2018 14:03:48,378 DEBUG - Graphulo.TwoTable(738) -  815133%00; :%00; [1] -> 103788 entries processed
24 Mar 2018 14:03:51,716 DEBUG - Graphulo.TwoTable(738) -  215277%00; :%00; [1] -> 70606 entries processed
24 Mar 2018 14:03:51,731 DEBUG - Graphulo.TwoTable(738) -  271729%00; :%00; [1] -> 2384814 entries processed
24 Mar 2018 14:03:56,944 DEBUG - Graphulo.TwoTable(738) -  332992%00; :%00; [1] -> 246124 entries processed
24 Mar 2018 14:03:59,434 DEBUG - Graphulo.TwoTable(738) -  27815%00; :%00; [1] -> 6671924 entries processed
24 Mar 2018 14:04:03,702 DEBUG - Graphulo.TwoTable(738) -  167607%00; :%00; [1] -> 459326 entries processed
24 Mar 2018 14:04:04,133 DEBUG - Graphulo.TwoTable(738) -  2526%00; :%00; [1] -> 1301054 entries processed
24 Mar 2018 14:04:20,175 DEBUG - Graphulo.TwoTable(738) -  982220%00; :%00; [1] -> 141166 entries processed
24 Mar 2018 14:04:25,383 DEBUG - Graphulo.TwoTable(738) -  3812%00; :%00; [1] -> 148964 entries processed
24 Mar 2018 14:04:28,269 DEBUG - Graphulo.TwoTable(738) -  15500%00; :%00; [1] -> 157598 entries processed
24 Mar 2018 14:04:28,269 DEBUG - Graphulo.TwoTable(738) -  21661%00; :%00; [1] -> 616320 entries processed
24 Mar 2018 14:04:28,290 DEBUG - Graphulo.TwoTable(738) -  3367%00; :%00; [1] -> 2234336 entries processed
24 Mar 2018 14:04:28,600 DEBUG - Graphulo.TwoTable(738) -  1120951%00; :%00; [1] -> 160786 entries processed
24 Mar 2018 14:04:28,717 DEBUG - Graphulo.TwoTable(738) -  26085%00; :%00; [1] -> 5326480 entries processed
24 Mar 2018 14:04:28,720 DEBUG - Graphulo.TwoTable(738) -  699731%00; :%00; [1] -> 1387334 entries processed
24 Mar 2018 14:04:28,991 DEBUG - Graphulo.TwoTable(738) -  106689%00; :%00; [1] -> 59343592 entries processed
24 Mar 2018 14:04:29,008 DEBUG - Graphulo.TwoTable(738) -  60690%00; :%00; [1] -> 2994714 entries processed
24 Mar 2018 14:04:29,193 DEBUG - Graphulo.TwoTable(738) -  91247%00; :%00; [1] -> 2004338 entries processed
24 Mar 2018 14:04:39,555 DEBUG - Graphulo.TwoTable(738) -  23792%00; :%00; [1] -> 862 entries processed
24 Mar 2018 14:04:39,607 DEBUG - Graphulo.TwoTable(738) -  255324%00; :%00; [1] -> 318636 entries processed
24 Mar 2018 14:04:39,636 DEBUG - Graphulo.TwoTable(738) -  674527%00; :%00; [1] -> 103740 entries processed
24 Mar 2018 14:04:39,696 DEBUG - Graphulo.TwoTable(738) -  663619%00; :%00; [1] -> 469812 entries processed
24 Mar 2018 14:04:39,702 DEBUG - Graphulo.TwoTable(738) -  192638%00; :%00; [1] -> 848662 entries processed
24 Mar 2018 14:04:39,779 DEBUG - Graphulo.TwoTable(738) -  420965%00; :%00; [1] -> 794284 entries processed
24 Mar 2018 14:04:39,877 DEBUG - Graphulo.TwoTable(738) -  6441%00; :%00; [1] -> 1072628 entries processed
24 Mar 2018 14:04:39,880 DEBUG - Graphulo.TwoTable(738) -  57042%00; :%00; [1] -> 129740 entries processed
24 Mar 2018 14:04:41,166 DEBUG - Graphulo.TwoTable(738) -   :%00; [1] -> 735510 entries processed
24 Mar 2018 14:04:52,631 DEBUG - Graphulo.TwoTable(738) -  291%00; :%00; [1] -> 266012 entries processed
24 Mar 2018 14:04:52,668 DEBUG - Graphulo.TwoTable(738) -  808%00; :%00; [1] -> 517972 entries processed
24 Mar 2018 14:04:52,679 DEBUG - Graphulo.TwoTable(738) -  67974%00; :%00; [1] -> 389018 entries processed
24 Mar 2018 14:04:53,648 DEBUG - Graphulo.TwoTable(738) -  666764%00; :%00; [1] -> 510394 entries processed
24 Mar 2018 14:05:02,698 DEBUG - Graphulo.TwoTable(738) -  310113%00; :%00; [1] -> 2141428 entries processed
24 Mar 2018 14:05:03,486 DEBUG - Graphulo.TwoTable(738) -  8919%00; :%00; [1] -> 528654 entries processed
24 Mar 2018 14:05:03,526 DEBUG - Graphulo.TwoTable(738) -  30023%00; :%00; [1] -> 1085832 entries processed
24 Mar 2018 14:05:06,316 DEBUG - Graphulo.TwoTable(738) -  226655%00; :%00; [1] -> 1502988 entries processed
24 Mar 2018 14:05:06,437 DEBUG - Graphulo.TwoTable(738) -  93573%00; :%00; [1] -> 2707090 entries processed
24 Mar 2018 14:05:06,516 DEBUG - Graphulo.TwoTable(738) -  759058%00; :%00; [1] -> 3889992 entries processed
24 Mar 2018 14:05:06,685 DEBUG - Graphulo.TwoTable(738) -  10606%00; :%00; [1] -> 811548 entries processed
24 Mar 2018 14:05:09,896 DEBUG - Graphulo.TwoTable(738) -  1072%00; :%00; [1] -> 1616988 entries processed
24 Mar 2018 14:05:14,172 DEBUG - Graphulo.TwoTable(738) -  21078%00; :%00; [1] -> 5713948 entries processed
24 Mar 2018 14:05:15,187 DEBUG - Graphulo.TwoTable(738) -  529759%00; :%00; [1] -> 270960 entries processed
24 Mar 2018 14:05:18,085 DEBUG - Graphulo.TwoTable(738) -  78383%00; :%00; [1] -> 5971072 entries processed
24 Mar 2018 14:05:20,493 DEBUG - Graphulo.TwoTable(738) -  43949%00; :%00; [1] -> 4916048 entries processed
24 Mar 2018 14:05:24,379 DEBUG - Graphulo.TwoTable(738) -  955%00; :%00; [1] -> 1907670 entries processed
24 Mar 2018 14:05:26,762 DEBUG - Graphulo.TwoTable(738) -  104678%00; :%00; [1] -> 2798432 entries processed
24 Mar 2018 14:05:29,626 DEBUG - Graphulo.TwoTable(738) -  36073%00; :%00; [1] -> 9927496 entries processed
24 Mar 2018 14:05:31,763 DEBUG - Graphulo.TwoTable(738) -  1705%00; :%00; [1] -> 560222 entries processed
24 Mar 2018 14:05:31,902 DEBUG - Graphulo.TwoTable(738) -  126899%00; :%00; [1] -> 1838802 entries processed
24 Mar 2018 14:05:33,032 DEBUG - Graphulo.TwoTable(738) -  156876%00; :%00; [1] -> 1170526 entries processed
24 Mar 2018 14:05:33,411 DEBUG - Graphulo.TwoTable(738) -  102454%00; :%00; [1] -> 2003048 entries processed
24 Mar 2018 14:05:35,262 DEBUG - Graphulo.TwoTable(738) -  182807%00; :%00; [1] -> 2747276 entries processed
24 Mar 2018 14:05:49,987 DEBUG - Graphulo.TwoTable(738) -  579557%00; :%00; [1] -> 1543738 entries processed
24 Mar 2018 14:05:54,641 DEBUG - Graphulo.TwoTable(738) -  82103%00; :%00; [1] -> 2251898 entries processed
24 Mar 2018 14:05:55,131 DEBUG - Graphulo.TwoTable(738) -  456904%00; :%00; [1] -> 6819652 entries processed
24 Mar 2018 14:05:57,981 DEBUG - Graphulo.TwoTable(738) -  145685%00; :%00; [1] -> 2180954 entries processed
24 Mar 2018 14:06:20,636 DEBUG - Graphulo.TwoTable(738) -  238210%00; :%00; [1] -> 2078522 entries processed
24 Mar 2018 14:06:24,477 DEBUG - Graphulo.TwoTable(738) -  134868%00; :%00; [1] -> 2228770 entries processed
24 Mar 2018 14:06:47,393 DEBUG - Graphulo.TwoTable(738) -  5502%00; :%00; [1] -> 541842 entries processed
24 Mar 2018 14:06:57,389 DEBUG - Graphulo.TwoTable(738) -  389970%00; :%00; [1] -> 2041638 entries processed
24 Mar 2018 14:06:57,772 DEBUG - Graphulo.TwoTable(738) -  108797%00; :%00; [1] -> 1098970 entries processed
24 Mar 2018 14:07:06,083 DEBUG - Graphulo.TwoTable(738) -  113979%00; :%00; [1] -> 3780660 entries processed
24 Mar 2018 14:07:11,685 DEBUG - Graphulo.TwoTable(738) -  492%00; :%00; [1] -> 2993552 entries processed
24 Mar 2018 14:07:49,313 DEBUG - Graphulo.TwoTable(738) -  683507%00; :%00; [1] -> 1569942 entries processed
24 Mar 2018 14:09:21,955 DEBUG - Graphulo.TwoTable(738) -  717945%00; :%00; [1] -> 2133494 entries processed
24 Mar 2018 14:12:59,696 DEBUG - Graphulo.kTrussAdj_Smart(2512) -  time to count 670539 entries is 217221
24 Mar 2018 14:12:59,696 DEBUG - Graphulo.kTrussAdj_Smart(2515) -  iter +6 nppBefore 205028052 nppAfter 205029760; 400 s
24 Mar 2018 14:13:03,842 DEBUG - Graphulo.TwoTable(738) -  2780%00; :%00; [1] -> 1564454 entries processed
24 Mar 2018 14:13:07,811 DEBUG - Graphulo.TwoTable(738) -  49095%00; :%00; [1] -> 228912 entries processed
24 Mar 2018 14:13:13,270 DEBUG - Graphulo.TwoTable(738) -  632363%00; :%00; [1] -> 64144 entries processed
24 Mar 2018 14:13:13,458 DEBUG - Graphulo.TwoTable(738) -  4370%00; :%00; [1] -> 22220 entries processed
24 Mar 2018 14:13:16,590 DEBUG - Graphulo.TwoTable(738) -  3812%00; :%00; [1] -> 148964 entries processed
24 Mar 2018 14:13:17,135 DEBUG - Graphulo.TwoTable(738) -  815133%00; :%00; [1] -> 103788 entries processed
24 Mar 2018 14:13:17,835 DEBUG - Graphulo.TwoTable(738) -  215277%00; :%00; [1] -> 70606 entries processed
24 Mar 2018 14:13:18,391 DEBUG - Graphulo.TwoTable(738) -  33044%00; :%00; [1] -> 26902 entries processed
24 Mar 2018 14:13:18,549 DEBUG - Graphulo.TwoTable(738) -  358606%00; :%00; [1] -> 18148 entries processed
24 Mar 2018 14:13:20,519 DEBUG - Graphulo.TwoTable(738) -  288303%00; :%00; [1] -> 74936 entries processed
24 Mar 2018 14:13:20,979 DEBUG - Graphulo.TwoTable(738) -  97509%00; :%00; [1] -> 26498 entries processed
24 Mar 2018 14:13:21,319 DEBUG - Graphulo.TwoTable(738) -  887661%00; :%00; [1] -> 997882 entries processed
24 Mar 2018 14:13:28,555 DEBUG - Graphulo.TwoTable(738) -  2148%00; :%00; [1] -> 9128 entries processed
24 Mar 2018 14:13:30,460 DEBUG - Graphulo.TwoTable(738) -  20317%00; :%00; [1] -> 358052 entries processed
24 Mar 2018 14:13:34,535 DEBUG - Graphulo.TwoTable(738) -  332992%00; :%00; [1] -> 246124 entries processed
24 Mar 2018 14:13:35,064 DEBUG - Graphulo.TwoTable(738) -  982220%00; :%00; [1] -> 141166 entries processed
24 Mar 2018 14:13:35,189 DEBUG - Graphulo.TwoTable(738) -  486046%00; :%00; [1] -> 52232 entries processed
24 Mar 2018 14:13:38,188 DEBUG - Graphulo.TwoTable(738) -  204000%00; :%00; [1] -> 1204162 entries processed
24 Mar 2018 14:13:38,793 DEBUG - Graphulo.TwoTable(738) -  75758%00; :%00; [1] -> 1054 entries processed
24 Mar 2018 14:13:42,024 DEBUG - Graphulo.TwoTable(738) -  7828%00; :%00; [1] -> 95404 entries processed
24 Mar 2018 14:13:42,282 DEBUG - Graphulo.TwoTable(738) -  95160%00; :%00; [1] -> 322324 entries processed
24 Mar 2018 14:13:42,283 DEBUG - Graphulo.TwoTable(738) -  20692%00; :%00; [1] -> 2015312 entries processed
24 Mar 2018 14:13:45,510 DEBUG - Graphulo.TwoTable(738) -  4849%00; :%00; [1] -> 68180 entries processed
24 Mar 2018 14:13:45,524 DEBUG - Graphulo.TwoTable(738) -  71230%00; :%00; [1] -> 50230 entries processed
24 Mar 2018 14:13:45,566 DEBUG - Graphulo.TwoTable(738) -  63529%00; :%00; [1] -> 2159348 entries processed
24 Mar 2018 14:13:46,440 DEBUG - Graphulo.TwoTable(738) -  121852%00; :%00; [1] -> 314126 entries processed
24 Mar 2018 14:13:54,961 DEBUG - Graphulo.TwoTable(738) -  6441%00; :%00; [1] -> 1072628 entries processed
24 Mar 2018 14:13:56,518 DEBUG - Graphulo.TwoTable(738) -  175798%00; :%00; [1] -> 304926 entries processed
24 Mar 2018 14:14:03,267 DEBUG - Graphulo.TwoTable(738) -  30023%00; :%00; [1] -> 1085832 entries processed
24 Mar 2018 14:14:04,160 DEBUG - Graphulo.TwoTable(738) -  663619%00; :%00; [1] -> 469826 entries processed
24 Mar 2018 14:14:04,847 DEBUG - Graphulo.TwoTable(738) -  86912%00; :%00; [1] -> 2271468 entries processed
24 Mar 2018 14:14:08,686 DEBUG - Graphulo.TwoTable(738) -  271729%00; :%00; [1] -> 2384814 entries processed
24 Mar 2018 14:14:15,695 DEBUG - Graphulo.TwoTable(738) -  23792%00; :%00; [1] -> 862 entries processed
24 Mar 2018 14:14:15,726 DEBUG - Graphulo.TwoTable(738) -  57042%00; :%00; [1] -> 129740 entries processed
24 Mar 2018 14:14:16,714 DEBUG - Graphulo.TwoTable(738) -  1044941%00; :%00; [1] -> 1779088 entries processed
24 Mar 2018 14:14:16,729 DEBUG - Graphulo.TwoTable(738) -  12296%00; :%00; [1] -> 5670880 entries processed
24 Mar 2018 14:14:16,749 DEBUG - Graphulo.TwoTable(738) -   :%00; [1] -> 735586 entries processed
24 Mar 2018 14:14:16,782 DEBUG - Graphulo.TwoTable(738) -  2526%00; :%00; [1] -> 1301054 entries processed
24 Mar 2018 14:14:16,793 DEBUG - Graphulo.TwoTable(738) -  67974%00; :%00; [1] -> 389018 entries processed
24 Mar 2018 14:14:18,643 DEBUG - Graphulo.TwoTable(738) -  192638%00; :%00; [1] -> 848662 entries processed
24 Mar 2018 14:14:21,130 DEBUG - Graphulo.TwoTable(738) -  18010%00; :%00; [1] -> 1325600 entries processed
24 Mar 2018 14:14:21,159 DEBUG - Graphulo.TwoTable(738) -  38309%00; :%00; [1] -> 3547862 entries processed
24 Mar 2018 14:14:29,939 DEBUG - Graphulo.TwoTable(738) -  255324%00; :%00; [1] -> 318636 entries processed
24 Mar 2018 14:14:29,968 DEBUG - Graphulo.TwoTable(738) -  808%00; :%00; [1] -> 517972 entries processed
24 Mar 2018 14:14:41,909 DEBUG - Graphulo.TwoTable(738) -  1120951%00; :%00; [1] -> 160786 entries processed
24 Mar 2018 14:14:48,205 DEBUG - Graphulo.TwoTable(738) -  167607%00; :%00; [1] -> 459326 entries processed
24 Mar 2018 14:14:48,214 DEBUG - Graphulo.TwoTable(738) -  21661%00; :%00; [1] -> 616320 entries processed
24 Mar 2018 14:14:48,797 DEBUG - Graphulo.TwoTable(738) -  15500%00; :%00; [1] -> 157598 entries processed
24 Mar 2018 14:14:48,797 DEBUG - Graphulo.TwoTable(738) -  26085%00; :%00; [1] -> 5326480 entries processed
24 Mar 2018 14:14:49,980 DEBUG - Graphulo.TwoTable(738) -  91247%00; :%00; [1] -> 2004338 entries processed
24 Mar 2018 14:14:52,848 DEBUG - Graphulo.TwoTable(738) -  21078%00; :%00; [1] -> 5713948 entries processed
24 Mar 2018 14:14:52,875 DEBUG - Graphulo.TwoTable(738) -  20000%00; :%00; [1] -> 2304602 entries processed
24 Mar 2018 14:14:58,885 DEBUG - Graphulo.TwoTable(738) -  674527%00; :%00; [1] -> 103740 entries processed
24 Mar 2018 14:15:00,957 DEBUG - Graphulo.TwoTable(738) -  955%00; :%00; [1] -> 1907676 entries processed
24 Mar 2018 14:15:31,875 DEBUG - Graphulo.TwoTable(738) -  27815%00; :%00; [1] -> 6671924 entries processed
24 Mar 2018 14:15:32,683 DEBUG - Graphulo.TwoTable(738) -  579557%00; :%00; [1] -> 1543738 entries processed
24 Mar 2018 14:15:33,470 DEBUG - Graphulo.TwoTable(738) -  1072%00; :%00; [1] -> 1616988 entries processed
24 Mar 2018 14:15:37,348 DEBUG - Graphulo.TwoTable(738) -  10606%00; :%00; [1] -> 811548 entries processed
24 Mar 2018 14:15:37,755 DEBUG - Graphulo.TwoTable(738) -  456904%00; :%00; [1] -> 6819652 entries processed
24 Mar 2018 14:15:39,117 DEBUG - Graphulo.TwoTable(738) -  420965%00; :%00; [1] -> 794284 entries processed
24 Mar 2018 14:15:39,128 DEBUG - Graphulo.TwoTable(738) -  1253%00; :%00; [1] -> 867500 entries processed
24 Mar 2018 14:15:39,250 DEBUG - Graphulo.TwoTable(738) -  310113%00; :%00; [1] -> 2141428 entries processed
24 Mar 2018 14:15:40,821 DEBUG - Graphulo.TwoTable(738) -  1705%00; :%00; [1] -> 560222 entries processed
24 Mar 2018 14:15:41,958 DEBUG - Graphulo.TwoTable(738) -  104678%00; :%00; [1] -> 2798432 entries processed
24 Mar 2018 14:15:43,476 DEBUG - Graphulo.TwoTable(738) -  699731%00; :%00; [1] -> 1387334 entries processed
24 Mar 2018 14:16:17,040 DEBUG - Graphulo.TwoTable(738) -  43949%00; :%00; [1] -> 4916048 entries processed
24 Mar 2018 14:16:17,042 DEBUG - Graphulo.TwoTable(738) -  666764%00; :%00; [1] -> 510600 entries processed
24 Mar 2018 14:16:17,046 DEBUG - Graphulo.TwoTable(738) -  5502%00; :%00; [1] -> 541842 entries processed
24 Mar 2018 14:16:17,079 DEBUG - Graphulo.TwoTable(738) -  759058%00; :%00; [1] -> 3889992 entries processed
24 Mar 2018 14:16:17,099 DEBUG - Graphulo.TwoTable(738) -  78383%00; :%00; [1] -> 5971072 entries processed
24 Mar 2018 14:16:17,170 DEBUG - Graphulo.TwoTable(738) -  93573%00; :%00; [1] -> 2707090 entries processed
24 Mar 2018 14:16:17,182 DEBUG - Graphulo.TwoTable(738) -  126899%00; :%00; [1] -> 1838802 entries processed
24 Mar 2018 14:16:17,222 DEBUG - Graphulo.TwoTable(738) -  8919%00; :%00; [1] -> 528654 entries processed
24 Mar 2018 14:16:17,265 DEBUG - Graphulo.TwoTable(738) -  108797%00; :%00; [1] -> 1098970 entries processed
24 Mar 2018 14:16:17,271 DEBUG - Graphulo.TwoTable(738) -  226655%00; :%00; [1] -> 1502988 entries processed
24 Mar 2018 14:16:17,275 DEBUG - Graphulo.TwoTable(738) -  529759%00; :%00; [1] -> 270960 entries processed
24 Mar 2018 14:16:20,710 DEBUG - Graphulo.TwoTable(738) -  134868%00; :%00; [1] -> 2228782 entries processed
24 Mar 2018 14:16:21,051 DEBUG - Graphulo.TwoTable(738) -  182807%00; :%00; [1] -> 2747284 entries processed
24 Mar 2018 14:16:21,055 DEBUG - Graphulo.TwoTable(738) -  60690%00; :%00; [1] -> 2994714 entries processed
24 Mar 2018 14:16:21,057 DEBUG - Graphulo.TwoTable(738) -  156876%00; :%00; [1] -> 1170526 entries processed
24 Mar 2018 14:16:21,057 DEBUG - Graphulo.TwoTable(738) -  3367%00; :%00; [1] -> 2234336 entries processed
24 Mar 2018 14:16:21,098 DEBUG - Graphulo.TwoTable(738) -  291%00; :%00; [1] -> 266012 entries processed
24 Mar 2018 14:16:36,555 DEBUG - Graphulo.TwoTable(738) -  36073%00; :%00; [1] -> 9927496 entries processed
24 Mar 2018 14:16:37,010 DEBUG - Graphulo.TwoTable(738) -  389970%00; :%00; [1] -> 2041638 entries processed
24 Mar 2018 14:16:39,442 DEBUG - Graphulo.TwoTable(738) -  82103%00; :%00; [1] -> 2251898 entries processed
24 Mar 2018 14:16:52,315 DEBUG - Graphulo.TwoTable(738) -  102454%00; :%00; [1] -> 2003048 entries processed
24 Mar 2018 14:16:52,946 DEBUG - Graphulo.TwoTable(738) -  106689%00; :%00; [1] -> 59343592 entries processed
24 Mar 2018 14:17:00,820 DEBUG - Graphulo.TwoTable(738) -  145685%00; :%00; [1] -> 2180954 entries processed
24 Mar 2018 14:17:00,902 DEBUG - Graphulo.TwoTable(738) -  113979%00; :%00; [1] -> 3780660 entries processed
24 Mar 2018 14:17:04,838 DEBUG - Graphulo.TwoTable(738) -  238210%00; :%00; [1] -> 2078522 entries processed
24 Mar 2018 14:17:10,965 DEBUG - Graphulo.TwoTable(738) -  492%00; :%00; [1] -> 2993552 entries processed
24 Mar 2018 14:17:34,750 DEBUG - Graphulo.TwoTable(738) -  683507%00; :%00; [1] -> 1569942 entries processed
24 Mar 2018 14:20:24,043 DEBUG - Graphulo.TwoTable(738) -  717945%00; :%00; [1] -> 2133494 entries processed
24 Mar 2018 14:23:42,941 DEBUG - Graphulo.kTrussAdj_Smart(2512) -  time to count 644970 entries is 198363
24 Mar 2018 14:23:42,941 DEBUG - Graphulo.kTrussAdj_Smart(2515) -  iter +7 nppBefore 205029760 nppAfter 205030082; 444 s
24 Mar 2018 14:23:49,135 DEBUG - Graphulo.TwoTable(738) -  4849%00; :%00; [1] -> 68180 entries processed
24 Mar 2018 14:23:54,735 DEBUG - Graphulo.TwoTable(738) -  49095%00; :%00; [1] -> 228912 entries processed
24 Mar 2018 14:23:55,986 DEBUG - Graphulo.TwoTable(738) -  97509%00; :%00; [1] -> 26498 entries processed
24 Mar 2018 14:24:00,236 DEBUG - Graphulo.TwoTable(738) -  815133%00; :%00; [1] -> 103788 entries processed
24 Mar 2018 14:24:00,260 DEBUG - Graphulo.TwoTable(738) -  215277%00; :%00; [1] -> 70606 entries processed
24 Mar 2018 14:24:07,604 DEBUG - Graphulo.TwoTable(738) -  887661%00; :%00; [1] -> 997882 entries processed
24 Mar 2018 14:24:12,830 DEBUG - Graphulo.TwoTable(738) -  20317%00; :%00; [1] -> 358052 entries processed
24 Mar 2018 14:24:16,002 DEBUG - Graphulo.TwoTable(738) -  1044941%00; :%00; [1] -> 1779088 entries processed
24 Mar 2018 14:24:16,289 DEBUG - Graphulo.TwoTable(738) -  3812%00; :%00; [1] -> 148964 entries processed
24 Mar 2018 14:24:16,352 DEBUG - Graphulo.TwoTable(738) -  332992%00; :%00; [1] -> 246124 entries processed
24 Mar 2018 14:24:16,563 DEBUG - Graphulo.TwoTable(738) -  982220%00; :%00; [1] -> 141166 entries processed
24 Mar 2018 14:24:16,819 DEBUG - Graphulo.TwoTable(738) -  486046%00; :%00; [1] -> 52232 entries processed
24 Mar 2018 14:24:17,506 DEBUG - Graphulo.TwoTable(738) -  18010%00; :%00; [1] -> 1325600 entries processed
24 Mar 2018 14:24:18,462 DEBUG - Graphulo.TwoTable(738) -  2780%00; :%00; [1] -> 1564454 entries processed
24 Mar 2018 14:24:18,702 DEBUG - Graphulo.TwoTable(738) -  38309%00; :%00; [1] -> 3547862 entries processed
24 Mar 2018 14:24:22,710 DEBUG - Graphulo.TwoTable(738) -  20000%00; :%00; [1] -> 2304602 entries processed
24 Mar 2018 14:24:25,744 DEBUG - Graphulo.TwoTable(738) -  204000%00; :%00; [1] -> 1204162 entries processed
24 Mar 2018 14:24:31,137 DEBUG - Graphulo.TwoTable(738) -  63529%00; :%00; [1] -> 2159348 entries processed
24 Mar 2018 14:24:31,774 DEBUG - Graphulo.TwoTable(738) -  632363%00; :%00; [1] -> 64144 entries processed
24 Mar 2018 14:24:40,905 DEBUG - Graphulo.TwoTable(738) -  1253%00; :%00; [1] -> 867500 entries processed
24 Mar 2018 14:24:41,920 DEBUG - Graphulo.TwoTable(738) -  175798%00; :%00; [1] -> 304926 entries processed
24 Mar 2018 14:24:48,772 DEBUG - Graphulo.TwoTable(738) -  167607%00; :%00; [1] -> 459326 entries processed
24 Mar 2018 14:24:51,247 DEBUG - Graphulo.TwoTable(738) -  15500%00; :%00; [1] -> 157598 entries processed
24 Mar 2018 14:25:02,096 DEBUG - Graphulo.TwoTable(738) -  27815%00; :%00; [1] -> 6671924 entries processed
24 Mar 2018 14:25:03,421 DEBUG - Graphulo.TwoTable(738) -  30023%00; :%00; [1] -> 1085832 entries processed
24 Mar 2018 14:25:03,431 DEBUG - Graphulo.TwoTable(738) -  663619%00; :%00; [1] -> 469826 entries processed
24 Mar 2018 14:25:06,121 DEBUG - Graphulo.TwoTable(738) -  71230%00; :%00; [1] -> 50230 entries processed
24 Mar 2018 14:25:06,320 DEBUG - Graphulo.TwoTable(738) -  6441%00; :%00; [1] -> 1072628 entries processed
24 Mar 2018 14:25:06,371 DEBUG - Graphulo.TwoTable(738) -  67974%00; :%00; [1] -> 389018 entries processed
24 Mar 2018 14:25:06,483 DEBUG - Graphulo.TwoTable(738) -  2526%00; :%00; [1] -> 1301054 entries processed
24 Mar 2018 14:25:06,487 DEBUG - Graphulo.TwoTable(738) -  7828%00; :%00; [1] -> 95404 entries processed
24 Mar 2018 14:25:06,492 DEBUG - Graphulo.TwoTable(738) -   :%00; [1] -> 735586 entries processed
24 Mar 2018 14:25:08,368 DEBUG - Graphulo.TwoTable(738) -  255324%00; :%00; [1] -> 318636 entries processed
24 Mar 2018 14:25:08,390 DEBUG - Graphulo.TwoTable(738) -  271729%00; :%00; [1] -> 2384814 entries processed
24 Mar 2018 14:25:15,752 DEBUG - Graphulo.TwoTable(738) -  1120951%00; :%00; [1] -> 160786 entries processed
24 Mar 2018 14:25:15,865 DEBUG - Graphulo.TwoTable(738) -  20692%00; :%00; [1] -> 2015312 entries processed
24 Mar 2018 14:25:16,049 DEBUG - Graphulo.TwoTable(738) -  57042%00; :%00; [1] -> 129740 entries processed
24 Mar 2018 14:25:16,063 DEBUG - Graphulo.TwoTable(738) -  699731%00; :%00; [1] -> 1387334 entries processed
24 Mar 2018 14:25:16,095 DEBUG - Graphulo.TwoTable(738) -  192638%00; :%00; [1] -> 848662 entries processed
24 Mar 2018 14:25:16,098 DEBUG - Graphulo.TwoTable(738) -  23792%00; :%00; [1] -> 862 entries processed
24 Mar 2018 14:25:16,099 DEBUG - Graphulo.TwoTable(738) -  75758%00; :%00; [1] -> 1054 entries processed
24 Mar 2018 14:25:16,125 DEBUG - Graphulo.TwoTable(738) -  60690%00; :%00; [1] -> 2994714 entries processed
24 Mar 2018 14:25:16,595 DEBUG - Graphulo.TwoTable(738) -  3367%00; :%00; [1] -> 2234336 entries processed
24 Mar 2018 14:25:17,478 DEBUG - Graphulo.TwoTable(738) -  121852%00; :%00; [1] -> 314126 entries processed
24 Mar 2018 14:25:17,486 DEBUG - Graphulo.TwoTable(738) -  106689%00; :%00; [1] -> 59343592 entries processed
24 Mar 2018 14:25:23,842 DEBUG - Graphulo.TwoTable(738) -  420965%00; :%00; [1] -> 794284 entries processed
24 Mar 2018 14:25:25,995 DEBUG - Graphulo.TwoTable(738) -  808%00; :%00; [1] -> 517972 entries processed
24 Mar 2018 14:25:26,506 DEBUG - Graphulo.TwoTable(738) -  4370%00; :%00; [1] -> 22220 entries processed
24 Mar 2018 14:25:26,506 DEBUG - Graphulo.TwoTable(738) -  33044%00; :%00; [1] -> 26902 entries processed
24 Mar 2018 14:25:27,239 DEBUG - Graphulo.TwoTable(738) -  21661%00; :%00; [1] -> 616320 entries processed
24 Mar 2018 14:25:30,924 DEBUG - Graphulo.TwoTable(738) -  358606%00; :%00; [1] -> 18148 entries processed
24 Mar 2018 14:25:31,045 DEBUG - Graphulo.TwoTable(738) -  288303%00; :%00; [1] -> 74936 entries processed
24 Mar 2018 14:25:33,979 DEBUG - Graphulo.TwoTable(738) -  12296%00; :%00; [1] -> 5670880 entries processed
24 Mar 2018 14:25:35,094 DEBUG - Graphulo.TwoTable(738) -  26085%00; :%00; [1] -> 5326480 entries processed
24 Mar 2018 14:25:37,182 DEBUG - Graphulo.TwoTable(738) -  310113%00; :%00; [1] -> 2141428 entries processed
24 Mar 2018 14:25:38,107 DEBUG - Graphulo.TwoTable(738) -  43949%00; :%00; [1] -> 4916048 entries processed
24 Mar 2018 14:25:38,416 DEBUG - Graphulo.TwoTable(738) -  91247%00; :%00; [1] -> 2004338 entries processed
24 Mar 2018 14:25:40,333 DEBUG - Graphulo.TwoTable(738) -  666764%00; :%00; [1] -> 510600 entries processed
24 Mar 2018 14:25:41,207 DEBUG - Graphulo.TwoTable(738) -  2148%00; :%00; [1] -> 9128 entries processed
24 Mar 2018 14:25:41,423 DEBUG - Graphulo.TwoTable(738) -  674527%00; :%00; [1] -> 103740 entries processed
24 Mar 2018 14:25:42,957 DEBUG - Graphulo.TwoTable(738) -  8919%00; :%00; [1] -> 528654 entries processed
24 Mar 2018 14:25:44,009 DEBUG - Graphulo.TwoTable(738) -  102454%00; :%00; [1] -> 2003048 entries processed
24 Mar 2018 14:25:45,777 DEBUG - Graphulo.TwoTable(738) -  291%00; :%00; [1] -> 266012 entries processed
24 Mar 2018 14:25:46,785 DEBUG - Graphulo.TwoTable(738) -  21078%00; :%00; [1] -> 5713948 entries processed
24 Mar 2018 14:25:53,931 DEBUG - Graphulo.TwoTable(738) -  95160%00; :%00; [1] -> 322324 entries processed
24 Mar 2018 14:26:01,051 DEBUG - Graphulo.TwoTable(738) -  1072%00; :%00; [1] -> 1616988 entries processed
24 Mar 2018 14:26:01,727 DEBUG - Graphulo.TwoTable(738) -  579557%00; :%00; [1] -> 1543738 entries processed
24 Mar 2018 14:26:01,882 DEBUG - Graphulo.TwoTable(738) -  182807%00; :%00; [1] -> 2747284 entries processed
24 Mar 2018 14:26:07,312 DEBUG - Graphulo.TwoTable(738) -  36073%00; :%00; [1] -> 9927496 entries processed
24 Mar 2018 14:26:07,598 DEBUG - Graphulo.TwoTable(738) -  955%00; :%00; [1] -> 1907676 entries processed
24 Mar 2018 14:26:10,302 DEBUG - Graphulo.TwoTable(738) -  93573%00; :%00; [1] -> 2707090 entries processed
24 Mar 2018 14:26:14,154 DEBUG - Graphulo.TwoTable(738) -  456904%00; :%00; [1] -> 6819652 entries processed
24 Mar 2018 14:26:14,194 DEBUG - Graphulo.TwoTable(738) -  1705%00; :%00; [1] -> 560222 entries processed
24 Mar 2018 14:26:14,199 DEBUG - Graphulo.TwoTable(738) -  86912%00; :%00; [1] -> 2271468 entries processed
24 Mar 2018 14:26:19,178 DEBUG - Graphulo.TwoTable(738) -  145685%00; :%00; [1] -> 2180954 entries processed
24 Mar 2018 14:26:19,740 DEBUG - Graphulo.TwoTable(738) -  10606%00; :%00; [1] -> 811548 entries processed
24 Mar 2018 14:26:22,815 DEBUG - Graphulo.TwoTable(738) -  78383%00; :%00; [1] -> 5971072 entries processed
24 Mar 2018 14:26:22,816 DEBUG - Graphulo.TwoTable(738) -  126899%00; :%00; [1] -> 1838802 entries processed
24 Mar 2018 14:26:25,188 DEBUG - Graphulo.TwoTable(738) -  156876%00; :%00; [1] -> 1170526 entries processed
24 Mar 2018 14:26:38,225 DEBUG - Graphulo.TwoTable(738) -  134868%00; :%00; [1] -> 2228782 entries processed
24 Mar 2018 14:26:41,611 DEBUG - Graphulo.TwoTable(738) -  759058%00; :%00; [1] -> 3889992 entries processed
24 Mar 2018 14:26:45,141 DEBUG - Graphulo.TwoTable(738) -  82103%00; :%00; [1] -> 2251898 entries processed
24 Mar 2018 14:26:47,759 DEBUG - Graphulo.TwoTable(738) -  108797%00; :%00; [1] -> 1098970 entries processed
24 Mar 2018 14:26:50,156 DEBUG - Graphulo.TwoTable(738) -  5502%00; :%00; [1] -> 541842 entries processed
24 Mar 2018 14:26:51,123 DEBUG - Graphulo.TwoTable(738) -  104678%00; :%00; [1] -> 2798432 entries processed
24 Mar 2018 14:27:15,856 DEBUG - Graphulo.TwoTable(738) -  226655%00; :%00; [1] -> 1502988 entries processed
24 Mar 2018 14:27:31,029 DEBUG - Graphulo.TwoTable(738) -  389970%00; :%00; [1] -> 2041638 entries processed
24 Mar 2018 14:28:01,464 DEBUG - Graphulo.TwoTable(738) -  529759%00; :%00; [1] -> 270960 entries processed
24 Mar 2018 14:28:08,499 DEBUG - Graphulo.TwoTable(738) -  238210%00; :%00; [1] -> 2078522 entries processed
24 Mar 2018 14:28:16,276 DEBUG - Graphulo.TwoTable(738) -  492%00; :%00; [1] -> 2993552 entries processed
24 Mar 2018 14:28:27,691 DEBUG - Graphulo.TwoTable(738) -  683507%00; :%00; [1] -> 1569942 entries processed
24 Mar 2018 14:29:12,982 DEBUG - Graphulo.TwoTable(738) -  113979%00; :%00; [1] -> 3780660 entries processed
24 Mar 2018 14:29:52,973 DEBUG - Graphulo.TwoTable(738) -  717945%00; :%00; [1] -> 2133494 entries processed
24 Mar 2018 14:33:49,714 DEBUG - Graphulo.kTrussAdj_Smart(2512) -  time to count 644970 entries is 236051
24 Mar 2018 14:33:49,714 DEBUG - Graphulo.kTrussAdj_Smart(2515) -  iter +8 nppBefore 205030082 nppAfter 205030082; 369 s
[SBM] nnz: 205030082, duration: 7887059 ms
