/home/i/spark-2.2/bin/spark-submit --class ir.ac.sbu.graph.ktruss.spark.KTrussSpark --total-executor-cores 120 --master spark://alemi-1:7077 /home/i/subgraph-mining/target/subgraph-mining-1.0-jar-with-dependencies.jar hdfs://alemi-1/graph-data/dblp 120 8
[SBM] Input: hdfs://alemi-1/graph-data/dblp, partitionNum: 120, kc: 8
[SBM] Spark conf: spark.app.name=KTrussSpark-120-dblp
spark.cores.max=120
spark.driver.maxResultSize=1g
spark.driver.memory=2g
spark.dynamicAllocation.enabled=true
spark.dynamicAllocation.maxExecutors=50
spark.dynamicAllocation.minExecutors=20
spark.eventLog.dir=hdfs://alemi-1/shared/spark-logs
spark.eventLog.enabled=true
spark.executor.cores=4
spark.executor.extraJavaOptions=-XX:+UseG1GC -XX:-ResizePLAB -XX:+PrintFlagsFinal -XX:+PrintReferenceGC -verbose:gc -XX:+PrintGCDetails -XX:+PrintGCTimeStamps -XX:+PrintAdaptiveSizePolicy -XX:+UnlockDiagnosticVMOptions -XX:+G1SummarizeConcMark -XX:+PrintFlagsFinal -XX:+UseCompressedOops -verbose:gc -XX:InitiatingHeapOccupancyPercent=20
spark.executor.memory=20G
spark.history.fs.logDirectory=hdfs://alemi-1/shared/spark-logs
spark.io.compression.codec=lz4
spark.io.compression.lz4.blockSize=32k
spark.jars=file:/home/i/subgraph-mining/target/subgraph-mining-1.0-jar-with-dependencies.jar
spark.kryo.classesToRegister=
spark.kryo.unsafe=true
spark.kryoserializer.buffer=256k
spark.kryoserializer.buffer.max=256m
spark.local.dir=/mnt/sde/spark-data,/mnt/sdf/spark-data
spark.master=spark://alemi-1:7077
spark.rdd.compress=false
spark.reducer.maxSizeInFlight=32m
spark.rpc.netty.dispatcher.numThreads=3
spark.serializer=org.apache.spark.serializer.KryoSerializer
spark.shuffle.compress=true
spark.shuffle.file.buffer=32k
spark.shuffle.io.numConnectionsPerPeer=3
spark.shuffle.io.preferDirectBufs=false
spark.shuffle.service.enabled=true
spark.submit.deployMode=client
spark.worker.cleanup.enabled=true
[KTrussSpark] iteration: 1, invalid edge count: 687583, duration: 28456 ms
[KTrussSpark] iteration: 2, invalid edge count: 31006, duration: 6692 ms
[KTrussSpark] iteration: 3, invalid edge count: 2113, duration: 3422 ms
[KTrussSpark] iteration: 4, invalid edge count: 357, duration: 1973 ms
[KTrussSpark] iteration: 5, invalid edge count: 121, duration: 1895 ms
[KTrussSpark] iteration: 6, invalid edge count: 60, duration: 1718 ms
[KTrussSpark] iteration: 7, invalid edge count: 18, duration: 1710 ms
[KTrussSpark] iteration: 8, invalid edge count: 5, duration: 1712 ms
[KTrussSpark] iteration: 9, invalid edge count: 1, duration: 1630 ms
[KTrussSpark] iteration: 10, invalid edge count: 2, duration: 1730 ms
[KTrussSpark] iteration: 11, invalid edge count: 2, duration: 1686 ms
[KTrussSpark] KTruss Edge Count: 243142, duration: 54845 ms
