/home/i/spark-2.2/bin/spark-submit --class ir.ac.sbu.graph.ktruss.spark.KTrussSpark --total-executor-cores 120 --master spark://alemi-1:7077 /home/i/subgraph-mining/target/subgraph-mining-1.0-jar-with-dependencies.jar hdfs://alemi-1/graph-data/gowalla 120 10
[SBM] Input: hdfs://alemi-1/graph-data/gowalla, partitionNum: 120, kc: 10
[SBM] Spark conf: spark.app.name=KTrussSpark-120-gowalla
spark.cores.max=120
spark.driver.maxResultSize=1g
spark.driver.memory=2g
spark.dynamicAllocation.enabled=true
spark.dynamicAllocation.maxExecutors=50
spark.dynamicAllocation.minExecutors=20
spark.eventLog.dir=hdfs://alemi-1/shared/spark-logs
spark.eventLog.enabled=true
spark.executor.cores=4
spark.executor.extraJavaOptions=-XX:+UseG1GC -XX:-ResizePLAB -XX:+PrintFlagsFinal -XX:+PrintReferenceGC -verbose:gc -XX:+PrintGCDetails -XX:+PrintGCTimeStamps -XX:+PrintAdaptiveSizePolicy -XX:+UnlockDiagnosticVMOptions -XX:+G1SummarizeConcMark -XX:+PrintFlagsFinal -XX:+UseCompressedOops -verbose:gc -XX:InitiatingHeapOccupancyPercent=20
spark.executor.memory=20G
spark.history.fs.logDirectory=hdfs://alemi-1/shared/spark-logs
spark.io.compression.codec=lz4
spark.io.compression.lz4.blockSize=32k
spark.jars=file:/home/i/subgraph-mining/target/subgraph-mining-1.0-jar-with-dependencies.jar
spark.kryo.classesToRegister=
spark.kryo.unsafe=true
spark.kryoserializer.buffer=256k
spark.kryoserializer.buffer.max=256m
spark.local.dir=/mnt/sde/spark-data,/mnt/sdf/spark-data
spark.master=spark://alemi-1:7077
spark.rdd.compress=false
spark.reducer.maxSizeInFlight=32m
spark.rpc.netty.dispatcher.numThreads=3
spark.serializer=org.apache.spark.serializer.KryoSerializer
spark.shuffle.compress=true
spark.shuffle.file.buffer=32k
spark.shuffle.io.numConnectionsPerPeer=3
spark.shuffle.io.preferDirectBufs=false
spark.shuffle.service.enabled=true
spark.submit.deployMode=client
spark.worker.cleanup.enabled=true
[KTrussSpark] iteration: 1, invalid edge count: 490967, duration: 27609 ms
[KTrussSpark] iteration: 2, invalid edge count: 65285, duration: 6347 ms
[KTrussSpark] iteration: 3, invalid edge count: 20306, duration: 4077 ms
[KTrussSpark] iteration: 4, invalid edge count: 8752, duration: 3238 ms
[KTrussSpark] iteration: 5, invalid edge count: 4519, duration: 2588 ms
[KTrussSpark] iteration: 6, invalid edge count: 2567, duration: 2094 ms
[KTrussSpark] iteration: 7, invalid edge count: 1461, duration: 1854 ms
[KTrussSpark] iteration: 8, invalid edge count: 790, duration: 1671 ms
[KTrussSpark] iteration: 9, invalid edge count: 581, duration: 1599 ms
[KTrussSpark] iteration: 10, invalid edge count: 399, duration: 1497 ms
[KTrussSpark] iteration: 11, invalid edge count: 194, duration: 1518 ms
[KTrussSpark] iteration: 12, invalid edge count: 110, duration: 1494 ms
[KTrussSpark] iteration: 13, invalid edge count: 85, duration: 1494 ms
[KTrussSpark] iteration: 14, invalid edge count: 66, duration: 1425 ms
[KTrussSpark] iteration: 15, invalid edge count: 31, duration: 1446 ms
[KTrussSpark] iteration: 16, invalid edge count: 30, duration: 1451 ms
