/home/i/spark-2.2/bin/spark-submit --class ir.ac.sbu.graph.ktruss.spark.KTrussSpark --total-executor-cores 120 --master spark://alemi-1:7077 /home/i/subgraph-mining/target/subgraph-mining-1.0-jar-with-dependencies.jar hdfs://alemi-1/graph-data/gowalla 120 9
[SBM] Input: hdfs://alemi-1/graph-data/gowalla, partitionNum: 120, kc: 9
[SBM] Spark conf: spark.app.name=KTrussSpark-120-gowalla
spark.cores.max=120
spark.driver.maxResultSize=1g
spark.driver.memory=2g
spark.dynamicAllocation.enabled=true
spark.dynamicAllocation.maxExecutors=50
spark.dynamicAllocation.minExecutors=20
spark.eventLog.dir=hdfs://alemi-1/shared/spark-logs
spark.eventLog.enabled=true
spark.executor.cores=4
spark.executor.extraJavaOptions=-XX:+UseG1GC -XX:-ResizePLAB -XX:+PrintFlagsFinal -XX:+PrintReferenceGC -verbose:gc -XX:+PrintGCDetails -XX:+PrintGCTimeStamps -XX:+PrintAdaptiveSizePolicy -XX:+UnlockDiagnosticVMOptions -XX:+G1SummarizeConcMark -XX:+PrintFlagsFinal -XX:+UseCompressedOops -verbose:gc -XX:InitiatingHeapOccupancyPercent=20
spark.executor.memory=20G
spark.history.fs.logDirectory=hdfs://alemi-1/shared/spark-logs
spark.io.compression.codec=lz4
spark.io.compression.lz4.blockSize=32k
spark.jars=file:/home/i/subgraph-mining/target/subgraph-mining-1.0-jar-with-dependencies.jar
spark.kryo.classesToRegister=
spark.kryo.unsafe=true
spark.kryoserializer.buffer=256k
spark.kryoserializer.buffer.max=256m
spark.local.dir=/mnt/sde/spark-data,/mnt/sdf/spark-data
spark.master=spark://alemi-1:7077
spark.rdd.compress=false
spark.reducer.maxSizeInFlight=32m
spark.rpc.netty.dispatcher.numThreads=3
spark.serializer=org.apache.spark.serializer.KryoSerializer
spark.shuffle.compress=true
spark.shuffle.file.buffer=32k
spark.shuffle.io.numConnectionsPerPeer=3
spark.shuffle.io.preferDirectBufs=false
spark.shuffle.service.enabled=true
spark.submit.deployMode=client
spark.worker.cleanup.enabled=true
[KTrussSpark] iteration: 1, invalid edge count: 460056, duration: 29813 ms
[KTrussSpark] iteration: 2, invalid edge count: 64971, duration: 5746 ms
[KTrussSpark] iteration: 3, invalid edge count: 20104, duration: 4076 ms
[KTrussSpark] iteration: 4, invalid edge count: 8166, duration: 3084 ms
[KTrussSpark] iteration: 5, invalid edge count: 3960, duration: 2425 ms
[KTrussSpark] iteration: 6, invalid edge count: 2076, duration: 2094 ms
[KTrussSpark] iteration: 7, invalid edge count: 1132, duration: 1748 ms
[KTrussSpark] iteration: 8, invalid edge count: 661, duration: 1581 ms
[KTrussSpark] iteration: 9, invalid edge count: 398, duration: 1543 ms
[KTrussSpark] iteration: 10, invalid edge count: 199, duration: 1642 ms
[KTrussSpark] iteration: 11, invalid edge count: 178, duration: 1503 ms
[KTrussSpark] iteration: 12, invalid edge count: 155, duration: 1548 ms
[KTrussSpark] iteration: 13, invalid edge count: 126, duration: 1520 ms
[KTrussSpark] iteration: 14, invalid edge count: 88, duration: 1566 ms
