/home/i/spark-2.2/bin/spark-submit --class ir.ac.sbu.graph.ktruss.spark.KTrussSpark --total-executor-cores 120 --master spark://alemi-1:7077 /home/i/subgraph-mining/target/subgraph-mining-1.0-jar-with-dependencies.jar hdfs://alemi-1/graph-data/it_2004 300 6
[SBM] Input: hdfs://alemi-1/graph-data/it_2004, partitionNum: 300, k: 6
[SBM] Spark conf: spark.app.name=KTrussSpark-300-it_2004
spark.cores.max=120
spark.driver.maxResultSize=1g
spark.driver.memory=2g
spark.dynamicAllocation.enabled=true
spark.dynamicAllocation.maxExecutors=50
spark.dynamicAllocation.minExecutors=20
spark.eventLog.dir=hdfs://alemi-1/shared/spark-logs
spark.eventLog.enabled=true
spark.executor.cores=4
spark.executor.extraJavaOptions=-XX:+UseG1GC -XX:-ResizePLAB -XX:+PrintFlagsFinal -XX:+PrintReferenceGC -verbose:gc -XX:+PrintGCDetails -XX:+PrintGCTimeStamps -XX:+PrintAdaptiveSizePolicy -XX:+UnlockDiagnosticVMOptions -XX:+G1SummarizeConcMark -XX:+PrintFlagsFinal -XX:+UseCompressedOops -verbose:gc -XX:InitiatingHeapOccupancyPercent=20
spark.executor.memory=20G
spark.history.fs.logDirectory=hdfs://alemi-1/shared/spark-logs
spark.io.compression.codec=lz4
spark.io.compression.lz4.blockSize=32k
spark.jars=file:/home/i/subgraph-mining/target/subgraph-mining-1.0-jar-with-dependencies.jar
spark.kryo.classesToRegister=
spark.kryo.unsafe=true
spark.kryoserializer.buffer=256k
spark.kryoserializer.buffer.max=256m
spark.local.dir=/mnt/sde/spark-data,/mnt/sdf/spark-data
spark.master=spark://alemi-1:7077
spark.rdd.compress=false
spark.reducer.maxSizeInFlight=32m
spark.rpc.netty.dispatcher.numThreads=3
spark.serializer=org.apache.spark.serializer.KryoSerializer
spark.shuffle.compress=true
spark.shuffle.file.buffer=32k
spark.shuffle.io.numConnectionsPerPeer=3
spark.shuffle.io.preferDirectBufs=false
spark.shuffle.service.enabled=true
spark.submit.deployMode=client
spark.worker.cleanup.enabled=true
[KTrussSpark] iteration: 1, invalid edge count: 2574381, duration: 945413 ms
[KTrussSpark] iteration: 2, invalid edge count: 354264, duration: 7851 ms
[KTrussSpark] iteration: 3, invalid edge count: 35965, duration: 4737 ms
[KTrussSpark] iteration: 4, invalid edge count: 6926, duration: 3826 ms
[KTrussSpark] iteration: 5, invalid edge count: 2925, duration: 3200 ms
[KTrussSpark] iteration: 6, invalid edge count: 1703, duration: 3200 ms
[KTrussSpark] iteration: 7, invalid edge count: 993, duration: 3276 ms
[KTrussSpark] iteration: 8, invalid edge count: 781, duration: 3473 ms
[KTrussSpark] iteration: 9, invalid edge count: 614, duration: 3097 ms
[KTrussSpark] iteration: 10, invalid edge count: 426, duration: 4094 ms
[KTrussSpark] iteration: 11, invalid edge count: 307, duration: 3086 ms
[KTrussSpark] iteration: 12, invalid edge count: 229, duration: 3149 ms
[KTrussSpark] iteration: 13, invalid edge count: 196, duration: 3208 ms
[KTrussSpark] iteration: 14, invalid edge count: 172, duration: 3206 ms
[KTrussSpark] iteration: 15, invalid edge count: 143, duration: 3172 ms
[KTrussSpark] iteration: 16, invalid edge count: 141, duration: 3184 ms
[KTrussSpark] iteration: 17, invalid edge count: 118, duration: 3228 ms
[KTrussSpark] iteration: 18, invalid edge count: 88, duration: 3209 ms
[KTrussSpark] iteration: 19, invalid edge count: 88, duration: 3235 ms
[KTrussSpark] iteration: 20, invalid edge count: 80, duration: 3202 ms
[KTrussSpark] iteration: 21, invalid edge count: 52, duration: 3225 ms
[KTrussSpark] iteration: 22, invalid edge count: 48, duration: 3288 ms
[KTrussSpark] iteration: 23, invalid edge count: 44, duration: 3302 ms
[KTrussSpark] iteration: 24, invalid edge count: 40, duration: 3310 ms
[KTrussSpark] iteration: 25, invalid edge count: 39, duration: 3287 ms
[KTrussSpark] iteration: 26, invalid edge count: 36, duration: 3400 ms
[KTrussSpark] iteration: 27, invalid edge count: 37, duration: 3300 ms
[KTrussSpark] iteration: 28, invalid edge count: 32, duration: 3257 ms
[KTrussSpark] iteration: 29, invalid edge count: 34, duration: 3379 ms
[KTrussSpark] iteration: 30, invalid edge count: 27, duration: 3467 ms
[KTrussSpark] iteration: 31, invalid edge count: 29, duration: 3414 ms
[KTrussSpark] iteration: 32, invalid edge count: 27, duration: 3407 ms
[KTrussSpark] iteration: 33, invalid edge count: 21, duration: 3461 ms
[KTrussSpark] iteration: 34, invalid edge count: 21, duration: 3450 ms
[KTrussSpark] iteration: 35, invalid edge count: 23, duration: 3510 ms
[KTrussSpark] iteration: 36, invalid edge count: 19, duration: 3422 ms
[KTrussSpark] iteration: 37, invalid edge count: 19, duration: 3408 ms
[KTrussSpark] iteration: 38, invalid edge count: 18, duration: 3486 ms
[KTrussSpark] iteration: 39, invalid edge count: 15, duration: 3616 ms
[KTrussSpark] iteration: 40, invalid edge count: 15, duration: 3525 ms
[KTrussSpark] iteration: 41, invalid edge count: 15, duration: 3529 ms
[KTrussSpark] iteration: 42, invalid edge count: 15, duration: 3572 ms
[KTrussSpark] iteration: 43, invalid edge count: 15, duration: 3545 ms
[KTrussSpark] iteration: 44, invalid edge count: 15, duration: 3573 ms
[KTrussSpark] iteration: 45, invalid edge count: 15, duration: 3545 ms
[KTrussSpark] iteration: 46, invalid edge count: 15, duration: 3704 ms
[KTrussSpark] iteration: 47, invalid edge count: 16, duration: 3726 ms
[KTrussSpark] iteration: 48, invalid edge count: 15, duration: 3729 ms
[KTrussSpark] iteration: 49, invalid edge count: 9, duration: 3656 ms
[KTrussSpark] iteration: 50, invalid edge count: 9, duration: 3875 ms
[KTrussSpark] iteration: 51, invalid edge count: 11, duration: 3643 ms
[KTrussSpark] iteration: 52, invalid edge count: 7, duration: 3813 ms
[KTrussSpark] iteration: 53, invalid edge count: 7, duration: 3667 ms
[KTrussSpark] iteration: 54, invalid edge count: 7, duration: 3842 ms
[KTrussSpark] iteration: 55, invalid edge count: 7, duration: 3691 ms
[KTrussSpark] iteration: 56, invalid edge count: 6, duration: 3759 ms
[KTrussSpark] iteration: 57, invalid edge count: 6, duration: 3754 ms
[KTrussSpark] iteration: 58, invalid edge count: 6, duration: 3742 ms
[KTrussSpark] iteration: 59, invalid edge count: 6, duration: 4222 ms
[KTrussSpark] iteration: 60, invalid edge count: 8, duration: 3789 ms
[KTrussSpark] iteration: 61, invalid edge count: 4, duration: 4051 ms
[KTrussSpark] iteration: 62, invalid edge count: 4, duration: 3713 ms
[KTrussSpark] iteration: 63, invalid edge count: 4, duration: 3777 ms
[KTrussSpark] iteration: 64, invalid edge count: 4, duration: 3990 ms
[KTrussSpark] iteration: 65, invalid edge count: 4, duration: 3912 ms
[KTrussSpark] iteration: 66, invalid edge count: 4, duration: 3901 ms
[KTrussSpark] iteration: 67, invalid edge count: 4, duration: 4020 ms
[KTrussSpark] iteration: 68, invalid edge count: 4, duration: 68082 ms
