/home/i/spark-2.2/bin/spark-submit --class ir.ac.sbu.graph.ktruss.spark.KTrussSpark --total-executor-cores 120 --master spark://alemi-1:7077 /home/i/subgraph-mining/target/subgraph-mining-1.0-jar-with-dependencies.jar hdfs://alemi-1/graph-data/it_2004 300 9
[SBM] Input: hdfs://alemi-1/graph-data/it_2004, partitionNum: 300, kc: 9
[SBM] Spark conf: spark.app.name=KTrussSpark-300-it_2004
spark.cores.max=120
spark.driver.maxResultSize=1g
spark.driver.memory=2g
spark.dynamicAllocation.enabled=true
spark.dynamicAllocation.maxExecutors=50
spark.dynamicAllocation.minExecutors=20
spark.eventLog.dir=hdfs://alemi-1/shared/spark-logs
spark.eventLog.enabled=true
spark.executor.cores=4
spark.executor.extraJavaOptions=-XX:+UseG1GC -XX:-ResizePLAB -XX:+PrintFlagsFinal -XX:+PrintReferenceGC -verbose:gc -XX:+PrintGCDetails -XX:+PrintGCTimeStamps -XX:+PrintAdaptiveSizePolicy -XX:+UnlockDiagnosticVMOptions -XX:+G1SummarizeConcMark -XX:+PrintFlagsFinal -XX:+UseCompressedOops -verbose:gc -XX:InitiatingHeapOccupancyPercent=20
spark.executor.memory=20G
spark.history.fs.logDirectory=hdfs://alemi-1/shared/spark-logs
spark.io.compression.codec=lz4
spark.io.compression.lz4.blockSize=32k
spark.jars=file:/home/i/subgraph-mining/target/subgraph-mining-1.0-jar-with-dependencies.jar
spark.kryo.classesToRegister=
spark.kryo.unsafe=true
spark.kryoserializer.buffer=256k
spark.kryoserializer.buffer.max=256m
spark.local.dir=/mnt/sde/spark-data,/mnt/sdf/spark-data
spark.master=spark://alemi-1:7077
spark.rdd.compress=false
spark.reducer.maxSizeInFlight=32m
spark.rpc.netty.dispatcher.numThreads=3
spark.serializer=org.apache.spark.serializer.KryoSerializer
spark.shuffle.compress=true
spark.shuffle.file.buffer=32k
spark.shuffle.io.numConnectionsPerPeer=3
spark.shuffle.io.preferDirectBufs=false
spark.shuffle.service.enabled=true
spark.submit.deployMode=client
spark.worker.cleanup.enabled=true
[KTrussSpark] iteration: 1, invalid edge count: 4854524, duration: 904019 ms
[KTrussSpark] iteration: 2, invalid edge count: 608637, duration: 8261 ms
[KTrussSpark] iteration: 3, invalid edge count: 96923, duration: 4648 ms
[KTrussSpark] iteration: 4, invalid edge count: 24239, duration: 4095 ms
[KTrussSpark] iteration: 5, invalid edge count: 5554, duration: 5444 ms
[KTrussSpark] iteration: 6, invalid edge count: 2646, duration: 4634 ms
[KTrussSpark] iteration: 7, invalid edge count: 2010, duration: 3522 ms
[KTrussSpark] iteration: 8, invalid edge count: 1891, duration: 3484 ms
[KTrussSpark] iteration: 9, invalid edge count: 1740, duration: 3430 ms
[KTrussSpark] iteration: 10, invalid edge count: 1531, duration: 3559 ms
[KTrussSpark] iteration: 11, invalid edge count: 1277, duration: 3596 ms
[KTrussSpark] iteration: 12, invalid edge count: 1156, duration: 3526 ms
[KTrussSpark] iteration: 13, invalid edge count: 818, duration: 3589 ms
[KTrussSpark] iteration: 14, invalid edge count: 628, duration: 3525 ms
[KTrussSpark] iteration: 15, invalid edge count: 516, duration: 3434 ms
[KTrussSpark] iteration: 16, invalid edge count: 354, duration: 3547 ms
[KTrussSpark] iteration: 17, invalid edge count: 280, duration: 3651 ms
[KTrussSpark] iteration: 18, invalid edge count: 215, duration: 3492 ms
[KTrussSpark] iteration: 19, invalid edge count: 209, duration: 3512 ms
[KTrussSpark] iteration: 20, invalid edge count: 238, duration: 3696 ms
[KTrussSpark] iteration: 21, invalid edge count: 198, duration: 3603 ms
[KTrussSpark] iteration: 22, invalid edge count: 168, duration: 3629 ms
[KTrussSpark] iteration: 23, invalid edge count: 145, duration: 3668 ms
[KTrussSpark] iteration: 24, invalid edge count: 143, duration: 3614 ms
[KTrussSpark] iteration: 25, invalid edge count: 132, duration: 3719 ms
[KTrussSpark] iteration: 26, invalid edge count: 119, duration: 3710 ms
[KTrussSpark] iteration: 27, invalid edge count: 103, duration: 3661 ms
[KTrussSpark] iteration: 28, invalid edge count: 86, duration: 3841 ms
[KTrussSpark] iteration: 29, invalid edge count: 86, duration: 3655 ms
[KTrussSpark] iteration: 30, invalid edge count: 83, duration: 3724 ms
[KTrussSpark] iteration: 31, invalid edge count: 81, duration: 3830 ms
[KTrussSpark] iteration: 32, invalid edge count: 80, duration: 3880 ms
[KTrussSpark] iteration: 33, invalid edge count: 78, duration: 3691 ms
[KTrussSpark] iteration: 34, invalid edge count: 74, duration: 3746 ms
[KTrussSpark] iteration: 35, invalid edge count: 70, duration: 3794 ms
[KTrussSpark] iteration: 36, invalid edge count: 62, duration: 3902 ms
[KTrussSpark] iteration: 37, invalid edge count: 67, duration: 3900 ms
[KTrussSpark] iteration: 38, invalid edge count: 54, duration: 3787 ms
[KTrussSpark] iteration: 39, invalid edge count: 49, duration: 3873 ms
[KTrussSpark] iteration: 40, invalid edge count: 34, duration: 3866 ms
[KTrussSpark] iteration: 41, invalid edge count: 35, duration: 3808 ms
[KTrussSpark] iteration: 42, invalid edge count: 30, duration: 3917 ms
[KTrussSpark] iteration: 43, invalid edge count: 30, duration: 3884 ms
[KTrussSpark] iteration: 44, invalid edge count: 30, duration: 3940 ms
[KTrussSpark] iteration: 45, invalid edge count: 30, duration: 4079 ms
[KTrussSpark] iteration: 46, invalid edge count: 30, duration: 4170 ms
[KTrussSpark] iteration: 47, invalid edge count: 30, duration: 4032 ms
[KTrussSpark] iteration: 48, invalid edge count: 30, duration: 4196 ms
[KTrussSpark] iteration: 49, invalid edge count: 30, duration: 4144 ms
[KTrussSpark] iteration: 50, invalid edge count: 28, duration: 4211 ms
[KTrussSpark] iteration: 51, invalid edge count: 40, duration: 4072 ms
[KTrussSpark] iteration: 52, invalid edge count: 40, duration: 4222 ms
[KTrussSpark] iteration: 53, invalid edge count: 24, duration: 4080 ms
[KTrussSpark] iteration: 54, invalid edge count: 24, duration: 4473 ms
[KTrussSpark] iteration: 55, invalid edge count: 23, duration: 4168 ms
[KTrussSpark] iteration: 56, invalid edge count: 22, duration: 4193 ms
[KTrussSpark] iteration: 57, invalid edge count: 22, duration: 4553 ms
[KTrussSpark] iteration: 58, invalid edge count: 22, duration: 4219 ms
[KTrussSpark] iteration: 59, invalid edge count: 22, duration: 4138 ms
[KTrussSpark] iteration: 60, invalid edge count: 22, duration: 4136 ms
[KTrussSpark] iteration: 61, invalid edge count: 22, duration: 4334 ms
[KTrussSpark] iteration: 62, invalid edge count: 23, duration: 4206 ms
[KTrussSpark] iteration: 63, invalid edge count: 24, duration: 4293 ms
[KTrussSpark] iteration: 64, invalid edge count: 25, duration: 4185 ms
[KTrussSpark] iteration: 65, invalid edge count: 26, duration: 4224 ms
[KTrussSpark] iteration: 66, invalid edge count: 27, duration: 4379 ms
[KTrussSpark] iteration: 67, invalid edge count: 22, duration: 4617 ms
[KTrussSpark] iteration: 68, invalid edge count: 22, duration: 4381 ms
