/home/i/spark-2.2/bin/spark-submit --class ir.ac.sbu.graph.ktruss.spark.KTrussSpark --total-executor-cores 120 --master spark://alemi-1:7077 /home/i/subgraph-mining/target/subgraph-mining-1.0-jar-with-dependencies.jar hdfs://alemi-1/graph-data/it_2004 300 5
[SBM] Input: hdfs://alemi-1/graph-data/it_2004, partitionNum: 300, k: 5
[SBM] Spark conf: spark.app.name=KTrussSpark-300-it_2004
spark.cores.max=120
spark.driver.maxResultSize=1g
spark.driver.memory=2g
spark.dynamicAllocation.enabled=true
spark.dynamicAllocation.maxExecutors=50
spark.dynamicAllocation.minExecutors=20
spark.eventLog.dir=hdfs://alemi-1/shared/spark-logs
spark.eventLog.enabled=true
spark.executor.cores=4
spark.executor.extraJavaOptions=-XX:+UseG1GC -XX:-ResizePLAB -XX:+PrintFlagsFinal -XX:+PrintReferenceGC -verbose:gc -XX:+PrintGCDetails -XX:+PrintGCTimeStamps -XX:+PrintAdaptiveSizePolicy -XX:+UnlockDiagnosticVMOptions -XX:+G1SummarizeConcMark -XX:+PrintFlagsFinal -XX:+UseCompressedOops -verbose:gc -XX:InitiatingHeapOccupancyPercent=20
spark.executor.memory=20G
spark.history.fs.logDirectory=hdfs://alemi-1/shared/spark-logs
spark.io.compression.codec=lz4
spark.io.compression.lz4.blockSize=32k
spark.jars=file:/home/i/subgraph-mining/target/subgraph-mining-1.0-jar-with-dependencies.jar
spark.kryo.classesToRegister=
spark.kryo.unsafe=true
spark.kryoserializer.buffer=256k
spark.kryoserializer.buffer.max=256m
spark.local.dir=/mnt/sde/spark-data,/mnt/sdf/spark-data
spark.master=spark://alemi-1:7077
spark.rdd.compress=false
spark.reducer.maxSizeInFlight=32m
spark.rpc.netty.dispatcher.numThreads=3
spark.serializer=org.apache.spark.serializer.KryoSerializer
spark.shuffle.compress=true
spark.shuffle.file.buffer=32k
spark.shuffle.io.numConnectionsPerPeer=3
spark.shuffle.io.preferDirectBufs=false
spark.shuffle.service.enabled=true
spark.submit.deployMode=client
spark.worker.cleanup.enabled=true
[KTrussSpark] iteration: 1, invalid edge count: 1716201, duration: 895094 ms
[KTrussSpark] iteration: 2, invalid edge count: 169280, duration: 6471 ms
[KTrussSpark] iteration: 3, invalid edge count: 19757, duration: 3984 ms
[KTrussSpark] iteration: 4, invalid edge count: 4798, duration: 3132 ms
[KTrussSpark] iteration: 5, invalid edge count: 2568, duration: 3039 ms
[KTrussSpark] iteration: 6, invalid edge count: 1848, duration: 3027 ms
[KTrussSpark] iteration: 7, invalid edge count: 1351, duration: 3060 ms
[KTrussSpark] iteration: 8, invalid edge count: 978, duration: 3677 ms
[KTrussSpark] iteration: 9, invalid edge count: 709, duration: 3660 ms
[KTrussSpark] iteration: 10, invalid edge count: 581, duration: 3188 ms
[KTrussSpark] iteration: 11, invalid edge count: 413, duration: 2990 ms
[KTrussSpark] iteration: 12, invalid edge count: 280, duration: 3261 ms
[KTrussSpark] iteration: 13, invalid edge count: 239, duration: 3140 ms
[KTrussSpark] iteration: 14, invalid edge count: 197, duration: 3304 ms
[KTrussSpark] iteration: 15, invalid edge count: 185, duration: 3710 ms
[KTrussSpark] iteration: 16, invalid edge count: 182, duration: 6261 ms
[KTrussSpark] iteration: 17, invalid edge count: 165, duration: 4316 ms
[KTrussSpark] iteration: 18, invalid edge count: 161, duration: 3246 ms
[KTrussSpark] iteration: 19, invalid edge count: 128, duration: 3253 ms
[KTrussSpark] iteration: 20, invalid edge count: 98, duration: 3155 ms
[KTrussSpark] iteration: 21, invalid edge count: 66, duration: 3241 ms
[KTrussSpark] iteration: 22, invalid edge count: 52, duration: 3194 ms
[KTrussSpark] iteration: 23, invalid edge count: 52, duration: 3588 ms
[KTrussSpark] iteration: 24, invalid edge count: 39, duration: 3274 ms
[KTrussSpark] iteration: 25, invalid edge count: 37, duration: 3253 ms
[KTrussSpark] iteration: 26, invalid edge count: 34, duration: 3190 ms
[KTrussSpark] iteration: 27, invalid edge count: 34, duration: 3335 ms
[KTrussSpark] iteration: 28, invalid edge count: 34, duration: 3291 ms
[KTrussSpark] iteration: 29, invalid edge count: 32, duration: 3247 ms
[KTrussSpark] iteration: 30, invalid edge count: 31, duration: 3309 ms
[KTrussSpark] iteration: 31, invalid edge count: 30, duration: 3300 ms
[KTrussSpark] iteration: 32, invalid edge count: 29, duration: 3437 ms
[KTrussSpark] iteration: 33, invalid edge count: 30, duration: 3383 ms
[KTrussSpark] iteration: 34, invalid edge count: 31, duration: 3332 ms
[KTrussSpark] iteration: 35, invalid edge count: 25, duration: 3253 ms
[KTrussSpark] iteration: 36, invalid edge count: 19, duration: 3444 ms
[KTrussSpark] iteration: 37, invalid edge count: 19, duration: 3393 ms
[KTrussSpark] iteration: 38, invalid edge count: 22, duration: 3429 ms
[KTrussSpark] iteration: 39, invalid edge count: 9, duration: 3338 ms
[KTrussSpark] iteration: 40, invalid edge count: 3, duration: 3504 ms
[KTrussSpark] iteration: 41, invalid edge count: 3, duration: 3497 ms
[KTrussSpark] iteration: 42, invalid edge count: 3, duration: 3548 ms
[KTrussSpark] iteration: 43, invalid edge count: 3, duration: 3616 ms
[KTrussSpark] iteration: 44, invalid edge count: 3, duration: 3477 ms
[KTrussSpark] iteration: 45, invalid edge count: 3, duration: 3502 ms
[KTrussSpark] iteration: 46, invalid edge count: 3, duration: 3665 ms
[KTrussSpark] iteration: 47, invalid edge count: 3, duration: 3588 ms
[KTrussSpark] iteration: 48, invalid edge count: 4, duration: 3591 ms
[KTrussSpark] iteration: 49, invalid edge count: 3, duration: 3534 ms
[KTrussSpark] iteration: 50, invalid edge count: 3, duration: 3624 ms
[KTrussSpark] iteration: 51, invalid edge count: 4, duration: 3643 ms
[KTrussSpark] iteration: 52, invalid edge count: 3, duration: 3752 ms
[KTrussSpark] iteration: 53, invalid edge count: 2, duration: 3620 ms
[KTrussSpark] iteration: 54, invalid edge count: 2, duration: 3638 ms
[KTrussSpark] iteration: 55, invalid edge count: 2, duration: 3624 ms
[KTrussSpark] iteration: 56, invalid edge count: 2, duration: 3759 ms
[KTrussSpark] iteration: 57, invalid edge count: 2, duration: 3668 ms
[KTrussSpark] iteration: 58, invalid edge count: 2, duration: 3838 ms
[KTrussSpark] iteration: 59, invalid edge count: 2, duration: 3715 ms
[KTrussSpark] iteration: 60, invalid edge count: 2, duration: 3823 ms
[KTrussSpark] iteration: 61, invalid edge count: 2, duration: 3805 ms
[KTrussSpark] iteration: 62, invalid edge count: 2, duration: 3828 ms
[KTrussSpark] iteration: 63, invalid edge count: 2, duration: 3800 ms
[KTrussSpark] iteration: 64, invalid edge count: 2, duration: 3832 ms
[KTrussSpark] iteration: 65, invalid edge count: 2, duration: 3900 ms
[KTrussSpark] iteration: 66, invalid edge count: 2, duration: 38829 ms
[KTrussSpark] iteration: 67, invalid edge count: 2, duration: 3456 ms
