/home/i/spark-2.2/bin/spark-submit --class ir.ac.sbu.graph.ktruss.spark.KTrussSpark --total-executor-cores 120 --master spark://alemi-1:7077 /home/i/subgraph-mining/target/subgraph-mining-1.0-jar-with-dependencies.jar hdfs://alemi-1/graph-data/it_2004 300 10
[SBM] Input: hdfs://alemi-1/graph-data/it_2004, partitionNum: 300, kc: 10
[SBM] Spark conf: spark.app.name=KTrussSpark-300-it_2004
spark.cores.max=120
spark.driver.maxResultSize=1g
spark.driver.memory=2g
spark.dynamicAllocation.enabled=true
spark.dynamicAllocation.maxExecutors=50
spark.dynamicAllocation.minExecutors=20
spark.eventLog.dir=hdfs://alemi-1/shared/spark-logs
spark.eventLog.enabled=true
spark.executor.cores=4
spark.executor.extraJavaOptions=-XX:+UseG1GC -XX:-ResizePLAB -XX:+PrintFlagsFinal -XX:+PrintReferenceGC -verbose:gc -XX:+PrintGCDetails -XX:+PrintGCTimeStamps -XX:+PrintAdaptiveSizePolicy -XX:+UnlockDiagnosticVMOptions -XX:+G1SummarizeConcMark -XX:+PrintFlagsFinal -XX:+UseCompressedOops -verbose:gc -XX:InitiatingHeapOccupancyPercent=20
spark.executor.memory=20G
spark.history.fs.logDirectory=hdfs://alemi-1/shared/spark-logs
spark.io.compression.codec=lz4
spark.io.compression.lz4.blockSize=32k
spark.jars=file:/home/i/subgraph-mining/target/subgraph-mining-1.0-jar-with-dependencies.jar
spark.kryo.classesToRegister=
spark.kryo.unsafe=true
spark.kryoserializer.buffer=256k
spark.kryoserializer.buffer.max=256m
spark.local.dir=/mnt/sde/spark-data,/mnt/sdf/spark-data
spark.master=spark://alemi-1:7077
spark.rdd.compress=false
spark.reducer.maxSizeInFlight=32m
spark.rpc.netty.dispatcher.numThreads=3
spark.serializer=org.apache.spark.serializer.KryoSerializer
spark.shuffle.compress=true
spark.shuffle.file.buffer=32k
spark.shuffle.io.numConnectionsPerPeer=3
spark.shuffle.io.preferDirectBufs=false
spark.shuffle.service.enabled=true
spark.submit.deployMode=client
spark.worker.cleanup.enabled=true
[KTrussSpark] iteration: 1, invalid edge count: 5559706, duration: 924639 ms
[KTrussSpark] iteration: 2, invalid edge count: 825358, duration: 7705 ms
[KTrussSpark] iteration: 3, invalid edge count: 113491, duration: 5094 ms
[KTrussSpark] iteration: 4, invalid edge count: 29900, duration: 7126 ms
[KTrussSpark] iteration: 5, invalid edge count: 8553, duration: 8856 ms
[KTrussSpark] iteration: 6, invalid edge count: 3913, duration: 3575 ms
[KTrussSpark] iteration: 7, invalid edge count: 2665, duration: 3568 ms
[KTrussSpark] iteration: 8, invalid edge count: 1942, duration: 3733 ms
[KTrussSpark] iteration: 9, invalid edge count: 1687, duration: 3509 ms
[KTrussSpark] iteration: 10, invalid edge count: 1370, duration: 3522 ms
[KTrussSpark] iteration: 11, invalid edge count: 1214, duration: 3595 ms
[KTrussSpark] iteration: 12, invalid edge count: 1012, duration: 3512 ms
[KTrussSpark] iteration: 13, invalid edge count: 888, duration: 3675 ms
[KTrussSpark] iteration: 14, invalid edge count: 603, duration: 3674 ms
[KTrussSpark] iteration: 15, invalid edge count: 528, duration: 3500 ms
[KTrussSpark] iteration: 16, invalid edge count: 496, duration: 3661 ms
[KTrussSpark] iteration: 17, invalid edge count: 448, duration: 3617 ms
[KTrussSpark] iteration: 18, invalid edge count: 408, duration: 3621 ms
[KTrussSpark] iteration: 19, invalid edge count: 388, duration: 3737 ms
[KTrussSpark] iteration: 20, invalid edge count: 353, duration: 3624 ms
[KTrussSpark] iteration: 21, invalid edge count: 325, duration: 3657 ms
[KTrussSpark] iteration: 22, invalid edge count: 300, duration: 3801 ms
[KTrussSpark] iteration: 23, invalid edge count: 262, duration: 3837 ms
[KTrussSpark] iteration: 24, invalid edge count: 237, duration: 3750 ms
[KTrussSpark] iteration: 25, invalid edge count: 220, duration: 3783 ms
[KTrussSpark] iteration: 26, invalid edge count: 203, duration: 3750 ms
[KTrussSpark] iteration: 27, invalid edge count: 198, duration: 3716 ms
[KTrussSpark] iteration: 28, invalid edge count: 179, duration: 3797 ms
[KTrussSpark] iteration: 29, invalid edge count: 146, duration: 3878 ms
[KTrussSpark] iteration: 30, invalid edge count: 151, duration: 3837 ms
[KTrussSpark] iteration: 31, invalid edge count: 142, duration: 3838 ms
[KTrussSpark] iteration: 32, invalid edge count: 141, duration: 3800 ms
[KTrussSpark] iteration: 33, invalid edge count: 149, duration: 3839 ms
[KTrussSpark] iteration: 34, invalid edge count: 133, duration: 3803 ms
[KTrussSpark] iteration: 35, invalid edge count: 121, duration: 3921 ms
[KTrussSpark] iteration: 36, invalid edge count: 120, duration: 3883 ms
[KTrussSpark] iteration: 37, invalid edge count: 121, duration: 3915 ms
[KTrussSpark] iteration: 38, invalid edge count: 120, duration: 4053 ms
[KTrussSpark] iteration: 39, invalid edge count: 123, duration: 3939 ms
[KTrussSpark] iteration: 40, invalid edge count: 102, duration: 3989 ms
[KTrussSpark] iteration: 41, invalid edge count: 73, duration: 3920 ms
[KTrussSpark] iteration: 42, invalid edge count: 66, duration: 4006 ms
[KTrussSpark] iteration: 43, invalid edge count: 66, duration: 3976 ms
[KTrussSpark] iteration: 44, invalid edge count: 66, duration: 4163 ms
[KTrussSpark] iteration: 45, invalid edge count: 66, duration: 3990 ms
[KTrussSpark] iteration: 46, invalid edge count: 66, duration: 4146 ms
[KTrussSpark] iteration: 47, invalid edge count: 58, duration: 4234 ms
[KTrussSpark] iteration: 48, invalid edge count: 57, duration: 4072 ms
[KTrussSpark] iteration: 49, invalid edge count: 55, duration: 4223 ms
[KTrussSpark] iteration: 50, invalid edge count: 49, duration: 4140 ms
[KTrussSpark] iteration: 51, invalid edge count: 56, duration: 4302 ms
[KTrussSpark] iteration: 52, invalid edge count: 56, duration: 4274 ms
[KTrussSpark] iteration: 53, invalid edge count: 56, duration: 4231 ms
[KTrussSpark] iteration: 54, invalid edge count: 56, duration: 4378 ms
[KTrussSpark] iteration: 55, invalid edge count: 61, duration: 4324 ms
[KTrussSpark] iteration: 56, invalid edge count: 58, duration: 4769 ms
[KTrussSpark] iteration: 57, invalid edge count: 54, duration: 4195 ms
[KTrussSpark] iteration: 58, invalid edge count: 54, duration: 4248 ms
[KTrussSpark] iteration: 59, invalid edge count: 45, duration: 4373 ms
[KTrussSpark] iteration: 60, invalid edge count: 36, duration: 4215 ms
[KTrussSpark] iteration: 61, invalid edge count: 45, duration: 4327 ms
[KTrussSpark] iteration: 62, invalid edge count: 42, duration: 4347 ms
[KTrussSpark] iteration: 63, invalid edge count: 37, duration: 4388 ms
[KTrussSpark] iteration: 64, invalid edge count: 36, duration: 4390 ms
[KTrussSpark] iteration: 65, invalid edge count: 36, duration: 4376 ms
[KTrussSpark] iteration: 66, invalid edge count: 36, duration: 44051 ms
[KTrussSpark] iteration: 67, invalid edge count: 36, duration: 3594 ms
[KTrussSpark] iteration: 68, invalid edge count: 36, duration: 4828 ms
