/home/i/spark-2.2/bin/spark-submit --class ir.ac.sbu.graph.ktruss.spark.KTrussSpark --total-executor-cores 120 --master spark://alemi-1:7077 /home/i/subgraph-mining/target/subgraph-mining-1.0-jar-with-dependencies.jar hdfs://alemi-1/graph-data/it_2004 300 4
[SBM] Input: hdfs://alemi-1/graph-data/it_2004, partitionNum: 300, k: 4
[SBM] Spark conf: spark.app.name=KTrussSpark-300-it_2004
spark.cores.max=120
spark.driver.maxResultSize=1g
spark.driver.memory=2g
spark.dynamicAllocation.enabled=true
spark.dynamicAllocation.maxExecutors=50
spark.dynamicAllocation.minExecutors=20
spark.eventLog.dir=hdfs://alemi-1/shared/spark-logs
spark.eventLog.enabled=true
spark.executor.cores=4
spark.executor.extraJavaOptions=-XX:+UseG1GC -XX:-ResizePLAB -XX:+PrintFlagsFinal -XX:+PrintReferenceGC -verbose:gc -XX:+PrintGCDetails -XX:+PrintGCTimeStamps -XX:+PrintAdaptiveSizePolicy -XX:+UnlockDiagnosticVMOptions -XX:+G1SummarizeConcMark -XX:+PrintFlagsFinal -XX:+UseCompressedOops -verbose:gc -XX:InitiatingHeapOccupancyPercent=20
spark.executor.memory=20G
spark.history.fs.logDirectory=hdfs://alemi-1/shared/spark-logs
spark.io.compression.codec=lz4
spark.io.compression.lz4.blockSize=32k
spark.jars=file:/home/i/subgraph-mining/target/subgraph-mining-1.0-jar-with-dependencies.jar
spark.kryo.classesToRegister=
spark.kryo.unsafe=true
spark.kryoserializer.buffer=256k
spark.kryoserializer.buffer.max=256m
spark.local.dir=/mnt/sde/spark-data,/mnt/sdf/spark-data
spark.master=spark://alemi-1:7077
spark.rdd.compress=false
spark.reducer.maxSizeInFlight=32m
spark.rpc.netty.dispatcher.numThreads=3
spark.serializer=org.apache.spark.serializer.KryoSerializer
spark.shuffle.compress=true
spark.shuffle.file.buffer=32k
spark.shuffle.io.numConnectionsPerPeer=3
spark.shuffle.io.preferDirectBufs=false
spark.shuffle.service.enabled=true
spark.submit.deployMode=client
spark.worker.cleanup.enabled=true
[KTrussSpark] iteration: 1, invalid edge count: 1077146, duration: 902134 ms
[KTrussSpark] iteration: 2, invalid edge count: 22954, duration: 6598 ms
[KTrussSpark] iteration: 3, invalid edge count: 3617, duration: 3374 ms
[KTrussSpark] iteration: 4, invalid edge count: 2049, duration: 3382 ms
[KTrussSpark] iteration: 5, invalid edge count: 1404, duration: 3397 ms
[KTrussSpark] iteration: 6, invalid edge count: 1157, duration: 3247 ms
[KTrussSpark] iteration: 7, invalid edge count: 948, duration: 3350 ms
[KTrussSpark] iteration: 8, invalid edge count: 552, duration: 3339 ms
[KTrussSpark] iteration: 9, invalid edge count: 455, duration: 3239 ms
[KTrussSpark] iteration: 10, invalid edge count: 360, duration: 3162 ms
[KTrussSpark] iteration: 11, invalid edge count: 238, duration: 3231 ms
[KTrussSpark] iteration: 12, invalid edge count: 162, duration: 3564 ms
[KTrussSpark] iteration: 13, invalid edge count: 127, duration: 3224 ms
[KTrussSpark] iteration: 14, invalid edge count: 112, duration: 3244 ms
[KTrussSpark] iteration: 15, invalid edge count: 103, duration: 3178 ms
[KTrussSpark] iteration: 16, invalid edge count: 80, duration: 3381 ms
[KTrussSpark] iteration: 17, invalid edge count: 61, duration: 3238 ms
[KTrussSpark] iteration: 18, invalid edge count: 57, duration: 3227 ms
[KTrussSpark] iteration: 19, invalid edge count: 46, duration: 3319 ms
[KTrussSpark] iteration: 20, invalid edge count: 33, duration: 3167 ms
[KTrussSpark] iteration: 21, invalid edge count: 25, duration: 3402 ms
[KTrussSpark] iteration: 22, invalid edge count: 23, duration: 3162 ms
[KTrussSpark] iteration: 23, invalid edge count: 21, duration: 3263 ms
[KTrussSpark] iteration: 24, invalid edge count: 21, duration: 3299 ms
[KTrussSpark] iteration: 25, invalid edge count: 21, duration: 3376 ms
[KTrussSpark] iteration: 26, invalid edge count: 19, duration: 3252 ms
[KTrussSpark] iteration: 27, invalid edge count: 16, duration: 3353 ms
[KTrussSpark] iteration: 28, invalid edge count: 16, duration: 3468 ms
[KTrussSpark] iteration: 29, invalid edge count: 16, duration: 3379 ms
[KTrussSpark] iteration: 30, invalid edge count: 16, duration: 3430 ms
[KTrussSpark] iteration: 31, invalid edge count: 16, duration: 3360 ms
[KTrussSpark] iteration: 32, invalid edge count: 16, duration: 3451 ms
[KTrussSpark] iteration: 33, invalid edge count: 16, duration: 3448 ms
[KTrussSpark] iteration: 34, invalid edge count: 16, duration: 3373 ms
[KTrussSpark] iteration: 35, invalid edge count: 8, duration: 3433 ms
[KTrussSpark] iteration: 36, invalid edge count: 8, duration: 3498 ms
[KTrussSpark] iteration: 37, invalid edge count: 8, duration: 3458 ms
[KTrussSpark] iteration: 38, invalid edge count: 8, duration: 3457 ms
[KTrussSpark] iteration: 39, invalid edge count: 8, duration: 3534 ms
[KTrussSpark] iteration: 40, invalid edge count: 8, duration: 3414 ms
[KTrussSpark] iteration: 41, invalid edge count: 6, duration: 3555 ms
[KTrussSpark] iteration: 42, invalid edge count: 6, duration: 3561 ms
[KTrussSpark] iteration: 43, invalid edge count: 6, duration: 3594 ms
[KTrussSpark] iteration: 44, invalid edge count: 6, duration: 3472 ms
[KTrussSpark] iteration: 45, invalid edge count: 6, duration: 3711 ms
[KTrussSpark] iteration: 46, invalid edge count: 6, duration: 3740 ms
[KTrussSpark] iteration: 47, invalid edge count: 6, duration: 3928 ms
[KTrussSpark] iteration: 48, invalid edge count: 6, duration: 3837 ms
[KTrussSpark] iteration: 49, invalid edge count: 6, duration: 3608 ms
[KTrussSpark] iteration: 50, invalid edge count: 6, duration: 3785 ms
[KTrussSpark] iteration: 51, invalid edge count: 6, duration: 3735 ms
[KTrussSpark] iteration: 52, invalid edge count: 6, duration: 4057 ms
[KTrussSpark] iteration: 53, invalid edge count: 6, duration: 3769 ms
[KTrussSpark] iteration: 54, invalid edge count: 6, duration: 3695 ms
[KTrussSpark] iteration: 55, invalid edge count: 6, duration: 3898 ms
[KTrussSpark] iteration: 56, invalid edge count: 6, duration: 3829 ms
[KTrussSpark] iteration: 57, invalid edge count: 6, duration: 3847 ms
[KTrussSpark] iteration: 58, invalid edge count: 6, duration: 3830 ms
[KTrussSpark] iteration: 59, invalid edge count: 6, duration: 4391 ms
[KTrussSpark] iteration: 60, invalid edge count: 6, duration: 3857 ms
[KTrussSpark] iteration: 61, invalid edge count: 6, duration: 4062 ms
[KTrussSpark] iteration: 62, invalid edge count: 6, duration: 3872 ms
[KTrussSpark] iteration: 63, invalid edge count: 6, duration: 3900 ms
[KTrussSpark] iteration: 64, invalid edge count: 6, duration: 3967 ms
[KTrussSpark] iteration: 65, invalid edge count: 6, duration: 4002 ms
[KTrussSpark] KTruss Edge Count: 52623635, duration: 1137938 ms
