/home/i/spark-2.2/bin/spark-submit --class ir.ac.sbu.graph.ktruss.spark.KTrussSpark --total-executor-cores 120 --master spark://alemi-1:7077 /home/i/subgraph-mining/target/subgraph-mining-1.0-jar-with-dependencies.jar hdfs://alemi-1/graph-data/friendster 500 8
[SBM] Input: hdfs://alemi-1/graph-data/friendster, partitionNum: 500, kc: 8
[SBM] Spark conf: spark.app.name=KTrussSpark-500-friendster
spark.cores.max=120
spark.driver.maxResultSize=1g
spark.driver.memory=2g
spark.dynamicAllocation.enabled=true
spark.dynamicAllocation.maxExecutors=50
spark.dynamicAllocation.minExecutors=20
spark.eventLog.dir=hdfs://alemi-1/shared/spark-logs
spark.eventLog.enabled=true
spark.executor.cores=4
spark.executor.extraJavaOptions=-XX:+UseG1GC -XX:-ResizePLAB -XX:+PrintFlagsFinal -XX:+PrintReferenceGC -verbose:gc -XX:+PrintGCDetails -XX:+PrintGCTimeStamps -XX:+PrintAdaptiveSizePolicy -XX:+UnlockDiagnosticVMOptions -XX:+G1SummarizeConcMark -XX:+PrintFlagsFinal -XX:+UseCompressedOops -verbose:gc -XX:InitiatingHeapOccupancyPercent=20
spark.executor.memory=20G
spark.history.fs.logDirectory=hdfs://alemi-1/shared/spark-logs
spark.io.compression.codec=lz4
spark.io.compression.lz4.blockSize=32k
spark.jars=file:/home/i/subgraph-mining/target/subgraph-mining-1.0-jar-with-dependencies.jar
spark.kryo.classesToRegister=
spark.kryo.unsafe=true
spark.kryoserializer.buffer=256k
spark.kryoserializer.buffer.max=256m
spark.local.dir=/mnt/sde/spark-data,/mnt/sdf/spark-data
spark.master=spark://alemi-1:7077
spark.rdd.compress=false
spark.reducer.maxSizeInFlight=32m
spark.rpc.netty.dispatcher.numThreads=3
spark.serializer=org.apache.spark.serializer.KryoSerializer
spark.shuffle.compress=true
spark.shuffle.file.buffer=32k
spark.shuffle.io.numConnectionsPerPeer=3
spark.shuffle.io.preferDirectBufs=false
spark.shuffle.service.enabled=true
spark.submit.deployMode=client
spark.worker.cleanup.enabled=true
[KTrussSpark] iteration: 1, invalid edge count: 862696592, duration: 1500955 ms
[KTrussSpark] iteration: 2, invalid edge count: 141125340, duration: 577984 ms
[KTrussSpark] iteration: 3, invalid edge count: 47972734, duration: 133874 ms
[KTrussSpark] iteration: 4, invalid edge count: 22355584, duration: 61976 ms
[KTrussSpark] iteration: 5, invalid edge count: 11991301, duration: 39362 ms
[KTrussSpark] iteration: 6, invalid edge count: 6996212, duration: 34095 ms
[KTrussSpark] iteration: 7, invalid edge count: 4309476, duration: 33031 ms
[KTrussSpark] iteration: 8, invalid edge count: 2770272, duration: 31262 ms
[KTrussSpark] iteration: 9, invalid edge count: 1846910, duration: 30728 ms
[KTrussSpark] iteration: 10, invalid edge count: 1260773, duration: 30086 ms
[KTrussSpark] iteration: 11, invalid edge count: 883011, duration: 30097 ms
[KTrussSpark] iteration: 12, invalid edge count: 629418, duration: 30229 ms
[KTrussSpark] iteration: 13, invalid edge count: 455890, duration: 29620 ms
[KTrussSpark] iteration: 14, invalid edge count: 335293, duration: 29853 ms
[KTrussSpark] iteration: 15, invalid edge count: 247930, duration: 29651 ms
[KTrussSpark] iteration: 16, invalid edge count: 186608, duration: 29379 ms
[KTrussSpark] iteration: 17, invalid edge count: 142088, duration: 29272 ms
[KTrussSpark] iteration: 18, invalid edge count: 108737, duration: 30141 ms
[KTrussSpark] iteration: 19, invalid edge count: 83913, duration: 29557 ms
[KTrussSpark] iteration: 20, invalid edge count: 65393, duration: 29700 ms
[KTrussSpark] iteration: 21, invalid edge count: 50614, duration: 29103 ms
[KTrussSpark] iteration: 22, invalid edge count: 39557, duration: 29460 ms
[KTrussSpark] iteration: 23, invalid edge count: 31550, duration: 29649 ms
[KTrussSpark] iteration: 24, invalid edge count: 25480, duration: 30187 ms
[KTrussSpark] iteration: 25, invalid edge count: 20551, duration: 29463 ms
[KTrussSpark] iteration: 26, invalid edge count: 16459, duration: 29776 ms
[KTrussSpark] iteration: 27, invalid edge count: 13035, duration: 29368 ms
[KTrussSpark] iteration: 28, invalid edge count: 10877, duration: 29367 ms
[KTrussSpark] iteration: 29, invalid edge count: 8755, duration: 29471 ms
[KTrussSpark] iteration: 30, invalid edge count: 7067, duration: 30062 ms
[KTrussSpark] iteration: 31, invalid edge count: 5936, duration: 29135 ms
[KTrussSpark] iteration: 32, invalid edge count: 4886, duration: 29611 ms
[KTrussSpark] iteration: 33, invalid edge count: 4125, duration: 30232 ms
[KTrussSpark] iteration: 34, invalid edge count: 3473, duration: 29342 ms
[KTrussSpark] iteration: 35, invalid edge count: 2908, duration: 29818 ms
[KTrussSpark] iteration: 36, invalid edge count: 2302, duration: 29360 ms
[KTrussSpark] iteration: 37, invalid edge count: 1924, duration: 29955 ms
[KTrussSpark] iteration: 38, invalid edge count: 1647, duration: 29735 ms
[KTrussSpark] iteration: 39, invalid edge count: 1349, duration: 29654 ms
[KTrussSpark] iteration: 40, invalid edge count: 1185, duration: 30118 ms
[KTrussSpark] iteration: 41, invalid edge count: 967, duration: 30147 ms
[KTrussSpark] iteration: 42, invalid edge count: 818, duration: 29228 ms
[KTrussSpark] iteration: 43, invalid edge count: 672, duration: 30306 ms
[KTrussSpark] iteration: 44, invalid edge count: 582, duration: 29397 ms
[KTrussSpark] iteration: 45, invalid edge count: 486, duration: 30362 ms
[KTrussSpark] iteration: 46, invalid edge count: 434, duration: 29740 ms
[KTrussSpark] iteration: 47, invalid edge count: 390, duration: 31230 ms
[KTrussSpark] iteration: 48, invalid edge count: 347, duration: 30863 ms
[KTrussSpark] iteration: 49, invalid edge count: 260, duration: 30211 ms
[KTrussSpark] iteration: 50, invalid edge count: 261, duration: 29739 ms
[KTrussSpark] iteration: 51, invalid edge count: 272, duration: 30257 ms
[KTrussSpark] iteration: 52, invalid edge count: 244, duration: 29928 ms
[KTrussSpark] iteration: 53, invalid edge count: 249, duration: 30545 ms
[KTrussSpark] iteration: 54, invalid edge count: 193, duration: 30292 ms
[KTrussSpark] iteration: 55, invalid edge count: 172, duration: 30596 ms
[KTrussSpark] iteration: 56, invalid edge count: 139, duration: 30213 ms
[KTrussSpark] iteration: 57, invalid edge count: 114, duration: 30839 ms
[KTrussSpark] iteration: 58, invalid edge count: 102, duration: 29777 ms
[KTrussSpark] iteration: 59, invalid edge count: 89, duration: 31523 ms
[KTrussSpark] iteration: 60, invalid edge count: 100, duration: 31039 ms
[KTrussSpark] iteration: 61, invalid edge count: 82, duration: 30034 ms
[KTrussSpark] iteration: 62, invalid edge count: 65, duration: 30449 ms
[KTrussSpark] iteration: 63, invalid edge count: 66, duration: 30817 ms
[KTrussSpark] iteration: 64, invalid edge count: 71, duration: 30025 ms
[KTrussSpark] iteration: 65, invalid edge count: 65, duration: 30975 ms
[KTrussSpark] iteration: 66, invalid edge count: 65, duration: 31189 ms
[KTrussSpark] iteration: 67, invalid edge count: 60, duration: 31028 ms
[KTrussSpark] iteration: 68, invalid edge count: 58, duration: 30323 ms
