/home/i/spark-2.2/bin/spark-submit --class ir.ac.sbu.graph.ktruss.spark.KTrussSpark --total-executor-cores 200 --master spark://alemi-1:7077 /home/i/subgraph-mining/target/subgraph-mining-1.0-jar-with-dependencies.jar hdfs://alemi-1/graph-data/friendster 500 4
[SBM] Input: hdfs://alemi-1/graph-data/friendster, partitionNum: 500, k: 4
[SBM] Spark conf: spark.app.name=KTrussSpark-500-friendster
spark.cores.max=200
spark.driver.maxResultSize=5g
spark.driver.memory=10g
spark.dynamicAllocation.enabled=true
spark.dynamicAllocation.maxExecutors=50
spark.dynamicAllocation.minExecutors=20
spark.eventLog.dir=hdfs://alemi-1/shared/spark-logs
spark.eventLog.enabled=true
spark.executor.cores=4
spark.executor.extraJavaOptions=-XX:+UseG1GC -XX:-ResizePLAB -XX:+PrintFlagsFinal -XX:+PrintReferenceGC -verbose:gc -XX:+PrintGCDetails -XX:+PrintGCTimeStamps -XX:+PrintAdaptiveSizePolicy -XX:+UnlockDiagnosticVMOptions -XX:+G1SummarizeConcMark -XX:+PrintFlagsFinal -XX:+UseCompressedOops -verbose:gc -XX:InitiatingHeapOccupancyPercent=20
spark.executor.memory=20G
spark.history.fs.logDirectory=hdfs://alemi-1/shared/spark-logs
spark.io.compression.codec=lz4
spark.io.compression.lz4.blockSize=32k
spark.jars=file:/home/i/subgraph-mining/target/subgraph-mining-1.0-jar-with-dependencies.jar
spark.kryo.classesToRegister=ir.ac.sbu.graph.utils.GraphUtils$VertexDegreeInt
spark.kryo.unsafe=true
spark.local.dir=/mnt/sde/spark-data,/mnt/sdf/spark-data
spark.master=spark://alemi-1:7077
spark.rdd.compress=false
spark.reducer.maxSizeInFlight=32m
spark.rpc.netty.dispatcher.numThreads=3
spark.serializer=org.apache.spark.serializer.KryoSerializer
spark.shuffle.compress=true
spark.shuffle.file.buffer=32k
spark.shuffle.io.numConnectionsPerPeer=3
spark.shuffle.io.preferDirectBufs=false
spark.shuffle.service.enabled=true
spark.submit.deployMode=client
spark.worker.cleanup.enabled=true
[KTrussSpark] iteration: 1, invalid edge count: 314825403, duration: 1775702 ms
[KTrussSpark] iteration: 2, invalid edge count: 60390012, duration: 213144 ms
[KTrussSpark] iteration: 3, invalid edge count: 18503837, duration: 117138 ms
[KTrussSpark] iteration: 4, invalid edge count: 7150797, duration: 119363 ms
[KTrussSpark] iteration: 5, invalid edge count: 3169369, duration: 138723 ms
[KTrussSpark] iteration: 6, invalid edge count: 1530921, duration: 133964 ms
[KTrussSpark] iteration: 7, invalid edge count: 784547, duration: 119628 ms
[KTrussSpark] iteration: 8, invalid edge count: 421490, duration: 116766 ms
[KTrussSpark] iteration: 9, invalid edge count: 232090, duration: 118483 ms
[KTrussSpark] iteration: 10, invalid edge count: 131202, duration: 110936 ms
[KTrussSpark] iteration: 11, invalid edge count: 75709, duration: 107257 ms
[KTrussSpark] iteration: 12, invalid edge count: 44448, duration: 104324 ms
[KTrussSpark] iteration: 13, invalid edge count: 26463, duration: 105937 ms
[KTrussSpark] iteration: 14, invalid edge count: 15834, duration: 102987 ms
[KTrussSpark] iteration: 15, invalid edge count: 9598, duration: 104566 ms
[KTrussSpark] iteration: 16, invalid edge count: 5741, duration: 103779 ms
[KTrussSpark] iteration: 17, invalid edge count: 3509, duration: 100191 ms
[KTrussSpark] iteration: 18, invalid edge count: 2126, duration: 108419 ms
[KTrussSpark] iteration: 19, invalid edge count: 1283, duration: 105445 ms
[KTrussSpark] iteration: 20, invalid edge count: 801, duration: 103162 ms
[KTrussSpark] iteration: 21, invalid edge count: 462, duration: 110752 ms
[KTrussSpark] iteration: 22, invalid edge count: 272, duration: 104485 ms
[KTrussSpark] iteration: 23, invalid edge count: 170, duration: 101907 ms
[KTrussSpark] iteration: 24, invalid edge count: 115, duration: 97174 ms
[KTrussSpark] iteration: 25, invalid edge count: 73, duration: 98349 ms
[KTrussSpark] iteration: 26, invalid edge count: 35, duration: 103022 ms
[KTrussSpark] iteration: 27, invalid edge count: 24, duration: 99386 ms
[KTrussSpark] iteration: 28, invalid edge count: 14, duration: 98361 ms
[KTrussSpark] iteration: 29, invalid edge count: 4, duration: 96256 ms
[KTrussSpark] iteration: 30, invalid edge count: 2, duration: 99534 ms
[KTrussSpark] iteration: 31, invalid edge count: 1, duration: 97131 ms
[KTrussSpark] KTruss Edge Count: 1010791155, duration: 5226953 ms
