/home/i/spark-2.2/bin/spark-submit --class ir.ac.sbu.graph.ktruss.spark.KTrussSpark --total-executor-cores 120 --master spark://alemi-1:7077 /home/i/subgraph-mining/target/subgraph-mining-1.0-jar-with-dependencies.jar hdfs://alemi-1/graph-data/friendster 500 6
[SBM] Input: hdfs://alemi-1/graph-data/friendster, partitionNum: 500, kc: 6
[SBM] Spark conf: spark.app.name=KTrussSpark-500-friendster
spark.cores.max=120
spark.driver.maxResultSize=1g
spark.driver.memory=2g
spark.dynamicAllocation.enabled=true
spark.dynamicAllocation.maxExecutors=50
spark.dynamicAllocation.minExecutors=20
spark.eventLog.dir=hdfs://alemi-1/shared/spark-logs
spark.eventLog.enabled=true
spark.executor.cores=4
spark.executor.extraJavaOptions=-XX:+UseG1GC -XX:-ResizePLAB -XX:+PrintFlagsFinal -XX:+PrintReferenceGC -verbose:gc -XX:+PrintGCDetails -XX:+PrintGCTimeStamps -XX:+PrintAdaptiveSizePolicy -XX:+UnlockDiagnosticVMOptions -XX:+G1SummarizeConcMark -XX:+PrintFlagsFinal -XX:+UseCompressedOops -verbose:gc -XX:InitiatingHeapOccupancyPercent=20
spark.executor.memory=20G
spark.history.fs.logDirectory=hdfs://alemi-1/shared/spark-logs
spark.io.compression.codec=lz4
spark.io.compression.lz4.blockSize=32k
spark.jars=file:/home/i/subgraph-mining/target/subgraph-mining-1.0-jar-with-dependencies.jar
spark.kryo.classesToRegister=
spark.kryo.unsafe=true
spark.kryoserializer.buffer=256k
spark.kryoserializer.buffer.max=256m
spark.local.dir=/mnt/sde/spark-data,/mnt/sdf/spark-data
spark.master=spark://alemi-1:7077
spark.rdd.compress=false
spark.reducer.maxSizeInFlight=32m
spark.rpc.netty.dispatcher.numThreads=3
spark.serializer=org.apache.spark.serializer.KryoSerializer
spark.shuffle.compress=true
spark.shuffle.file.buffer=32k
spark.shuffle.io.numConnectionsPerPeer=3
spark.shuffle.io.preferDirectBufs=false
spark.shuffle.service.enabled=true
spark.submit.deployMode=client
spark.worker.cleanup.enabled=true
[KTrussSpark] iteration: 1, invalid edge count: 670031733, duration: 1549359 ms
[KTrussSpark] iteration: 2, invalid edge count: 128094991, duration: 458172 ms
[KTrussSpark] iteration: 3, invalid edge count: 42389161, duration: 126168 ms
[KTrussSpark] iteration: 4, invalid edge count: 18310023, duration: 65939 ms
[KTrussSpark] iteration: 5, invalid edge count: 9133616, duration: 51073 ms
[KTrussSpark] iteration: 6, invalid edge count: 4994641, duration: 45835 ms
[KTrussSpark] iteration: 7, invalid edge count: 2924795, duration: 44569 ms
[KTrussSpark] iteration: 8, invalid edge count: 1794632, duration: 42567 ms
[KTrussSpark] iteration: 9, invalid edge count: 1148171, duration: 41652 ms
[KTrussSpark] iteration: 10, invalid edge count: 760386, duration: 40894 ms
[KTrussSpark] iteration: 11, invalid edge count: 520260, duration: 40384 ms
[KTrussSpark] iteration: 12, invalid edge count: 367355, duration: 40911 ms
[KTrussSpark] iteration: 13, invalid edge count: 263630, duration: 39902 ms
[KTrussSpark] iteration: 14, invalid edge count: 194990, duration: 40008 ms
[KTrussSpark] iteration: 15, invalid edge count: 148225, duration: 40097 ms
[KTrussSpark] iteration: 16, invalid edge count: 114870, duration: 39443 ms
[KTrussSpark] iteration: 17, invalid edge count: 91045, duration: 39842 ms
[KTrussSpark] iteration: 18, invalid edge count: 73353, duration: 39506 ms
[KTrussSpark] iteration: 19, invalid edge count: 59714, duration: 39354 ms
[KTrussSpark] iteration: 20, invalid edge count: 49365, duration: 40113 ms
[KTrussSpark] iteration: 21, invalid edge count: 41488, duration: 39709 ms
[KTrussSpark] iteration: 22, invalid edge count: 35266, duration: 41026 ms
[KTrussSpark] iteration: 23, invalid edge count: 30307, duration: 39876 ms
[KTrussSpark] iteration: 24, invalid edge count: 26211, duration: 39461 ms
[KTrussSpark] iteration: 25, invalid edge count: 22770, duration: 40534 ms
[KTrussSpark] iteration: 26, invalid edge count: 19987, duration: 39916 ms
[KTrussSpark] iteration: 27, invalid edge count: 17595, duration: 39569 ms
[KTrussSpark] iteration: 28, invalid edge count: 15414, duration: 39438 ms
[KTrussSpark] iteration: 29, invalid edge count: 13994, duration: 40050 ms
[KTrussSpark] iteration: 30, invalid edge count: 12700, duration: 39810 ms
[KTrussSpark] iteration: 31, invalid edge count: 11501, duration: 40063 ms
[KTrussSpark] iteration: 32, invalid edge count: 10379, duration: 39689 ms
[KTrussSpark] iteration: 33, invalid edge count: 9412, duration: 39285 ms
[KTrussSpark] iteration: 34, invalid edge count: 8592, duration: 39395 ms
[KTrussSpark] iteration: 35, invalid edge count: 7876, duration: 39210 ms
[KTrussSpark] iteration: 36, invalid edge count: 7245, duration: 39588 ms
[KTrussSpark] iteration: 37, invalid edge count: 6796, duration: 38952 ms
[KTrussSpark] iteration: 38, invalid edge count: 6286, duration: 40856 ms
[KTrussSpark] iteration: 39, invalid edge count: 5810, duration: 40873 ms
[KTrussSpark] iteration: 40, invalid edge count: 5352, duration: 40226 ms
[KTrussSpark] iteration: 41, invalid edge count: 4850, duration: 39841 ms
[KTrussSpark] iteration: 42, invalid edge count: 4514, duration: 39531 ms
[KTrussSpark] iteration: 43, invalid edge count: 4258, duration: 39837 ms
[KTrussSpark] iteration: 44, invalid edge count: 3966, duration: 39830 ms
[KTrussSpark] iteration: 45, invalid edge count: 3643, duration: 40019 ms
[KTrussSpark] iteration: 46, invalid edge count: 3293, duration: 40206 ms
[KTrussSpark] iteration: 47, invalid edge count: 3088, duration: 40175 ms
[KTrussSpark] iteration: 48, invalid edge count: 2887, duration: 39457 ms
[KTrussSpark] iteration: 49, invalid edge count: 2757, duration: 39481 ms
[KTrussSpark] iteration: 50, invalid edge count: 2553, duration: 40166 ms
[KTrussSpark] iteration: 51, invalid edge count: 2370, duration: 40261 ms
[KTrussSpark] iteration: 52, invalid edge count: 2173, duration: 40484 ms
[KTrussSpark] iteration: 53, invalid edge count: 2066, duration: 40140 ms
[KTrussSpark] iteration: 54, invalid edge count: 1909, duration: 40013 ms
[KTrussSpark] iteration: 55, invalid edge count: 1811, duration: 39860 ms
[KTrussSpark] iteration: 56, invalid edge count: 1708, duration: 40213 ms
[KTrussSpark] iteration: 57, invalid edge count: 1542, duration: 39818 ms
[KTrussSpark] iteration: 58, invalid edge count: 1504, duration: 42453 ms
[KTrussSpark] iteration: 59, invalid edge count: 1388, duration: 40695 ms
[KTrussSpark] iteration: 60, invalid edge count: 1315, duration: 41038 ms
[KTrussSpark] iteration: 61, invalid edge count: 1199, duration: 40517 ms
[KTrussSpark] iteration: 62, invalid edge count: 1151, duration: 40720 ms
[KTrussSpark] iteration: 63, invalid edge count: 1046, duration: 40285 ms
[KTrussSpark] iteration: 64, invalid edge count: 949, duration: 41262 ms
[KTrussSpark] iteration: 65, invalid edge count: 853, duration: 41126 ms
[KTrussSpark] iteration: 66, invalid edge count: 756, duration: 40750 ms
[KTrussSpark] iteration: 67, invalid edge count: 756, duration: 40089 ms
[KTrussSpark] iteration: 68, invalid edge count: 682, duration: 41615 ms
