nohup: ignoring input
Running graph.clusteringco.FonlIdGCC on localhost with partitions 20
Using Spark's default log4j profile: org/apache/spark/log4j-defaults.properties
16/07/08 12:19:17 INFO SparkContext: Running Spark version 1.6.1
16/07/08 12:19:20 WARN NativeCodeLoader: Unable to load native-hadoop library for your platform... using builtin-java classes where applicable
16/07/08 12:19:20 WARN SparkConf: In Spark 1.0 and later spark.local.dir will be overridden by the value set by the cluster manager (via SPARK_LOCAL_DIRS in mesos/standalone and LOCAL_DIRS in YARN).
16/07/08 12:19:20 INFO SecurityManager: Changing view acls to: mehdi
16/07/08 12:19:20 INFO SecurityManager: Changing modify acls to: mehdi
16/07/08 12:19:20 INFO SecurityManager: SecurityManager: authentication disabled; ui acls disabled; users with view permissions: Set(mehdi); users with modify permissions: Set(mehdi)
16/07/08 12:19:21 INFO Utils: Successfully started service 'sparkDriver' on port 41965.
16/07/08 12:19:21 INFO Slf4jLogger: Slf4jLogger started
16/07/08 12:19:21 INFO Remoting: Starting remoting
16/07/08 12:19:21 INFO Remoting: Remoting started; listening on addresses :[akka.tcp://sparkDriverActorSystem@192.168.43.98:41578]
16/07/08 12:19:21 INFO Utils: Successfully started service 'sparkDriverActorSystem' on port 41578.
16/07/08 12:19:21 INFO SparkEnv: Registering MapOutputTracker
16/07/08 12:19:21 INFO SparkEnv: Registering BlockManagerMaster
16/07/08 12:19:21 INFO DiskBlockManager: Created local directory at /tmp/blockmgr-bfc26e22-55a4-4f12-86bf-231d96bca05f
16/07/08 12:19:21 INFO MemoryStore: MemoryStore started with capacity 511.1 MB
16/07/08 12:19:21 INFO SparkEnv: Registering OutputCommitCoordinator
16/07/08 12:19:22 INFO Utils: Successfully started service 'SparkUI' on port 4040.
16/07/08 12:19:22 INFO SparkUI: Started SparkUI at http://192.168.43.98:4040
16/07/08 12:19:22 INFO HttpFileServer: HTTP File server directory is /tmp/spark-b01604ee-1f5b-4ab3-9efe-a0d86d7ad04a/httpd-ba236e5c-4ad7-4b83-8e19-ff6f76e57862
16/07/08 12:19:22 INFO HttpServer: Starting HTTP Server
16/07/08 12:19:22 INFO Utils: Successfully started service 'HTTP file server' on port 37889.
16/07/08 12:19:22 INFO SparkContext: Added JAR file:/home/mehdi/IdeaProjects/graph-processing/bin/graph-processing.jar at http://192.168.43.98:37889/jars/graph-processing.jar with timestamp 1467964162097
16/07/08 12:19:22 INFO AppClient$ClientEndpoint: Connecting to master spark://localhost:7077...
16/07/08 12:19:22 INFO SparkDeploySchedulerBackend: Connected to Spark cluster with app ID app-20160708121922-0001
16/07/08 12:19:22 INFO AppClient$ClientEndpoint: Executor added: app-20160708121922-0001/0 on worker-20160708121717-192.168.43.98-59636 (192.168.43.98:59636) with 4 cores
16/07/08 12:19:22 INFO SparkDeploySchedulerBackend: Granted executor ID app-20160708121922-0001/0 on hostPort 192.168.43.98:59636 with 4 cores, 1024.0 MB RAM
16/07/08 12:19:22 INFO Utils: Successfully started service 'org.apache.spark.network.netty.NettyBlockTransferService' on port 54435.
16/07/08 12:19:22 INFO NettyBlockTransferService: Server created on 54435
16/07/08 12:19:22 INFO BlockManagerMaster: Trying to register BlockManager
16/07/08 12:19:22 INFO BlockManagerMasterEndpoint: Registering block manager 192.168.43.98:54435 with 511.1 MB RAM, BlockManagerId(driver, 192.168.43.98, 54435)
16/07/08 12:19:22 INFO BlockManagerMaster: Registered BlockManager
16/07/08 12:19:22 INFO AppClient$ClientEndpoint: Executor updated: app-20160708121922-0001/0 is now RUNNING
16/07/08 12:19:25 INFO EventLoggingListener: Logging events to file:/home/mehdi/spark-event-log/app-20160708121922-0001
16/07/08 12:19:25 INFO SparkDeploySchedulerBackend: SchedulerBackend is ready for scheduling beginning after reached minRegisteredResourcesRatio: 0.0
16/07/08 12:19:25 INFO MemoryStore: Block broadcast_0 stored as values in memory (estimated size 208.5 KB, free 208.5 KB)
16/07/08 12:19:25 INFO MemoryStore: Block broadcast_0_piece0 stored as bytes in memory (estimated size 20.0 KB, free 228.4 KB)
16/07/08 12:19:25 INFO BlockManagerInfo: Added broadcast_0_piece0 in memory on 192.168.43.98:54435 (size: 20.0 KB, free: 511.1 MB)
16/07/08 12:19:25 INFO SparkContext: Created broadcast 0 from textFile at FonlIdGCC.java:44
16/07/08 12:19:25 INFO MemoryStore: Block broadcast_1 stored as values in memory (estimated size 40.0 B, free 228.5 KB)
16/07/08 12:19:25 INFO MemoryStore: Block broadcast_1_piece0 stored as bytes in memory (estimated size 44.0 B, free 228.5 KB)
16/07/08 12:19:25 INFO BlockManagerInfo: Added broadcast_1_piece0 in memory on 192.168.43.98:54435 (size: 44.0 B, free: 511.1 MB)
16/07/08 12:19:25 INFO SparkContext: Created broadcast 1 from broadcast at FonlIdGCC.java:45
16/07/08 12:19:25 INFO FileInputFormat: Total input paths to process : 1
16/07/08 12:19:26 INFO SparkContext: Starting job: count at FonlIdGCC.java:51
16/07/08 12:19:26 INFO DAGScheduler: Registering RDD 2 (flatMapToPair at GraphUtils.java:42)
16/07/08 12:19:26 INFO DAGScheduler: Registering RDD 5 (mapToPair at FonlUtils.java:83)
16/07/08 12:19:26 INFO DAGScheduler: Registering RDD 7 (repartition at FonlUtils.java:109)
16/07/08 12:19:26 INFO DAGScheduler: Got job 0 (count at FonlIdGCC.java:51) with 20 output partitions
16/07/08 12:19:26 INFO DAGScheduler: Final stage: ResultStage 3 (count at FonlIdGCC.java:51)
16/07/08 12:19:26 INFO DAGScheduler: Parents of final stage: List(ShuffleMapStage 2)
16/07/08 12:19:26 INFO DAGScheduler: Missing parents: List(ShuffleMapStage 2)
16/07/08 12:19:26 INFO DAGScheduler: Submitting ShuffleMapStage 0 (MapPartitionsRDD[2] at flatMapToPair at GraphUtils.java:42), which has no missing parents
16/07/08 12:19:26 INFO MemoryStore: Block broadcast_2 stored as values in memory (estimated size 5.1 KB, free 233.6 KB)
16/07/08 12:19:26 INFO MemoryStore: Block broadcast_2_piece0 stored as bytes in memory (estimated size 2.8 KB, free 236.5 KB)
16/07/08 12:19:26 INFO BlockManagerInfo: Added broadcast_2_piece0 in memory on 192.168.43.98:54435 (size: 2.8 KB, free: 511.1 MB)
16/07/08 12:19:26 INFO SparkContext: Created broadcast 2 from broadcast at DAGScheduler.scala:1006
16/07/08 12:19:26 INFO DAGScheduler: Submitting 20 missing tasks from ShuffleMapStage 0 (MapPartitionsRDD[2] at flatMapToPair at GraphUtils.java:42)
16/07/08 12:19:26 INFO TaskSchedulerImpl: Adding task set 0.0 with 20 tasks
16/07/08 12:19:28 INFO SparkDeploySchedulerBackend: Registered executor NettyRpcEndpointRef(null) (mehdi-pc:33438) with ID 0
16/07/08 12:19:28 INFO TaskSetManager: Starting task 0.0 in stage 0.0 (TID 0, mehdi-pc, partition 0,PROCESS_LOCAL, 2196 bytes)
16/07/08 12:19:28 INFO TaskSetManager: Starting task 1.0 in stage 0.0 (TID 1, mehdi-pc, partition 1,PROCESS_LOCAL, 2196 bytes)
16/07/08 12:19:28 INFO TaskSetManager: Starting task 2.0 in stage 0.0 (TID 2, mehdi-pc, partition 2,PROCESS_LOCAL, 2196 bytes)
16/07/08 12:19:28 INFO TaskSetManager: Starting task 3.0 in stage 0.0 (TID 3, mehdi-pc, partition 3,PROCESS_LOCAL, 2196 bytes)
16/07/08 12:19:29 INFO BlockManagerMasterEndpoint: Registering block manager mehdi-pc:50991 with 524.3 MB RAM, BlockManagerId(0, mehdi-pc, 50991)
16/07/08 12:19:29 INFO BlockManagerInfo: Added broadcast_2_piece0 in memory on mehdi-pc:50991 (size: 2.8 KB, free: 524.2 MB)
16/07/08 12:19:29 INFO BlockManagerInfo: Added broadcast_0_piece0 in memory on mehdi-pc:50991 (size: 20.0 KB, free: 524.2 MB)
16/07/08 12:19:38 INFO TaskSetManager: Starting task 4.0 in stage 0.0 (TID 4, mehdi-pc, partition 4,PROCESS_LOCAL, 2196 bytes)
16/07/08 12:19:38 INFO TaskSetManager: Finished task 0.0 in stage 0.0 (TID 0) in 9180 ms on mehdi-pc (1/20)
16/07/08 12:19:38 INFO TaskSetManager: Starting task 5.0 in stage 0.0 (TID 5, mehdi-pc, partition 5,PROCESS_LOCAL, 2196 bytes)
16/07/08 12:19:38 INFO TaskSetManager: Finished task 3.0 in stage 0.0 (TID 3) in 9162 ms on mehdi-pc (2/20)
16/07/08 12:19:38 INFO TaskSetManager: Starting task 6.0 in stage 0.0 (TID 6, mehdi-pc, partition 6,PROCESS_LOCAL, 2196 bytes)
16/07/08 12:19:38 INFO TaskSetManager: Finished task 1.0 in stage 0.0 (TID 1) in 9356 ms on mehdi-pc (3/20)
16/07/08 12:19:38 INFO TaskSetManager: Starting task 7.0 in stage 0.0 (TID 7, mehdi-pc, partition 7,PROCESS_LOCAL, 2196 bytes)
16/07/08 12:19:38 INFO TaskSetManager: Finished task 2.0 in stage 0.0 (TID 2) in 9424 ms on mehdi-pc (4/20)
16/07/08 12:19:40 INFO TaskSetManager: Starting task 8.0 in stage 0.0 (TID 8, mehdi-pc, partition 8,PROCESS_LOCAL, 2196 bytes)
16/07/08 12:19:40 INFO TaskSetManager: Finished task 4.0 in stage 0.0 (TID 4) in 2320 ms on mehdi-pc (5/20)
16/07/08 12:19:40 INFO TaskSetManager: Starting task 9.0 in stage 0.0 (TID 9, mehdi-pc, partition 9,PROCESS_LOCAL, 2196 bytes)
16/07/08 12:19:40 INFO TaskSetManager: Finished task 6.0 in stage 0.0 (TID 6) in 2234 ms on mehdi-pc (6/20)
16/07/08 12:19:40 INFO TaskSetManager: Starting task 10.0 in stage 0.0 (TID 10, mehdi-pc, partition 10,PROCESS_LOCAL, 2196 bytes)
16/07/08 12:19:40 INFO TaskSetManager: Finished task 5.0 in stage 0.0 (TID 5) in 2455 ms on mehdi-pc (7/20)
16/07/08 12:19:40 INFO TaskSetManager: Starting task 11.0 in stage 0.0 (TID 11, mehdi-pc, partition 11,PROCESS_LOCAL, 2196 bytes)
16/07/08 12:19:40 INFO TaskSetManager: Finished task 7.0 in stage 0.0 (TID 7) in 2546 ms on mehdi-pc (8/20)
16/07/08 12:19:42 INFO TaskSetManager: Starting task 12.0 in stage 0.0 (TID 12, mehdi-pc, partition 12,PROCESS_LOCAL, 2196 bytes)
16/07/08 12:19:42 INFO TaskSetManager: Finished task 8.0 in stage 0.0 (TID 8) in 2379 ms on mehdi-pc (9/20)
16/07/08 12:19:42 INFO TaskSetManager: Starting task 13.0 in stage 0.0 (TID 13, mehdi-pc, partition 13,PROCESS_LOCAL, 2196 bytes)
16/07/08 12:19:42 INFO TaskSetManager: Finished task 10.0 in stage 0.0 (TID 10) in 2291 ms on mehdi-pc (10/20)
16/07/08 12:19:42 INFO TaskSetManager: Starting task 14.0 in stage 0.0 (TID 14, mehdi-pc, partition 14,PROCESS_LOCAL, 2196 bytes)
16/07/08 12:19:42 INFO TaskSetManager: Finished task 9.0 in stage 0.0 (TID 9) in 2397 ms on mehdi-pc (11/20)
16/07/08 12:19:43 INFO TaskSetManager: Starting task 15.0 in stage 0.0 (TID 15, mehdi-pc, partition 15,PROCESS_LOCAL, 2196 bytes)
16/07/08 12:19:43 INFO TaskSetManager: Finished task 11.0 in stage 0.0 (TID 11) in 2295 ms on mehdi-pc (12/20)
16/07/08 12:19:44 INFO TaskSetManager: Starting task 16.0 in stage 0.0 (TID 16, mehdi-pc, partition 16,PROCESS_LOCAL, 2196 bytes)
16/07/08 12:19:44 INFO TaskSetManager: Finished task 12.0 in stage 0.0 (TID 12) in 2138 ms on mehdi-pc (13/20)
16/07/08 12:19:44 INFO TaskSetManager: Starting task 17.0 in stage 0.0 (TID 17, mehdi-pc, partition 17,PROCESS_LOCAL, 2196 bytes)
16/07/08 12:19:44 INFO TaskSetManager: Finished task 13.0 in stage 0.0 (TID 13) in 2088 ms on mehdi-pc (14/20)
16/07/08 12:19:44 INFO TaskSetManager: Starting task 18.0 in stage 0.0 (TID 18, mehdi-pc, partition 18,PROCESS_LOCAL, 2196 bytes)
16/07/08 12:19:44 INFO TaskSetManager: Finished task 14.0 in stage 0.0 (TID 14) in 2017 ms on mehdi-pc (15/20)
16/07/08 12:19:45 INFO TaskSetManager: Starting task 19.0 in stage 0.0 (TID 19, mehdi-pc, partition 19,PROCESS_LOCAL, 2196 bytes)
16/07/08 12:19:45 INFO TaskSetManager: Finished task 15.0 in stage 0.0 (TID 15) in 2071 ms on mehdi-pc (16/20)
16/07/08 12:19:46 INFO TaskSetManager: Finished task 18.0 in stage 0.0 (TID 18) in 1984 ms on mehdi-pc (17/20)
16/07/08 12:19:46 INFO TaskSetManager: Finished task 16.0 in stage 0.0 (TID 16) in 2105 ms on mehdi-pc (18/20)
16/07/08 12:19:47 INFO TaskSetManager: Finished task 17.0 in stage 0.0 (TID 17) in 2132 ms on mehdi-pc (19/20)
16/07/08 12:19:47 INFO TaskSetManager: Finished task 19.0 in stage 0.0 (TID 19) in 1921 ms on mehdi-pc (20/20)
16/07/08 12:19:47 INFO DAGScheduler: ShuffleMapStage 0 (flatMapToPair at GraphUtils.java:42) finished in 21.025 s
16/07/08 12:19:47 INFO DAGScheduler: looking for newly runnable stages
16/07/08 12:19:47 INFO TaskSchedulerImpl: Removed TaskSet 0.0, whose tasks have all completed, from pool 
16/07/08 12:19:47 INFO DAGScheduler: running: Set()
16/07/08 12:19:47 INFO DAGScheduler: waiting: Set(ShuffleMapStage 1, ShuffleMapStage 2, ResultStage 3)
16/07/08 12:19:47 INFO DAGScheduler: failed: Set()
16/07/08 12:19:47 INFO DAGScheduler: Submitting ShuffleMapStage 1 (MapPartitionsRDD[5] at mapToPair at FonlUtils.java:83), which has no missing parents
16/07/08 12:19:47 INFO MemoryStore: Block broadcast_3 stored as values in memory (estimated size 7.0 KB, free 243.5 KB)
16/07/08 12:19:47 INFO MemoryStore: Block broadcast_3_piece0 stored as bytes in memory (estimated size 3.7 KB, free 247.2 KB)
16/07/08 12:19:47 INFO BlockManagerInfo: Added broadcast_3_piece0 in memory on 192.168.43.98:54435 (size: 3.7 KB, free: 511.1 MB)
16/07/08 12:19:47 INFO SparkContext: Created broadcast 3 from broadcast at DAGScheduler.scala:1006
16/07/08 12:19:47 INFO DAGScheduler: Submitting 20 missing tasks from ShuffleMapStage 1 (MapPartitionsRDD[5] at mapToPair at FonlUtils.java:83)
16/07/08 12:19:47 INFO TaskSchedulerImpl: Adding task set 1.0 with 20 tasks
16/07/08 12:19:47 INFO TaskSetManager: Starting task 0.0 in stage 1.0 (TID 20, mehdi-pc, partition 0,NODE_LOCAL, 1945 bytes)
16/07/08 12:19:47 INFO TaskSetManager: Starting task 1.0 in stage 1.0 (TID 21, mehdi-pc, partition 1,NODE_LOCAL, 1945 bytes)
16/07/08 12:19:47 INFO TaskSetManager: Starting task 2.0 in stage 1.0 (TID 22, mehdi-pc, partition 2,NODE_LOCAL, 1945 bytes)
16/07/08 12:19:47 INFO TaskSetManager: Starting task 3.0 in stage 1.0 (TID 23, mehdi-pc, partition 3,NODE_LOCAL, 1945 bytes)
16/07/08 12:19:47 INFO BlockManagerInfo: Added broadcast_3_piece0 in memory on mehdi-pc:50991 (size: 3.7 KB, free: 524.2 MB)
16/07/08 12:19:47 INFO MapOutputTrackerMasterEndpoint: Asked to send map output locations for shuffle 2 to mehdi-pc:33438
16/07/08 12:19:47 INFO MapOutputTrackerMaster: Size of output statuses for shuffle 2 is 193 bytes
16/07/08 12:19:52 INFO TaskSetManager: Starting task 4.0 in stage 1.0 (TID 24, mehdi-pc, partition 4,NODE_LOCAL, 1945 bytes)
16/07/08 12:19:52 INFO TaskSetManager: Finished task 2.0 in stage 1.0 (TID 22) in 4986 ms on mehdi-pc (1/20)
16/07/08 12:19:52 INFO TaskSetManager: Starting task 5.0 in stage 1.0 (TID 25, mehdi-pc, partition 5,NODE_LOCAL, 1945 bytes)
16/07/08 12:19:52 INFO TaskSetManager: Finished task 1.0 in stage 1.0 (TID 21) in 4995 ms on mehdi-pc (2/20)
16/07/08 12:19:52 INFO TaskSetManager: Starting task 6.0 in stage 1.0 (TID 26, mehdi-pc, partition 6,NODE_LOCAL, 1945 bytes)
16/07/08 12:19:52 INFO TaskSetManager: Finished task 3.0 in stage 1.0 (TID 23) in 5023 ms on mehdi-pc (3/20)
16/07/08 12:19:52 INFO TaskSetManager: Starting task 7.0 in stage 1.0 (TID 27, mehdi-pc, partition 7,NODE_LOCAL, 1945 bytes)
16/07/08 12:19:52 INFO TaskSetManager: Finished task 0.0 in stage 1.0 (TID 20) in 5054 ms on mehdi-pc (4/20)
16/07/08 12:19:57 INFO TaskSetManager: Starting task 8.0 in stage 1.0 (TID 28, mehdi-pc, partition 8,NODE_LOCAL, 1945 bytes)
16/07/08 12:19:57 INFO TaskSetManager: Finished task 7.0 in stage 1.0 (TID 27) in 5107 ms on mehdi-pc (5/20)
16/07/08 12:19:57 INFO TaskSetManager: Starting task 9.0 in stage 1.0 (TID 29, mehdi-pc, partition 9,NODE_LOCAL, 1945 bytes)
16/07/08 12:19:57 INFO TaskSetManager: Finished task 4.0 in stage 1.0 (TID 24) in 5193 ms on mehdi-pc (6/20)
16/07/08 12:19:57 INFO TaskSetManager: Starting task 10.0 in stage 1.0 (TID 30, mehdi-pc, partition 10,NODE_LOCAL, 1945 bytes)
16/07/08 12:19:57 INFO TaskSetManager: Finished task 6.0 in stage 1.0 (TID 26) in 5161 ms on mehdi-pc (7/20)
16/07/08 12:19:57 INFO TaskSetManager: Starting task 11.0 in stage 1.0 (TID 31, mehdi-pc, partition 11,NODE_LOCAL, 1945 bytes)
16/07/08 12:19:57 INFO TaskSetManager: Finished task 5.0 in stage 1.0 (TID 25) in 5370 ms on mehdi-pc (8/20)
16/07/08 12:20:00 INFO TaskSetManager: Starting task 12.0 in stage 1.0 (TID 32, mehdi-pc, partition 12,NODE_LOCAL, 1945 bytes)
16/07/08 12:20:00 INFO TaskSetManager: Finished task 8.0 in stage 1.0 (TID 28) in 2749 ms on mehdi-pc (9/20)
16/07/08 12:20:00 INFO TaskSetManager: Starting task 13.0 in stage 1.0 (TID 33, mehdi-pc, partition 13,NODE_LOCAL, 1945 bytes)
16/07/08 12:20:00 INFO TaskSetManager: Finished task 10.0 in stage 1.0 (TID 30) in 2732 ms on mehdi-pc (10/20)
16/07/08 12:20:00 INFO TaskSetManager: Starting task 14.0 in stage 1.0 (TID 34, mehdi-pc, partition 14,NODE_LOCAL, 1945 bytes)
16/07/08 12:20:00 INFO TaskSetManager: Finished task 9.0 in stage 1.0 (TID 29) in 3429 ms on mehdi-pc (11/20)
16/07/08 12:20:00 INFO TaskSetManager: Starting task 15.0 in stage 1.0 (TID 35, mehdi-pc, partition 15,NODE_LOCAL, 1945 bytes)
16/07/08 12:20:00 INFO TaskSetManager: Finished task 11.0 in stage 1.0 (TID 31) in 3407 ms on mehdi-pc (12/20)
16/07/08 12:20:03 INFO TaskSetManager: Starting task 16.0 in stage 1.0 (TID 36, mehdi-pc, partition 16,NODE_LOCAL, 1945 bytes)
16/07/08 12:20:03 INFO TaskSetManager: Finished task 12.0 in stage 1.0 (TID 32) in 3473 ms on mehdi-pc (13/20)
16/07/08 12:20:03 INFO TaskSetManager: Starting task 17.0 in stage 1.0 (TID 37, mehdi-pc, partition 17,NODE_LOCAL, 1945 bytes)
16/07/08 12:20:03 INFO TaskSetManager: Finished task 13.0 in stage 1.0 (TID 33) in 3564 ms on mehdi-pc (14/20)
16/07/08 12:20:03 INFO TaskSetManager: Starting task 18.0 in stage 1.0 (TID 38, mehdi-pc, partition 18,NODE_LOCAL, 1945 bytes)
16/07/08 12:20:03 INFO TaskSetManager: Finished task 14.0 in stage 1.0 (TID 34) in 2976 ms on mehdi-pc (15/20)
16/07/08 12:20:04 INFO TaskSetManager: Starting task 19.0 in stage 1.0 (TID 39, mehdi-pc, partition 19,NODE_LOCAL, 1945 bytes)
16/07/08 12:20:04 INFO TaskSetManager: Finished task 15.0 in stage 1.0 (TID 35) in 3248 ms on mehdi-pc (16/20)
16/07/08 12:20:07 INFO TaskSetManager: Finished task 18.0 in stage 1.0 (TID 38) in 3582 ms on mehdi-pc (17/20)
16/07/08 12:20:07 INFO TaskSetManager: Finished task 16.0 in stage 1.0 (TID 36) in 3826 ms on mehdi-pc (18/20)
16/07/08 12:20:07 INFO TaskSetManager: Finished task 17.0 in stage 1.0 (TID 37) in 3737 ms on mehdi-pc (19/20)
16/07/08 12:20:07 INFO DAGScheduler: ShuffleMapStage 1 (mapToPair at FonlUtils.java:83) finished in 20.419 s
16/07/08 12:20:07 INFO DAGScheduler: looking for newly runnable stages
16/07/08 12:20:07 INFO DAGScheduler: running: Set()
16/07/08 12:20:07 INFO DAGScheduler: waiting: Set(ShuffleMapStage 2, ResultStage 3)
16/07/08 12:20:07 INFO DAGScheduler: failed: Set()
16/07/08 12:20:07 INFO DAGScheduler: Submitting ShuffleMapStage 2 (MapPartitionsRDD[7] at repartition at FonlUtils.java:109), which has no missing parents
16/07/08 12:20:07 INFO MemoryStore: Block broadcast_4 stored as values in memory (estimated size 4.0 KB, free 251.1 KB)
16/07/08 12:20:07 INFO TaskSetManager: Finished task 19.0 in stage 1.0 (TID 39) in 3413 ms on mehdi-pc (20/20)
16/07/08 12:20:07 INFO TaskSchedulerImpl: Removed TaskSet 1.0, whose tasks have all completed, from pool 
16/07/08 12:20:07 INFO MemoryStore: Block broadcast_4_piece0 stored as bytes in memory (estimated size 2.3 KB, free 253.5 KB)
16/07/08 12:20:07 INFO BlockManagerInfo: Added broadcast_4_piece0 in memory on 192.168.43.98:54435 (size: 2.3 KB, free: 511.1 MB)
16/07/08 12:20:07 INFO SparkContext: Created broadcast 4 from broadcast at DAGScheduler.scala:1006
16/07/08 12:20:07 INFO DAGScheduler: Submitting 20 missing tasks from ShuffleMapStage 2 (MapPartitionsRDD[7] at repartition at FonlUtils.java:109)
16/07/08 12:20:07 INFO TaskSchedulerImpl: Adding task set 2.0 with 20 tasks
16/07/08 12:20:07 INFO TaskSetManager: Starting task 0.0 in stage 2.0 (TID 40, mehdi-pc, partition 0,NODE_LOCAL, 1945 bytes)
16/07/08 12:20:07 INFO TaskSetManager: Starting task 1.0 in stage 2.0 (TID 41, mehdi-pc, partition 1,NODE_LOCAL, 1945 bytes)
16/07/08 12:20:07 INFO TaskSetManager: Starting task 2.0 in stage 2.0 (TID 42, mehdi-pc, partition 2,NODE_LOCAL, 1945 bytes)
16/07/08 12:20:07 INFO TaskSetManager: Starting task 3.0 in stage 2.0 (TID 43, mehdi-pc, partition 3,NODE_LOCAL, 1945 bytes)
16/07/08 12:20:07 INFO BlockManagerInfo: Added broadcast_4_piece0 in memory on mehdi-pc:50991 (size: 2.3 KB, free: 524.2 MB)
16/07/08 12:20:07 INFO MapOutputTrackerMasterEndpoint: Asked to send map output locations for shuffle 1 to mehdi-pc:33438
16/07/08 12:20:07 INFO MapOutputTrackerMaster: Size of output statuses for shuffle 1 is 226 bytes
16/07/08 12:20:08 INFO TaskSetManager: Starting task 4.0 in stage 2.0 (TID 44, mehdi-pc, partition 4,NODE_LOCAL, 1945 bytes)
16/07/08 12:20:08 INFO TaskSetManager: Finished task 0.0 in stage 2.0 (TID 40) in 1005 ms on mehdi-pc (1/20)
16/07/08 12:20:08 INFO TaskSetManager: Starting task 5.0 in stage 2.0 (TID 45, mehdi-pc, partition 5,NODE_LOCAL, 1945 bytes)
16/07/08 12:20:08 INFO TaskSetManager: Finished task 1.0 in stage 2.0 (TID 41) in 1062 ms on mehdi-pc (2/20)
16/07/08 12:20:08 INFO TaskSetManager: Starting task 6.0 in stage 2.0 (TID 46, mehdi-pc, partition 6,NODE_LOCAL, 1945 bytes)
16/07/08 12:20:08 INFO TaskSetManager: Finished task 2.0 in stage 2.0 (TID 42) in 1078 ms on mehdi-pc (3/20)
16/07/08 12:20:08 INFO TaskSetManager: Starting task 7.0 in stage 2.0 (TID 47, mehdi-pc, partition 7,NODE_LOCAL, 1945 bytes)
16/07/08 12:20:08 INFO TaskSetManager: Finished task 3.0 in stage 2.0 (TID 43) in 1295 ms on mehdi-pc (4/20)
16/07/08 12:20:09 INFO TaskSetManager: Starting task 8.0 in stage 2.0 (TID 48, mehdi-pc, partition 8,NODE_LOCAL, 1945 bytes)
16/07/08 12:20:09 INFO TaskSetManager: Finished task 4.0 in stage 2.0 (TID 44) in 1213 ms on mehdi-pc (5/20)
16/07/08 12:20:09 INFO TaskSetManager: Starting task 9.0 in stage 2.0 (TID 49, mehdi-pc, partition 9,NODE_LOCAL, 1945 bytes)
16/07/08 12:20:09 INFO TaskSetManager: Finished task 7.0 in stage 2.0 (TID 47) in 976 ms on mehdi-pc (6/20)
16/07/08 12:20:10 INFO TaskSetManager: Starting task 10.0 in stage 2.0 (TID 50, mehdi-pc, partition 10,NODE_LOCAL, 1945 bytes)
16/07/08 12:20:10 INFO TaskSetManager: Finished task 6.0 in stage 2.0 (TID 46) in 1337 ms on mehdi-pc (7/20)
16/07/08 12:20:10 INFO TaskSetManager: Starting task 11.0 in stage 2.0 (TID 51, mehdi-pc, partition 11,NODE_LOCAL, 1945 bytes)
16/07/08 12:20:10 INFO TaskSetManager: Finished task 5.0 in stage 2.0 (TID 45) in 1433 ms on mehdi-pc (8/20)
16/07/08 12:20:10 INFO TaskSetManager: Starting task 12.0 in stage 2.0 (TID 52, mehdi-pc, partition 12,NODE_LOCAL, 1945 bytes)
16/07/08 12:20:10 INFO TaskSetManager: Finished task 9.0 in stage 2.0 (TID 49) in 703 ms on mehdi-pc (9/20)
16/07/08 12:20:10 INFO TaskSetManager: Starting task 13.0 in stage 2.0 (TID 53, mehdi-pc, partition 13,NODE_LOCAL, 1945 bytes)
16/07/08 12:20:10 INFO TaskSetManager: Finished task 10.0 in stage 2.0 (TID 50) in 755 ms on mehdi-pc (10/20)
16/07/08 12:20:10 INFO TaskSetManager: Starting task 14.0 in stage 2.0 (TID 54, mehdi-pc, partition 14,NODE_LOCAL, 1945 bytes)
16/07/08 12:20:10 INFO TaskSetManager: Finished task 8.0 in stage 2.0 (TID 48) in 961 ms on mehdi-pc (11/20)
16/07/08 12:20:11 INFO TaskSetManager: Starting task 15.0 in stage 2.0 (TID 55, mehdi-pc, partition 15,NODE_LOCAL, 1945 bytes)
16/07/08 12:20:11 INFO TaskSetManager: Finished task 11.0 in stage 2.0 (TID 51) in 903 ms on mehdi-pc (12/20)
16/07/08 12:20:11 INFO TaskSetManager: Starting task 16.0 in stage 2.0 (TID 56, mehdi-pc, partition 16,NODE_LOCAL, 1945 bytes)
16/07/08 12:20:11 INFO TaskSetManager: Finished task 12.0 in stage 2.0 (TID 52) in 745 ms on mehdi-pc (13/20)
16/07/08 12:20:11 INFO TaskSetManager: Starting task 17.0 in stage 2.0 (TID 57, mehdi-pc, partition 17,NODE_LOCAL, 1945 bytes)
16/07/08 12:20:11 INFO TaskSetManager: Finished task 14.0 in stage 2.0 (TID 54) in 718 ms on mehdi-pc (14/20)
16/07/08 12:20:11 INFO TaskSetManager: Starting task 18.0 in stage 2.0 (TID 58, mehdi-pc, partition 18,NODE_LOCAL, 1945 bytes)
16/07/08 12:20:11 INFO TaskSetManager: Finished task 13.0 in stage 2.0 (TID 53) in 758 ms on mehdi-pc (15/20)
16/07/08 12:20:11 INFO TaskSetManager: Starting task 19.0 in stage 2.0 (TID 59, mehdi-pc, partition 19,NODE_LOCAL, 1945 bytes)
16/07/08 12:20:11 INFO TaskSetManager: Finished task 15.0 in stage 2.0 (TID 55) in 929 ms on mehdi-pc (16/20)
16/07/08 12:20:12 INFO TaskSetManager: Finished task 16.0 in stage 2.0 (TID 56) in 860 ms on mehdi-pc (17/20)
16/07/08 12:20:12 INFO TaskSetManager: Finished task 19.0 in stage 2.0 (TID 59) in 462 ms on mehdi-pc (18/20)
16/07/08 12:20:12 INFO TaskSetManager: Finished task 17.0 in stage 2.0 (TID 57) in 906 ms on mehdi-pc (19/20)
16/07/08 12:20:12 INFO TaskSetManager: Finished task 18.0 in stage 2.0 (TID 58) in 888 ms on mehdi-pc (20/20)
16/07/08 12:20:12 INFO DAGScheduler: ShuffleMapStage 2 (repartition at FonlUtils.java:109) finished in 4.794 s
16/07/08 12:20:12 INFO TaskSchedulerImpl: Removed TaskSet 2.0, whose tasks have all completed, from pool 
16/07/08 12:20:12 INFO DAGScheduler: looking for newly runnable stages
16/07/08 12:20:12 INFO DAGScheduler: running: Set()
16/07/08 12:20:12 INFO DAGScheduler: waiting: Set(ResultStage 3)
16/07/08 12:20:12 INFO DAGScheduler: failed: Set()
16/07/08 12:20:12 INFO DAGScheduler: Submitting ResultStage 3 (MapPartitionsRDD[10] at repartition at FonlUtils.java:109), which has no missing parents
16/07/08 12:20:12 INFO MemoryStore: Block broadcast_5 stored as values in memory (estimated size 3.0 KB, free 256.4 KB)
16/07/08 12:20:12 INFO MemoryStore: Block broadcast_5_piece0 stored as bytes in memory (estimated size 1836.0 B, free 258.2 KB)
16/07/08 12:20:12 INFO BlockManagerInfo: Added broadcast_5_piece0 in memory on 192.168.43.98:54435 (size: 1836.0 B, free: 511.1 MB)
16/07/08 12:20:12 INFO SparkContext: Created broadcast 5 from broadcast at DAGScheduler.scala:1006
16/07/08 12:20:12 INFO DAGScheduler: Submitting 20 missing tasks from ResultStage 3 (MapPartitionsRDD[10] at repartition at FonlUtils.java:109)
16/07/08 12:20:12 INFO TaskSchedulerImpl: Adding task set 3.0 with 20 tasks
16/07/08 12:20:12 INFO TaskSetManager: Starting task 0.0 in stage 3.0 (TID 60, mehdi-pc, partition 0,NODE_LOCAL, 2225 bytes)
16/07/08 12:20:12 INFO TaskSetManager: Starting task 1.0 in stage 3.0 (TID 61, mehdi-pc, partition 1,NODE_LOCAL, 2225 bytes)
16/07/08 12:20:12 INFO TaskSetManager: Starting task 2.0 in stage 3.0 (TID 62, mehdi-pc, partition 2,NODE_LOCAL, 2225 bytes)
16/07/08 12:20:12 INFO TaskSetManager: Starting task 3.0 in stage 3.0 (TID 63, mehdi-pc, partition 3,NODE_LOCAL, 2225 bytes)
16/07/08 12:20:12 INFO BlockManagerInfo: Added broadcast_5_piece0 in memory on mehdi-pc:50991 (size: 1836.0 B, free: 524.2 MB)
16/07/08 12:20:12 INFO MapOutputTrackerMasterEndpoint: Asked to send map output locations for shuffle 0 to mehdi-pc:33438
16/07/08 12:20:12 INFO MapOutputTrackerMaster: Size of output statuses for shuffle 0 is 153 bytes
16/07/08 12:20:13 INFO BlockManagerInfo: Added rdd_10_3 in memory on mehdi-pc:50991 (size: 14.6 MB, free: 509.6 MB)
16/07/08 12:20:13 INFO BlockManagerInfo: Added rdd_10_1 in memory on mehdi-pc:50991 (size: 14.7 MB, free: 494.9 MB)
16/07/08 12:20:13 INFO BlockManagerInfo: Added rdd_10_0 in memory on mehdi-pc:50991 (size: 14.5 MB, free: 480.4 MB)
16/07/08 12:20:13 INFO TaskSetManager: Starting task 4.0 in stage 3.0 (TID 64, mehdi-pc, partition 4,NODE_LOCAL, 2225 bytes)
16/07/08 12:20:13 INFO TaskSetManager: Finished task 3.0 in stage 3.0 (TID 63) in 741 ms on mehdi-pc (1/20)
16/07/08 12:20:13 INFO TaskSetManager: Starting task 5.0 in stage 3.0 (TID 65, mehdi-pc, partition 5,NODE_LOCAL, 2225 bytes)
16/07/08 12:20:13 INFO TaskSetManager: Finished task 0.0 in stage 3.0 (TID 60) in 767 ms on mehdi-pc (2/20)
16/07/08 12:20:13 INFO TaskSetManager: Starting task 6.0 in stage 3.0 (TID 66, mehdi-pc, partition 6,NODE_LOCAL, 2225 bytes)
16/07/08 12:20:13 INFO TaskSetManager: Finished task 1.0 in stage 3.0 (TID 61) in 767 ms on mehdi-pc (3/20)
16/07/08 12:20:13 INFO BlockManagerInfo: Added rdd_10_2 in memory on mehdi-pc:50991 (size: 14.8 MB, free: 465.6 MB)
16/07/08 12:20:13 INFO TaskSetManager: Starting task 7.0 in stage 3.0 (TID 67, mehdi-pc, partition 7,NODE_LOCAL, 2225 bytes)
16/07/08 12:20:13 INFO TaskSetManager: Finished task 2.0 in stage 3.0 (TID 62) in 830 ms on mehdi-pc (4/20)
16/07/08 12:20:13 INFO BlockManagerInfo: Added rdd_10_4 in memory on mehdi-pc:50991 (size: 15.0 MB, free: 450.6 MB)
16/07/08 12:20:13 INFO TaskSetManager: Starting task 8.0 in stage 3.0 (TID 68, mehdi-pc, partition 8,NODE_LOCAL, 2225 bytes)
16/07/08 12:20:13 INFO TaskSetManager: Finished task 4.0 in stage 3.0 (TID 64) in 478 ms on mehdi-pc (5/20)
16/07/08 12:20:13 INFO BlockManagerInfo: Added rdd_10_7 in memory on mehdi-pc:50991 (size: 14.8 MB, free: 435.8 MB)
16/07/08 12:20:14 INFO TaskSetManager: Starting task 9.0 in stage 3.0 (TID 69, mehdi-pc, partition 9,NODE_LOCAL, 2225 bytes)
16/07/08 12:20:14 INFO BlockManagerInfo: Added rdd_10_5 in memory on mehdi-pc:50991 (size: 14.8 MB, free: 421.1 MB)
16/07/08 12:20:14 INFO BlockManagerInfo: Added rdd_10_6 in memory on mehdi-pc:50991 (size: 14.2 MB, free: 406.9 MB)
16/07/08 12:20:14 INFO TaskSetManager: Finished task 7.0 in stage 3.0 (TID 67) in 1218 ms on mehdi-pc (6/20)
16/07/08 12:20:14 INFO TaskSetManager: Starting task 10.0 in stage 3.0 (TID 70, mehdi-pc, partition 10,NODE_LOCAL, 2225 bytes)
16/07/08 12:20:14 INFO TaskSetManager: Finished task 5.0 in stage 3.0 (TID 65) in 1308 ms on mehdi-pc (7/20)
16/07/08 12:20:14 INFO TaskSetManager: Starting task 11.0 in stage 3.0 (TID 71, mehdi-pc, partition 11,NODE_LOCAL, 2225 bytes)
16/07/08 12:20:14 INFO TaskSetManager: Finished task 6.0 in stage 3.0 (TID 66) in 1325 ms on mehdi-pc (8/20)
16/07/08 12:20:14 INFO BlockManagerInfo: Added rdd_10_8 in memory on mehdi-pc:50991 (size: 14.4 MB, free: 392.5 MB)
16/07/08 12:20:14 INFO BlockManagerInfo: Added rdd_10_9 in memory on mehdi-pc:50991 (size: 14.2 MB, free: 378.3 MB)
16/07/08 12:20:14 INFO TaskSetManager: Starting task 12.0 in stage 3.0 (TID 72, mehdi-pc, partition 12,NODE_LOCAL, 2225 bytes)
16/07/08 12:20:14 INFO TaskSetManager: Finished task 8.0 in stage 3.0 (TID 68) in 1167 ms on mehdi-pc (9/20)
16/07/08 12:20:14 INFO BlockManagerInfo: Added rdd_10_11 in memory on mehdi-pc:50991 (size: 14.7 MB, free: 363.6 MB)
16/07/08 12:20:14 INFO TaskSetManager: Starting task 13.0 in stage 3.0 (TID 73, mehdi-pc, partition 13,NODE_LOCAL, 2225 bytes)
16/07/08 12:20:14 INFO TaskSetManager: Finished task 9.0 in stage 3.0 (TID 69) in 376 ms on mehdi-pc (10/20)
16/07/08 12:20:14 INFO TaskSetManager: Starting task 14.0 in stage 3.0 (TID 74, mehdi-pc, partition 14,NODE_LOCAL, 2225 bytes)
16/07/08 12:20:14 INFO TaskSetManager: Finished task 11.0 in stage 3.0 (TID 71) in 369 ms on mehdi-pc (11/20)
16/07/08 12:20:15 INFO BlockManagerInfo: Added rdd_10_10 in memory on mehdi-pc:50991 (size: 14.5 MB, free: 349.1 MB)
16/07/08 12:20:15 INFO TaskSetManager: Starting task 15.0 in stage 3.0 (TID 75, mehdi-pc, partition 15,NODE_LOCAL, 2225 bytes)
16/07/08 12:20:15 INFO TaskSetManager: Finished task 10.0 in stage 3.0 (TID 70) in 529 ms on mehdi-pc (12/20)
16/07/08 12:20:15 INFO BlockManagerInfo: Added rdd_10_13 in memory on mehdi-pc:50991 (size: 14.4 MB, free: 334.7 MB)
16/07/08 12:20:15 INFO TaskSetManager: Starting task 16.0 in stage 3.0 (TID 76, mehdi-pc, partition 16,NODE_LOCAL, 2225 bytes)
16/07/08 12:20:15 INFO TaskSetManager: Finished task 13.0 in stage 3.0 (TID 73) in 437 ms on mehdi-pc (13/20)
16/07/08 12:20:15 INFO BlockManagerInfo: Added rdd_10_12 in memory on mehdi-pc:50991 (size: 14.7 MB, free: 320.0 MB)
16/07/08 12:20:16 INFO TaskSetManager: Starting task 17.0 in stage 3.0 (TID 77, mehdi-pc, partition 17,NODE_LOCAL, 2225 bytes)
16/07/08 12:20:16 INFO TaskSetManager: Finished task 12.0 in stage 3.0 (TID 72) in 1400 ms on mehdi-pc (14/20)
16/07/08 12:20:16 INFO BlockManagerInfo: Added rdd_10_14 in memory on mehdi-pc:50991 (size: 15.0 MB, free: 305.0 MB)
16/07/08 12:20:16 INFO TaskSetManager: Starting task 18.0 in stage 3.0 (TID 78, mehdi-pc, partition 18,NODE_LOCAL, 2225 bytes)
16/07/08 12:20:16 INFO TaskSetManager: Finished task 14.0 in stage 3.0 (TID 74) in 1363 ms on mehdi-pc (15/20)
16/07/08 12:20:16 INFO BlockManagerInfo: Added rdd_10_15 in memory on mehdi-pc:50991 (size: 14.6 MB, free: 290.3 MB)
16/07/08 12:20:16 INFO TaskSetManager: Starting task 19.0 in stage 3.0 (TID 79, mehdi-pc, partition 19,NODE_LOCAL, 2225 bytes)
16/07/08 12:20:16 INFO TaskSetManager: Finished task 15.0 in stage 3.0 (TID 75) in 1289 ms on mehdi-pc (16/20)
16/07/08 12:20:16 INFO BlockManagerInfo: Added rdd_10_16 in memory on mehdi-pc:50991 (size: 14.8 MB, free: 275.5 MB)
16/07/08 12:20:16 INFO TaskSetManager: Finished task 16.0 in stage 3.0 (TID 76) in 1289 ms on mehdi-pc (17/20)
16/07/08 12:20:16 INFO BlockManagerInfo: Added rdd_10_17 in memory on mehdi-pc:50991 (size: 14.9 MB, free: 260.6 MB)
16/07/08 12:20:16 INFO TaskSetManager: Finished task 17.0 in stage 3.0 (TID 77) in 396 ms on mehdi-pc (18/20)
16/07/08 12:20:16 INFO BlockManagerInfo: Added rdd_10_18 in memory on mehdi-pc:50991 (size: 15.0 MB, free: 245.6 MB)
16/07/08 12:20:16 INFO TaskSetManager: Finished task 18.0 in stage 3.0 (TID 78) in 497 ms on mehdi-pc (19/20)
16/07/08 12:20:16 INFO BlockManagerInfo: Added rdd_10_19 in memory on mehdi-pc:50991 (size: 14.7 MB, free: 230.8 MB)
16/07/08 12:20:16 INFO TaskSetManager: Finished task 19.0 in stage 3.0 (TID 79) in 482 ms on mehdi-pc (20/20)
16/07/08 12:20:16 INFO DAGScheduler: ResultStage 3 (count at FonlIdGCC.java:51) finished in 4.363 s
16/07/08 12:20:16 INFO TaskSchedulerImpl: Removed TaskSet 3.0, whose tasks have all completed, from pool 
16/07/08 12:20:16 INFO DAGScheduler: Job 0 finished: count at FonlIdGCC.java:51, took 50.753308 s
16/07/08 12:20:16 INFO SparkContext: Starting job: reduce at FonlIdGCC.java:90
16/07/08 12:20:16 INFO MapOutputTrackerMaster: Size of output statuses for shuffle 2 is 193 bytes
16/07/08 12:20:16 INFO MapOutputTrackerMaster: Size of output statuses for shuffle 1 is 226 bytes
16/07/08 12:20:16 INFO DAGScheduler: Registering RDD 10 (repartition at FonlUtils.java:109)
16/07/08 12:20:16 INFO DAGScheduler: Registering RDD 11 (flatMapToPair at FonlIdGCC.java:54)
16/07/08 12:20:16 INFO DAGScheduler: Registering RDD 16 (repartition at FonlIdGCC.java:90)
16/07/08 12:20:16 INFO DAGScheduler: Got job 1 (reduce at FonlIdGCC.java:90) with 20 output partitions
16/07/08 12:20:16 INFO DAGScheduler: Final stage: ResultStage 10 (reduce at FonlIdGCC.java:90)
16/07/08 12:20:16 INFO DAGScheduler: Parents of final stage: List(ShuffleMapStage 9)
16/07/08 12:20:16 INFO DAGScheduler: Missing parents: List(ShuffleMapStage 9)
16/07/08 12:20:16 INFO DAGScheduler: Submitting ShuffleMapStage 7 (MapPartitionsRDD[10] at repartition at FonlUtils.java:109), which has no missing parents
16/07/08 12:20:16 INFO MemoryStore: Block broadcast_6 stored as values in memory (estimated size 3.0 KB, free 261.2 KB)
16/07/08 12:20:16 INFO MemoryStore: Block broadcast_6_piece0 stored as bytes in memory (estimated size 1847.0 B, free 263.0 KB)
16/07/08 12:20:16 INFO BlockManagerInfo: Added broadcast_6_piece0 in memory on 192.168.43.98:54435 (size: 1847.0 B, free: 511.1 MB)
16/07/08 12:20:16 INFO SparkContext: Created broadcast 6 from broadcast at DAGScheduler.scala:1006
16/07/08 12:20:16 INFO DAGScheduler: Submitting 20 missing tasks from ShuffleMapStage 7 (MapPartitionsRDD[10] at repartition at FonlUtils.java:109)
16/07/08 12:20:16 INFO TaskSchedulerImpl: Adding task set 7.0 with 20 tasks
16/07/08 12:20:16 INFO DAGScheduler: Submitting ShuffleMapStage 8 (MapPartitionsRDD[11] at flatMapToPair at FonlIdGCC.java:54), which has no missing parents
16/07/08 12:20:16 INFO TaskSetManager: Starting task 0.0 in stage 7.0 (TID 80, mehdi-pc, partition 0,PROCESS_LOCAL, 2214 bytes)
16/07/08 12:20:16 INFO TaskSetManager: Starting task 1.0 in stage 7.0 (TID 81, mehdi-pc, partition 1,PROCESS_LOCAL, 2214 bytes)
16/07/08 12:20:16 INFO TaskSetManager: Starting task 2.0 in stage 7.0 (TID 82, mehdi-pc, partition 2,PROCESS_LOCAL, 2214 bytes)
16/07/08 12:20:16 INFO TaskSetManager: Starting task 3.0 in stage 7.0 (TID 83, mehdi-pc, partition 3,PROCESS_LOCAL, 2214 bytes)
16/07/08 12:20:16 INFO MemoryStore: Block broadcast_7 stored as values in memory (estimated size 4.2 KB, free 267.2 KB)
16/07/08 12:20:16 INFO MemoryStore: Block broadcast_7_piece0 stored as bytes in memory (estimated size 2.4 KB, free 269.6 KB)
16/07/08 12:20:16 INFO BlockManagerInfo: Added broadcast_7_piece0 in memory on 192.168.43.98:54435 (size: 2.4 KB, free: 511.1 MB)
16/07/08 12:20:16 INFO SparkContext: Created broadcast 7 from broadcast at DAGScheduler.scala:1006
16/07/08 12:20:16 INFO DAGScheduler: Submitting 20 missing tasks from ShuffleMapStage 8 (MapPartitionsRDD[11] at flatMapToPair at FonlIdGCC.java:54)
16/07/08 12:20:16 INFO TaskSchedulerImpl: Adding task set 8.0 with 20 tasks
16/07/08 12:20:16 INFO BlockManagerInfo: Added broadcast_6_piece0 in memory on mehdi-pc:50991 (size: 1847.0 B, free: 230.8 MB)
16/07/08 12:20:17 INFO TaskSetManager: Starting task 4.0 in stage 7.0 (TID 84, mehdi-pc, partition 4,PROCESS_LOCAL, 2214 bytes)
16/07/08 12:20:17 INFO TaskSetManager: Finished task 2.0 in stage 7.0 (TID 82) in 432 ms on mehdi-pc (1/20)
16/07/08 12:20:17 INFO TaskSetManager: Starting task 5.0 in stage 7.0 (TID 85, mehdi-pc, partition 5,PROCESS_LOCAL, 2214 bytes)
16/07/08 12:20:17 INFO TaskSetManager: Finished task 3.0 in stage 7.0 (TID 83) in 448 ms on mehdi-pc (2/20)
16/07/08 12:20:18 INFO TaskSetManager: Starting task 6.0 in stage 7.0 (TID 86, mehdi-pc, partition 6,PROCESS_LOCAL, 2214 bytes)
16/07/08 12:20:18 INFO TaskSetManager: Finished task 1.0 in stage 7.0 (TID 81) in 1262 ms on mehdi-pc (3/20)
16/07/08 12:20:18 INFO TaskSetManager: Starting task 7.0 in stage 7.0 (TID 87, mehdi-pc, partition 7,PROCESS_LOCAL, 2214 bytes)
16/07/08 12:20:18 INFO TaskSetManager: Finished task 0.0 in stage 7.0 (TID 80) in 1292 ms on mehdi-pc (4/20)
16/07/08 12:20:18 INFO TaskSetManager: Starting task 8.0 in stage 7.0 (TID 88, mehdi-pc, partition 8,PROCESS_LOCAL, 2214 bytes)
16/07/08 12:20:18 INFO TaskSetManager: Finished task 4.0 in stage 7.0 (TID 84) in 1074 ms on mehdi-pc (5/20)
16/07/08 12:20:18 INFO TaskSetManager: Starting task 9.0 in stage 7.0 (TID 89, mehdi-pc, partition 9,PROCESS_LOCAL, 2214 bytes)
16/07/08 12:20:18 INFO TaskSetManager: Finished task 6.0 in stage 7.0 (TID 86) in 333 ms on mehdi-pc (6/20)
16/07/08 12:20:18 INFO TaskSetManager: Starting task 10.0 in stage 7.0 (TID 90, mehdi-pc, partition 10,PROCESS_LOCAL, 2214 bytes)
16/07/08 12:20:18 INFO TaskSetManager: Finished task 5.0 in stage 7.0 (TID 85) in 1208 ms on mehdi-pc (7/20)
16/07/08 12:20:18 INFO TaskSetManager: Starting task 11.0 in stage 7.0 (TID 91, mehdi-pc, partition 11,PROCESS_LOCAL, 2214 bytes)
16/07/08 12:20:18 INFO TaskSetManager: Finished task 7.0 in stage 7.0 (TID 87) in 432 ms on mehdi-pc (8/20)
16/07/08 12:20:18 INFO TaskSetManager: Starting task 12.0 in stage 7.0 (TID 92, mehdi-pc, partition 12,PROCESS_LOCAL, 2214 bytes)
16/07/08 12:20:18 INFO TaskSetManager: Finished task 8.0 in stage 7.0 (TID 88) in 260 ms on mehdi-pc (9/20)
16/07/08 12:20:19 INFO TaskSetManager: Starting task 13.0 in stage 7.0 (TID 93, mehdi-pc, partition 13,PROCESS_LOCAL, 2214 bytes)
16/07/08 12:20:19 INFO TaskSetManager: Finished task 9.0 in stage 7.0 (TID 89) in 874 ms on mehdi-pc (10/20)
16/07/08 12:20:19 INFO TaskSetManager: Starting task 14.0 in stage 7.0 (TID 94, mehdi-pc, partition 14,PROCESS_LOCAL, 2214 bytes)
16/07/08 12:20:19 INFO TaskSetManager: Finished task 10.0 in stage 7.0 (TID 90) in 912 ms on mehdi-pc (11/20)
16/07/08 12:20:19 INFO TaskSetManager: Starting task 15.0 in stage 7.0 (TID 95, mehdi-pc, partition 15,PROCESS_LOCAL, 2214 bytes)
16/07/08 12:20:19 INFO TaskSetManager: Finished task 12.0 in stage 7.0 (TID 92) in 849 ms on mehdi-pc (12/20)
16/07/08 12:20:19 INFO TaskSetManager: Starting task 16.0 in stage 7.0 (TID 96, mehdi-pc, partition 16,PROCESS_LOCAL, 2214 bytes)
16/07/08 12:20:19 INFO TaskSetManager: Finished task 11.0 in stage 7.0 (TID 91) in 946 ms on mehdi-pc (13/20)
16/07/08 12:20:19 INFO TaskSetManager: Starting task 17.0 in stage 7.0 (TID 97, mehdi-pc, partition 17,PROCESS_LOCAL, 2214 bytes)
16/07/08 12:20:19 INFO TaskSetManager: Finished task 13.0 in stage 7.0 (TID 93) in 294 ms on mehdi-pc (14/20)
16/07/08 12:20:19 INFO TaskSetManager: Starting task 18.0 in stage 7.0 (TID 98, mehdi-pc, partition 18,PROCESS_LOCAL, 2214 bytes)
16/07/08 12:20:19 INFO TaskSetManager: Finished task 14.0 in stage 7.0 (TID 94) in 243 ms on mehdi-pc (15/20)
16/07/08 12:20:19 INFO TaskSetManager: Starting task 19.0 in stage 7.0 (TID 99, mehdi-pc, partition 19,PROCESS_LOCAL, 2214 bytes)
16/07/08 12:20:19 INFO TaskSetManager: Finished task 15.0 in stage 7.0 (TID 95) in 221 ms on mehdi-pc (16/20)
16/07/08 12:20:19 INFO BlockManagerInfo: Removed broadcast_5_piece0 on 192.168.43.98:54435 in memory (size: 1836.0 B, free: 511.1 MB)
16/07/08 12:20:20 INFO TaskSetManager: Starting task 0.0 in stage 8.0 (TID 100, mehdi-pc, partition 0,PROCESS_LOCAL, 2214 bytes)
16/07/08 12:20:20 INFO TaskSetManager: Finished task 16.0 in stage 7.0 (TID 96) in 708 ms on mehdi-pc (17/20)
16/07/08 12:20:20 INFO BlockManagerInfo: Removed broadcast_5_piece0 on mehdi-pc:50991 in memory (size: 1836.0 B, free: 230.8 MB)
16/07/08 12:20:20 INFO BlockManagerInfo: Added broadcast_7_piece0 in memory on mehdi-pc:50991 (size: 2.4 KB, free: 230.8 MB)
16/07/08 12:20:20 INFO ContextCleaner: Cleaned accumulator 4
16/07/08 12:20:20 INFO BlockManagerInfo: Removed broadcast_4_piece0 on 192.168.43.98:54435 in memory (size: 2.3 KB, free: 511.1 MB)
16/07/08 12:20:20 INFO BlockManagerInfo: Removed broadcast_4_piece0 on mehdi-pc:50991 in memory (size: 2.3 KB, free: 230.8 MB)
16/07/08 12:20:20 INFO ContextCleaner: Cleaned accumulator 3
16/07/08 12:20:20 INFO BlockManagerInfo: Removed broadcast_3_piece0 on 192.168.43.98:54435 in memory (size: 3.7 KB, free: 511.1 MB)
16/07/08 12:20:20 INFO BlockManagerInfo: Added broadcast_1_piece0 in memory on mehdi-pc:50991 (size: 44.0 B, free: 230.8 MB)
16/07/08 12:20:20 INFO BlockManagerInfo: Removed broadcast_3_piece0 on mehdi-pc:50991 in memory (size: 3.7 KB, free: 230.8 MB)
16/07/08 12:20:20 INFO ContextCleaner: Cleaned accumulator 2
16/07/08 12:20:20 INFO BlockManagerInfo: Removed broadcast_2_piece0 on 192.168.43.98:54435 in memory (size: 2.8 KB, free: 511.1 MB)
16/07/08 12:20:20 INFO BlockManagerInfo: Removed broadcast_2_piece0 on mehdi-pc:50991 in memory (size: 2.8 KB, free: 230.8 MB)
16/07/08 12:20:20 INFO ContextCleaner: Cleaned accumulator 1
16/07/08 12:20:20 INFO TaskSetManager: Starting task 1.0 in stage 8.0 (TID 101, mehdi-pc, partition 1,PROCESS_LOCAL, 2214 bytes)
16/07/08 12:20:20 INFO TaskSetManager: Finished task 17.0 in stage 7.0 (TID 97) in 742 ms on mehdi-pc (18/20)
16/07/08 12:20:20 INFO TaskSetManager: Starting task 2.0 in stage 8.0 (TID 102, mehdi-pc, partition 2,PROCESS_LOCAL, 2214 bytes)
16/07/08 12:20:20 INFO TaskSetManager: Finished task 18.0 in stage 7.0 (TID 98) in 720 ms on mehdi-pc (19/20)
16/07/08 12:20:20 INFO TaskSetManager: Starting task 3.0 in stage 8.0 (TID 103, mehdi-pc, partition 3,PROCESS_LOCAL, 2214 bytes)
16/07/08 12:20:20 INFO TaskSetManager: Finished task 19.0 in stage 7.0 (TID 99) in 769 ms on mehdi-pc (20/20)
16/07/08 12:20:20 INFO TaskSchedulerImpl: Removed TaskSet 7.0, whose tasks have all completed, from pool 
16/07/08 12:20:20 INFO DAGScheduler: ShuffleMapStage 7 (repartition at FonlUtils.java:109) finished in 3.591 s
16/07/08 12:20:20 INFO DAGScheduler: looking for newly runnable stages
16/07/08 12:20:20 INFO DAGScheduler: running: Set(ShuffleMapStage 8)
16/07/08 12:20:20 INFO DAGScheduler: waiting: Set(ShuffleMapStage 9, ResultStage 10)
16/07/08 12:20:20 INFO DAGScheduler: failed: Set()
16/07/08 12:20:22 INFO TaskSetManager: Starting task 4.0 in stage 8.0 (TID 104, mehdi-pc, partition 4,PROCESS_LOCAL, 2214 bytes)
16/07/08 12:20:22 INFO TaskSetManager: Finished task 3.0 in stage 8.0 (TID 103) in 1716 ms on mehdi-pc (1/20)
16/07/08 12:20:22 INFO TaskSetManager: Starting task 5.0 in stage 8.0 (TID 105, mehdi-pc, partition 5,PROCESS_LOCAL, 2214 bytes)
16/07/08 12:20:22 INFO TaskSetManager: Starting task 6.0 in stage 8.0 (TID 106, mehdi-pc, partition 6,PROCESS_LOCAL, 2214 bytes)
16/07/08 12:20:22 INFO TaskSetManager: Finished task 1.0 in stage 8.0 (TID 101) in 1817 ms on mehdi-pc (2/20)
16/07/08 12:20:22 INFO TaskSetManager: Finished task 0.0 in stage 8.0 (TID 100) in 1951 ms on mehdi-pc (3/20)
16/07/08 12:20:22 INFO TaskSetManager: Starting task 7.0 in stage 8.0 (TID 107, mehdi-pc, partition 7,PROCESS_LOCAL, 2214 bytes)
16/07/08 12:20:22 INFO TaskSetManager: Finished task 2.0 in stage 8.0 (TID 102) in 1836 ms on mehdi-pc (4/20)
16/07/08 12:20:23 INFO TaskSetManager: Starting task 8.0 in stage 8.0 (TID 108, mehdi-pc, partition 8,PROCESS_LOCAL, 2214 bytes)
16/07/08 12:20:23 INFO TaskSetManager: Starting task 9.0 in stage 8.0 (TID 109, mehdi-pc, partition 9,PROCESS_LOCAL, 2214 bytes)
16/07/08 12:20:23 INFO TaskSetManager: Finished task 6.0 in stage 8.0 (TID 106) in 951 ms on mehdi-pc (5/20)
16/07/08 12:20:23 INFO TaskSetManager: Finished task 5.0 in stage 8.0 (TID 105) in 956 ms on mehdi-pc (6/20)
16/07/08 12:20:23 INFO TaskSetManager: Starting task 10.0 in stage 8.0 (TID 110, mehdi-pc, partition 10,PROCESS_LOCAL, 2214 bytes)
16/07/08 12:20:23 INFO TaskSetManager: Starting task 11.0 in stage 8.0 (TID 111, mehdi-pc, partition 11,PROCESS_LOCAL, 2214 bytes)
16/07/08 12:20:23 INFO TaskSetManager: Finished task 7.0 in stage 8.0 (TID 107) in 1429 ms on mehdi-pc (7/20)
16/07/08 12:20:23 INFO TaskSetManager: Finished task 4.0 in stage 8.0 (TID 104) in 1481 ms on mehdi-pc (8/20)
16/07/08 12:20:24 INFO TaskSetManager: Starting task 12.0 in stage 8.0 (TID 112, mehdi-pc, partition 12,PROCESS_LOCAL, 2214 bytes)
16/07/08 12:20:24 INFO TaskSetManager: Finished task 8.0 in stage 8.0 (TID 108) in 1426 ms on mehdi-pc (9/20)
16/07/08 12:20:24 INFO TaskSetManager: Starting task 13.0 in stage 8.0 (TID 113, mehdi-pc, partition 13,PROCESS_LOCAL, 2214 bytes)
16/07/08 12:20:24 INFO TaskSetManager: Finished task 11.0 in stage 8.0 (TID 111) in 959 ms on mehdi-pc (10/20)
16/07/08 12:20:24 INFO TaskSetManager: Starting task 14.0 in stage 8.0 (TID 114, mehdi-pc, partition 14,PROCESS_LOCAL, 2214 bytes)
16/07/08 12:20:24 INFO TaskSetManager: Finished task 9.0 in stage 8.0 (TID 109) in 1492 ms on mehdi-pc (11/20)
16/07/08 12:20:24 INFO TaskSetManager: Starting task 15.0 in stage 8.0 (TID 115, mehdi-pc, partition 15,PROCESS_LOCAL, 2214 bytes)
16/07/08 12:20:24 INFO TaskSetManager: Finished task 10.0 in stage 8.0 (TID 110) in 1023 ms on mehdi-pc (12/20)
16/07/08 12:20:25 INFO TaskSetManager: Starting task 16.0 in stage 8.0 (TID 116, mehdi-pc, partition 16,PROCESS_LOCAL, 2214 bytes)
16/07/08 12:20:25 INFO TaskSetManager: Finished task 12.0 in stage 8.0 (TID 112) in 1403 ms on mehdi-pc (13/20)
16/07/08 12:20:26 INFO TaskSetManager: Starting task 17.0 in stage 8.0 (TID 117, mehdi-pc, partition 17,PROCESS_LOCAL, 2214 bytes)
16/07/08 12:20:26 INFO TaskSetManager: Finished task 13.0 in stage 8.0 (TID 113) in 1463 ms on mehdi-pc (14/20)
16/07/08 12:20:26 INFO TaskSetManager: Starting task 18.0 in stage 8.0 (TID 118, mehdi-pc, partition 18,PROCESS_LOCAL, 2214 bytes)
16/07/08 12:20:26 INFO TaskSetManager: Finished task 14.0 in stage 8.0 (TID 114) in 1568 ms on mehdi-pc (15/20)
16/07/08 12:20:26 INFO TaskSetManager: Starting task 19.0 in stage 8.0 (TID 119, mehdi-pc, partition 19,PROCESS_LOCAL, 2214 bytes)
16/07/08 12:20:26 INFO TaskSetManager: Finished task 15.0 in stage 8.0 (TID 115) in 1528 ms on mehdi-pc (16/20)
16/07/08 12:20:28 INFO TaskSetManager: Finished task 16.0 in stage 8.0 (TID 116) in 2232 ms on mehdi-pc (17/20)
16/07/08 12:20:28 INFO TaskSetManager: Finished task 17.0 in stage 8.0 (TID 117) in 2197 ms on mehdi-pc (18/20)
16/07/08 12:20:28 INFO TaskSetManager: Finished task 18.0 in stage 8.0 (TID 118) in 2656 ms on mehdi-pc (19/20)
16/07/08 12:20:28 INFO TaskSetManager: Finished task 19.0 in stage 8.0 (TID 119) in 2659 ms on mehdi-pc (20/20)
16/07/08 12:20:28 INFO DAGScheduler: ShuffleMapStage 8 (flatMapToPair at FonlIdGCC.java:54) finished in 11.948 s
16/07/08 12:20:28 INFO TaskSchedulerImpl: Removed TaskSet 8.0, whose tasks have all completed, from pool 
16/07/08 12:20:28 INFO DAGScheduler: looking for newly runnable stages
16/07/08 12:20:28 INFO DAGScheduler: running: Set()
16/07/08 12:20:28 INFO DAGScheduler: waiting: Set(ShuffleMapStage 9, ResultStage 10)
16/07/08 12:20:28 INFO DAGScheduler: failed: Set()
16/07/08 12:20:28 INFO DAGScheduler: Submitting ShuffleMapStage 9 (MapPartitionsRDD[16] at repartition at FonlIdGCC.java:90), which has no missing parents
16/07/08 12:20:28 INFO MemoryStore: Block broadcast_8 stored as values in memory (estimated size 4.4 KB, free 244.3 KB)
16/07/08 12:20:28 INFO MemoryStore: Block broadcast_8_piece0 stored as bytes in memory (estimated size 2.5 KB, free 246.7 KB)
16/07/08 12:20:28 INFO BlockManagerInfo: Added broadcast_8_piece0 in memory on 192.168.43.98:54435 (size: 2.5 KB, free: 511.1 MB)
16/07/08 12:20:28 INFO SparkContext: Created broadcast 8 from broadcast at DAGScheduler.scala:1006
16/07/08 12:20:28 INFO DAGScheduler: Submitting 20 missing tasks from ShuffleMapStage 9 (MapPartitionsRDD[16] at repartition at FonlIdGCC.java:90)
16/07/08 12:20:28 INFO TaskSchedulerImpl: Adding task set 9.0 with 20 tasks
16/07/08 12:20:28 INFO TaskSetManager: Starting task 0.0 in stage 9.0 (TID 120, mehdi-pc, partition 0,PROCESS_LOCAL, 2018 bytes)
16/07/08 12:20:28 INFO TaskSetManager: Starting task 1.0 in stage 9.0 (TID 121, mehdi-pc, partition 1,PROCESS_LOCAL, 2018 bytes)
16/07/08 12:20:28 INFO TaskSetManager: Starting task 2.0 in stage 9.0 (TID 122, mehdi-pc, partition 2,PROCESS_LOCAL, 2018 bytes)
16/07/08 12:20:28 INFO TaskSetManager: Starting task 3.0 in stage 9.0 (TID 123, mehdi-pc, partition 3,PROCESS_LOCAL, 2018 bytes)
16/07/08 12:20:28 INFO BlockManagerInfo: Added broadcast_8_piece0 in memory on mehdi-pc:50991 (size: 2.5 KB, free: 230.8 MB)
16/07/08 12:20:28 INFO MapOutputTrackerMasterEndpoint: Asked to send map output locations for shuffle 4 to mehdi-pc:33438
16/07/08 12:20:28 INFO MapOutputTrackerMaster: Size of output statuses for shuffle 4 is 289 bytes
16/07/08 12:20:28 INFO MapOutputTrackerMasterEndpoint: Asked to send map output locations for shuffle 5 to mehdi-pc:33438
16/07/08 12:20:28 INFO MapOutputTrackerMaster: Size of output statuses for shuffle 5 is 294 bytes
16/07/08 12:20:30 INFO BlockManagerInfo: Added broadcast_0_piece0 on disk on mehdi-pc:50991 (size: 20.0 KB)
16/07/08 12:20:30 INFO BlockManagerInfo: Added broadcast_6_piece0 on disk on mehdi-pc:50991 (size: 1847.0 B)
16/07/08 12:20:30 INFO BlockManagerInfo: Added broadcast_7_piece0 on disk on mehdi-pc:50991 (size: 2.4 KB)
16/07/08 12:20:30 INFO BlockManagerInfo: Removed rdd_10_0 on mehdi-pc:50991 in memory (size: 14.5 MB, free: 245.4 MB)
16/07/08 12:20:30 INFO BlockManagerInfo: Added broadcast_1_piece0 on disk on mehdi-pc:50991 (size: 44.0 B)
16/07/08 12:20:30 INFO BlockManagerInfo: Removed rdd_10_1 on mehdi-pc:50991 in memory (size: 14.7 MB, free: 260.1 MB)
16/07/08 12:20:30 INFO BlockManagerInfo: Removed rdd_10_2 on mehdi-pc:50991 in memory (size: 14.8 MB, free: 274.9 MB)
16/07/08 12:20:33 INFO TaskSetManager: Starting task 4.0 in stage 9.0 (TID 124, mehdi-pc, partition 4,PROCESS_LOCAL, 2018 bytes)
16/07/08 12:20:33 INFO TaskSetManager: Finished task 1.0 in stage 9.0 (TID 121) in 4971 ms on mehdi-pc (1/20)
16/07/08 12:20:38 INFO TaskSetManager: Starting task 5.0 in stage 9.0 (TID 125, mehdi-pc, partition 5,PROCESS_LOCAL, 2018 bytes)
16/07/08 12:20:38 INFO TaskSetManager: Finished task 0.0 in stage 9.0 (TID 120) in 9752 ms on mehdi-pc (2/20)
16/07/08 12:20:39 INFO TaskSetManager: Starting task 6.0 in stage 9.0 (TID 126, mehdi-pc, partition 6,PROCESS_LOCAL, 2018 bytes)
16/07/08 12:20:39 INFO TaskSetManager: Finished task 2.0 in stage 9.0 (TID 122) in 10156 ms on mehdi-pc (3/20)
16/07/08 12:20:40 INFO TaskSetManager: Starting task 7.0 in stage 9.0 (TID 127, mehdi-pc, partition 7,PROCESS_LOCAL, 2018 bytes)
16/07/08 12:20:40 INFO TaskSetManager: Finished task 3.0 in stage 9.0 (TID 123) in 11725 ms on mehdi-pc (4/20)
16/07/08 12:20:42 INFO TaskSetManager: Starting task 8.0 in stage 9.0 (TID 128, mehdi-pc, partition 8,PROCESS_LOCAL, 2018 bytes)
16/07/08 12:20:42 INFO TaskSetManager: Finished task 4.0 in stage 9.0 (TID 124) in 8843 ms on mehdi-pc (5/20)
16/07/08 12:20:46 INFO TaskSetManager: Starting task 9.0 in stage 9.0 (TID 129, mehdi-pc, partition 9,PROCESS_LOCAL, 2018 bytes)
16/07/08 12:20:46 INFO TaskSetManager: Finished task 8.0 in stage 9.0 (TID 128) in 3790 ms on mehdi-pc (6/20)
16/07/08 12:20:48 INFO TaskSetManager: Starting task 10.0 in stage 9.0 (TID 130, mehdi-pc, partition 10,PROCESS_LOCAL, 2018 bytes)
16/07/08 12:20:48 INFO TaskSetManager: Finished task 6.0 in stage 9.0 (TID 126) in 9439 ms on mehdi-pc (7/20)
16/07/08 12:20:48 INFO TaskSetManager: Starting task 11.0 in stage 9.0 (TID 131, mehdi-pc, partition 11,PROCESS_LOCAL, 2018 bytes)
16/07/08 12:20:48 INFO TaskSetManager: Finished task 5.0 in stage 9.0 (TID 125) in 10031 ms on mehdi-pc (8/20)
16/07/08 12:20:49 INFO TaskSetManager: Starting task 12.0 in stage 9.0 (TID 132, mehdi-pc, partition 12,PROCESS_LOCAL, 2018 bytes)
16/07/08 12:20:49 INFO TaskSetManager: Finished task 7.0 in stage 9.0 (TID 127) in 8640 ms on mehdi-pc (9/20)
16/07/08 12:20:50 INFO TaskSetManager: Starting task 13.0 in stage 9.0 (TID 133, mehdi-pc, partition 13,PROCESS_LOCAL, 2018 bytes)
16/07/08 12:20:50 INFO TaskSetManager: Finished task 9.0 in stage 9.0 (TID 129) in 4444 ms on mehdi-pc (10/20)
16/07/08 12:20:54 INFO TaskSetManager: Starting task 14.0 in stage 9.0 (TID 134, mehdi-pc, partition 14,PROCESS_LOCAL, 2018 bytes)
16/07/08 12:20:54 INFO TaskSetManager: Finished task 12.0 in stage 9.0 (TID 132) in 5342 ms on mehdi-pc (11/20)
16/07/08 12:20:56 INFO TaskSetManager: Starting task 15.0 in stage 9.0 (TID 135, mehdi-pc, partition 15,PROCESS_LOCAL, 2018 bytes)
16/07/08 12:20:56 INFO TaskSetManager: Finished task 13.0 in stage 9.0 (TID 133) in 5450 ms on mehdi-pc (12/20)
16/07/08 12:21:00 INFO TaskSetManager: Starting task 16.0 in stage 9.0 (TID 136, mehdi-pc, partition 16,PROCESS_LOCAL, 2018 bytes)
16/07/08 12:21:00 INFO TaskSetManager: Finished task 14.0 in stage 9.0 (TID 134) in 6184 ms on mehdi-pc (13/20)
16/07/08 12:21:01 INFO TaskSetManager: Starting task 17.0 in stage 9.0 (TID 137, mehdi-pc, partition 17,PROCESS_LOCAL, 2018 bytes)
16/07/08 12:21:01 INFO TaskSetManager: Finished task 15.0 in stage 9.0 (TID 135) in 4835 ms on mehdi-pc (14/20)
16/07/08 12:21:01 INFO TaskSetManager: Starting task 18.0 in stage 9.0 (TID 138, mehdi-pc, partition 18,PROCESS_LOCAL, 2018 bytes)
16/07/08 12:21:01 INFO TaskSetManager: Finished task 10.0 in stage 9.0 (TID 130) in 13391 ms on mehdi-pc (15/20)
16/07/08 12:21:03 INFO TaskSetManager: Starting task 19.0 in stage 9.0 (TID 139, mehdi-pc, partition 19,PROCESS_LOCAL, 2018 bytes)
16/07/08 12:21:03 INFO TaskSetManager: Finished task 11.0 in stage 9.0 (TID 131) in 14483 ms on mehdi-pc (16/20)
16/07/08 12:21:04 INFO TaskSetManager: Finished task 16.0 in stage 9.0 (TID 136) in 3560 ms on mehdi-pc (17/20)
16/07/08 12:21:06 INFO TaskSetManager: Finished task 18.0 in stage 9.0 (TID 138) in 4920 ms on mehdi-pc (18/20)
16/07/08 12:21:06 INFO TaskSetManager: Finished task 19.0 in stage 9.0 (TID 139) in 3771 ms on mehdi-pc (19/20)
16/07/08 12:21:08 INFO TaskSetManager: Finished task 17.0 in stage 9.0 (TID 137) in 7223 ms on mehdi-pc (20/20)
16/07/08 12:21:08 INFO DAGScheduler: ShuffleMapStage 9 (repartition at FonlIdGCC.java:90) finished in 39.534 s
16/07/08 12:21:08 INFO TaskSchedulerImpl: Removed TaskSet 9.0, whose tasks have all completed, from pool 
16/07/08 12:21:08 INFO DAGScheduler: looking for newly runnable stages
16/07/08 12:21:08 INFO DAGScheduler: running: Set()
16/07/08 12:21:08 INFO DAGScheduler: waiting: Set(ResultStage 10)
16/07/08 12:21:08 INFO DAGScheduler: failed: Set()
16/07/08 12:21:08 INFO DAGScheduler: Submitting ResultStage 10 (MapPartitionsRDD[19] at repartition at FonlIdGCC.java:90), which has no missing parents
16/07/08 12:21:08 INFO MemoryStore: Block broadcast_9 stored as values in memory (estimated size 4.1 KB, free 250.9 KB)
16/07/08 12:21:08 INFO MemoryStore: Block broadcast_9_piece0 stored as bytes in memory (estimated size 2.4 KB, free 253.3 KB)
16/07/08 12:21:08 INFO BlockManagerInfo: Added broadcast_9_piece0 in memory on 192.168.43.98:54435 (size: 2.4 KB, free: 511.1 MB)
16/07/08 12:21:08 INFO SparkContext: Created broadcast 9 from broadcast at DAGScheduler.scala:1006
16/07/08 12:21:08 INFO DAGScheduler: Submitting 20 missing tasks from ResultStage 10 (MapPartitionsRDD[19] at repartition at FonlIdGCC.java:90)
16/07/08 12:21:08 INFO TaskSchedulerImpl: Adding task set 10.0 with 20 tasks
16/07/08 12:21:08 INFO TaskSetManager: Starting task 0.0 in stage 10.0 (TID 140, mehdi-pc, partition 0,NODE_LOCAL, 2225 bytes)
16/07/08 12:21:08 INFO TaskSetManager: Starting task 1.0 in stage 10.0 (TID 141, mehdi-pc, partition 1,NODE_LOCAL, 2225 bytes)
16/07/08 12:21:08 INFO TaskSetManager: Starting task 2.0 in stage 10.0 (TID 142, mehdi-pc, partition 2,NODE_LOCAL, 2225 bytes)
16/07/08 12:21:08 INFO TaskSetManager: Starting task 3.0 in stage 10.0 (TID 143, mehdi-pc, partition 3,NODE_LOCAL, 2225 bytes)
16/07/08 12:21:08 INFO BlockManagerInfo: Added broadcast_9_piece0 in memory on mehdi-pc:50991 (size: 2.4 KB, free: 274.9 MB)
16/07/08 12:21:08 INFO MapOutputTrackerMasterEndpoint: Asked to send map output locations for shuffle 3 to mehdi-pc:33438
16/07/08 12:21:08 INFO MapOutputTrackerMaster: Size of output statuses for shuffle 3 is 219 bytes
16/07/08 12:21:08 INFO TaskSetManager: Starting task 4.0 in stage 10.0 (TID 144, mehdi-pc, partition 4,NODE_LOCAL, 2225 bytes)
16/07/08 12:21:08 INFO TaskSetManager: Finished task 2.0 in stage 10.0 (TID 142) in 192 ms on mehdi-pc (1/20)
16/07/08 12:21:08 INFO TaskSetManager: Starting task 5.0 in stage 10.0 (TID 145, mehdi-pc, partition 5,NODE_LOCAL, 2225 bytes)
16/07/08 12:21:08 INFO TaskSetManager: Finished task 1.0 in stage 10.0 (TID 141) in 211 ms on mehdi-pc (2/20)
16/07/08 12:21:08 INFO TaskSetManager: Starting task 6.0 in stage 10.0 (TID 146, mehdi-pc, partition 6,NODE_LOCAL, 2225 bytes)
16/07/08 12:21:08 INFO TaskSetManager: Finished task 3.0 in stage 10.0 (TID 143) in 232 ms on mehdi-pc (3/20)
16/07/08 12:21:08 INFO TaskSetManager: Starting task 7.0 in stage 10.0 (TID 147, mehdi-pc, partition 7,NODE_LOCAL, 2225 bytes)
16/07/08 12:21:08 INFO TaskSetManager: Finished task 0.0 in stage 10.0 (TID 140) in 236 ms on mehdi-pc (4/20)
16/07/08 12:21:09 INFO TaskSetManager: Starting task 8.0 in stage 10.0 (TID 148, mehdi-pc, partition 8,NODE_LOCAL, 2225 bytes)
16/07/08 12:21:09 INFO TaskSetManager: Finished task 5.0 in stage 10.0 (TID 145) in 696 ms on mehdi-pc (5/20)
16/07/08 12:21:09 INFO TaskSetManager: Starting task 9.0 in stage 10.0 (TID 149, mehdi-pc, partition 9,NODE_LOCAL, 2225 bytes)
16/07/08 12:21:09 INFO TaskSetManager: Finished task 6.0 in stage 10.0 (TID 146) in 689 ms on mehdi-pc (6/20)
16/07/08 12:21:09 INFO TaskSetManager: Starting task 10.0 in stage 10.0 (TID 150, mehdi-pc, partition 10,NODE_LOCAL, 2225 bytes)
16/07/08 12:21:09 INFO TaskSetManager: Finished task 4.0 in stage 10.0 (TID 144) in 755 ms on mehdi-pc (7/20)
16/07/08 12:21:09 INFO TaskSetManager: Starting task 11.0 in stage 10.0 (TID 151, mehdi-pc, partition 11,NODE_LOCAL, 2225 bytes)
16/07/08 12:21:09 INFO TaskSetManager: Finished task 7.0 in stage 10.0 (TID 147) in 752 ms on mehdi-pc (8/20)
16/07/08 12:21:09 INFO TaskSetManager: Starting task 12.0 in stage 10.0 (TID 152, mehdi-pc, partition 12,NODE_LOCAL, 2225 bytes)
16/07/08 12:21:09 INFO TaskSetManager: Starting task 13.0 in stage 10.0 (TID 153, mehdi-pc, partition 13,NODE_LOCAL, 2225 bytes)
16/07/08 12:21:09 INFO TaskSetManager: Finished task 9.0 in stage 10.0 (TID 149) in 175 ms on mehdi-pc (9/20)
16/07/08 12:21:09 INFO TaskSetManager: Finished task 8.0 in stage 10.0 (TID 148) in 192 ms on mehdi-pc (10/20)
16/07/08 12:21:09 INFO TaskSetManager: Starting task 14.0 in stage 10.0 (TID 154, mehdi-pc, partition 14,NODE_LOCAL, 2225 bytes)
16/07/08 12:21:09 INFO TaskSetManager: Finished task 10.0 in stage 10.0 (TID 150) in 172 ms on mehdi-pc (11/20)
16/07/08 12:21:09 INFO TaskSetManager: Starting task 15.0 in stage 10.0 (TID 155, mehdi-pc, partition 15,NODE_LOCAL, 2225 bytes)
16/07/08 12:21:09 INFO TaskSetManager: Finished task 11.0 in stage 10.0 (TID 151) in 154 ms on mehdi-pc (12/20)
16/07/08 12:21:10 INFO TaskSetManager: Starting task 16.0 in stage 10.0 (TID 156, mehdi-pc, partition 16,NODE_LOCAL, 2225 bytes)
16/07/08 12:21:10 INFO TaskSetManager: Finished task 12.0 in stage 10.0 (TID 152) in 612 ms on mehdi-pc (13/20)
16/07/08 12:21:10 INFO TaskSetManager: Starting task 17.0 in stage 10.0 (TID 157, mehdi-pc, partition 17,NODE_LOCAL, 2225 bytes)
16/07/08 12:21:10 INFO TaskSetManager: Starting task 18.0 in stage 10.0 (TID 158, mehdi-pc, partition 18,NODE_LOCAL, 2225 bytes)
16/07/08 12:21:10 INFO TaskSetManager: Finished task 13.0 in stage 10.0 (TID 153) in 637 ms on mehdi-pc (14/20)
16/07/08 12:21:10 INFO TaskSetManager: Starting task 19.0 in stage 10.0 (TID 159, mehdi-pc, partition 19,NODE_LOCAL, 2225 bytes)
16/07/08 12:21:10 INFO TaskSetManager: Finished task 15.0 in stage 10.0 (TID 155) in 589 ms on mehdi-pc (15/20)
16/07/08 12:21:10 INFO TaskSetManager: Finished task 14.0 in stage 10.0 (TID 154) in 612 ms on mehdi-pc (16/20)
16/07/08 12:21:10 INFO TaskSetManager: Finished task 16.0 in stage 10.0 (TID 156) in 183 ms on mehdi-pc (17/20)
16/07/08 12:21:10 INFO TaskSetManager: Finished task 17.0 in stage 10.0 (TID 157) in 159 ms on mehdi-pc (18/20)
16/07/08 12:21:10 INFO TaskSetManager: Finished task 18.0 in stage 10.0 (TID 158) in 163 ms on mehdi-pc (19/20)
16/07/08 12:21:10 INFO TaskSetManager: Finished task 19.0 in stage 10.0 (TID 159) in 166 ms on mehdi-pc (20/20)
16/07/08 12:21:10 INFO DAGScheduler: ResultStage 10 (reduce at FonlIdGCC.java:90) finished in 1.890 s
16/07/08 12:21:10 INFO TaskSchedulerImpl: Removed TaskSet 10.0, whose tasks have all completed, from pool 
16/07/08 12:21:10 INFO DAGScheduler: Job 1 finished: reduce at FonlIdGCC.java:90, took 53.479658 s
Nodes = 3774768, Triangles = 7515023, GCC = 5.274119E-7
16/07/08 12:21:10 INFO SparkUI: Stopped Spark web UI at http://192.168.43.98:4040
16/07/08 12:21:10 INFO SparkDeploySchedulerBackend: Shutting down all executors
16/07/08 12:21:10 INFO SparkDeploySchedulerBackend: Asking each executor to shut down
16/07/08 12:21:10 INFO MapOutputTrackerMasterEndpoint: MapOutputTrackerMasterEndpoint stopped!
16/07/08 12:21:10 WARN TransportChannelHandler: Exception in connection from mehdi-pc/192.168.43.98:33438
java.io.IOException: Connection reset by peer
	at sun.nio.ch.FileDispatcherImpl.read0(Native Method)
	at sun.nio.ch.SocketDispatcher.read(SocketDispatcher.java:39)
	at sun.nio.ch.IOUtil.readIntoNativeBuffer(IOUtil.java:223)
	at sun.nio.ch.IOUtil.read(IOUtil.java:192)
	at sun.nio.ch.SocketChannelImpl.read(SocketChannelImpl.java:380)
	at io.netty.buffer.PooledUnsafeDirectByteBuf.setBytes(PooledUnsafeDirectByteBuf.java:313)
	at io.netty.buffer.AbstractByteBuf.writeBytes(AbstractByteBuf.java:881)
	at io.netty.channel.socket.nio.NioSocketChannel.doReadBytes(NioSocketChannel.java:242)
	at io.netty.channel.nio.AbstractNioByteChannel$NioByteUnsafe.read(AbstractNioByteChannel.java:119)
	at io.netty.channel.nio.NioEventLoop.processSelectedKey(NioEventLoop.java:511)
	at io.netty.channel.nio.NioEventLoop.processSelectedKeysOptimized(NioEventLoop.java:468)
	at io.netty.channel.nio.NioEventLoop.processSelectedKeys(NioEventLoop.java:382)
	at io.netty.channel.nio.NioEventLoop.run(NioEventLoop.java:354)
	at io.netty.util.concurrent.SingleThreadEventExecutor$2.run(SingleThreadEventExecutor.java:111)
	at java.lang.Thread.run(Thread.java:745)
16/07/08 12:21:10 INFO MemoryStore: MemoryStore cleared
16/07/08 12:21:10 INFO BlockManager: BlockManager stopped
16/07/08 12:21:10 INFO BlockManagerMaster: BlockManagerMaster stopped
16/07/08 12:21:10 INFO OutputCommitCoordinator$OutputCommitCoordinatorEndpoint: OutputCommitCoordinator stopped!
16/07/08 12:21:10 INFO SparkContext: Successfully stopped SparkContext
16/07/08 12:21:10 INFO RemoteActorRefProvider$RemotingTerminator: Shutting down remote daemon.
16/07/08 12:21:10 INFO RemoteActorRefProvider$RemotingTerminator: Remote daemon shut down; proceeding with flushing remote transports.
16/07/08 12:21:10 INFO ShutdownHookManager: Shutdown hook called
16/07/08 12:21:10 INFO ShutdownHookManager: Deleting directory /tmp/spark-b01604ee-1f5b-4ab3-9efe-a0d86d7ad04a
16/07/08 12:21:10 INFO ShutdownHookManager: Deleting directory /tmp/spark-b01604ee-1f5b-4ab3-9efe-a0d86d7ad04a/httpd-ba236e5c-4ad7-4b83-8e19-ff6f76e57862
