nohup: ignoring input
Running graph.clusteringco.FonlDegGCC on localhost with partitions 20
Using Spark's default log4j profile: org/apache/spark/log4j-defaults.properties
16/07/08 12:17:26 INFO SparkContext: Running Spark version 1.6.1
16/07/08 12:17:29 WARN NativeCodeLoader: Unable to load native-hadoop library for your platform... using builtin-java classes where applicable
16/07/08 12:17:29 WARN SparkConf: In Spark 1.0 and later spark.local.dir will be overridden by the value set by the cluster manager (via SPARK_LOCAL_DIRS in mesos/standalone and LOCAL_DIRS in YARN).
16/07/08 12:17:29 INFO SecurityManager: Changing view acls to: mehdi
16/07/08 12:17:29 INFO SecurityManager: Changing modify acls to: mehdi
16/07/08 12:17:29 INFO SecurityManager: SecurityManager: authentication disabled; ui acls disabled; users with view permissions: Set(mehdi); users with modify permissions: Set(mehdi)
16/07/08 12:17:30 INFO Utils: Successfully started service 'sparkDriver' on port 45254.
16/07/08 12:17:30 INFO Slf4jLogger: Slf4jLogger started
16/07/08 12:17:30 INFO Remoting: Starting remoting
16/07/08 12:17:30 INFO Remoting: Remoting started; listening on addresses :[akka.tcp://sparkDriverActorSystem@192.168.43.98:55762]
16/07/08 12:17:30 INFO Utils: Successfully started service 'sparkDriverActorSystem' on port 55762.
16/07/08 12:17:30 INFO SparkEnv: Registering MapOutputTracker
16/07/08 12:17:30 INFO SparkEnv: Registering BlockManagerMaster
16/07/08 12:17:30 INFO DiskBlockManager: Created local directory at /tmp/blockmgr-ff95cb39-b985-40ca-979e-b2fb8264df2f
16/07/08 12:17:30 INFO MemoryStore: MemoryStore started with capacity 511.1 MB
16/07/08 12:17:30 INFO SparkEnv: Registering OutputCommitCoordinator
16/07/08 12:17:31 INFO Utils: Successfully started service 'SparkUI' on port 4040.
16/07/08 12:17:31 INFO SparkUI: Started SparkUI at http://192.168.43.98:4040
16/07/08 12:17:31 INFO HttpFileServer: HTTP File server directory is /tmp/spark-2cbe8354-5fa7-45d1-83a4-2a05c853c061/httpd-fb9ec53c-b164-4fa1-931d-f7dab7cd9bc6
16/07/08 12:17:31 INFO HttpServer: Starting HTTP Server
16/07/08 12:17:31 INFO Utils: Successfully started service 'HTTP file server' on port 54329.
16/07/08 12:17:31 INFO SparkContext: Added JAR file:/home/mehdi/IdeaProjects/graph-processing/bin/graph-processing.jar at http://192.168.43.98:54329/jars/graph-processing.jar with timestamp 1467964051234
16/07/08 12:17:31 INFO AppClient$ClientEndpoint: Connecting to master spark://localhost:7077...
16/07/08 12:17:31 INFO SparkDeploySchedulerBackend: Connected to Spark cluster with app ID app-20160708121731-0000
16/07/08 12:17:31 INFO Utils: Successfully started service 'org.apache.spark.network.netty.NettyBlockTransferService' on port 60245.
16/07/08 12:17:31 INFO NettyBlockTransferService: Server created on 60245
16/07/08 12:17:31 INFO BlockManagerMaster: Trying to register BlockManager
16/07/08 12:17:31 INFO BlockManagerMasterEndpoint: Registering block manager 192.168.43.98:60245 with 511.1 MB RAM, BlockManagerId(driver, 192.168.43.98, 60245)
16/07/08 12:17:31 INFO BlockManagerMaster: Registered BlockManager
16/07/08 12:17:31 INFO AppClient$ClientEndpoint: Executor added: app-20160708121731-0000/0 on worker-20160708121717-192.168.43.98-59636 (192.168.43.98:59636) with 4 cores
16/07/08 12:17:31 INFO SparkDeploySchedulerBackend: Granted executor ID app-20160708121731-0000/0 on hostPort 192.168.43.98:59636 with 4 cores, 1024.0 MB RAM
16/07/08 12:17:31 INFO AppClient$ClientEndpoint: Executor updated: app-20160708121731-0000/0 is now RUNNING
16/07/08 12:17:32 INFO EventLoggingListener: Logging events to file:/home/mehdi/spark-event-log/app-20160708121731-0000
16/07/08 12:17:32 INFO SparkDeploySchedulerBackend: SchedulerBackend is ready for scheduling beginning after reached minRegisteredResourcesRatio: 0.0
16/07/08 12:17:32 INFO MemoryStore: Block broadcast_0 stored as values in memory (estimated size 208.5 KB, free 208.5 KB)
16/07/08 12:17:32 INFO MemoryStore: Block broadcast_0_piece0 stored as bytes in memory (estimated size 20.0 KB, free 228.4 KB)
16/07/08 12:17:32 INFO BlockManagerInfo: Added broadcast_0_piece0 in memory on 192.168.43.98:60245 (size: 20.0 KB, free: 511.1 MB)
16/07/08 12:17:32 INFO SparkContext: Created broadcast 0 from textFile at FonlDegGCC.java:40
16/07/08 12:17:32 INFO FileInputFormat: Total input paths to process : 1
16/07/08 12:17:33 INFO SparkContext: Starting job: reduce at FonlDegGCC.java:88
16/07/08 12:17:33 INFO DAGScheduler: Registering RDD 2 (flatMapToPair at GraphUtils.java:23)
16/07/08 12:17:33 INFO DAGScheduler: Registering RDD 5 (flatMapToPair at FonlUtils.java:25)
16/07/08 12:17:33 INFO DAGScheduler: Registering RDD 8 (mapToPair at FonlUtils.java:46)
16/07/08 12:17:33 INFO DAGScheduler: Registering RDD 10 (repartition at FonlUtils.java:70)
16/07/08 12:17:33 INFO DAGScheduler: Registering RDD 16 (mapValues at FonlDegGCC.java:63)
16/07/08 12:17:33 INFO DAGScheduler: Registering RDD 13 (repartition at FonlUtils.java:70)
16/07/08 12:17:33 INFO DAGScheduler: Got job 0 (reduce at FonlDegGCC.java:88) with 20 output partitions
16/07/08 12:17:33 INFO DAGScheduler: Final stage: ResultStage 6 (reduce at FonlDegGCC.java:88)
16/07/08 12:17:33 INFO DAGScheduler: Parents of final stage: List(ShuffleMapStage 5, ShuffleMapStage 4)
16/07/08 12:17:33 INFO DAGScheduler: Missing parents: List(ShuffleMapStage 5, ShuffleMapStage 4)
16/07/08 12:17:33 INFO DAGScheduler: Submitting ShuffleMapStage 0 (MapPartitionsRDD[2] at flatMapToPair at GraphUtils.java:23), which has no missing parents
16/07/08 12:17:33 INFO MemoryStore: Block broadcast_1 stored as values in memory (estimated size 5.1 KB, free 233.5 KB)
16/07/08 12:17:33 INFO MemoryStore: Block broadcast_1_piece0 stored as bytes in memory (estimated size 2.8 KB, free 236.4 KB)
16/07/08 12:17:33 INFO BlockManagerInfo: Added broadcast_1_piece0 in memory on 192.168.43.98:60245 (size: 2.8 KB, free: 511.1 MB)
16/07/08 12:17:33 INFO SparkContext: Created broadcast 1 from broadcast at DAGScheduler.scala:1006
16/07/08 12:17:33 INFO DAGScheduler: Submitting 20 missing tasks from ShuffleMapStage 0 (MapPartitionsRDD[2] at flatMapToPair at GraphUtils.java:23)
16/07/08 12:17:33 INFO TaskSchedulerImpl: Adding task set 0.0 with 20 tasks
16/07/08 12:17:36 INFO SparkDeploySchedulerBackend: Registered executor NettyRpcEndpointRef(null) (mehdi-pc:54518) with ID 0
16/07/08 12:17:36 INFO TaskSetManager: Starting task 0.0 in stage 0.0 (TID 0, mehdi-pc, partition 0,PROCESS_LOCAL, 2196 bytes)
16/07/08 12:17:36 INFO TaskSetManager: Starting task 1.0 in stage 0.0 (TID 1, mehdi-pc, partition 1,PROCESS_LOCAL, 2196 bytes)
16/07/08 12:17:36 INFO TaskSetManager: Starting task 2.0 in stage 0.0 (TID 2, mehdi-pc, partition 2,PROCESS_LOCAL, 2196 bytes)
16/07/08 12:17:36 INFO TaskSetManager: Starting task 3.0 in stage 0.0 (TID 3, mehdi-pc, partition 3,PROCESS_LOCAL, 2196 bytes)
16/07/08 12:17:36 INFO BlockManagerMasterEndpoint: Registering block manager mehdi-pc:33517 with 524.3 MB RAM, BlockManagerId(0, mehdi-pc, 33517)
16/07/08 12:17:36 INFO BlockManagerInfo: Added broadcast_1_piece0 in memory on mehdi-pc:33517 (size: 2.8 KB, free: 524.2 MB)
16/07/08 12:17:37 INFO BlockManagerInfo: Added broadcast_0_piece0 in memory on mehdi-pc:33517 (size: 20.0 KB, free: 524.2 MB)
16/07/08 12:17:41 INFO TaskSetManager: Starting task 4.0 in stage 0.0 (TID 4, mehdi-pc, partition 4,PROCESS_LOCAL, 2196 bytes)
16/07/08 12:17:41 INFO TaskSetManager: Starting task 5.0 in stage 0.0 (TID 5, mehdi-pc, partition 5,PROCESS_LOCAL, 2196 bytes)
16/07/08 12:17:41 INFO TaskSetManager: Finished task 0.0 in stage 0.0 (TID 0) in 4880 ms on mehdi-pc (1/20)
16/07/08 12:17:41 INFO TaskSetManager: Finished task 3.0 in stage 0.0 (TID 3) in 4838 ms on mehdi-pc (2/20)
16/07/08 12:17:41 INFO TaskSetManager: Starting task 6.0 in stage 0.0 (TID 6, mehdi-pc, partition 6,PROCESS_LOCAL, 2196 bytes)
16/07/08 12:17:41 INFO TaskSetManager: Finished task 2.0 in stage 0.0 (TID 2) in 4958 ms on mehdi-pc (3/20)
16/07/08 12:17:41 INFO TaskSetManager: Starting task 7.0 in stage 0.0 (TID 7, mehdi-pc, partition 7,PROCESS_LOCAL, 2196 bytes)
16/07/08 12:17:41 INFO TaskSetManager: Finished task 1.0 in stage 0.0 (TID 1) in 5001 ms on mehdi-pc (4/20)
16/07/08 12:17:43 INFO TaskSetManager: Starting task 8.0 in stage 0.0 (TID 8, mehdi-pc, partition 8,PROCESS_LOCAL, 2196 bytes)
16/07/08 12:17:43 INFO TaskSetManager: Finished task 5.0 in stage 0.0 (TID 5) in 2324 ms on mehdi-pc (5/20)
16/07/08 12:17:43 INFO TaskSetManager: Starting task 9.0 in stage 0.0 (TID 9, mehdi-pc, partition 9,PROCESS_LOCAL, 2196 bytes)
16/07/08 12:17:43 INFO TaskSetManager: Finished task 7.0 in stage 0.0 (TID 7) in 2177 ms on mehdi-pc (6/20)
16/07/08 12:17:43 INFO TaskSetManager: Starting task 10.0 in stage 0.0 (TID 10, mehdi-pc, partition 10,PROCESS_LOCAL, 2196 bytes)
16/07/08 12:17:43 INFO TaskSetManager: Finished task 6.0 in stage 0.0 (TID 6) in 2321 ms on mehdi-pc (7/20)
16/07/08 12:17:43 INFO TaskSetManager: Starting task 11.0 in stage 0.0 (TID 11, mehdi-pc, partition 11,PROCESS_LOCAL, 2196 bytes)
16/07/08 12:17:43 INFO TaskSetManager: Finished task 4.0 in stage 0.0 (TID 4) in 2519 ms on mehdi-pc (8/20)
16/07/08 12:17:45 INFO TaskSetManager: Starting task 12.0 in stage 0.0 (TID 12, mehdi-pc, partition 12,PROCESS_LOCAL, 2196 bytes)
16/07/08 12:17:45 INFO TaskSetManager: Finished task 8.0 in stage 0.0 (TID 8) in 2319 ms on mehdi-pc (9/20)
16/07/08 12:17:45 INFO TaskSetManager: Starting task 13.0 in stage 0.0 (TID 13, mehdi-pc, partition 13,PROCESS_LOCAL, 2196 bytes)
16/07/08 12:17:45 INFO TaskSetManager: Finished task 9.0 in stage 0.0 (TID 9) in 2367 ms on mehdi-pc (10/20)
16/07/08 12:17:45 INFO TaskSetManager: Starting task 14.0 in stage 0.0 (TID 14, mehdi-pc, partition 14,PROCESS_LOCAL, 2196 bytes)
16/07/08 12:17:45 INFO TaskSetManager: Finished task 11.0 in stage 0.0 (TID 11) in 2334 ms on mehdi-pc (11/20)
16/07/08 12:17:46 INFO TaskSetManager: Starting task 15.0 in stage 0.0 (TID 15, mehdi-pc, partition 15,PROCESS_LOCAL, 2196 bytes)
16/07/08 12:17:46 INFO TaskSetManager: Finished task 10.0 in stage 0.0 (TID 10) in 2493 ms on mehdi-pc (12/20)
16/07/08 12:17:47 INFO TaskSetManager: Starting task 16.0 in stage 0.0 (TID 16, mehdi-pc, partition 16,PROCESS_LOCAL, 2196 bytes)
16/07/08 12:17:47 INFO TaskSetManager: Finished task 12.0 in stage 0.0 (TID 12) in 2160 ms on mehdi-pc (13/20)
16/07/08 12:17:47 INFO TaskSetManager: Starting task 17.0 in stage 0.0 (TID 17, mehdi-pc, partition 17,PROCESS_LOCAL, 2196 bytes)
16/07/08 12:17:47 INFO TaskSetManager: Finished task 13.0 in stage 0.0 (TID 13) in 2083 ms on mehdi-pc (14/20)
16/07/08 12:17:48 INFO TaskSetManager: Starting task 18.0 in stage 0.0 (TID 18, mehdi-pc, partition 18,PROCESS_LOCAL, 2196 bytes)
16/07/08 12:17:48 INFO TaskSetManager: Finished task 14.0 in stage 0.0 (TID 14) in 2219 ms on mehdi-pc (15/20)
16/07/08 12:17:48 INFO TaskSetManager: Starting task 19.0 in stage 0.0 (TID 19, mehdi-pc, partition 19,PROCESS_LOCAL, 2196 bytes)
16/07/08 12:17:48 INFO TaskSetManager: Finished task 15.0 in stage 0.0 (TID 15) in 2140 ms on mehdi-pc (16/20)
16/07/08 12:17:50 INFO TaskSetManager: Finished task 17.0 in stage 0.0 (TID 17) in 2096 ms on mehdi-pc (17/20)
16/07/08 12:17:50 INFO TaskSetManager: Finished task 16.0 in stage 0.0 (TID 16) in 2180 ms on mehdi-pc (18/20)
16/07/08 12:17:50 INFO TaskSetManager: Finished task 19.0 in stage 0.0 (TID 19) in 1984 ms on mehdi-pc (19/20)
16/07/08 12:17:50 INFO DAGScheduler: ShuffleMapStage 0 (flatMapToPair at GraphUtils.java:23) finished in 16.798 s
16/07/08 12:17:50 INFO DAGScheduler: looking for newly runnable stages
16/07/08 12:17:50 INFO DAGScheduler: running: Set()
16/07/08 12:17:50 INFO DAGScheduler: waiting: Set(ShuffleMapStage 1, ShuffleMapStage 5, ShuffleMapStage 2, ResultStage 6, ShuffleMapStage 3, ShuffleMapStage 4)
16/07/08 12:17:50 INFO DAGScheduler: failed: Set()
16/07/08 12:17:50 INFO DAGScheduler: Submitting ShuffleMapStage 1 (MapPartitionsRDD[5] at flatMapToPair at FonlUtils.java:25), which has no missing parents
16/07/08 12:17:50 INFO TaskSetManager: Finished task 18.0 in stage 0.0 (TID 18) in 2075 ms on mehdi-pc (20/20)
16/07/08 12:17:50 INFO TaskSchedulerImpl: Removed TaskSet 0.0, whose tasks have all completed, from pool 
16/07/08 12:17:50 INFO MemoryStore: Block broadcast_2 stored as values in memory (estimated size 6.1 KB, free 242.5 KB)
16/07/08 12:17:50 INFO MemoryStore: Block broadcast_2_piece0 stored as bytes in memory (estimated size 3.3 KB, free 245.7 KB)
16/07/08 12:17:50 INFO BlockManagerInfo: Added broadcast_2_piece0 in memory on 192.168.43.98:60245 (size: 3.3 KB, free: 511.1 MB)
16/07/08 12:17:50 INFO SparkContext: Created broadcast 2 from broadcast at DAGScheduler.scala:1006
16/07/08 12:17:50 INFO DAGScheduler: Submitting 20 missing tasks from ShuffleMapStage 1 (MapPartitionsRDD[5] at flatMapToPair at FonlUtils.java:25)
16/07/08 12:17:50 INFO TaskSchedulerImpl: Adding task set 1.0 with 20 tasks
16/07/08 12:17:50 INFO TaskSetManager: Starting task 0.0 in stage 1.0 (TID 20, mehdi-pc, partition 0,NODE_LOCAL, 1945 bytes)
16/07/08 12:17:50 INFO TaskSetManager: Starting task 1.0 in stage 1.0 (TID 21, mehdi-pc, partition 1,NODE_LOCAL, 1945 bytes)
16/07/08 12:17:50 INFO TaskSetManager: Starting task 2.0 in stage 1.0 (TID 22, mehdi-pc, partition 2,NODE_LOCAL, 1945 bytes)
16/07/08 12:17:50 INFO TaskSetManager: Starting task 3.0 in stage 1.0 (TID 23, mehdi-pc, partition 3,NODE_LOCAL, 1945 bytes)
16/07/08 12:17:50 INFO BlockManagerInfo: Added broadcast_2_piece0 in memory on mehdi-pc:33517 (size: 3.3 KB, free: 524.2 MB)
16/07/08 12:17:50 INFO MapOutputTrackerMasterEndpoint: Asked to send map output locations for shuffle 5 to mehdi-pc:54518
16/07/08 12:17:50 INFO MapOutputTrackerMaster: Size of output statuses for shuffle 5 is 193 bytes
16/07/08 12:17:54 INFO TaskSetManager: Starting task 4.0 in stage 1.0 (TID 24, mehdi-pc, partition 4,NODE_LOCAL, 1945 bytes)
16/07/08 12:17:54 INFO TaskSetManager: Starting task 5.0 in stage 1.0 (TID 25, mehdi-pc, partition 5,NODE_LOCAL, 1945 bytes)
16/07/08 12:17:54 INFO TaskSetManager: Finished task 2.0 in stage 1.0 (TID 22) in 4421 ms on mehdi-pc (1/20)
16/07/08 12:17:54 INFO TaskSetManager: Starting task 6.0 in stage 1.0 (TID 26, mehdi-pc, partition 6,NODE_LOCAL, 1945 bytes)
16/07/08 12:17:54 INFO TaskSetManager: Finished task 1.0 in stage 1.0 (TID 21) in 4431 ms on mehdi-pc (2/20)
16/07/08 12:17:54 INFO TaskSetManager: Finished task 0.0 in stage 1.0 (TID 20) in 4442 ms on mehdi-pc (3/20)
16/07/08 12:17:54 INFO TaskSetManager: Starting task 7.0 in stage 1.0 (TID 27, mehdi-pc, partition 7,NODE_LOCAL, 1945 bytes)
16/07/08 12:17:54 INFO TaskSetManager: Finished task 3.0 in stage 1.0 (TID 23) in 4481 ms on mehdi-pc (4/20)
16/07/08 12:17:58 INFO TaskSetManager: Starting task 8.0 in stage 1.0 (TID 28, mehdi-pc, partition 8,NODE_LOCAL, 1945 bytes)
16/07/08 12:17:58 INFO TaskSetManager: Finished task 5.0 in stage 1.0 (TID 25) in 4052 ms on mehdi-pc (5/20)
16/07/08 12:17:58 INFO TaskSetManager: Starting task 9.0 in stage 1.0 (TID 29, mehdi-pc, partition 9,NODE_LOCAL, 1945 bytes)
16/07/08 12:17:58 INFO TaskSetManager: Finished task 6.0 in stage 1.0 (TID 26) in 4118 ms on mehdi-pc (6/20)
16/07/08 12:17:58 INFO TaskSetManager: Starting task 10.0 in stage 1.0 (TID 30, mehdi-pc, partition 10,NODE_LOCAL, 1945 bytes)
16/07/08 12:17:58 INFO TaskSetManager: Finished task 4.0 in stage 1.0 (TID 24) in 4184 ms on mehdi-pc (7/20)
16/07/08 12:17:58 INFO TaskSetManager: Starting task 11.0 in stage 1.0 (TID 31, mehdi-pc, partition 11,NODE_LOCAL, 1945 bytes)
16/07/08 12:17:58 INFO TaskSetManager: Finished task 7.0 in stage 1.0 (TID 27) in 4190 ms on mehdi-pc (8/20)
16/07/08 12:18:01 INFO TaskSetManager: Starting task 12.0 in stage 1.0 (TID 32, mehdi-pc, partition 12,NODE_LOCAL, 1945 bytes)
16/07/08 12:18:01 INFO TaskSetManager: Finished task 8.0 in stage 1.0 (TID 28) in 3266 ms on mehdi-pc (9/20)
16/07/08 12:18:02 INFO TaskSetManager: Starting task 13.0 in stage 1.0 (TID 33, mehdi-pc, partition 13,NODE_LOCAL, 1945 bytes)
16/07/08 12:18:02 INFO TaskSetManager: Finished task 10.0 in stage 1.0 (TID 30) in 3872 ms on mehdi-pc (10/20)
16/07/08 12:18:02 INFO TaskSetManager: Starting task 14.0 in stage 1.0 (TID 34, mehdi-pc, partition 14,NODE_LOCAL, 1945 bytes)
16/07/08 12:18:02 INFO TaskSetManager: Starting task 15.0 in stage 1.0 (TID 35, mehdi-pc, partition 15,NODE_LOCAL, 1945 bytes)
16/07/08 12:18:02 INFO TaskSetManager: Finished task 9.0 in stage 1.0 (TID 29) in 4045 ms on mehdi-pc (11/20)
16/07/08 12:18:02 INFO TaskSetManager: Finished task 11.0 in stage 1.0 (TID 31) in 3929 ms on mehdi-pc (12/20)
16/07/08 12:18:06 INFO TaskSetManager: Starting task 16.0 in stage 1.0 (TID 36, mehdi-pc, partition 16,NODE_LOCAL, 1945 bytes)
16/07/08 12:18:06 INFO TaskSetManager: Finished task 12.0 in stage 1.0 (TID 32) in 4397 ms on mehdi-pc (13/20)
16/07/08 12:18:06 INFO TaskSetManager: Starting task 17.0 in stage 1.0 (TID 37, mehdi-pc, partition 17,NODE_LOCAL, 1945 bytes)
16/07/08 12:18:06 INFO TaskSetManager: Finished task 15.0 in stage 1.0 (TID 35) in 3587 ms on mehdi-pc (14/20)
16/07/08 12:18:07 INFO TaskSetManager: Starting task 18.0 in stage 1.0 (TID 38, mehdi-pc, partition 18,NODE_LOCAL, 1945 bytes)
16/07/08 12:18:07 INFO TaskSetManager: Finished task 13.0 in stage 1.0 (TID 33) in 5174 ms on mehdi-pc (15/20)
16/07/08 12:18:08 INFO TaskSetManager: Starting task 19.0 in stage 1.0 (TID 39, mehdi-pc, partition 19,NODE_LOCAL, 1945 bytes)
16/07/08 12:18:08 INFO TaskSetManager: Finished task 14.0 in stage 1.0 (TID 34) in 5732 ms on mehdi-pc (16/20)
16/07/08 12:18:10 INFO TaskSetManager: Finished task 17.0 in stage 1.0 (TID 37) in 4054 ms on mehdi-pc (17/20)
16/07/08 12:18:10 INFO TaskSetManager: Finished task 16.0 in stage 1.0 (TID 36) in 4226 ms on mehdi-pc (18/20)
16/07/08 12:18:11 INFO TaskSetManager: Finished task 18.0 in stage 1.0 (TID 38) in 3339 ms on mehdi-pc (19/20)
16/07/08 12:18:11 INFO TaskSetManager: Finished task 19.0 in stage 1.0 (TID 39) in 2675 ms on mehdi-pc (20/20)
16/07/08 12:18:11 INFO TaskSchedulerImpl: Removed TaskSet 1.0, whose tasks have all completed, from pool 
16/07/08 12:18:11 INFO DAGScheduler: ShuffleMapStage 1 (flatMapToPair at FonlUtils.java:25) finished in 20.984 s
16/07/08 12:18:11 INFO DAGScheduler: looking for newly runnable stages
16/07/08 12:18:11 INFO DAGScheduler: running: Set()
16/07/08 12:18:11 INFO DAGScheduler: waiting: Set(ShuffleMapStage 5, ShuffleMapStage 2, ResultStage 6, ShuffleMapStage 3, ShuffleMapStage 4)
16/07/08 12:18:11 INFO DAGScheduler: failed: Set()
16/07/08 12:18:11 INFO DAGScheduler: Submitting ShuffleMapStage 2 (MapPartitionsRDD[8] at mapToPair at FonlUtils.java:46), which has no missing parents
16/07/08 12:18:11 INFO MemoryStore: Block broadcast_3 stored as values in memory (estimated size 7.5 KB, free 253.2 KB)
16/07/08 12:18:11 INFO MemoryStore: Block broadcast_3_piece0 stored as bytes in memory (estimated size 3.9 KB, free 257.1 KB)
16/07/08 12:18:11 INFO BlockManagerInfo: Added broadcast_3_piece0 in memory on 192.168.43.98:60245 (size: 3.9 KB, free: 511.1 MB)
16/07/08 12:18:11 INFO SparkContext: Created broadcast 3 from broadcast at DAGScheduler.scala:1006
16/07/08 12:18:11 INFO DAGScheduler: Submitting 20 missing tasks from ShuffleMapStage 2 (MapPartitionsRDD[8] at mapToPair at FonlUtils.java:46)
16/07/08 12:18:11 INFO TaskSchedulerImpl: Adding task set 2.0 with 20 tasks
16/07/08 12:18:11 INFO TaskSetManager: Starting task 0.0 in stage 2.0 (TID 40, mehdi-pc, partition 0,NODE_LOCAL, 1945 bytes)
16/07/08 12:18:11 INFO TaskSetManager: Starting task 1.0 in stage 2.0 (TID 41, mehdi-pc, partition 1,NODE_LOCAL, 1945 bytes)
16/07/08 12:18:11 INFO TaskSetManager: Starting task 2.0 in stage 2.0 (TID 42, mehdi-pc, partition 2,NODE_LOCAL, 1945 bytes)
16/07/08 12:18:11 INFO TaskSetManager: Starting task 3.0 in stage 2.0 (TID 43, mehdi-pc, partition 3,NODE_LOCAL, 1945 bytes)
16/07/08 12:18:11 INFO BlockManagerInfo: Added broadcast_3_piece0 in memory on mehdi-pc:33517 (size: 3.9 KB, free: 524.2 MB)
16/07/08 12:18:11 INFO MapOutputTrackerMasterEndpoint: Asked to send map output locations for shuffle 4 to mehdi-pc:54518
16/07/08 12:18:11 INFO MapOutputTrackerMaster: Size of output statuses for shuffle 4 is 153 bytes
16/07/08 12:18:16 INFO TaskSetManager: Starting task 4.0 in stage 2.0 (TID 44, mehdi-pc, partition 4,NODE_LOCAL, 1945 bytes)
16/07/08 12:18:16 INFO TaskSetManager: Finished task 0.0 in stage 2.0 (TID 40) in 5609 ms on mehdi-pc (1/20)
16/07/08 12:18:16 INFO TaskSetManager: Starting task 5.0 in stage 2.0 (TID 45, mehdi-pc, partition 5,NODE_LOCAL, 1945 bytes)
16/07/08 12:18:16 INFO TaskSetManager: Finished task 3.0 in stage 2.0 (TID 43) in 5640 ms on mehdi-pc (2/20)
16/07/08 12:18:16 INFO TaskSetManager: Starting task 6.0 in stage 2.0 (TID 46, mehdi-pc, partition 6,NODE_LOCAL, 1945 bytes)
16/07/08 12:18:16 INFO TaskSetManager: Finished task 2.0 in stage 2.0 (TID 42) in 5717 ms on mehdi-pc (3/20)
16/07/08 12:18:16 INFO TaskSetManager: Starting task 7.0 in stage 2.0 (TID 47, mehdi-pc, partition 7,NODE_LOCAL, 1945 bytes)
16/07/08 12:18:16 INFO TaskSetManager: Finished task 1.0 in stage 2.0 (TID 41) in 5729 ms on mehdi-pc (4/20)
16/07/08 12:18:21 INFO TaskSetManager: Starting task 8.0 in stage 2.0 (TID 48, mehdi-pc, partition 8,NODE_LOCAL, 1945 bytes)
16/07/08 12:18:21 INFO TaskSetManager: Finished task 5.0 in stage 2.0 (TID 45) in 4782 ms on mehdi-pc (5/20)
16/07/08 12:18:21 INFO TaskSetManager: Starting task 9.0 in stage 2.0 (TID 49, mehdi-pc, partition 9,NODE_LOCAL, 1945 bytes)
16/07/08 12:18:21 INFO TaskSetManager: Finished task 6.0 in stage 2.0 (TID 46) in 4811 ms on mehdi-pc (6/20)
16/07/08 12:18:21 INFO TaskSetManager: Starting task 10.0 in stage 2.0 (TID 50, mehdi-pc, partition 10,NODE_LOCAL, 1945 bytes)
16/07/08 12:18:21 INFO TaskSetManager: Finished task 4.0 in stage 2.0 (TID 44) in 4957 ms on mehdi-pc (7/20)
16/07/08 12:18:21 INFO TaskSetManager: Starting task 11.0 in stage 2.0 (TID 51, mehdi-pc, partition 11,NODE_LOCAL, 1945 bytes)
16/07/08 12:18:21 INFO TaskSetManager: Finished task 7.0 in stage 2.0 (TID 47) in 4869 ms on mehdi-pc (8/20)
16/07/08 12:18:26 INFO TaskSetManager: Starting task 12.0 in stage 2.0 (TID 52, mehdi-pc, partition 12,NODE_LOCAL, 1945 bytes)
16/07/08 12:18:26 INFO TaskSetManager: Finished task 11.0 in stage 2.0 (TID 51) in 4758 ms on mehdi-pc (9/20)
16/07/08 12:18:26 INFO TaskSetManager: Starting task 13.0 in stage 2.0 (TID 53, mehdi-pc, partition 13,NODE_LOCAL, 1945 bytes)
16/07/08 12:18:26 INFO TaskSetManager: Finished task 10.0 in stage 2.0 (TID 50) in 4858 ms on mehdi-pc (10/20)
16/07/08 12:18:26 INFO TaskSetManager: Starting task 14.0 in stage 2.0 (TID 54, mehdi-pc, partition 14,NODE_LOCAL, 1945 bytes)
16/07/08 12:18:26 INFO TaskSetManager: Finished task 8.0 in stage 2.0 (TID 48) in 5114 ms on mehdi-pc (11/20)
16/07/08 12:18:26 INFO TaskSetManager: Starting task 15.0 in stage 2.0 (TID 55, mehdi-pc, partition 15,NODE_LOCAL, 1945 bytes)
16/07/08 12:18:26 INFO TaskSetManager: Finished task 9.0 in stage 2.0 (TID 49) in 5110 ms on mehdi-pc (12/20)
16/07/08 12:18:32 INFO TaskSetManager: Starting task 16.0 in stage 2.0 (TID 56, mehdi-pc, partition 16,NODE_LOCAL, 1945 bytes)
16/07/08 12:18:32 INFO TaskSetManager: Finished task 13.0 in stage 2.0 (TID 53) in 5407 ms on mehdi-pc (13/20)
16/07/08 12:18:32 INFO TaskSetManager: Starting task 17.0 in stage 2.0 (TID 57, mehdi-pc, partition 17,NODE_LOCAL, 1945 bytes)
16/07/08 12:18:32 INFO TaskSetManager: Finished task 12.0 in stage 2.0 (TID 52) in 5522 ms on mehdi-pc (14/20)
16/07/08 12:18:32 INFO TaskSetManager: Starting task 18.0 in stage 2.0 (TID 58, mehdi-pc, partition 18,NODE_LOCAL, 1945 bytes)
16/07/08 12:18:32 INFO TaskSetManager: Finished task 14.0 in stage 2.0 (TID 54) in 5369 ms on mehdi-pc (15/20)
16/07/08 12:18:32 INFO TaskSetManager: Starting task 19.0 in stage 2.0 (TID 59, mehdi-pc, partition 19,NODE_LOCAL, 1945 bytes)
16/07/08 12:18:32 INFO TaskSetManager: Finished task 15.0 in stage 2.0 (TID 55) in 5400 ms on mehdi-pc (16/20)
16/07/08 12:18:36 INFO TaskSetManager: Finished task 16.0 in stage 2.0 (TID 56) in 4625 ms on mehdi-pc (17/20)
16/07/08 12:18:36 INFO TaskSetManager: Finished task 18.0 in stage 2.0 (TID 58) in 4622 ms on mehdi-pc (18/20)
16/07/08 12:18:36 INFO TaskSetManager: Finished task 17.0 in stage 2.0 (TID 57) in 4669 ms on mehdi-pc (19/20)
16/07/08 12:18:36 INFO TaskSetManager: Finished task 19.0 in stage 2.0 (TID 59) in 4604 ms on mehdi-pc (20/20)
16/07/08 12:18:36 INFO DAGScheduler: ShuffleMapStage 2 (mapToPair at FonlUtils.java:46) finished in 25.608 s
16/07/08 12:18:36 INFO TaskSchedulerImpl: Removed TaskSet 2.0, whose tasks have all completed, from pool 
16/07/08 12:18:36 INFO DAGScheduler: looking for newly runnable stages
16/07/08 12:18:36 INFO DAGScheduler: running: Set()
16/07/08 12:18:36 INFO DAGScheduler: waiting: Set(ShuffleMapStage 5, ResultStage 6, ShuffleMapStage 3, ShuffleMapStage 4)
16/07/08 12:18:36 INFO DAGScheduler: failed: Set()
16/07/08 12:18:36 INFO DAGScheduler: Submitting ShuffleMapStage 3 (MapPartitionsRDD[10] at repartition at FonlUtils.java:70), which has no missing parents
16/07/08 12:18:36 INFO MemoryStore: Block broadcast_4 stored as values in memory (estimated size 4.0 KB, free 261.0 KB)
16/07/08 12:18:36 INFO MemoryStore: Block broadcast_4_piece0 stored as bytes in memory (estimated size 2.3 KB, free 263.4 KB)
16/07/08 12:18:36 INFO BlockManagerInfo: Added broadcast_4_piece0 in memory on 192.168.43.98:60245 (size: 2.3 KB, free: 511.1 MB)
16/07/08 12:18:36 INFO SparkContext: Created broadcast 4 from broadcast at DAGScheduler.scala:1006
16/07/08 12:18:36 INFO DAGScheduler: Submitting 20 missing tasks from ShuffleMapStage 3 (MapPartitionsRDD[10] at repartition at FonlUtils.java:70)
16/07/08 12:18:36 INFO TaskSchedulerImpl: Adding task set 3.0 with 20 tasks
16/07/08 12:18:36 INFO TaskSetManager: Starting task 0.0 in stage 3.0 (TID 60, mehdi-pc, partition 0,NODE_LOCAL, 1945 bytes)
16/07/08 12:18:36 INFO TaskSetManager: Starting task 1.0 in stage 3.0 (TID 61, mehdi-pc, partition 1,NODE_LOCAL, 1945 bytes)
16/07/08 12:18:36 INFO TaskSetManager: Starting task 2.0 in stage 3.0 (TID 62, mehdi-pc, partition 2,NODE_LOCAL, 1945 bytes)
16/07/08 12:18:36 INFO TaskSetManager: Starting task 3.0 in stage 3.0 (TID 63, mehdi-pc, partition 3,NODE_LOCAL, 1945 bytes)
16/07/08 12:18:36 INFO BlockManagerInfo: Added broadcast_4_piece0 in memory on mehdi-pc:33517 (size: 2.3 KB, free: 524.2 MB)
16/07/08 12:18:36 INFO MapOutputTrackerMasterEndpoint: Asked to send map output locations for shuffle 3 to mehdi-pc:54518
16/07/08 12:18:36 INFO MapOutputTrackerMaster: Size of output statuses for shuffle 3 is 226 bytes
16/07/08 12:18:37 INFO TaskSetManager: Starting task 4.0 in stage 3.0 (TID 64, mehdi-pc, partition 4,NODE_LOCAL, 1945 bytes)
16/07/08 12:18:37 INFO TaskSetManager: Finished task 2.0 in stage 3.0 (TID 62) in 863 ms on mehdi-pc (1/20)
16/07/08 12:18:37 INFO TaskSetManager: Starting task 5.0 in stage 3.0 (TID 65, mehdi-pc, partition 5,NODE_LOCAL, 1945 bytes)
16/07/08 12:18:37 INFO TaskSetManager: Finished task 1.0 in stage 3.0 (TID 61) in 910 ms on mehdi-pc (2/20)
16/07/08 12:18:37 INFO TaskSetManager: Starting task 6.0 in stage 3.0 (TID 66, mehdi-pc, partition 6,NODE_LOCAL, 1945 bytes)
16/07/08 12:18:37 INFO TaskSetManager: Finished task 3.0 in stage 3.0 (TID 63) in 1111 ms on mehdi-pc (3/20)
16/07/08 12:18:38 INFO TaskSetManager: Starting task 7.0 in stage 3.0 (TID 67, mehdi-pc, partition 7,NODE_LOCAL, 1945 bytes)
16/07/08 12:18:38 INFO TaskSetManager: Finished task 0.0 in stage 3.0 (TID 60) in 1145 ms on mehdi-pc (4/20)
16/07/08 12:18:38 INFO TaskSetManager: Starting task 8.0 in stage 3.0 (TID 68, mehdi-pc, partition 8,NODE_LOCAL, 1945 bytes)
16/07/08 12:18:38 INFO TaskSetManager: Finished task 6.0 in stage 3.0 (TID 66) in 722 ms on mehdi-pc (5/20)
16/07/08 12:18:38 INFO TaskSetManager: Starting task 9.0 in stage 3.0 (TID 69, mehdi-pc, partition 9,NODE_LOCAL, 1945 bytes)
16/07/08 12:18:38 INFO TaskSetManager: Finished task 4.0 in stage 3.0 (TID 64) in 1032 ms on mehdi-pc (6/20)
16/07/08 12:18:38 INFO TaskSetManager: Starting task 10.0 in stage 3.0 (TID 70, mehdi-pc, partition 10,NODE_LOCAL, 1945 bytes)
16/07/08 12:18:38 INFO TaskSetManager: Finished task 5.0 in stage 3.0 (TID 65) in 1027 ms on mehdi-pc (7/20)
16/07/08 12:18:38 INFO TaskSetManager: Starting task 11.0 in stage 3.0 (TID 71, mehdi-pc, partition 11,NODE_LOCAL, 1945 bytes)
16/07/08 12:18:38 INFO TaskSetManager: Finished task 7.0 in stage 3.0 (TID 67) in 816 ms on mehdi-pc (8/20)
16/07/08 12:18:39 INFO TaskSetManager: Starting task 12.0 in stage 3.0 (TID 72, mehdi-pc, partition 12,NODE_LOCAL, 1945 bytes)
16/07/08 12:18:39 INFO TaskSetManager: Finished task 8.0 in stage 3.0 (TID 68) in 698 ms on mehdi-pc (9/20)
16/07/08 12:18:39 INFO TaskSetManager: Starting task 13.0 in stage 3.0 (TID 73, mehdi-pc, partition 13,NODE_LOCAL, 1945 bytes)
16/07/08 12:18:39 INFO TaskSetManager: Finished task 10.0 in stage 3.0 (TID 70) in 717 ms on mehdi-pc (10/20)
16/07/08 12:18:39 INFO TaskSetManager: Starting task 14.0 in stage 3.0 (TID 74, mehdi-pc, partition 14,NODE_LOCAL, 1945 bytes)
16/07/08 12:18:39 INFO TaskSetManager: Finished task 9.0 in stage 3.0 (TID 69) in 813 ms on mehdi-pc (11/20)
16/07/08 12:18:39 INFO TaskSetManager: Starting task 15.0 in stage 3.0 (TID 75, mehdi-pc, partition 15,NODE_LOCAL, 1945 bytes)
16/07/08 12:18:39 INFO TaskSetManager: Finished task 11.0 in stage 3.0 (TID 71) in 1061 ms on mehdi-pc (12/20)
16/07/08 12:18:40 INFO TaskSetManager: Starting task 16.0 in stage 3.0 (TID 76, mehdi-pc, partition 16,NODE_LOCAL, 1945 bytes)
16/07/08 12:18:40 INFO TaskSetManager: Finished task 12.0 in stage 3.0 (TID 72) in 1051 ms on mehdi-pc (13/20)
16/07/08 12:18:40 INFO TaskSetManager: Starting task 17.0 in stage 3.0 (TID 77, mehdi-pc, partition 17,NODE_LOCAL, 1945 bytes)
16/07/08 12:18:40 INFO TaskSetManager: Finished task 14.0 in stage 3.0 (TID 74) in 1109 ms on mehdi-pc (14/20)
16/07/08 12:18:40 INFO TaskSetManager: Starting task 18.0 in stage 3.0 (TID 78, mehdi-pc, partition 18,NODE_LOCAL, 1945 bytes)
16/07/08 12:18:40 INFO TaskSetManager: Finished task 15.0 in stage 3.0 (TID 75) in 834 ms on mehdi-pc (15/20)
16/07/08 12:18:40 INFO TaskSetManager: Starting task 19.0 in stage 3.0 (TID 79, mehdi-pc, partition 19,NODE_LOCAL, 1945 bytes)
16/07/08 12:18:40 INFO TaskSetManager: Finished task 13.0 in stage 3.0 (TID 73) in 1362 ms on mehdi-pc (16/20)
16/07/08 12:18:41 INFO TaskSetManager: Finished task 16.0 in stage 3.0 (TID 76) in 678 ms on mehdi-pc (17/20)
16/07/08 12:18:41 INFO TaskSetManager: Finished task 18.0 in stage 3.0 (TID 78) in 572 ms on mehdi-pc (18/20)
16/07/08 12:18:41 INFO TaskSetManager: Finished task 17.0 in stage 3.0 (TID 77) in 642 ms on mehdi-pc (19/20)
16/07/08 12:18:41 INFO TaskSetManager: Finished task 19.0 in stage 3.0 (TID 79) in 570 ms on mehdi-pc (20/20)
16/07/08 12:18:41 INFO TaskSchedulerImpl: Removed TaskSet 3.0, whose tasks have all completed, from pool 
16/07/08 12:18:41 INFO DAGScheduler: ShuffleMapStage 3 (repartition at FonlUtils.java:70) finished in 4.573 s
16/07/08 12:18:41 INFO DAGScheduler: looking for newly runnable stages
16/07/08 12:18:41 INFO DAGScheduler: running: Set()
16/07/08 12:18:41 INFO DAGScheduler: waiting: Set(ShuffleMapStage 5, ResultStage 6, ShuffleMapStage 4)
16/07/08 12:18:41 INFO DAGScheduler: failed: Set()
16/07/08 12:18:41 INFO DAGScheduler: Submitting ShuffleMapStage 5 (MapPartitionsRDD[13] at repartition at FonlUtils.java:70), which has no missing parents
16/07/08 12:18:41 INFO MemoryStore: Block broadcast_5 stored as values in memory (estimated size 3.0 KB, free 266.3 KB)
16/07/08 12:18:41 INFO MemoryStore: Block broadcast_5_piece0 stored as bytes in memory (estimated size 1844.0 B, free 268.1 KB)
16/07/08 12:18:41 INFO BlockManagerInfo: Added broadcast_5_piece0 in memory on 192.168.43.98:60245 (size: 1844.0 B, free: 511.1 MB)
16/07/08 12:18:41 INFO SparkContext: Created broadcast 5 from broadcast at DAGScheduler.scala:1006
16/07/08 12:18:41 INFO DAGScheduler: Submitting 20 missing tasks from ShuffleMapStage 5 (MapPartitionsRDD[13] at repartition at FonlUtils.java:70)
16/07/08 12:18:41 INFO TaskSchedulerImpl: Adding task set 5.0 with 20 tasks
16/07/08 12:18:41 INFO DAGScheduler: Submitting ShuffleMapStage 4 (MapPartitionsRDD[16] at mapValues at FonlDegGCC.java:63), which has no missing parents
16/07/08 12:18:41 INFO TaskSetManager: Starting task 0.0 in stage 5.0 (TID 80, mehdi-pc, partition 0,NODE_LOCAL, 2214 bytes)
16/07/08 12:18:41 INFO TaskSetManager: Starting task 1.0 in stage 5.0 (TID 81, mehdi-pc, partition 1,NODE_LOCAL, 2214 bytes)
16/07/08 12:18:41 INFO TaskSetManager: Starting task 2.0 in stage 5.0 (TID 82, mehdi-pc, partition 2,NODE_LOCAL, 2214 bytes)
16/07/08 12:18:41 INFO TaskSetManager: Starting task 3.0 in stage 5.0 (TID 83, mehdi-pc, partition 3,NODE_LOCAL, 2214 bytes)
16/07/08 12:18:41 INFO MemoryStore: Block broadcast_6 stored as values in memory (estimated size 4.5 KB, free 272.6 KB)
16/07/08 12:18:41 INFO MemoryStore: Block broadcast_6_piece0 stored as bytes in memory (estimated size 2.5 KB, free 275.2 KB)
16/07/08 12:18:41 INFO BlockManagerInfo: Added broadcast_6_piece0 in memory on 192.168.43.98:60245 (size: 2.5 KB, free: 511.1 MB)
16/07/08 12:18:41 INFO SparkContext: Created broadcast 6 from broadcast at DAGScheduler.scala:1006
16/07/08 12:18:41 INFO DAGScheduler: Submitting 20 missing tasks from ShuffleMapStage 4 (MapPartitionsRDD[16] at mapValues at FonlDegGCC.java:63)
16/07/08 12:18:41 INFO TaskSchedulerImpl: Adding task set 4.0 with 20 tasks
16/07/08 12:18:41 INFO BlockManagerInfo: Added broadcast_5_piece0 in memory on mehdi-pc:33517 (size: 1844.0 B, free: 524.2 MB)
16/07/08 12:18:41 INFO MapOutputTrackerMasterEndpoint: Asked to send map output locations for shuffle 1 to mehdi-pc:54518
16/07/08 12:18:41 INFO MapOutputTrackerMaster: Size of output statuses for shuffle 1 is 153 bytes
16/07/08 12:18:42 INFO BlockManagerInfo: Added rdd_13_0 in memory on mehdi-pc:33517 (size: 19.7 MB, free: 504.5 MB)
16/07/08 12:18:42 INFO BlockManagerInfo: Added rdd_13_3 in memory on mehdi-pc:33517 (size: 19.6 MB, free: 484.9 MB)
16/07/08 12:18:42 INFO BlockManagerInfo: Added rdd_13_1 in memory on mehdi-pc:33517 (size: 19.8 MB, free: 465.1 MB)
16/07/08 12:18:42 INFO BlockManagerInfo: Added rdd_13_2 in memory on mehdi-pc:33517 (size: 19.8 MB, free: 445.3 MB)
16/07/08 12:18:42 INFO TaskSetManager: Starting task 0.0 in stage 4.0 (TID 84, mehdi-pc, partition 0,NODE_LOCAL, 2214 bytes)
16/07/08 12:18:42 INFO TaskSetManager: Finished task 3.0 in stage 5.0 (TID 83) in 880 ms on mehdi-pc (1/20)
16/07/08 12:18:42 INFO BlockManagerInfo: Added broadcast_6_piece0 in memory on mehdi-pc:33517 (size: 2.5 KB, free: 445.3 MB)
16/07/08 12:18:42 INFO TaskSetManager: Starting task 1.0 in stage 4.0 (TID 85, mehdi-pc, partition 1,NODE_LOCAL, 2214 bytes)
16/07/08 12:18:42 INFO TaskSetManager: Finished task 1.0 in stage 5.0 (TID 81) in 1341 ms on mehdi-pc (2/20)
16/07/08 12:18:42 INFO TaskSetManager: Starting task 2.0 in stage 4.0 (TID 86, mehdi-pc, partition 2,NODE_LOCAL, 2214 bytes)
16/07/08 12:18:42 INFO TaskSetManager: Finished task 0.0 in stage 5.0 (TID 80) in 1394 ms on mehdi-pc (3/20)
16/07/08 12:18:42 INFO TaskSetManager: Starting task 3.0 in stage 4.0 (TID 87, mehdi-pc, partition 3,NODE_LOCAL, 2214 bytes)
16/07/08 12:18:42 INFO TaskSetManager: Finished task 2.0 in stage 5.0 (TID 82) in 1433 ms on mehdi-pc (4/20)
16/07/08 12:18:43 INFO TaskSetManager: Starting task 4.0 in stage 4.0 (TID 88, mehdi-pc, partition 4,NODE_LOCAL, 2214 bytes)
16/07/08 12:18:43 INFO TaskSetManager: Finished task 0.0 in stage 4.0 (TID 84) in 1435 ms on mehdi-pc (1/20)
16/07/08 12:18:43 INFO TaskSetManager: Starting task 5.0 in stage 4.0 (TID 89, mehdi-pc, partition 5,NODE_LOCAL, 2214 bytes)
16/07/08 12:18:43 INFO TaskSetManager: Finished task 2.0 in stage 4.0 (TID 86) in 995 ms on mehdi-pc (2/20)
16/07/08 12:18:44 INFO BlockManagerInfo: Added rdd_13_4 in memory on mehdi-pc:33517 (size: 19.5 MB, free: 425.8 MB)
16/07/08 12:18:44 INFO TaskSetManager: Starting task 6.0 in stage 4.0 (TID 90, mehdi-pc, partition 6,NODE_LOCAL, 2214 bytes)
16/07/08 12:18:44 INFO TaskSetManager: Finished task 1.0 in stage 4.0 (TID 85) in 1411 ms on mehdi-pc (3/20)
16/07/08 12:18:44 INFO BlockManagerInfo: Added rdd_13_5 in memory on mehdi-pc:33517 (size: 19.6 MB, free: 406.2 MB)
16/07/08 12:18:44 INFO TaskSetManager: Starting task 7.0 in stage 4.0 (TID 91, mehdi-pc, partition 7,NODE_LOCAL, 2214 bytes)
16/07/08 12:18:44 INFO TaskSetManager: Finished task 3.0 in stage 4.0 (TID 87) in 1395 ms on mehdi-pc (4/20)
16/07/08 12:18:44 INFO BlockManagerInfo: Added rdd_13_6 in memory on mehdi-pc:33517 (size: 19.7 MB, free: 386.5 MB)
16/07/08 12:18:44 INFO BlockManagerInfo: Added rdd_13_7 in memory on mehdi-pc:33517 (size: 20.1 MB, free: 366.4 MB)
16/07/08 12:18:45 INFO TaskSetManager: Starting task 8.0 in stage 4.0 (TID 92, mehdi-pc, partition 8,NODE_LOCAL, 2214 bytes)
16/07/08 12:18:45 INFO TaskSetManager: Finished task 5.0 in stage 4.0 (TID 89) in 1205 ms on mehdi-pc (5/20)
16/07/08 12:18:45 INFO TaskSetManager: Starting task 9.0 in stage 4.0 (TID 93, mehdi-pc, partition 9,NODE_LOCAL, 2214 bytes)
16/07/08 12:18:45 INFO TaskSetManager: Finished task 4.0 in stage 4.0 (TID 88) in 1729 ms on mehdi-pc (6/20)
16/07/08 12:18:45 INFO BlockManagerInfo: Added rdd_13_8 in memory on mehdi-pc:33517 (size: 19.2 MB, free: 347.2 MB)
16/07/08 12:18:45 INFO BlockManagerInfo: Added rdd_13_9 in memory on mehdi-pc:33517 (size: 19.0 MB, free: 328.2 MB)
16/07/08 12:18:46 INFO TaskSetManager: Starting task 10.0 in stage 4.0 (TID 94, mehdi-pc, partition 10,NODE_LOCAL, 2214 bytes)
16/07/08 12:18:46 INFO TaskSetManager: Finished task 7.0 in stage 4.0 (TID 91) in 1728 ms on mehdi-pc (7/20)
16/07/08 12:18:46 INFO TaskSetManager: Starting task 11.0 in stage 4.0 (TID 95, mehdi-pc, partition 11,NODE_LOCAL, 2214 bytes)
16/07/08 12:18:46 INFO TaskSetManager: Finished task 6.0 in stage 4.0 (TID 90) in 1809 ms on mehdi-pc (8/20)
16/07/08 12:18:46 INFO BlockManagerInfo: Added rdd_13_11 in memory on mehdi-pc:33517 (size: 19.8 MB, free: 308.4 MB)
16/07/08 12:18:46 INFO BlockManagerInfo: Added rdd_13_10 in memory on mehdi-pc:33517 (size: 20.0 MB, free: 288.4 MB)
16/07/08 12:18:46 INFO TaskSetManager: Starting task 12.0 in stage 4.0 (TID 96, mehdi-pc, partition 12,NODE_LOCAL, 2214 bytes)
16/07/08 12:18:46 INFO TaskSetManager: Starting task 13.0 in stage 4.0 (TID 97, mehdi-pc, partition 13,NODE_LOCAL, 2214 bytes)
16/07/08 12:18:46 INFO TaskSetManager: Finished task 9.0 in stage 4.0 (TID 93) in 1443 ms on mehdi-pc (9/20)
16/07/08 12:18:46 INFO TaskSetManager: Finished task 8.0 in stage 4.0 (TID 92) in 1895 ms on mehdi-pc (10/20)
16/07/08 12:18:47 INFO BlockManagerInfo: Added rdd_13_13 in memory on mehdi-pc:33517 (size: 19.6 MB, free: 268.9 MB)
16/07/08 12:18:47 INFO BlockManagerInfo: Added rdd_13_12 in memory on mehdi-pc:33517 (size: 18.9 MB, free: 250.0 MB)
16/07/08 12:18:47 INFO TaskSetManager: Starting task 14.0 in stage 4.0 (TID 98, mehdi-pc, partition 14,NODE_LOCAL, 2214 bytes)
16/07/08 12:18:47 INFO TaskSetManager: Finished task 11.0 in stage 4.0 (TID 95) in 1339 ms on mehdi-pc (11/20)
16/07/08 12:18:47 INFO TaskSetManager: Starting task 15.0 in stage 4.0 (TID 99, mehdi-pc, partition 15,NODE_LOCAL, 2214 bytes)
16/07/08 12:18:47 INFO TaskSetManager: Finished task 10.0 in stage 4.0 (TID 94) in 1455 ms on mehdi-pc (12/20)
16/07/08 12:18:47 INFO BlockManagerInfo: Added rdd_13_14 in memory on mehdi-pc:33517 (size: 20.2 MB, free: 229.8 MB)
16/07/08 12:18:47 INFO BlockManagerInfo: Added rdd_13_15 in memory on mehdi-pc:33517 (size: 18.2 MB, free: 211.6 MB)
16/07/08 12:18:48 INFO TaskSetManager: Starting task 16.0 in stage 4.0 (TID 100, mehdi-pc, partition 16,NODE_LOCAL, 2214 bytes)
16/07/08 12:18:48 INFO TaskSetManager: Finished task 13.0 in stage 4.0 (TID 97) in 1307 ms on mehdi-pc (13/20)
16/07/08 12:18:48 INFO TaskSetManager: Starting task 17.0 in stage 4.0 (TID 101, mehdi-pc, partition 17,NODE_LOCAL, 2214 bytes)
16/07/08 12:18:48 INFO TaskSetManager: Finished task 12.0 in stage 4.0 (TID 96) in 1334 ms on mehdi-pc (14/20)
16/07/08 12:18:48 INFO TaskSetManager: Starting task 18.0 in stage 4.0 (TID 102, mehdi-pc, partition 18,NODE_LOCAL, 2214 bytes)
16/07/08 12:18:48 INFO TaskSetManager: Finished task 14.0 in stage 4.0 (TID 98) in 1169 ms on mehdi-pc (15/20)
16/07/08 12:18:48 INFO TaskSetManager: Starting task 19.0 in stage 4.0 (TID 103, mehdi-pc, partition 19,NODE_LOCAL, 2214 bytes)
16/07/08 12:18:48 INFO TaskSetManager: Finished task 15.0 in stage 4.0 (TID 99) in 1096 ms on mehdi-pc (16/20)
16/07/08 12:18:49 INFO BlockManagerInfo: Added rdd_13_16 in memory on mehdi-pc:33517 (size: 19.8 MB, free: 191.8 MB)
16/07/08 12:18:49 INFO BlockManagerInfo: Added rdd_13_17 in memory on mehdi-pc:33517 (size: 20.0 MB, free: 171.8 MB)
16/07/08 12:18:49 INFO BlockManagerInfo: Added rdd_13_18 in memory on mehdi-pc:33517 (size: 20.2 MB, free: 151.6 MB)
16/07/08 12:18:49 INFO BlockManagerInfo: Added rdd_13_19 in memory on mehdi-pc:33517 (size: 20.0 MB, free: 131.6 MB)
16/07/08 12:18:50 INFO TaskSetManager: Starting task 4.0 in stage 5.0 (TID 104, mehdi-pc, partition 4,NODE_LOCAL, 2214 bytes)
16/07/08 12:18:50 INFO TaskSetManager: Finished task 16.0 in stage 4.0 (TID 100) in 2152 ms on mehdi-pc (17/20)
16/07/08 12:18:50 INFO BlockManagerInfo: Removed broadcast_1_piece0 on 192.168.43.98:60245 in memory (size: 2.8 KB, free: 511.1 MB)
16/07/08 12:18:50 INFO BlockManagerInfo: Removed broadcast_1_piece0 on mehdi-pc:33517 in memory (size: 2.8 KB, free: 131.6 MB)
16/07/08 12:18:50 INFO TaskSetManager: Starting task 5.0 in stage 5.0 (TID 105, mehdi-pc, partition 5,NODE_LOCAL, 2214 bytes)
16/07/08 12:18:50 INFO TaskSetManager: Finished task 17.0 in stage 4.0 (TID 101) in 2292 ms on mehdi-pc (18/20)
16/07/08 12:18:50 INFO BlockManagerInfo: Removed broadcast_4_piece0 on 192.168.43.98:60245 in memory (size: 2.3 KB, free: 511.1 MB)
16/07/08 12:18:50 INFO BlockManagerInfo: Removed broadcast_4_piece0 on mehdi-pc:33517 in memory (size: 2.3 KB, free: 131.6 MB)
16/07/08 12:18:50 INFO BlockManagerInfo: Removed broadcast_3_piece0 on 192.168.43.98:60245 in memory (size: 3.9 KB, free: 511.1 MB)
16/07/08 12:18:50 INFO BlockManagerInfo: Removed broadcast_3_piece0 on mehdi-pc:33517 in memory (size: 3.9 KB, free: 131.6 MB)
16/07/08 12:18:50 INFO BlockManagerInfo: Removed broadcast_2_piece0 on 192.168.43.98:60245 in memory (size: 3.3 KB, free: 511.1 MB)
16/07/08 12:18:50 INFO BlockManagerInfo: Removed broadcast_2_piece0 on mehdi-pc:33517 in memory (size: 3.3 KB, free: 131.6 MB)
16/07/08 12:18:50 INFO TaskSetManager: Starting task 6.0 in stage 5.0 (TID 106, mehdi-pc, partition 6,NODE_LOCAL, 2214 bytes)
16/07/08 12:18:50 INFO TaskSetManager: Finished task 4.0 in stage 5.0 (TID 104) in 341 ms on mehdi-pc (5/20)
16/07/08 12:18:50 INFO TaskSetManager: Starting task 7.0 in stage 5.0 (TID 107, mehdi-pc, partition 7,NODE_LOCAL, 2214 bytes)
16/07/08 12:18:50 INFO TaskSetManager: Finished task 18.0 in stage 4.0 (TID 102) in 2286 ms on mehdi-pc (19/20)
16/07/08 12:18:50 INFO TaskSetManager: Starting task 8.0 in stage 5.0 (TID 108, mehdi-pc, partition 8,NODE_LOCAL, 2214 bytes)
16/07/08 12:18:50 INFO TaskSetManager: Finished task 5.0 in stage 5.0 (TID 105) in 268 ms on mehdi-pc (6/20)
16/07/08 12:18:51 INFO TaskSetManager: Starting task 9.0 in stage 5.0 (TID 109, mehdi-pc, partition 9,NODE_LOCAL, 2214 bytes)
16/07/08 12:18:52 INFO TaskSetManager: Finished task 19.0 in stage 4.0 (TID 103) in 3875 ms on mehdi-pc (20/20)
16/07/08 12:18:52 INFO TaskSchedulerImpl: Removed TaskSet 4.0, whose tasks have all completed, from pool 
16/07/08 12:18:52 INFO DAGScheduler: ShuffleMapStage 4 (mapValues at FonlDegGCC.java:63) finished in 10.935 s
16/07/08 12:18:52 INFO DAGScheduler: looking for newly runnable stages
16/07/08 12:18:52 INFO DAGScheduler: running: Set(ShuffleMapStage 5)
16/07/08 12:18:52 INFO DAGScheduler: waiting: Set(ResultStage 6)
16/07/08 12:18:52 INFO DAGScheduler: failed: Set()
16/07/08 12:18:52 INFO TaskSetManager: Starting task 10.0 in stage 5.0 (TID 110, mehdi-pc, partition 10,NODE_LOCAL, 2214 bytes)
16/07/08 12:18:52 INFO TaskSetManager: Finished task 6.0 in stage 5.0 (TID 106) in 1790 ms on mehdi-pc (7/20)
16/07/08 12:18:52 INFO TaskSetManager: Starting task 11.0 in stage 5.0 (TID 111, mehdi-pc, partition 11,NODE_LOCAL, 2214 bytes)
16/07/08 12:18:52 INFO TaskSetManager: Finished task 8.0 in stage 5.0 (TID 108) in 1799 ms on mehdi-pc (8/20)
16/07/08 12:18:52 INFO TaskSetManager: Starting task 12.0 in stage 5.0 (TID 112, mehdi-pc, partition 12,NODE_LOCAL, 2214 bytes)
16/07/08 12:18:52 INFO TaskSetManager: Finished task 7.0 in stage 5.0 (TID 107) in 1858 ms on mehdi-pc (9/20)
16/07/08 12:18:52 INFO TaskSetManager: Starting task 13.0 in stage 5.0 (TID 113, mehdi-pc, partition 13,NODE_LOCAL, 2214 bytes)
16/07/08 12:18:52 INFO TaskSetManager: Finished task 9.0 in stage 5.0 (TID 109) in 1156 ms on mehdi-pc (10/20)
16/07/08 12:18:52 INFO TaskSetManager: Starting task 14.0 in stage 5.0 (TID 114, mehdi-pc, partition 14,NODE_LOCAL, 2214 bytes)
16/07/08 12:18:52 INFO TaskSetManager: Finished task 10.0 in stage 5.0 (TID 110) in 247 ms on mehdi-pc (11/20)
16/07/08 12:18:53 INFO TaskSetManager: Starting task 15.0 in stage 5.0 (TID 115, mehdi-pc, partition 15,NODE_LOCAL, 2214 bytes)
16/07/08 12:18:53 INFO TaskSetManager: Finished task 11.0 in stage 5.0 (TID 111) in 746 ms on mehdi-pc (12/20)
16/07/08 12:18:53 INFO TaskSetManager: Starting task 16.0 in stage 5.0 (TID 116, mehdi-pc, partition 16,NODE_LOCAL, 2214 bytes)
16/07/08 12:18:53 INFO TaskSetManager: Finished task 12.0 in stage 5.0 (TID 112) in 720 ms on mehdi-pc (13/20)
16/07/08 12:18:53 INFO TaskSetManager: Starting task 17.0 in stage 5.0 (TID 117, mehdi-pc, partition 17,NODE_LOCAL, 2214 bytes)
16/07/08 12:18:53 INFO TaskSetManager: Finished task 13.0 in stage 5.0 (TID 113) in 752 ms on mehdi-pc (14/20)
16/07/08 12:18:53 INFO TaskSetManager: Starting task 18.0 in stage 5.0 (TID 118, mehdi-pc, partition 18,NODE_LOCAL, 2214 bytes)
16/07/08 12:18:53 INFO TaskSetManager: Finished task 14.0 in stage 5.0 (TID 114) in 836 ms on mehdi-pc (15/20)
16/07/08 12:18:53 INFO TaskSetManager: Starting task 19.0 in stage 5.0 (TID 119, mehdi-pc, partition 19,NODE_LOCAL, 2214 bytes)
16/07/08 12:18:53 INFO TaskSetManager: Finished task 15.0 in stage 5.0 (TID 115) in 303 ms on mehdi-pc (16/20)
16/07/08 12:18:53 INFO TaskSetManager: Finished task 16.0 in stage 5.0 (TID 116) in 438 ms on mehdi-pc (17/20)
16/07/08 12:18:53 INFO TaskSetManager: Finished task 17.0 in stage 5.0 (TID 117) in 404 ms on mehdi-pc (18/20)
16/07/08 12:18:53 INFO TaskSetManager: Finished task 19.0 in stage 5.0 (TID 119) in 258 ms on mehdi-pc (19/20)
16/07/08 12:18:54 INFO TaskSetManager: Finished task 18.0 in stage 5.0 (TID 118) in 826 ms on mehdi-pc (20/20)
16/07/08 12:18:54 INFO DAGScheduler: ShuffleMapStage 5 (repartition at FonlUtils.java:70) finished in 12.951 s
16/07/08 12:18:54 INFO TaskSchedulerImpl: Removed TaskSet 5.0, whose tasks have all completed, from pool 
16/07/08 12:18:54 INFO DAGScheduler: looking for newly runnable stages
16/07/08 12:18:54 INFO DAGScheduler: running: Set()
16/07/08 12:18:54 INFO DAGScheduler: waiting: Set(ResultStage 6)
16/07/08 12:18:54 INFO DAGScheduler: failed: Set()
16/07/08 12:18:54 INFO DAGScheduler: Submitting ResultStage 6 (MapPartitionsRDD[20] at map at FonlDegGCC.java:68), which has no missing parents
16/07/08 12:18:54 INFO MemoryStore: Block broadcast_7 stored as values in memory (estimated size 4.4 KB, free 244.7 KB)
16/07/08 12:18:54 INFO MemoryStore: Block broadcast_7_piece0 stored as bytes in memory (estimated size 2.5 KB, free 247.2 KB)
16/07/08 12:18:54 INFO BlockManagerInfo: Added broadcast_7_piece0 in memory on 192.168.43.98:60245 (size: 2.5 KB, free: 511.1 MB)
16/07/08 12:18:54 INFO SparkContext: Created broadcast 7 from broadcast at DAGScheduler.scala:1006
16/07/08 12:18:54 INFO DAGScheduler: Submitting 20 missing tasks from ResultStage 6 (MapPartitionsRDD[20] at map at FonlDegGCC.java:68)
16/07/08 12:18:54 INFO TaskSchedulerImpl: Adding task set 6.0 with 20 tasks
16/07/08 12:18:54 INFO TaskSetManager: Starting task 0.0 in stage 6.0 (TID 120, mehdi-pc, partition 0,PROCESS_LOCAL, 2029 bytes)
16/07/08 12:18:54 INFO TaskSetManager: Starting task 1.0 in stage 6.0 (TID 121, mehdi-pc, partition 1,PROCESS_LOCAL, 2029 bytes)
16/07/08 12:18:54 INFO TaskSetManager: Starting task 2.0 in stage 6.0 (TID 122, mehdi-pc, partition 2,PROCESS_LOCAL, 2029 bytes)
16/07/08 12:18:54 INFO TaskSetManager: Starting task 3.0 in stage 6.0 (TID 123, mehdi-pc, partition 3,PROCESS_LOCAL, 2029 bytes)
16/07/08 12:18:54 INFO BlockManagerInfo: Added broadcast_7_piece0 in memory on mehdi-pc:33517 (size: 2.5 KB, free: 131.6 MB)
16/07/08 12:18:54 INFO MapOutputTrackerMasterEndpoint: Asked to send map output locations for shuffle 0 to mehdi-pc:54518
16/07/08 12:18:54 INFO MapOutputTrackerMaster: Size of output statuses for shuffle 0 is 221 bytes
16/07/08 12:18:54 INFO MapOutputTrackerMasterEndpoint: Asked to send map output locations for shuffle 2 to mehdi-pc:54518
16/07/08 12:18:54 INFO MapOutputTrackerMaster: Size of output statuses for shuffle 2 is 191 bytes
16/07/08 12:18:55 INFO BlockManagerInfo: Added broadcast_0_piece0 on disk on mehdi-pc:33517 (size: 20.0 KB)
16/07/08 12:18:55 INFO BlockManagerInfo: Added broadcast_5_piece0 on disk on mehdi-pc:33517 (size: 1844.0 B)
16/07/08 12:18:55 INFO BlockManagerInfo: Added broadcast_6_piece0 on disk on mehdi-pc:33517 (size: 2.5 KB)
16/07/08 12:18:55 INFO BlockManagerInfo: Removed rdd_13_1 on mehdi-pc:33517 in memory (size: 19.8 MB, free: 151.5 MB)
16/07/08 12:18:55 INFO BlockManagerInfo: Removed rdd_13_0 on mehdi-pc:33517 in memory (size: 19.7 MB, free: 171.2 MB)
16/07/08 12:18:56 INFO BlockManagerInfo: Removed rdd_13_2 on mehdi-pc:33517 in memory (size: 19.8 MB, free: 191.0 MB)
16/07/08 12:18:56 INFO BlockManagerInfo: Removed rdd_13_3 on mehdi-pc:33517 in memory (size: 19.6 MB, free: 210.6 MB)
16/07/08 12:18:56 INFO BlockManagerInfo: Removed rdd_13_4 on mehdi-pc:33517 in memory (size: 19.5 MB, free: 230.0 MB)
16/07/08 12:18:56 INFO BlockManagerInfo: Removed rdd_13_5 on mehdi-pc:33517 in memory (size: 19.6 MB, free: 249.6 MB)
16/07/08 12:18:56 INFO BlockManagerInfo: Removed rdd_13_6 on mehdi-pc:33517 in memory (size: 19.7 MB, free: 269.3 MB)
16/07/08 12:18:58 INFO TaskSetManager: Starting task 4.0 in stage 6.0 (TID 124, mehdi-pc, partition 4,PROCESS_LOCAL, 2029 bytes)
16/07/08 12:18:58 INFO TaskSetManager: Finished task 2.0 in stage 6.0 (TID 122) in 4311 ms on mehdi-pc (1/20)
16/07/08 12:18:58 INFO TaskSetManager: Starting task 5.0 in stage 6.0 (TID 125, mehdi-pc, partition 5,PROCESS_LOCAL, 2029 bytes)
16/07/08 12:18:58 INFO TaskSetManager: Finished task 1.0 in stage 6.0 (TID 121) in 4378 ms on mehdi-pc (2/20)
16/07/08 12:18:58 INFO TaskSetManager: Starting task 6.0 in stage 6.0 (TID 126, mehdi-pc, partition 6,PROCESS_LOCAL, 2029 bytes)
16/07/08 12:18:58 INFO TaskSetManager: Finished task 3.0 in stage 6.0 (TID 123) in 4386 ms on mehdi-pc (3/20)
16/07/08 12:18:58 INFO TaskSetManager: Starting task 7.0 in stage 6.0 (TID 127, mehdi-pc, partition 7,PROCESS_LOCAL, 2029 bytes)
16/07/08 12:18:58 INFO TaskSetManager: Finished task 0.0 in stage 6.0 (TID 120) in 4453 ms on mehdi-pc (4/20)
16/07/08 12:19:01 INFO TaskSetManager: Starting task 8.0 in stage 6.0 (TID 128, mehdi-pc, partition 8,PROCESS_LOCAL, 2029 bytes)
16/07/08 12:19:01 INFO TaskSetManager: Finished task 4.0 in stage 6.0 (TID 124) in 2538 ms on mehdi-pc (5/20)
16/07/08 12:19:01 INFO TaskSetManager: Starting task 9.0 in stage 6.0 (TID 129, mehdi-pc, partition 9,PROCESS_LOCAL, 2029 bytes)
16/07/08 12:19:01 INFO TaskSetManager: Finished task 7.0 in stage 6.0 (TID 127) in 2411 ms on mehdi-pc (6/20)
16/07/08 12:19:01 INFO TaskSetManager: Starting task 10.0 in stage 6.0 (TID 130, mehdi-pc, partition 10,PROCESS_LOCAL, 2029 bytes)
16/07/08 12:19:01 INFO TaskSetManager: Finished task 5.0 in stage 6.0 (TID 125) in 2587 ms on mehdi-pc (7/20)
16/07/08 12:19:01 INFO TaskSetManager: Starting task 11.0 in stage 6.0 (TID 131, mehdi-pc, partition 11,PROCESS_LOCAL, 2029 bytes)
16/07/08 12:19:01 INFO TaskSetManager: Finished task 6.0 in stage 6.0 (TID 126) in 2984 ms on mehdi-pc (8/20)
16/07/08 12:19:03 INFO TaskSetManager: Starting task 12.0 in stage 6.0 (TID 132, mehdi-pc, partition 12,PROCESS_LOCAL, 2029 bytes)
16/07/08 12:19:03 INFO TaskSetManager: Finished task 11.0 in stage 6.0 (TID 131) in 2125 ms on mehdi-pc (9/20)
16/07/08 12:19:03 INFO TaskSetManager: Starting task 13.0 in stage 6.0 (TID 133, mehdi-pc, partition 13,PROCESS_LOCAL, 2029 bytes)
16/07/08 12:19:03 INFO TaskSetManager: Finished task 8.0 in stage 6.0 (TID 128) in 2668 ms on mehdi-pc (10/20)
16/07/08 12:19:04 INFO TaskSetManager: Starting task 14.0 in stage 6.0 (TID 134, mehdi-pc, partition 14,PROCESS_LOCAL, 2029 bytes)
16/07/08 12:19:04 INFO TaskSetManager: Finished task 10.0 in stage 6.0 (TID 130) in 3203 ms on mehdi-pc (11/20)
16/07/08 12:19:04 INFO TaskSetManager: Starting task 15.0 in stage 6.0 (TID 135, mehdi-pc, partition 15,PROCESS_LOCAL, 2029 bytes)
16/07/08 12:19:04 INFO TaskSetManager: Finished task 9.0 in stage 6.0 (TID 129) in 3329 ms on mehdi-pc (12/20)
16/07/08 12:19:07 INFO TaskSetManager: Starting task 16.0 in stage 6.0 (TID 136, mehdi-pc, partition 16,PROCESS_LOCAL, 2029 bytes)
16/07/08 12:19:07 INFO TaskSetManager: Finished task 12.0 in stage 6.0 (TID 132) in 3816 ms on mehdi-pc (13/20)
16/07/08 12:19:07 INFO TaskSetManager: Starting task 17.0 in stage 6.0 (TID 137, mehdi-pc, partition 17,PROCESS_LOCAL, 2029 bytes)
16/07/08 12:19:07 INFO TaskSetManager: Finished task 13.0 in stage 6.0 (TID 133) in 3856 ms on mehdi-pc (14/20)
16/07/08 12:19:07 INFO TaskSetManager: Starting task 18.0 in stage 6.0 (TID 138, mehdi-pc, partition 18,PROCESS_LOCAL, 2029 bytes)
16/07/08 12:19:07 INFO TaskSetManager: Finished task 15.0 in stage 6.0 (TID 135) in 3230 ms on mehdi-pc (15/20)
16/07/08 12:19:07 INFO TaskSetManager: Starting task 19.0 in stage 6.0 (TID 139, mehdi-pc, partition 19,PROCESS_LOCAL, 2029 bytes)
16/07/08 12:19:07 INFO TaskSetManager: Finished task 14.0 in stage 6.0 (TID 134) in 3381 ms on mehdi-pc (16/20)
16/07/08 12:19:10 INFO TaskSetManager: Finished task 16.0 in stage 6.0 (TID 136) in 2635 ms on mehdi-pc (17/20)
16/07/08 12:19:10 INFO TaskSetManager: Finished task 17.0 in stage 6.0 (TID 137) in 2626 ms on mehdi-pc (18/20)
16/07/08 12:19:10 INFO TaskSetManager: Finished task 18.0 in stage 6.0 (TID 138) in 2578 ms on mehdi-pc (19/20)
16/07/08 12:19:10 INFO TaskSetManager: Finished task 19.0 in stage 6.0 (TID 139) in 2841 ms on mehdi-pc (20/20)
16/07/08 12:19:10 INFO DAGScheduler: ResultStage 6 (reduce at FonlDegGCC.java:88) finished in 16.380 s
16/07/08 12:19:10 INFO TaskSchedulerImpl: Removed TaskSet 6.0, whose tasks have all completed, from pool 
16/07/08 12:19:10 INFO DAGScheduler: Job 0 finished: reduce at FonlDegGCC.java:88, took 97.638442 s
16/07/08 12:19:10 INFO SparkContext: Starting job: count at FonlDegGCC.java:90
16/07/08 12:19:10 INFO MapOutputTrackerMaster: Size of output statuses for shuffle 5 is 193 bytes
16/07/08 12:19:10 INFO MapOutputTrackerMaster: Size of output statuses for shuffle 4 is 153 bytes
16/07/08 12:19:10 INFO MapOutputTrackerMaster: Size of output statuses for shuffle 3 is 226 bytes
16/07/08 12:19:10 INFO MapOutputTrackerMaster: Size of output statuses for shuffle 1 is 153 bytes
16/07/08 12:19:10 INFO DAGScheduler: Got job 1 (count at FonlDegGCC.java:90) with 20 output partitions
16/07/08 12:19:10 INFO DAGScheduler: Final stage: ResultStage 11 (count at FonlDegGCC.java:90)
16/07/08 12:19:10 INFO DAGScheduler: Parents of final stage: List(ShuffleMapStage 10)
16/07/08 12:19:10 INFO DAGScheduler: Missing parents: List()
16/07/08 12:19:10 INFO DAGScheduler: Submitting ResultStage 11 (MapPartitionsRDD[13] at repartition at FonlUtils.java:70), which has no missing parents
16/07/08 12:19:10 INFO MemoryStore: Block broadcast_8 stored as values in memory (estimated size 3.0 KB, free 250.1 KB)
16/07/08 12:19:10 INFO MemoryStore: Block broadcast_8_piece0 stored as bytes in memory (estimated size 1835.0 B, free 251.9 KB)
16/07/08 12:19:10 INFO BlockManagerInfo: Added broadcast_8_piece0 in memory on 192.168.43.98:60245 (size: 1835.0 B, free: 511.1 MB)
16/07/08 12:19:10 INFO SparkContext: Created broadcast 8 from broadcast at DAGScheduler.scala:1006
16/07/08 12:19:10 INFO DAGScheduler: Submitting 20 missing tasks from ResultStage 11 (MapPartitionsRDD[13] at repartition at FonlUtils.java:70)
16/07/08 12:19:10 INFO TaskSchedulerImpl: Adding task set 11.0 with 20 tasks
16/07/08 12:19:10 INFO TaskSetManager: Starting task 7.0 in stage 11.0 (TID 140, mehdi-pc, partition 7,PROCESS_LOCAL, 2225 bytes)
16/07/08 12:19:10 INFO TaskSetManager: Starting task 8.0 in stage 11.0 (TID 141, mehdi-pc, partition 8,PROCESS_LOCAL, 2225 bytes)
16/07/08 12:19:10 INFO TaskSetManager: Starting task 9.0 in stage 11.0 (TID 142, mehdi-pc, partition 9,PROCESS_LOCAL, 2225 bytes)
16/07/08 12:19:10 INFO TaskSetManager: Starting task 10.0 in stage 11.0 (TID 143, mehdi-pc, partition 10,PROCESS_LOCAL, 2225 bytes)
16/07/08 12:19:10 INFO BlockManagerInfo: Added broadcast_8_piece0 in memory on mehdi-pc:33517 (size: 1835.0 B, free: 269.3 MB)
16/07/08 12:19:10 INFO TaskSetManager: Starting task 11.0 in stage 11.0 (TID 144, mehdi-pc, partition 11,PROCESS_LOCAL, 2225 bytes)
16/07/08 12:19:10 INFO TaskSetManager: Finished task 9.0 in stage 11.0 (TID 142) in 92 ms on mehdi-pc (1/20)
16/07/08 12:19:10 INFO TaskSetManager: Starting task 12.0 in stage 11.0 (TID 145, mehdi-pc, partition 12,PROCESS_LOCAL, 2225 bytes)
16/07/08 12:19:10 INFO TaskSetManager: Finished task 8.0 in stage 11.0 (TID 141) in 104 ms on mehdi-pc (2/20)
16/07/08 12:19:10 INFO TaskSetManager: Starting task 13.0 in stage 11.0 (TID 146, mehdi-pc, partition 13,PROCESS_LOCAL, 2225 bytes)
16/07/08 12:19:10 INFO TaskSetManager: Finished task 10.0 in stage 11.0 (TID 143) in 108 ms on mehdi-pc (3/20)
16/07/08 12:19:11 INFO TaskSetManager: Starting task 14.0 in stage 11.0 (TID 147, mehdi-pc, partition 14,PROCESS_LOCAL, 2225 bytes)
16/07/08 12:19:11 INFO TaskSetManager: Finished task 12.0 in stage 11.0 (TID 145) in 50 ms on mehdi-pc (4/20)
16/07/08 12:19:11 INFO TaskSetManager: Starting task 15.0 in stage 11.0 (TID 148, mehdi-pc, partition 15,PROCESS_LOCAL, 2225 bytes)
16/07/08 12:19:11 INFO TaskSetManager: Finished task 7.0 in stage 11.0 (TID 140) in 155 ms on mehdi-pc (5/20)
16/07/08 12:19:11 INFO TaskSetManager: Starting task 16.0 in stage 11.0 (TID 149, mehdi-pc, partition 16,PROCESS_LOCAL, 2225 bytes)
16/07/08 12:19:11 INFO TaskSetManager: Finished task 13.0 in stage 11.0 (TID 146) in 53 ms on mehdi-pc (6/20)
16/07/08 12:19:11 INFO TaskSetManager: Starting task 17.0 in stage 11.0 (TID 150, mehdi-pc, partition 17,PROCESS_LOCAL, 2225 bytes)
16/07/08 12:19:11 INFO TaskSetManager: Finished task 11.0 in stage 11.0 (TID 144) in 76 ms on mehdi-pc (7/20)
16/07/08 12:19:11 INFO TaskSetManager: Starting task 18.0 in stage 11.0 (TID 151, mehdi-pc, partition 18,PROCESS_LOCAL, 2225 bytes)
16/07/08 12:19:11 INFO TaskSetManager: Starting task 19.0 in stage 11.0 (TID 152, mehdi-pc, partition 19,PROCESS_LOCAL, 2225 bytes)
16/07/08 12:19:11 INFO TaskSetManager: Finished task 14.0 in stage 11.0 (TID 147) in 451 ms on mehdi-pc (8/20)
16/07/08 12:19:11 INFO TaskSetManager: Starting task 0.0 in stage 11.0 (TID 153, mehdi-pc, partition 0,NODE_LOCAL, 2225 bytes)
16/07/08 12:19:11 INFO TaskSetManager: Finished task 16.0 in stage 11.0 (TID 149) in 450 ms on mehdi-pc (9/20)
16/07/08 12:19:11 INFO TaskSetManager: Finished task 15.0 in stage 11.0 (TID 148) in 453 ms on mehdi-pc (10/20)
16/07/08 12:19:11 INFO TaskSetManager: Starting task 1.0 in stage 11.0 (TID 154, mehdi-pc, partition 1,NODE_LOCAL, 2225 bytes)
16/07/08 12:19:11 INFO TaskSetManager: Finished task 17.0 in stage 11.0 (TID 150) in 459 ms on mehdi-pc (11/20)
16/07/08 12:19:11 INFO TaskSetManager: Starting task 2.0 in stage 11.0 (TID 155, mehdi-pc, partition 2,NODE_LOCAL, 2225 bytes)
16/07/08 12:19:11 INFO TaskSetManager: Finished task 19.0 in stage 11.0 (TID 152) in 47 ms on mehdi-pc (12/20)
16/07/08 12:19:11 INFO TaskSetManager: Starting task 3.0 in stage 11.0 (TID 156, mehdi-pc, partition 3,NODE_LOCAL, 2225 bytes)
16/07/08 12:19:11 INFO MapOutputTrackerMasterEndpoint: Asked to send map output locations for shuffle 1 to mehdi-pc:54518
16/07/08 12:19:11 INFO TaskSetManager: Finished task 18.0 in stage 11.0 (TID 151) in 54 ms on mehdi-pc (13/20)
16/07/08 12:19:11 INFO BlockManagerInfo: Added rdd_13_1 in memory on mehdi-pc:33517 (size: 19.8 MB, free: 249.5 MB)
16/07/08 12:19:11 INFO BlockManagerInfo: Added rdd_13_0 in memory on mehdi-pc:33517 (size: 19.7 MB, free: 229.8 MB)
16/07/08 12:19:11 INFO BlockManagerInfo: Added rdd_13_2 in memory on mehdi-pc:33517 (size: 19.8 MB, free: 209.9 MB)
16/07/08 12:19:11 INFO TaskSetManager: Starting task 4.0 in stage 11.0 (TID 157, mehdi-pc, partition 4,NODE_LOCAL, 2225 bytes)
16/07/08 12:19:11 INFO TaskSetManager: Finished task 1.0 in stage 11.0 (TID 154) in 437 ms on mehdi-pc (14/20)
16/07/08 12:19:12 INFO TaskSetManager: Starting task 5.0 in stage 11.0 (TID 158, mehdi-pc, partition 5,NODE_LOCAL, 2225 bytes)
16/07/08 12:19:12 INFO TaskSetManager: Finished task 0.0 in stage 11.0 (TID 153) in 1054 ms on mehdi-pc (15/20)
16/07/08 12:19:12 INFO TaskSetManager: Starting task 6.0 in stage 11.0 (TID 159, mehdi-pc, partition 6,NODE_LOCAL, 2225 bytes)
16/07/08 12:19:12 INFO TaskSetManager: Finished task 2.0 in stage 11.0 (TID 155) in 1026 ms on mehdi-pc (16/20)
16/07/08 12:19:12 INFO BlockManagerInfo: Added rdd_13_3 in memory on mehdi-pc:33517 (size: 19.6 MB, free: 190.4 MB)
16/07/08 12:19:12 INFO TaskSetManager: Finished task 3.0 in stage 11.0 (TID 156) in 1138 ms on mehdi-pc (17/20)
16/07/08 12:19:12 INFO BlockManagerInfo: Added rdd_13_4 in memory on mehdi-pc:33517 (size: 19.5 MB, free: 170.9 MB)
16/07/08 12:19:12 INFO TaskSetManager: Finished task 4.0 in stage 11.0 (TID 157) in 945 ms on mehdi-pc (18/20)
16/07/08 12:19:12 INFO BlockManagerInfo: Added rdd_13_6 in memory on mehdi-pc:33517 (size: 19.7 MB, free: 151.2 MB)
16/07/08 12:19:12 INFO BlockManagerInfo: Added rdd_13_5 in memory on mehdi-pc:33517 (size: 19.6 MB, free: 131.6 MB)
16/07/08 12:19:12 INFO TaskSetManager: Finished task 6.0 in stage 11.0 (TID 159) in 441 ms on mehdi-pc (19/20)
16/07/08 12:19:12 INFO TaskSetManager: Finished task 5.0 in stage 11.0 (TID 158) in 467 ms on mehdi-pc (20/20)
16/07/08 12:19:12 INFO DAGScheduler: ResultStage 11 (count at FonlDegGCC.java:90) finished in 2.118 s
16/07/08 12:19:12 INFO TaskSchedulerImpl: Removed TaskSet 11.0, whose tasks have all completed, from pool 
16/07/08 12:19:12 INFO DAGScheduler: Job 1 finished: count at FonlDegGCC.java:90, took 2.143076 s
Nodes = 3774768, Triangles = 7515023, GCC = 5.274119E-7
16/07/08 12:19:13 INFO SparkUI: Stopped Spark web UI at http://192.168.43.98:4040
16/07/08 12:19:13 INFO SparkDeploySchedulerBackend: Shutting down all executors
16/07/08 12:19:13 INFO SparkDeploySchedulerBackend: Asking each executor to shut down
16/07/08 12:19:13 INFO MapOutputTrackerMasterEndpoint: MapOutputTrackerMasterEndpoint stopped!
16/07/08 12:19:13 INFO MemoryStore: MemoryStore cleared
16/07/08 12:19:13 INFO BlockManager: BlockManager stopped
16/07/08 12:19:13 INFO BlockManagerMaster: BlockManagerMaster stopped
16/07/08 12:19:13 INFO OutputCommitCoordinator$OutputCommitCoordinatorEndpoint: OutputCommitCoordinator stopped!
16/07/08 12:19:13 INFO RemoteActorRefProvider$RemotingTerminator: Shutting down remote daemon.
16/07/08 12:19:13 INFO RemoteActorRefProvider$RemotingTerminator: Remote daemon shut down; proceeding with flushing remote transports.
16/07/08 12:19:13 INFO SparkContext: Successfully stopped SparkContext
16/07/08 12:19:13 INFO ShutdownHookManager: Shutdown hook called
16/07/08 12:19:13 INFO ShutdownHookManager: Deleting directory /tmp/spark-2cbe8354-5fa7-45d1-83a4-2a05c853c061/httpd-fb9ec53c-b164-4fa1-931d-f7dab7cd9bc6
16/07/08 12:19:13 INFO ShutdownHookManager: Deleting directory /tmp/spark-2cbe8354-5fa7-45d1-83a4-2a05c853c061
