nohup: ignoring input
Running graph.clusteringco.NodeIteratorPlusGCC_Spark on localhost with partitions 20
Using Spark's default log4j profile: org/apache/spark/log4j-defaults.properties
16/07/08 12:24:30 INFO SparkContext: Running Spark version 1.6.1
16/07/08 12:24:39 WARN NativeCodeLoader: Unable to load native-hadoop library for your platform... using builtin-java classes where applicable
16/07/08 12:24:39 WARN SparkConf: In Spark 1.0 and later spark.local.dir will be overridden by the value set by the cluster manager (via SPARK_LOCAL_DIRS in mesos/standalone and LOCAL_DIRS in YARN).
16/07/08 12:24:49 INFO SecurityManager: Changing view acls to: mehdi
16/07/08 12:24:49 INFO SecurityManager: Changing modify acls to: mehdi
16/07/08 12:24:49 INFO SecurityManager: SecurityManager: authentication disabled; ui acls disabled; users with view permissions: Set(mehdi); users with modify permissions: Set(mehdi)
16/07/08 12:24:50 INFO Utils: Successfully started service 'sparkDriver' on port 33879.
16/07/08 12:24:50 INFO Slf4jLogger: Slf4jLogger started
16/07/08 12:24:50 INFO Remoting: Starting remoting
16/07/08 12:24:51 INFO Remoting: Remoting started; listening on addresses :[akka.tcp://sparkDriverActorSystem@192.168.43.98:56212]
16/07/08 12:24:51 INFO Utils: Successfully started service 'sparkDriverActorSystem' on port 56212.
16/07/08 12:24:51 INFO SparkEnv: Registering MapOutputTracker
16/07/08 12:24:51 INFO SparkEnv: Registering BlockManagerMaster
16/07/08 12:24:51 INFO DiskBlockManager: Created local directory at /tmp/blockmgr-3e43437a-6e34-4f24-aaeb-4af396903974
16/07/08 12:24:51 INFO MemoryStore: MemoryStore started with capacity 511.1 MB
16/07/08 12:24:51 INFO SparkEnv: Registering OutputCommitCoordinator
16/07/08 12:24:51 INFO Utils: Successfully started service 'SparkUI' on port 4040.
16/07/08 12:24:51 INFO SparkUI: Started SparkUI at http://192.168.43.98:4040
16/07/08 12:24:51 INFO HttpFileServer: HTTP File server directory is /tmp/spark-b033a4d0-0c91-4cbe-85fb-491f904c959a/httpd-016578e9-48f3-4d15-aeb6-16fa54695fd6
16/07/08 12:24:51 INFO HttpServer: Starting HTTP Server
16/07/08 12:24:51 INFO Utils: Successfully started service 'HTTP file server' on port 38192.
16/07/08 12:24:51 INFO SparkContext: Added JAR file:/home/mehdi/IdeaProjects/graph-processing/bin/graph-processing.jar at http://192.168.43.98:38192/jars/graph-processing.jar with timestamp 1467964491702
16/07/08 12:24:51 INFO AppClient$ClientEndpoint: Connecting to master spark://localhost:7077...
16/07/08 12:24:52 INFO SparkDeploySchedulerBackend: Connected to Spark cluster with app ID app-20160708122452-0003
16/07/08 12:24:52 INFO Utils: Successfully started service 'org.apache.spark.network.netty.NettyBlockTransferService' on port 57756.
16/07/08 12:24:52 INFO NettyBlockTransferService: Server created on 57756
16/07/08 12:24:52 INFO BlockManagerMaster: Trying to register BlockManager
16/07/08 12:24:52 INFO AppClient$ClientEndpoint: Executor added: app-20160708122452-0003/0 on worker-20160708121717-192.168.43.98-59636 (192.168.43.98:59636) with 4 cores
16/07/08 12:24:52 INFO BlockManagerMasterEndpoint: Registering block manager 192.168.43.98:57756 with 511.1 MB RAM, BlockManagerId(driver, 192.168.43.98, 57756)
16/07/08 12:24:52 INFO SparkDeploySchedulerBackend: Granted executor ID app-20160708122452-0003/0 on hostPort 192.168.43.98:59636 with 4 cores, 1024.0 MB RAM
16/07/08 12:24:52 INFO BlockManagerMaster: Registered BlockManager
16/07/08 12:24:52 INFO AppClient$ClientEndpoint: Executor updated: app-20160708122452-0003/0 is now RUNNING
16/07/08 12:24:57 INFO EventLoggingListener: Logging events to file:/home/mehdi/spark-event-log/app-20160708122452-0003
16/07/08 12:24:58 INFO SparkDeploySchedulerBackend: SchedulerBackend is ready for scheduling beginning after reached minRegisteredResourcesRatio: 0.0
16/07/08 12:24:58 INFO MemoryStore: Block broadcast_0 stored as values in memory (estimated size 208.5 KB, free 208.5 KB)
16/07/08 12:24:59 INFO MemoryStore: Block broadcast_0_piece0 stored as bytes in memory (estimated size 20.0 KB, free 228.4 KB)
16/07/08 12:24:59 INFO BlockManagerInfo: Added broadcast_0_piece0 in memory on 192.168.43.98:57756 (size: 20.0 KB, free: 511.1 MB)
16/07/08 12:24:59 INFO SparkContext: Created broadcast 0 from textFile at NodeIteratorPlusGCC_Spark.java:36
16/07/08 12:24:59 INFO FileInputFormat: Total input paths to process : 1
16/07/08 12:24:59 INFO SparkContext: Starting job: count at NodeIteratorPlusGCC_Spark.java:49
16/07/08 12:24:59 INFO DAGScheduler: Registering RDD 2 (flatMapToPair at GraphUtils.java:23)
16/07/08 12:24:59 INFO DAGScheduler: Got job 0 (count at NodeIteratorPlusGCC_Spark.java:49) with 20 output partitions
16/07/08 12:24:59 INFO DAGScheduler: Final stage: ResultStage 1 (count at NodeIteratorPlusGCC_Spark.java:49)
16/07/08 12:24:59 INFO DAGScheduler: Parents of final stage: List(ShuffleMapStage 0)
16/07/08 12:24:59 INFO DAGScheduler: Missing parents: List(ShuffleMapStage 0)
16/07/08 12:24:59 INFO DAGScheduler: Submitting ShuffleMapStage 0 (MapPartitionsRDD[2] at flatMapToPair at GraphUtils.java:23), which has no missing parents
16/07/08 12:24:59 INFO MemoryStore: Block broadcast_1 stored as values in memory (estimated size 5.1 KB, free 233.5 KB)
16/07/08 12:24:59 INFO MemoryStore: Block broadcast_1_piece0 stored as bytes in memory (estimated size 2.8 KB, free 236.4 KB)
16/07/08 12:24:59 INFO BlockManagerInfo: Added broadcast_1_piece0 in memory on 192.168.43.98:57756 (size: 2.8 KB, free: 511.1 MB)
16/07/08 12:24:59 INFO SparkContext: Created broadcast 1 from broadcast at DAGScheduler.scala:1006
16/07/08 12:24:59 INFO DAGScheduler: Submitting 20 missing tasks from ShuffleMapStage 0 (MapPartitionsRDD[2] at flatMapToPair at GraphUtils.java:23)
16/07/08 12:24:59 INFO TaskSchedulerImpl: Adding task set 0.0 with 20 tasks
16/07/08 12:25:03 INFO SparkDeploySchedulerBackend: Registered executor NettyRpcEndpointRef(null) (mehdi-pc:39037) with ID 0
16/07/08 12:25:03 INFO TaskSetManager: Starting task 0.0 in stage 0.0 (TID 0, mehdi-pc, partition 0,PROCESS_LOCAL, 2196 bytes)
16/07/08 12:25:03 INFO TaskSetManager: Starting task 1.0 in stage 0.0 (TID 1, mehdi-pc, partition 1,PROCESS_LOCAL, 2196 bytes)
16/07/08 12:25:03 INFO TaskSetManager: Starting task 2.0 in stage 0.0 (TID 2, mehdi-pc, partition 2,PROCESS_LOCAL, 2196 bytes)
16/07/08 12:25:03 INFO TaskSetManager: Starting task 3.0 in stage 0.0 (TID 3, mehdi-pc, partition 3,PROCESS_LOCAL, 2196 bytes)
16/07/08 12:25:03 INFO BlockManagerMasterEndpoint: Registering block manager mehdi-pc:38651 with 524.3 MB RAM, BlockManagerId(0, mehdi-pc, 38651)
16/07/08 12:25:04 INFO BlockManagerInfo: Added broadcast_1_piece0 in memory on mehdi-pc:38651 (size: 2.8 KB, free: 524.2 MB)
16/07/08 12:25:05 INFO BlockManagerInfo: Added broadcast_0_piece0 in memory on mehdi-pc:38651 (size: 20.0 KB, free: 524.2 MB)
16/07/08 12:25:23 INFO TaskSetManager: Starting task 4.0 in stage 0.0 (TID 4, mehdi-pc, partition 4,PROCESS_LOCAL, 2196 bytes)
16/07/08 12:25:24 INFO TaskSetManager: Finished task 3.0 in stage 0.0 (TID 3) in 20109 ms on mehdi-pc (1/20)
16/07/08 12:25:24 INFO TaskSetManager: Starting task 5.0 in stage 0.0 (TID 5, mehdi-pc, partition 5,PROCESS_LOCAL, 2196 bytes)
16/07/08 12:25:24 INFO TaskSetManager: Finished task 2.0 in stage 0.0 (TID 2) in 20196 ms on mehdi-pc (2/20)
16/07/08 12:25:24 INFO TaskSetManager: Starting task 6.0 in stage 0.0 (TID 6, mehdi-pc, partition 6,PROCESS_LOCAL, 2196 bytes)
16/07/08 12:25:24 INFO TaskSetManager: Finished task 0.0 in stage 0.0 (TID 0) in 20298 ms on mehdi-pc (3/20)
16/07/08 12:25:24 INFO TaskSetManager: Starting task 7.0 in stage 0.0 (TID 7, mehdi-pc, partition 7,PROCESS_LOCAL, 2196 bytes)
16/07/08 12:25:24 INFO TaskSetManager: Finished task 1.0 in stage 0.0 (TID 1) in 20302 ms on mehdi-pc (4/20)
16/07/08 12:25:26 INFO TaskSetManager: Starting task 8.0 in stage 0.0 (TID 8, mehdi-pc, partition 8,PROCESS_LOCAL, 2196 bytes)
16/07/08 12:25:26 INFO TaskSetManager: Finished task 6.0 in stage 0.0 (TID 6) in 2313 ms on mehdi-pc (5/20)
16/07/08 12:25:26 INFO TaskSetManager: Starting task 9.0 in stage 0.0 (TID 9, mehdi-pc, partition 9,PROCESS_LOCAL, 2196 bytes)
16/07/08 12:25:26 INFO TaskSetManager: Finished task 4.0 in stage 0.0 (TID 4) in 2492 ms on mehdi-pc (6/20)
16/07/08 12:25:26 INFO TaskSetManager: Starting task 10.0 in stage 0.0 (TID 10, mehdi-pc, partition 10,PROCESS_LOCAL, 2196 bytes)
16/07/08 12:25:26 INFO TaskSetManager: Finished task 5.0 in stage 0.0 (TID 5) in 2433 ms on mehdi-pc (7/20)
16/07/08 12:25:26 INFO TaskSetManager: Starting task 11.0 in stage 0.0 (TID 11, mehdi-pc, partition 11,PROCESS_LOCAL, 2196 bytes)
16/07/08 12:25:26 INFO TaskSetManager: Finished task 7.0 in stage 0.0 (TID 7) in 2388 ms on mehdi-pc (8/20)
16/07/08 12:25:27 ERROR TaskSchedulerImpl: Lost executor 0 on mehdi-pc: Remote RPC client disassociated. Likely due to containers exceeding thresholds, or network issues. Check driver logs for WARN messages.
16/07/08 12:25:27 INFO DAGScheduler: Resubmitted ShuffleMapTask(0, 2), so marking it as still running
16/07/08 12:25:27 INFO DAGScheduler: Resubmitted ShuffleMapTask(0, 5), so marking it as still running
16/07/08 12:25:27 INFO DAGScheduler: Resubmitted ShuffleMapTask(0, 4), so marking it as still running
16/07/08 12:25:27 INFO DAGScheduler: Resubmitted ShuffleMapTask(0, 7), so marking it as still running
16/07/08 12:25:27 WARN TaskSetManager: Lost task 8.0 in stage 0.0 (TID 8, mehdi-pc): ExecutorLostFailure (executor 0 exited caused by one of the running tasks) Reason: Remote RPC client disassociated. Likely due to containers exceeding thresholds, or network issues. Check driver logs for WARN messages.
16/07/08 12:25:27 INFO DAGScheduler: Resubmitted ShuffleMapTask(0, 1), so marking it as still running
16/07/08 12:25:27 INFO DAGScheduler: Resubmitted ShuffleMapTask(0, 3), so marking it as still running
16/07/08 12:25:27 WARN TaskSetManager: Lost task 11.0 in stage 0.0 (TID 11, mehdi-pc): ExecutorLostFailure (executor 0 exited caused by one of the running tasks) Reason: Remote RPC client disassociated. Likely due to containers exceeding thresholds, or network issues. Check driver logs for WARN messages.
16/07/08 12:25:27 WARN TaskSetManager: Lost task 10.0 in stage 0.0 (TID 10, mehdi-pc): ExecutorLostFailure (executor 0 exited caused by one of the running tasks) Reason: Remote RPC client disassociated. Likely due to containers exceeding thresholds, or network issues. Check driver logs for WARN messages.
16/07/08 12:25:27 INFO DAGScheduler: Resubmitted ShuffleMapTask(0, 6), so marking it as still running
16/07/08 12:25:27 INFO DAGScheduler: Resubmitted ShuffleMapTask(0, 0), so marking it as still running
16/07/08 12:25:27 WARN TaskSetManager: Lost task 9.0 in stage 0.0 (TID 9, mehdi-pc): ExecutorLostFailure (executor 0 exited caused by one of the running tasks) Reason: Remote RPC client disassociated. Likely due to containers exceeding thresholds, or network issues. Check driver logs for WARN messages.
16/07/08 12:25:27 INFO DAGScheduler: Executor lost: 0 (epoch 0)
16/07/08 12:25:27 INFO BlockManagerMasterEndpoint: Trying to remove executor 0 from BlockManagerMaster.
16/07/08 12:25:27 INFO BlockManagerMasterEndpoint: Removing block manager BlockManagerId(0, mehdi-pc, 38651)
16/07/08 12:25:27 INFO BlockManagerMaster: Removed 0 successfully in removeExecutor
16/07/08 12:25:27 INFO ShuffleMapStage: ShuffleMapStage 0 is now unavailable on executor 0 (0/20, false)
16/07/08 12:25:28 WARN AppClient$ClientEndpoint: Connection to localhost:7077 failed; waiting for master to reconnect...
16/07/08 12:25:28 WARN SparkDeploySchedulerBackend: Disconnected from Spark cluster! Waiting for reconnection...
16/07/08 12:25:28 WARN AppClient$ClientEndpoint: Connection to localhost:7077 failed; waiting for master to reconnect...
