GC = -XX:+UseParallelGC  -Xmx100g -Xms100g -XX:NewRatio=2 -XX:MaxGCPauseMillis=400 -XX:+PrintGC -XX:+PrintGCDetails -XX:+PrintGCTimeStamps -Xloggc:bin/ktruss/gc.log
JAR = /home/i/subgraph-mining/target/subgraph-mining-1.0-jar-with-dependencies.jar
Loading /home/i/graph-data/cit-Patents.txt
Graph loaded, edges: 16518948, load time: 10902 ms
start ktruss with k = 3, threads = 12, method = 6 input: /home/i/graph-data/cit-Patents.txt
create fonl in 996 ms
tc duration: 1917 ms
iteration 1, invalid size: 0 time: 29 ms
Complete in 2158 ms
Total: 5071 ms, iteration count: 0
duration: 7388 ms
**********************************


GC = -XX:+UseParallelGC  -Xmx100g -Xms100g -XX:NewRatio=2 -XX:MaxGCPauseMillis=400 -XX:+PrintGC -XX:+PrintGCDetails -XX:+PrintGCTimeStamps -Xloggc:bin/ktruss/gc.log
JAR = /home/i/subgraph-mining/target/subgraph-mining-1.0-jar-with-dependencies.jar
Loading /home/i/graph-data/cit-Patents.txt
Graph loaded, edges: 16518948, load time: 11399 ms
start ktruss with k = 4, threads = 12, method = 6 input: /home/i/graph-data/cit-Patents.txt
create fonl in 1063 ms
tc duration: 1638 ms
iteration 1, invalid size: 3416336 time: 135 ms
Update in 1828 ms
iteration 2, invalid size: 1019563 time: 5 ms
Update in 157 ms
iteration 3, invalid size: 150087 time: 0 ms
Update in 27 ms
iteration 4, invalid size: 32017 time: 0 ms
Update in 7 ms
iteration 5, invalid size: 9313 time: 0 ms
Update in 3 ms
iteration 6, invalid size: 3168 time: 1 ms
Update in 1 ms
iteration 7, invalid size: 1249 time: 0 ms
Update in 1 ms
iteration 8, invalid size: 514 time: 0 ms
Update in 0 ms
iteration 9, invalid size: 219 time: 0 ms
Update in 1 ms
iteration 10, invalid size: 112 time: 0 ms
Update in 0 ms
iteration 11, invalid size: 60 time: 1 ms
Update in 0 ms
iteration 12, invalid size: 23 time: 0 ms
Update in 0 ms
iteration 13, invalid size: 6 time: 1 ms
Update in 0 ms
iteration 14, invalid size: 2 time: 0 ms
Update in 1 ms
iteration 15, invalid size: 1 time: 0 ms
Update in 0 ms
iteration 16, invalid size: 1 time: 0 ms
Update in 0 ms
iteration 17, invalid size: 1 time: 1 ms
Update in 0 ms
iteration 18, invalid size: 0 time: 0 ms
Complete in 4133 ms
Total: 6834 ms, iteration count: 17
duration: 8915 ms
**********************************


GC = -XX:+UseParallelGC  -Xmx100g -Xms100g -XX:NewRatio=2 -XX:MaxGCPauseMillis=400 -XX:+PrintGC -XX:+PrintGCDetails -XX:+PrintGCTimeStamps -Xloggc:bin/ktruss/gc.log
JAR = /home/i/subgraph-mining/target/subgraph-mining-1.0-jar-with-dependencies.jar
Loading /home/i/graph-data/cit-Patents.txt
Graph loaded, edges: 16518948, load time: 11265 ms
start ktruss with k = 5, threads = 12, method = 6 input: /home/i/graph-data/cit-Patents.txt
create fonl in 1051 ms
tc duration: 1394 ms
iteration 1, invalid size: 5102318 time: 116 ms
Update in 1673 ms
iteration 2, invalid size: 1112175 time: 6 ms
Update in 471 ms
iteration 3, invalid size: 217514 time: 1 ms
Update in 60 ms
iteration 4, invalid size: 64720 time: 1 ms
Update in 28 ms
iteration 5, invalid size: 23740 time: 0 ms
Update in 12 ms
iteration 6, invalid size: 9980 time: 0 ms
Update in 5 ms
iteration 7, invalid size: 4789 time: 1 ms
Update in 2 ms
iteration 8, invalid size: 2352 time: 1 ms
Update in 1 ms
iteration 9, invalid size: 1232 time: 0 ms
Update in 1 ms
iteration 10, invalid size: 649 time: 0 ms
Update in 1 ms
iteration 11, invalid size: 318 time: 1 ms
Update in 1 ms
iteration 12, invalid size: 159 time: 0 ms
Update in 0 ms
iteration 13, invalid size: 90 time: 1 ms
Update in 0 ms
iteration 14, invalid size: 55 time: 0 ms
Update in 0 ms
iteration 15, invalid size: 32 time: 1 ms
Update in 0 ms
iteration 16, invalid size: 15 time: 0 ms
Update in 1 ms
iteration 17, invalid size: 5 time: 0 ms
Update in 0 ms
iteration 18, invalid size: 0 time: 1 ms
Complete in 4286 ms
Total: 6731 ms, iteration count: 17
duration: 8979 ms
**********************************


GC = -XX:+UseParallelGC  -Xmx100g -Xms100g -XX:NewRatio=2 -XX:MaxGCPauseMillis=400 -XX:+PrintGC -XX:+PrintGCDetails -XX:+PrintGCTimeStamps -Xloggc:bin/ktruss/gc.log
JAR = /home/i/subgraph-mining/target/subgraph-mining-1.0-jar-with-dependencies.jar
Loading /home/i/graph-data/cit-Patents.txt
Graph loaded, edges: 16518948, load time: 11232 ms
start ktruss with k = 6, threads = 12, method = 6 input: /home/i/graph-data/cit-Patents.txt
create fonl in 1082 ms
tc duration: 1662 ms
iteration 1, invalid size: 6032783 time: 162 ms
Update in 1878 ms
iteration 2, invalid size: 938504 time: 5 ms
Update in 402 ms
iteration 3, invalid size: 176147 time: 1 ms
Update in 43 ms
iteration 4, invalid size: 59149 time: 0 ms
Update in 19 ms
iteration 5, invalid size: 24196 time: 1 ms
Update in 7 ms
iteration 6, invalid size: 11303 time: 1 ms
Update in 3 ms
iteration 7, invalid size: 5730 time: 1 ms
Update in 2 ms
iteration 8, invalid size: 2873 time: 0 ms
Update in 1 ms
iteration 9, invalid size: 1609 time: 0 ms
Update in 1 ms
iteration 10, invalid size: 939 time: 0 ms
Update in 1 ms
iteration 11, invalid size: 514 time: 0 ms
Update in 1 ms
iteration 12, invalid size: 335 time: 0 ms
Update in 1 ms
iteration 13, invalid size: 201 time: 0 ms
Update in 0 ms
iteration 14, invalid size: 130 time: 1 ms
Update in 0 ms
iteration 15, invalid size: 65 time: 1 ms
Update in 0 ms
iteration 16, invalid size: 39 time: 0 ms
Update in 0 ms
iteration 17, invalid size: 41 time: 1 ms
Update in 0 ms
iteration 18, invalid size: 17 time: 1 ms
Update in 0 ms
iteration 19, invalid size: 11 time: 0 ms
Update in 1 ms
iteration 20, invalid size: 10 time: 1 ms
Update in 0 ms
iteration 21, invalid size: 8 time: 0 ms
Update in 0 ms
iteration 22, invalid size: 14 time: 1 ms
Update in 0 ms
iteration 23, invalid size: 5 time: 0 ms
Update in 0 ms
iteration 24, invalid size: 0 time: 1 ms
Complete in 4859 ms
Total: 7603 ms, iteration count: 23
duration: 9759 ms
**********************************


GC = -XX:+UseParallelGC  -Xmx100g -Xms100g -XX:NewRatio=2 -XX:MaxGCPauseMillis=400 -XX:+PrintGC -XX:+PrintGCDetails -XX:+PrintGCTimeStamps -Xloggc:bin/ktruss/gc.log
JAR = /home/i/subgraph-mining/target/subgraph-mining-1.0-jar-with-dependencies.jar
Loading /home/i/graph-data/cit-Patents.txt
Graph loaded, edges: 16518948, load time: 11180 ms
start ktruss with k = 7, threads = 12, method = 6 input: /home/i/graph-data/cit-Patents.txt
create fonl in 991 ms
tc duration: 1863 ms
iteration 1, invalid size: 6585182 time: 298 ms
Update in 2107 ms
iteration 2, invalid size: 746092 time: 9 ms
Update in 418 ms
iteration 3, invalid size: 125235 time: 1 ms
Update in 55 ms
iteration 4, invalid size: 43722 time: 1 ms
Update in 30 ms
iteration 5, invalid size: 19806 time: 0 ms
Update in 19 ms
iteration 6, invalid size: 9908 time: 0 ms
Update in 5 ms
iteration 7, invalid size: 5033 time: 0 ms
Update in 3 ms
iteration 8, invalid size: 2973 time: 0 ms
Update in 1 ms
iteration 9, invalid size: 1552 time: 1 ms
Update in 1 ms
iteration 10, invalid size: 869 time: 1 ms
Update in 1 ms
iteration 11, invalid size: 595 time: 0 ms
Update in 1 ms
iteration 12, invalid size: 374 time: 0 ms
Update in 1 ms
iteration 13, invalid size: 204 time: 0 ms
Update in 1 ms
iteration 14, invalid size: 130 time: 0 ms
Update in 0 ms
iteration 15, invalid size: 84 time: 1 ms
Update in 0 ms
iteration 16, invalid size: 33 time: 0 ms
Update in 0 ms
iteration 17, invalid size: 19 time: 1 ms
Update in 0 ms
iteration 18, invalid size: 7 time: 0 ms
Update in 0 ms
iteration 19, invalid size: 6 time: 1 ms
Update in 0 ms
iteration 20, invalid size: 0 time: 1 ms
Complete in 5072 ms
Total: 7926 ms, iteration count: 19
duration: 10361 ms
**********************************


GC = -XX:+UseParallelGC  -Xmx100g -Xms100g -XX:NewRatio=2 -XX:MaxGCPauseMillis=400 -XX:+PrintGC -XX:+PrintGCDetails -XX:+PrintGCTimeStamps -Xloggc:bin/ktruss/gc.log
JAR = /home/i/subgraph-mining/target/subgraph-mining-1.0-jar-with-dependencies.jar
Loading /home/i/graph-data/cit-Patents.txt
Graph loaded, edges: 16518948, load time: 11040 ms
start ktruss with k = 8, threads = 12, method = 6 input: /home/i/graph-data/cit-Patents.txt
create fonl in 1041 ms
tc duration: 1556 ms
iteration 1, invalid size: 6930673 time: 203 ms
Update in 2098 ms
iteration 2, invalid size: 589254 time: 8 ms
Update in 301 ms
iteration 3, invalid size: 87529 time: 1 ms
Update in 28 ms
iteration 4, invalid size: 29522 time: 1 ms
Update in 11 ms
iteration 5, invalid size: 13172 time: 1 ms
Update in 5 ms
iteration 6, invalid size: 6708 time: 0 ms
Update in 3 ms
iteration 7, invalid size: 3535 time: 0 ms
Update in 2 ms
iteration 8, invalid size: 2016 time: 0 ms
Update in 1 ms
iteration 9, invalid size: 1273 time: 1 ms
Update in 0 ms
iteration 10, invalid size: 771 time: 1 ms
Update in 0 ms
iteration 11, invalid size: 433 time: 0 ms
Update in 1 ms
iteration 12, invalid size: 291 time: 0 ms
Update in 0 ms
iteration 13, invalid size: 185 time: 1 ms
Update in 0 ms
iteration 14, invalid size: 129 time: 1 ms
Update in 0 ms
iteration 15, invalid size: 117 time: 0 ms
Update in 0 ms
iteration 16, invalid size: 84 time: 1 ms
Update in 0 ms
iteration 17, invalid size: 48 time: 1 ms
Update in 0 ms
iteration 18, invalid size: 48 time: 1 ms
Update in 1 ms
iteration 19, invalid size: 38 time: 0 ms
Update in 0 ms
iteration 20, invalid size: 20 time: 1 ms
Update in 0 ms
iteration 21, invalid size: 21 time: 0 ms
Update in 1 ms
iteration 22, invalid size: 12 time: 1 ms
Update in 1 ms
iteration 23, invalid size: 8 time: 1 ms
Update in 0 ms
iteration 24, invalid size: 3 time: 1 ms
Update in 0 ms
iteration 25, invalid size: 4 time: 0 ms
Update in 0 ms
iteration 26, invalid size: 3 time: 1 ms
Update in 0 ms
iteration 27, invalid size: 0 time: 1 ms
Complete in 4667 ms
Total: 7264 ms, iteration count: 26
duration: 9452 ms
**********************************


GC = -XX:+UseParallelGC  -Xmx100g -Xms100g -XX:NewRatio=2 -XX:MaxGCPauseMillis=400 -XX:+PrintGC -XX:+PrintGCDetails -XX:+PrintGCTimeStamps -Xloggc:bin/ktruss/gc.log
JAR = /home/i/subgraph-mining/target/subgraph-mining-1.0-jar-with-dependencies.jar
Loading /home/i/graph-data/cit-Patents.txt
Graph loaded, edges: 16518948, load time: 11233 ms
start ktruss with k = 9, threads = 12, method = 6 input: /home/i/graph-data/cit-Patents.txt
create fonl in 1169 ms
tc duration: 1727 ms
iteration 1, invalid size: 7156456 time: 276 ms
Update in 2550 ms
iteration 2, invalid size: 467732 time: 14 ms
Update in 99 ms
iteration 3, invalid size: 60124 time: 1 ms
Update in 30 ms
iteration 4, invalid size: 19333 time: 1 ms
Update in 15 ms
iteration 5, invalid size: 9021 time: 0 ms
Update in 10 ms
iteration 6, invalid size: 4903 time: 1 ms
Update in 9 ms
iteration 7, invalid size: 2861 time: 1 ms
Update in 6 ms
iteration 8, invalid size: 1720 time: 1 ms
Update in 3 ms
iteration 9, invalid size: 1094 time: 1 ms
Update in 2 ms
iteration 10, invalid size: 707 time: 1 ms
Update in 2 ms
iteration 11, invalid size: 385 time: 0 ms
Update in 1 ms
iteration 12, invalid size: 188 time: 0 ms
Update in 1 ms
iteration 13, invalid size: 168 time: 1 ms
Update in 0 ms
iteration 14, invalid size: 107 time: 0 ms
Update in 1 ms
iteration 15, invalid size: 28 time: 0 ms
Update in 0 ms
iteration 16, invalid size: 5 time: 1 ms
Update in 0 ms
iteration 17, invalid size: 3 time: 1 ms
Update in 0 ms
iteration 18, invalid size: 0 time: 1 ms
Complete in 4985 ms
Total: 7881 ms, iteration count: 17
duration: 10302 ms
**********************************


GC = -XX:+UseParallelGC  -Xmx100g -Xms100g -XX:NewRatio=2 -XX:MaxGCPauseMillis=400 -XX:+PrintGC -XX:+PrintGCDetails -XX:+PrintGCTimeStamps -Xloggc:bin/ktruss/gc.log
JAR = /home/i/subgraph-mining/target/subgraph-mining-1.0-jar-with-dependencies.jar
Loading /home/i/graph-data/cit-Patents.txt
Graph loaded, edges: 16518948, load time: 10682 ms
start ktruss with k = 10, threads = 12, method = 6 input: /home/i/graph-data/cit-Patents.txt
create fonl in 1060 ms
tc duration: 1754 ms
iteration 1, invalid size: 7309734 time: 91 ms
Update in 1872 ms
iteration 2, invalid size: 374267 time: 13 ms
Update in 265 ms
iteration 3, invalid size: 41345 time: 1 ms
Update in 24 ms
iteration 4, invalid size: 13296 time: 1 ms
Update in 14 ms
iteration 5, invalid size: 6131 time: 1 ms
Update in 3 ms
iteration 6, invalid size: 2759 time: 0 ms
Update in 2 ms
iteration 7, invalid size: 1449 time: 0 ms
Update in 1 ms
iteration 8, invalid size: 849 time: 0 ms
Update in 1 ms
iteration 9, invalid size: 491 time: 0 ms
Update in 0 ms
iteration 10, invalid size: 299 time: 1 ms
Update in 0 ms
iteration 11, invalid size: 129 time: 1 ms
Update in 0 ms
iteration 12, invalid size: 50 time: 1 ms
Update in 0 ms
iteration 13, invalid size: 38 time: 0 ms
Update in 1 ms
iteration 14, invalid size: 68 time: 0 ms
Update in 1 ms
iteration 15, invalid size: 50 time: 0 ms
Update in 1 ms
iteration 16, invalid size: 25 time: 0 ms
Update in 0 ms
iteration 17, invalid size: 35 time: 0 ms
Update in 1 ms
iteration 18, invalid size: 30 time: 0 ms
Update in 0 ms
iteration 19, invalid size: 4 time: 0 ms
Update in 1 ms
iteration 20, invalid size: 0 time: 0 ms
Complete in 4201 ms
Total: 7015 ms, iteration count: 19
duration: 9352 ms
**********************************


GC = -XX:+UseParallelGC  -Xmx100g -Xms100g -XX:NewRatio=2 -XX:MaxGCPauseMillis=400 -XX:+PrintGC -XX:+PrintGCDetails -XX:+PrintGCTimeStamps -Xloggc:bin/ktruss/gc.log
JAR = /home/i/subgraph-mining/target/subgraph-mining-1.0-jar-with-dependencies.jar
Loading /home/i/graph-data/cit-Patents.txt
Graph loaded, edges: 16518948, load time: 11102 ms
start ktruss with k = 11, threads = 12, method = 6 input: /home/i/graph-data/cit-Patents.txt
create fonl in 1032 ms
tc duration: 1970 ms
iteration 1, invalid size: 7416992 time: 257 ms
Update in 2158 ms
iteration 2, invalid size: 303006 time: 16 ms
Update in 266 ms
iteration 3, invalid size: 29569 time: 1 ms
Update in 27 ms
iteration 4, invalid size: 8752 time: 0 ms
Update in 4 ms
iteration 5, invalid size: 3512 time: 1 ms
Update in 1 ms
iteration 6, invalid size: 1735 time: 0 ms
Update in 1 ms
iteration 7, invalid size: 970 time: 1 ms
Update in 0 ms
iteration 8, invalid size: 542 time: 1 ms
Update in 1 ms
iteration 9, invalid size: 329 time: 0 ms
Update in 0 ms
iteration 10, invalid size: 222 time: 1 ms
Update in 0 ms
iteration 11, invalid size: 125 time: 0 ms
Update in 1 ms
iteration 12, invalid size: 44 time: 0 ms
Update in 0 ms
iteration 13, invalid size: 25 time: 1 ms
Update in 0 ms
iteration 14, invalid size: 5 time: 0 ms
Update in 0 ms
iteration 15, invalid size: 1 time: 1 ms
Update in 0 ms
iteration 16, invalid size: 0 time: 0 ms
Complete in 4783 ms
Total: 7785 ms, iteration count: 15
duration: 10007 ms
**********************************


GC = -XX:+UseParallelGC  -Xmx100g -Xms100g -XX:NewRatio=2 -XX:MaxGCPauseMillis=400 -XX:+PrintGC -XX:+PrintGCDetails -XX:+PrintGCTimeStamps -Xloggc:bin/ktruss/gc.log
JAR = /home/i/subgraph-mining/target/subgraph-mining-1.0-jar-with-dependencies.jar
Loading /home/i/graph-data/cit-Patents.txt
Graph loaded, edges: 16518948, load time: 11197 ms
start ktruss with k = 12, threads = 12, method = 6 input: /home/i/graph-data/cit-Patents.txt
create fonl in 1066 ms
tc duration: 1762 ms
iteration 1, invalid size: 7494931 time: 130 ms
Update in 1986 ms
iteration 2, invalid size: 248586 time: 6 ms
Update in 269 ms
iteration 3, invalid size: 20420 time: 1 ms
Update in 27 ms
iteration 4, invalid size: 4939 time: 0 ms
Update in 12 ms
iteration 5, invalid size: 1908 time: 1 ms
Update in 1 ms
iteration 6, invalid size: 809 time: 0 ms
Update in 1 ms
iteration 7, invalid size: 391 time: 0 ms
Update in 1 ms
iteration 8, invalid size: 210 time: 0 ms
Update in 0 ms
iteration 9, invalid size: 106 time: 0 ms
Update in 1 ms
iteration 10, invalid size: 89 time: 0 ms
Update in 1 ms
iteration 11, invalid size: 74 time: 0 ms
Update in 0 ms
iteration 12, invalid size: 60 time: 1 ms
Update in 1 ms
iteration 13, invalid size: 48 time: 0 ms
Update in 1 ms
iteration 14, invalid size: 81 time: 0 ms
Update in 0 ms
iteration 15, invalid size: 36 time: 1 ms
Update in 0 ms
iteration 16, invalid size: 20 time: 0 ms
Update in 1 ms
iteration 17, invalid size: 6 time: 0 ms
Update in 0 ms
iteration 18, invalid size: 16 time: 0 ms
Update in 1 ms
iteration 19, invalid size: 29 time: 0 ms
Update in 1 ms
iteration 20, invalid size: 9 time: 0 ms
Update in 1 ms
iteration 21, invalid size: 1 time: 2 ms
Update in 0 ms
iteration 22, invalid size: 1 time: 1 ms
Update in 0 ms
iteration 23, invalid size: 2 time: 1 ms
Update in 1 ms
iteration 24, invalid size: 0 time: 1 ms
Complete in 4462 ms
Total: 7290 ms, iteration count: 23
duration: 9680 ms
**********************************


GC = -XX:+UseParallelGC  -Xmx100g -Xms100g -XX:NewRatio=2 -XX:MaxGCPauseMillis=400 -XX:+PrintGC -XX:+PrintGCDetails -XX:+PrintGCTimeStamps -Xloggc:bin/ktruss/gc.log
JAR = /home/i/subgraph-mining/target/subgraph-mining-1.0-jar-with-dependencies.jar
Loading /home/i/graph-data/cit-Patents.txt
Graph loaded, edges: 16518948, load time: 10693 ms
start ktruss with k = 13, threads = 12, method = 6 input: /home/i/graph-data/cit-Patents.txt
create fonl in 1038 ms
tc duration: 1529 ms
iteration 1, invalid size: 7552072 time: 129 ms
Update in 2773 ms
iteration 2, invalid size: 205896 time: 7 ms
Update in 67 ms
iteration 3, invalid size: 14346 time: 1 ms
Update in 20 ms
iteration 4, invalid size: 3636 time: 0 ms
Update in 9 ms
iteration 5, invalid size: 1608 time: 0 ms
Update in 5 ms
iteration 6, invalid size: 848 time: 0 ms
Update in 3 ms
iteration 7, invalid size: 679 time: 0 ms
Update in 2 ms
iteration 8, invalid size: 314 time: 0 ms
Update in 1 ms
iteration 9, invalid size: 197 time: 1 ms
Update in 0 ms
iteration 10, invalid size: 137 time: 1 ms
Update in 1 ms
iteration 11, invalid size: 124 time: 0 ms
Update in 0 ms
iteration 12, invalid size: 165 time: 1 ms
Update in 0 ms
iteration 13, invalid size: 58 time: 0 ms
Update in 1 ms
iteration 14, invalid size: 62 time: 0 ms
Update in 0 ms
iteration 15, invalid size: 15 time: 1 ms
Update in 0 ms
iteration 16, invalid size: 0 time: 1 ms
Complete in 4900 ms
Total: 7467 ms, iteration count: 15
duration: 9650 ms
**********************************


GC = -XX:+UseParallelGC  -Xmx100g -Xms100g -XX:NewRatio=2 -XX:MaxGCPauseMillis=400 -XX:+PrintGC -XX:+PrintGCDetails -XX:+PrintGCTimeStamps -Xloggc:bin/ktruss/gc.log
JAR = /home/i/subgraph-mining/target/subgraph-mining-1.0-jar-with-dependencies.jar
Loading /home/i/graph-data/cit-Patents.txt
Graph loaded, edges: 16518948, load time: 10704 ms
start ktruss with k = 14, threads = 12, method = 6 input: /home/i/graph-data/cit-Patents.txt
create fonl in 1055 ms
tc duration: 1415 ms
iteration 1, invalid size: 7595363 time: 234 ms
Update in 2178 ms
iteration 2, invalid size: 172386 time: 9 ms
Update in 151 ms
iteration 3, invalid size: 10433 time: 0 ms
Update in 13 ms
iteration 4, invalid size: 3043 time: 0 ms
Update in 8 ms
iteration 5, invalid size: 1565 time: 0 ms
Update in 4 ms
iteration 6, invalid size: 618 time: 0 ms
Update in 2 ms
iteration 7, invalid size: 345 time: 0 ms
Update in 1 ms
iteration 8, invalid size: 92 time: 1 ms
Update in 0 ms
iteration 9, invalid size: 26 time: 0 ms
Update in 1 ms
iteration 10, invalid size: 17 time: 0 ms
Update in 0 ms
iteration 11, invalid size: 17 time: 1 ms
Update in 0 ms
iteration 12, invalid size: 4 time: 1 ms
Update in 0 ms
iteration 13, invalid size: 0 time: 0 ms
Complete in 4739 ms
Total: 7209 ms, iteration count: 12
duration: 9842 ms
**********************************


GC = -XX:+UseParallelGC  -Xmx100g -Xms100g -XX:NewRatio=2 -XX:MaxGCPauseMillis=400 -XX:+PrintGC -XX:+PrintGCDetails -XX:+PrintGCTimeStamps -Xloggc:bin/ktruss/gc.log
JAR = /home/i/subgraph-mining/target/subgraph-mining-1.0-jar-with-dependencies.jar
Loading /home/i/graph-data/cit-Patents.txt
Graph loaded, edges: 16518948, load time: 11042 ms
start ktruss with k = 15, threads = 12, method = 6 input: /home/i/graph-data/cit-Patents.txt
create fonl in 1061 ms
tc duration: 1436 ms
iteration 1, invalid size: 7628016 time: 137 ms
Update in 2462 ms
iteration 2, invalid size: 146004 time: 8 ms
Update in 153 ms
iteration 3, invalid size: 8413 time: 1 ms
Update in 14 ms
iteration 4, invalid size: 2629 time: 0 ms
Update in 15 ms
iteration 5, invalid size: 1200 time: 1 ms
Update in 2 ms
iteration 6, invalid size: 442 time: 1 ms
Update in 1 ms
iteration 7, invalid size: 204 time: 0 ms
Update in 1 ms
iteration 8, invalid size: 182 time: 1 ms
Update in 0 ms
iteration 9, invalid size: 146 time: 1 ms
Update in 0 ms
iteration 10, invalid size: 133 time: 0 ms
Update in 1 ms
iteration 11, invalid size: 154 time: 0 ms
Update in 1 ms
iteration 12, invalid size: 40 time: 0 ms
Update in 0 ms
iteration 13, invalid size: 0 time: 1 ms
Complete in 4735 ms
Total: 7232 ms, iteration count: 12
duration: 9522 ms
**********************************


GC = -XX:+UseParallelGC  -Xmx100g -Xms100g -XX:NewRatio=2 -XX:MaxGCPauseMillis=400 -XX:+PrintGC -XX:+PrintGCDetails -XX:+PrintGCTimeStamps -Xloggc:bin/ktruss/gc.log
JAR = /home/i/subgraph-mining/target/subgraph-mining-1.0-jar-with-dependencies.jar
Loading /home/i/graph-data/cit-Patents.txt
Graph loaded, edges: 16518948, load time: 11083 ms
start ktruss with k = 16, threads = 12, method = 6 input: /home/i/graph-data/cit-Patents.txt
create fonl in 1052 ms
tc duration: 1673 ms
iteration 1, invalid size: 7653986 time: 175 ms
Update in 2342 ms
iteration 2, invalid size: 124884 time: 12 ms
Update in 170 ms
iteration 3, invalid size: 6828 time: 1 ms
Update in 14 ms
iteration 4, invalid size: 1915 time: 1 ms
Update in 3 ms
iteration 5, invalid size: 834 time: 1 ms
Update in 2 ms
iteration 6, invalid size: 510 time: 1 ms
Update in 1 ms
iteration 7, invalid size: 111 time: 0 ms
Update in 1 ms
iteration 8, invalid size: 80 time: 0 ms
Update in 1 ms
iteration 9, invalid size: 104 time: 0 ms
Update in 1 ms
iteration 10, invalid size: 13 time: 0 ms
Update in 0 ms
iteration 11, invalid size: 0 time: 0 ms
Complete in 4718 ms
Total: 7443 ms, iteration count: 10
duration: 9703 ms
**********************************


GC = -XX:+UseParallelGC  -Xmx100g -Xms100g -XX:NewRatio=2 -XX:MaxGCPauseMillis=400 -XX:+PrintGC -XX:+PrintGCDetails -XX:+PrintGCTimeStamps -Xloggc:bin/ktruss/gc.log
JAR = /home/i/subgraph-mining/target/subgraph-mining-1.0-jar-with-dependencies.jar
Loading /home/i/graph-data/cit-Patents.txt
Graph loaded, edges: 16518948, load time: 11205 ms
start ktruss with k = 17, threads = 12, method = 6 input: /home/i/graph-data/cit-Patents.txt
create fonl in 1071 ms
tc duration: 1662 ms
iteration 1, invalid size: 7674534 time: 116 ms
Update in 2346 ms
iteration 2, invalid size: 107948 time: 7 ms
Update in 222 ms
iteration 3, invalid size: 5209 time: 0 ms
Update in 11 ms
iteration 4, invalid size: 1125 time: 0 ms
Update in 3 ms
iteration 5, invalid size: 368 time: 1 ms
Update in 1 ms
iteration 6, invalid size: 90 time: 0 ms
Update in 1 ms
iteration 7, invalid size: 0 time: 0 ms
Complete in 4682 ms
Total: 7415 ms, iteration count: 6
duration: 9656 ms
**********************************


GC = -XX:+UseParallelGC  -Xmx100g -Xms100g -XX:NewRatio=2 -XX:MaxGCPauseMillis=400 -XX:+PrintGC -XX:+PrintGCDetails -XX:+PrintGCTimeStamps -Xloggc:bin/ktruss/gc.log
JAR = /home/i/subgraph-mining/target/subgraph-mining-1.0-jar-with-dependencies.jar
Loading /home/i/graph-data/cit-Patents.txt
Graph loaded, edges: 16518948, load time: 11063 ms
start ktruss with k = 18, threads = 12, method = 6 input: /home/i/graph-data/cit-Patents.txt
create fonl in 1004 ms
tc duration: 1988 ms
iteration 1, invalid size: 7690842 time: 182 ms
Update in 2175 ms
iteration 2, invalid size: 93848 time: 10 ms
Update in 223 ms
iteration 3, invalid size: 3816 time: 1 ms
Update in 10 ms
iteration 4, invalid size: 656 time: 0 ms
Update in 2 ms
iteration 5, invalid size: 113 time: 0 ms
Update in 1 ms
iteration 6, invalid size: 0 time: 0 ms
Complete in 4645 ms
Total: 7637 ms, iteration count: 5
duration: 9990 ms
**********************************


GC = -XX:+UseParallelGC  -Xmx100g -Xms100g -XX:NewRatio=2 -XX:MaxGCPauseMillis=400 -XX:+PrintGC -XX:+PrintGCDetails -XX:+PrintGCTimeStamps -Xloggc:bin/ktruss/gc.log
JAR = /home/i/subgraph-mining/target/subgraph-mining-1.0-jar-with-dependencies.jar
Loading /home/i/graph-data/cit-Patents.txt
Graph loaded, edges: 16518948, load time: 11081 ms
start ktruss with k = 19, threads = 12, method = 6 input: /home/i/graph-data/cit-Patents.txt
create fonl in 1031 ms
tc duration: 1557 ms
iteration 1, invalid size: 7704389 time: 262 ms
Update in 2007 ms
iteration 2, invalid size: 81963 time: 10 ms
Update in 65 ms
iteration 3, invalid size: 2631 time: 1 ms
Update in 6 ms
iteration 4, invalid size: 270 time: 0 ms
Update in 1 ms
iteration 5, invalid size: 26 time: 1 ms
Update in 0 ms
iteration 6, invalid size: 0 time: 0 ms
Complete in 4371 ms
Total: 6959 ms, iteration count: 5
duration: 9255 ms
**********************************


GC = -XX:+UseParallelGC  -Xmx100g -Xms100g -XX:NewRatio=2 -XX:MaxGCPauseMillis=400 -XX:+PrintGC -XX:+PrintGCDetails -XX:+PrintGCTimeStamps -Xloggc:bin/ktruss/gc.log
JAR = /home/i/subgraph-mining/target/subgraph-mining-1.0-jar-with-dependencies.jar
Loading /home/i/graph-data/cit-Patents.txt
Graph loaded, edges: 16518948, load time: 11789 ms
start ktruss with k = 20, threads = 12, method = 6 input: /home/i/graph-data/cit-Patents.txt
create fonl in 1080 ms
tc duration: 1688 ms
iteration 1, invalid size: 7715465 time: 129 ms
Update in 2104 ms
iteration 2, invalid size: 71833 time: 6 ms
Update in 62 ms
iteration 3, invalid size: 1834 time: 0 ms
Update in 5 ms
iteration 4, invalid size: 154 time: 0 ms
Update in 1 ms
iteration 5, invalid size: 3 time: 0 ms
Update in 0 ms
iteration 6, invalid size: 0 time: 0 ms
Complete in 4416 ms
Total: 7184 ms, iteration count: 5
duration: 9606 ms
**********************************


