GC = -XX:+UseParallelGC  -Xmx100g -Xms100g -XX:NewRatio=2 -XX:MaxGCPauseMillis=400 -XX:+PrintGC -XX:+PrintGCDetails -XX:+PrintGCTimeStamps -Xloggc:bin/ktruss/gc.log
JAR = /home/i/subgraph-mining/target/subgraph-mining-1.0-jar-with-dependencies.jar
Loading /home/i/graph-data/cit-Patents.txt
Graph loaded, edges: 16518948, load time: 11293 ms
start ktruss with kc = 10, threads = 1, method = 6 input: /home/i/graph-data/cit-Patents.txt
create fonl in 1444 ms
tcArray duration: 12839 ms
iteration 1, invalid size: 7309734 time: 47 ms
Update in 9031 ms
iteration 2, invalid size: 374267 time: 9 ms
Update in 403 ms
iteration 3, invalid size: 41345 time: 0 ms
Update in 80 ms
iteration 4, invalid size: 13296 time: 0 ms
Update in 45 ms
iteration 5, invalid size: 6131 time: 1 ms
Update in 9 ms
iteration 6, invalid size: 2759 time: 0 ms
Update in 3 ms
iteration 7, invalid size: 1449 time: 1 ms
Update in 1 ms
iteration 8, invalid size: 849 time: 1 ms
Update in 1 ms
iteration 9, invalid size: 491 time: 0 ms
Update in 1 ms
iteration 10, invalid size: 299 time: 0 ms
Update in 1 ms
iteration 11, invalid size: 129 time: 0 ms
Update in 0 ms
iteration 12, invalid size: 50 time: 0 ms
Update in 0 ms
iteration 13, invalid size: 38 time: 0 ms
Update in 0 ms
iteration 14, invalid size: 68 time: 1 ms
Update in 0 ms
iteration 15, invalid size: 50 time: 0 ms
Update in 0 ms
iteration 16, invalid size: 25 time: 0 ms
Update in 0 ms
iteration 17, invalid size: 35 time: 0 ms
Update in 0 ms
iteration 18, invalid size: 30 time: 1 ms
Update in 0 ms
iteration 19, invalid size: 4 time: 0 ms
Update in 0 ms
iteration 20, invalid size: 0 time: 0 ms
Complete in 11735 ms
Total: 26018 ms, iteration count: 19
duration: 28380 ms
**********************************


GC = -XX:+UseParallelGC  -Xmx100g -Xms100g -XX:NewRatio=2 -XX:MaxGCPauseMillis=400 -XX:+PrintGC -XX:+PrintGCDetails -XX:+PrintGCTimeStamps -Xloggc:bin/ktruss/gc.log
JAR = /home/i/subgraph-mining/target/subgraph-mining-1.0-jar-with-dependencies.jar
Loading /home/i/graph-data/cit-Patents.txt
Graph loaded, edges: 16518948, load time: 11301 ms
start ktruss with kc = 10, threads = 2, method = 6 input: /home/i/graph-data/cit-Patents.txt
create fonl in 715 ms
tcArray duration: 6400 ms
iteration 1, invalid size: 7309734 time: 46 ms
Update in 5110 ms
iteration 2, invalid size: 374267 time: 27 ms
Update in 269 ms
iteration 3, invalid size: 41345 time: 1 ms
Update in 48 ms
iteration 4, invalid size: 13296 time: 0 ms
Update in 29 ms
iteration 5, invalid size: 6131 time: 0 ms
Update in 7 ms
iteration 6, invalid size: 2759 time: 0 ms
Update in 5 ms
iteration 7, invalid size: 1449 time: 0 ms
Update in 3 ms
iteration 8, invalid size: 849 time: 0 ms
Update in 2 ms
iteration 9, invalid size: 491 time: 0 ms
Update in 2 ms
iteration 10, invalid size: 299 time: 0 ms
Update in 1 ms
iteration 11, invalid size: 129 time: 0 ms
Update in 1 ms
iteration 12, invalid size: 50 time: 0 ms
Update in 0 ms
iteration 13, invalid size: 38 time: 0 ms
Update in 1 ms
iteration 14, invalid size: 68 time: 0 ms
Update in 0 ms
iteration 15, invalid size: 50 time: 0 ms
Update in 1 ms
iteration 16, invalid size: 25 time: 0 ms
Update in 0 ms
iteration 17, invalid size: 35 time: 0 ms
Update in 1 ms
iteration 18, invalid size: 30 time: 0 ms
Update in 0 ms
iteration 19, invalid size: 4 time: 1 ms
Update in 0 ms
iteration 20, invalid size: 0 time: 0 ms
Complete in 7852 ms
Total: 14967 ms, iteration count: 19
duration: 17213 ms
**********************************


GC = -XX:+UseParallelGC  -Xmx100g -Xms100g -XX:NewRatio=2 -XX:MaxGCPauseMillis=400 -XX:+PrintGC -XX:+PrintGCDetails -XX:+PrintGCTimeStamps -Xloggc:bin/ktruss/gc.log
JAR = /home/i/subgraph-mining/target/subgraph-mining-1.0-jar-with-dependencies.jar
Loading /home/i/graph-data/cit-Patents.txt
Graph loaded, edges: 16518948, load time: 11299 ms
start ktruss with kc = 10, threads = 3, method = 6 input: /home/i/graph-data/cit-Patents.txt
create fonl in 528 ms
tcArray duration: 4524 ms
iteration 1, invalid size: 7309734 time: 46 ms
Update in 3202 ms
iteration 2, invalid size: 374267 time: 25 ms
Update in 314 ms
iteration 3, invalid size: 41345 time: 0 ms
Update in 34 ms
iteration 4, invalid size: 13296 time: 0 ms
Update in 13 ms
iteration 5, invalid size: 6131 time: 0 ms
Update in 8 ms
iteration 6, invalid size: 2759 time: 0 ms
Update in 5 ms
iteration 7, invalid size: 1449 time: 1 ms
Update in 3 ms
iteration 8, invalid size: 849 time: 0 ms
Update in 2 ms
iteration 9, invalid size: 491 time: 0 ms
Update in 2 ms
iteration 10, invalid size: 299 time: 0 ms
Update in 0 ms
iteration 11, invalid size: 129 time: 1 ms
Update in 0 ms
iteration 12, invalid size: 50 time: 0 ms
Update in 1 ms
iteration 13, invalid size: 38 time: 0 ms
Update in 0 ms
iteration 14, invalid size: 68 time: 0 ms
Update in 1 ms
iteration 15, invalid size: 50 time: 0 ms
Update in 0 ms
iteration 16, invalid size: 25 time: 0 ms
Update in 0 ms
iteration 17, invalid size: 35 time: 1 ms
Update in 0 ms
iteration 18, invalid size: 30 time: 0 ms
Update in 0 ms
iteration 19, invalid size: 4 time: 1 ms
Update in 0 ms
iteration 20, invalid size: 0 time: 0 ms
Complete in 6152 ms
Total: 11204 ms, iteration count: 19
duration: 13793 ms
**********************************


GC = -XX:+UseParallelGC  -Xmx100g -Xms100g -XX:NewRatio=2 -XX:MaxGCPauseMillis=400 -XX:+PrintGC -XX:+PrintGCDetails -XX:+PrintGCTimeStamps -Xloggc:bin/ktruss/gc.log
JAR = /home/i/subgraph-mining/target/subgraph-mining-1.0-jar-with-dependencies.jar
Loading /home/i/graph-data/cit-Patents.txt
Graph loaded, edges: 16518948, load time: 11390 ms
start ktruss with kc = 10, threads = 4, method = 6 input: /home/i/graph-data/cit-Patents.txt
create fonl in 446 ms
tcArray duration: 3896 ms
iteration 1, invalid size: 7309734 time: 53 ms
Update in 3000 ms
iteration 2, invalid size: 374267 time: 29 ms
Update in 166 ms
iteration 3, invalid size: 41345 time: 1 ms
Update in 29 ms
iteration 4, invalid size: 13296 time: 0 ms
Update in 13 ms
iteration 5, invalid size: 6131 time: 0 ms
Update in 7 ms
iteration 6, invalid size: 2759 time: 1 ms
Update in 4 ms
iteration 7, invalid size: 1449 time: 0 ms
Update in 3 ms
iteration 8, invalid size: 849 time: 0 ms
Update in 2 ms
iteration 9, invalid size: 491 time: 0 ms
Update in 1 ms
iteration 10, invalid size: 299 time: 0 ms
Update in 1 ms
iteration 11, invalid size: 129 time: 0 ms
Update in 1 ms
iteration 12, invalid size: 50 time: 0 ms
Update in 0 ms
iteration 13, invalid size: 38 time: 1 ms
Update in 0 ms
iteration 14, invalid size: 68 time: 0 ms
Update in 1 ms
iteration 15, invalid size: 50 time: 0 ms
Update in 0 ms
iteration 16, invalid size: 25 time: 0 ms
Update in 1 ms
iteration 17, invalid size: 35 time: 0 ms
Update in 0 ms
iteration 18, invalid size: 30 time: 0 ms
Update in 0 ms
iteration 19, invalid size: 4 time: 0 ms
Update in 0 ms
iteration 20, invalid size: 0 time: 0 ms
Complete in 5743 ms
Total: 10085 ms, iteration count: 19
duration: 12725 ms
**********************************


GC = -XX:+UseParallelGC  -Xmx100g -Xms100g -XX:NewRatio=2 -XX:MaxGCPauseMillis=400 -XX:+PrintGC -XX:+PrintGCDetails -XX:+PrintGCTimeStamps -Xloggc:bin/ktruss/gc.log
JAR = /home/i/subgraph-mining/target/subgraph-mining-1.0-jar-with-dependencies.jar
Loading /home/i/graph-data/cit-Patents.txt
Graph loaded, edges: 16518948, load time: 11185 ms
start ktruss with kc = 10, threads = 5, method = 6 input: /home/i/graph-data/cit-Patents.txt
create fonl in 402 ms
tcArray duration: 3248 ms
iteration 1, invalid size: 7309734 time: 47 ms
Update in 2561 ms
iteration 2, invalid size: 374267 time: 38 ms
Update in 217 ms
iteration 3, invalid size: 41345 time: 0 ms
Update in 21 ms
iteration 4, invalid size: 13296 time: 0 ms
Update in 6 ms
iteration 5, invalid size: 6131 time: 1 ms
Update in 3 ms
iteration 6, invalid size: 2759 time: 0 ms
Update in 1 ms
iteration 7, invalid size: 1449 time: 0 ms
Update in 1 ms
iteration 8, invalid size: 849 time: 0 ms
Update in 0 ms
iteration 9, invalid size: 491 time: 1 ms
Update in 0 ms
iteration 10, invalid size: 299 time: 0 ms
Update in 1 ms
iteration 11, invalid size: 129 time: 0 ms
Update in 1 ms
iteration 12, invalid size: 50 time: 0 ms
Update in 0 ms
iteration 13, invalid size: 38 time: 0 ms
Update in 0 ms
iteration 14, invalid size: 68 time: 0 ms
Update in 0 ms
iteration 15, invalid size: 50 time: 1 ms
Update in 0 ms
iteration 16, invalid size: 25 time: 0 ms
Update in 1 ms
iteration 17, invalid size: 35 time: 0 ms
Update in 0 ms
iteration 18, invalid size: 30 time: 1 ms
Update in 0 ms
iteration 19, invalid size: 4 time: 0 ms
Update in 1 ms
iteration 20, invalid size: 0 time: 0 ms
Complete in 4898 ms
Total: 8548 ms, iteration count: 19
duration: 11010 ms
**********************************


GC = -XX:+UseParallelGC  -Xmx100g -Xms100g -XX:NewRatio=2 -XX:MaxGCPauseMillis=400 -XX:+PrintGC -XX:+PrintGCDetails -XX:+PrintGCTimeStamps -Xloggc:bin/ktruss/gc.log
JAR = /home/i/subgraph-mining/target/subgraph-mining-1.0-jar-with-dependencies.jar
Loading /home/i/graph-data/cit-Patents.txt
Graph loaded, edges: 16518948, load time: 11196 ms
start ktruss with kc = 10, threads = 6, method = 6 input: /home/i/graph-data/cit-Patents.txt
create fonl in 1109 ms
tcArray duration: 2123 ms
iteration 1, invalid size: 7309734 time: 114 ms
Update in 2474 ms
iteration 2, invalid size: 374267 time: 52 ms
Update in 126 ms
iteration 3, invalid size: 41345 time: 0 ms
Update in 63 ms
iteration 4, invalid size: 13296 time: 0 ms
Update in 22 ms
iteration 5, invalid size: 6131 time: 1 ms
Update in 10 ms
iteration 6, invalid size: 2759 time: 0 ms
Update in 5 ms
iteration 7, invalid size: 1449 time: 0 ms
Update in 3 ms
iteration 8, invalid size: 849 time: 0 ms
Update in 1 ms
iteration 9, invalid size: 491 time: 0 ms
Update in 1 ms
iteration 10, invalid size: 299 time: 0 ms
Update in 0 ms
iteration 11, invalid size: 129 time: 0 ms
Update in 1 ms
iteration 12, invalid size: 50 time: 0 ms
Update in 0 ms
iteration 13, invalid size: 38 time: 1 ms
Update in 0 ms
iteration 14, invalid size: 68 time: 0 ms
Update in 0 ms
iteration 15, invalid size: 50 time: 0 ms
Update in 1 ms
iteration 16, invalid size: 25 time: 0 ms
Update in 0 ms
iteration 17, invalid size: 35 time: 0 ms
Update in 0 ms
iteration 18, invalid size: 30 time: 1 ms
Update in 0 ms
iteration 19, invalid size: 4 time: 1 ms
Update in 0 ms
iteration 20, invalid size: 0 time: 1 ms
Complete in 4801 ms
Total: 8033 ms, iteration count: 19
duration: 10286 ms
**********************************


GC = -XX:+UseParallelGC  -Xmx100g -Xms100g -XX:NewRatio=2 -XX:MaxGCPauseMillis=400 -XX:+PrintGC -XX:+PrintGCDetails -XX:+PrintGCTimeStamps -Xloggc:bin/ktruss/gc.log
JAR = /home/i/subgraph-mining/target/subgraph-mining-1.0-jar-with-dependencies.jar
Loading /home/i/graph-data/cit-Patents.txt
Graph loaded, edges: 16518948, load time: 11235 ms
start ktruss with kc = 10, threads = 7, method = 6 input: /home/i/graph-data/cit-Patents.txt
create fonl in 1026 ms
tcArray duration: 1895 ms
iteration 1, invalid size: 7309734 time: 125 ms
Update in 2491 ms
iteration 2, invalid size: 374267 time: 29 ms
Update in 182 ms
iteration 3, invalid size: 41345 time: 3 ms
Update in 34 ms
iteration 4, invalid size: 13296 time: 0 ms
Update in 22 ms
iteration 5, invalid size: 6131 time: 0 ms
Update in 10 ms
iteration 6, invalid size: 2759 time: 0 ms
Update in 5 ms
iteration 7, invalid size: 1449 time: 0 ms
Update in 3 ms
iteration 8, invalid size: 849 time: 0 ms
Update in 2 ms
iteration 9, invalid size: 491 time: 1 ms
Update in 1 ms
iteration 10, invalid size: 299 time: 0 ms
Update in 1 ms
iteration 11, invalid size: 129 time: 0 ms
Update in 0 ms
iteration 12, invalid size: 50 time: 0 ms
Update in 1 ms
iteration 13, invalid size: 38 time: 0 ms
Update in 0 ms
iteration 14, invalid size: 68 time: 0 ms
Update in 1 ms
iteration 15, invalid size: 50 time: 0 ms
Update in 0 ms
iteration 16, invalid size: 25 time: 1 ms
Update in 0 ms
iteration 17, invalid size: 35 time: 0 ms
Update in 1 ms
iteration 18, invalid size: 30 time: 1 ms
Update in 0 ms
iteration 19, invalid size: 4 time: 0 ms
Update in 1 ms
iteration 20, invalid size: 0 time: 1 ms
Complete in 4792 ms
Total: 7713 ms, iteration count: 19
duration: 9920 ms
**********************************


GC = -XX:+UseParallelGC  -Xmx100g -Xms100g -XX:NewRatio=2 -XX:MaxGCPauseMillis=400 -XX:+PrintGC -XX:+PrintGCDetails -XX:+PrintGCTimeStamps -Xloggc:bin/ktruss/gc.log
JAR = /home/i/subgraph-mining/target/subgraph-mining-1.0-jar-with-dependencies.jar
Loading /home/i/graph-data/cit-Patents.txt
Graph loaded, edges: 16518948, load time: 11335 ms
start ktruss with kc = 10, threads = 8, method = 6 input: /home/i/graph-data/cit-Patents.txt
create fonl in 1005 ms
tcArray duration: 1747 ms
iteration 1, invalid size: 7309734 time: 175 ms
Update in 2249 ms
iteration 2, invalid size: 374267 time: 13 ms
Update in 229 ms
iteration 3, invalid size: 41345 time: 0 ms
Update in 17 ms
iteration 4, invalid size: 13296 time: 0 ms
Update in 8 ms
iteration 5, invalid size: 6131 time: 0 ms
Update in 3 ms
iteration 6, invalid size: 2759 time: 0 ms
Update in 2 ms
iteration 7, invalid size: 1449 time: 0 ms
Update in 1 ms
iteration 8, invalid size: 849 time: 0 ms
Update in 1 ms
iteration 9, invalid size: 491 time: 0 ms
Update in 1 ms
iteration 10, invalid size: 299 time: 0 ms
Update in 0 ms
iteration 11, invalid size: 129 time: 0 ms
Update in 1 ms
iteration 12, invalid size: 50 time: 0 ms
Update in 1 ms
iteration 13, invalid size: 38 time: 0 ms
Update in 0 ms
iteration 14, invalid size: 68 time: 0 ms
Update in 1 ms
iteration 15, invalid size: 50 time: 0 ms
Update in 1 ms
iteration 16, invalid size: 25 time: 0 ms
Update in 1 ms
iteration 17, invalid size: 35 time: 0 ms
Update in 1 ms
iteration 18, invalid size: 30 time: 0 ms
Update in 1 ms
iteration 19, invalid size: 4 time: 0 ms
Update in 1 ms
iteration 20, invalid size: 0 time: 0 ms
Complete in 4913 ms
Total: 7665 ms, iteration count: 19
duration: 9894 ms
**********************************


GC = -XX:+UseParallelGC  -Xmx100g -Xms100g -XX:NewRatio=2 -XX:MaxGCPauseMillis=400 -XX:+PrintGC -XX:+PrintGCDetails -XX:+PrintGCTimeStamps -Xloggc:bin/ktruss/gc.log
JAR = /home/i/subgraph-mining/target/subgraph-mining-1.0-jar-with-dependencies.jar
Loading /home/i/graph-data/cit-Patents.txt
Graph loaded, edges: 16518948, load time: 11288 ms
start ktruss with kc = 10, threads = 9, method = 6 input: /home/i/graph-data/cit-Patents.txt
create fonl in 1019 ms
tcArray duration: 1632 ms
iteration 1, invalid size: 7309734 time: 144 ms
Update in 2251 ms
iteration 2, invalid size: 374267 time: 4 ms
Update in 101 ms
iteration 3, invalid size: 41345 time: 1 ms
Update in 16 ms
iteration 4, invalid size: 13296 time: 0 ms
Update in 6 ms
iteration 5, invalid size: 6131 time: 0 ms
Update in 2 ms
iteration 6, invalid size: 2759 time: 1 ms
Update in 1 ms
iteration 7, invalid size: 1449 time: 0 ms
Update in 1 ms
iteration 8, invalid size: 849 time: 1 ms
Update in 0 ms
iteration 9, invalid size: 491 time: 1 ms
Update in 0 ms
iteration 10, invalid size: 299 time: 1 ms
Update in 0 ms
iteration 11, invalid size: 129 time: 0 ms
Update in 1 ms
iteration 12, invalid size: 50 time: 0 ms
Update in 0 ms
iteration 13, invalid size: 38 time: 1 ms
Update in 1 ms
iteration 14, invalid size: 68 time: 0 ms
Update in 0 ms
iteration 15, invalid size: 50 time: 1 ms
Update in 1 ms
iteration 16, invalid size: 25 time: 0 ms
Update in 0 ms
iteration 17, invalid size: 35 time: 1 ms
Update in 0 ms
iteration 18, invalid size: 30 time: 0 ms
Update in 1 ms
iteration 19, invalid size: 4 time: 0 ms
Update in 1 ms
iteration 20, invalid size: 0 time: 0 ms
Complete in 4540 ms
Total: 7191 ms, iteration count: 19
duration: 9557 ms
**********************************


GC = -XX:+UseParallelGC  -Xmx100g -Xms100g -XX:NewRatio=2 -XX:MaxGCPauseMillis=400 -XX:+PrintGC -XX:+PrintGCDetails -XX:+PrintGCTimeStamps -Xloggc:bin/ktruss/gc.log
JAR = /home/i/subgraph-mining/target/subgraph-mining-1.0-jar-with-dependencies.jar
Loading /home/i/graph-data/cit-Patents.txt
Graph loaded, edges: 16518948, load time: 11274 ms
start ktruss with kc = 10, threads = 10, method = 6 input: /home/i/graph-data/cit-Patents.txt
create fonl in 1069 ms
tcArray duration: 1694 ms
iteration 1, invalid size: 7309734 time: 195 ms
Update in 2167 ms
iteration 2, invalid size: 374267 time: 4 ms
Update in 274 ms
iteration 3, invalid size: 41345 time: 0 ms
Update in 14 ms
iteration 4, invalid size: 13296 time: 1 ms
Update in 5 ms
iteration 5, invalid size: 6131 time: 0 ms
Update in 3 ms
iteration 6, invalid size: 2759 time: 0 ms
Update in 1 ms
iteration 7, invalid size: 1449 time: 1 ms
Update in 0 ms
iteration 8, invalid size: 849 time: 1 ms
Update in 0 ms
iteration 9, invalid size: 491 time: 1 ms
Update in 0 ms
iteration 10, invalid size: 299 time: 0 ms
Update in 1 ms
iteration 11, invalid size: 129 time: 0 ms
Update in 0 ms
iteration 12, invalid size: 50 time: 0 ms
Update in 1 ms
iteration 13, invalid size: 38 time: 0 ms
Update in 0 ms
iteration 14, invalid size: 68 time: 1 ms
Update in 0 ms
iteration 15, invalid size: 50 time: 1 ms
Update in 0 ms
iteration 16, invalid size: 25 time: 1 ms
Update in 0 ms
iteration 17, invalid size: 35 time: 1 ms
Update in 0 ms
iteration 18, invalid size: 30 time: 2 ms
Update in 0 ms
iteration 19, invalid size: 4 time: 0 ms
Update in 0 ms
iteration 20, invalid size: 0 time: 0 ms
Complete in 4621 ms
Total: 7384 ms, iteration count: 19
duration: 9642 ms
**********************************


GC = -XX:+UseParallelGC  -Xmx100g -Xms100g -XX:NewRatio=2 -XX:MaxGCPauseMillis=400 -XX:+PrintGC -XX:+PrintGCDetails -XX:+PrintGCTimeStamps -Xloggc:bin/ktruss/gc.log
JAR = /home/i/subgraph-mining/target/subgraph-mining-1.0-jar-with-dependencies.jar
Loading /home/i/graph-data/cit-Patents.txt
Graph loaded, edges: 16518948, load time: 11222 ms
start ktruss with kc = 10, threads = 11, method = 6 input: /home/i/graph-data/cit-Patents.txt
create fonl in 1083 ms
tcArray duration: 1727 ms
iteration 1, invalid size: 7309734 time: 150 ms
Update in 2266 ms
iteration 2, invalid size: 374267 time: 6 ms
Update in 101 ms
iteration 3, invalid size: 41345 time: 1 ms
Update in 15 ms
iteration 4, invalid size: 13296 time: 1 ms
Update in 6 ms
iteration 5, invalid size: 6131 time: 0 ms
Update in 3 ms
iteration 6, invalid size: 2759 time: 0 ms
Update in 2 ms
iteration 7, invalid size: 1449 time: 0 ms
Update in 1 ms
iteration 8, invalid size: 849 time: 0 ms
Update in 1 ms
iteration 9, invalid size: 491 time: 0 ms
Update in 0 ms
iteration 10, invalid size: 299 time: 1 ms
Update in 0 ms
iteration 11, invalid size: 129 time: 0 ms
Update in 1 ms
iteration 12, invalid size: 50 time: 0 ms
Update in 1 ms
iteration 13, invalid size: 38 time: 0 ms
Update in 1 ms
iteration 14, invalid size: 68 time: 0 ms
Update in 1 ms
iteration 15, invalid size: 50 time: 0 ms
Update in 0 ms
iteration 16, invalid size: 25 time: 0 ms
Update in 0 ms
iteration 17, invalid size: 35 time: 1 ms
Update in 0 ms
iteration 18, invalid size: 30 time: 0 ms
Update in 1 ms
iteration 19, invalid size: 4 time: 0 ms
Update in 1 ms
iteration 20, invalid size: 0 time: 0 ms
Complete in 4525 ms
Total: 7335 ms, iteration count: 19
duration: 9630 ms
**********************************


GC = -XX:+UseParallelGC  -Xmx100g -Xms100g -XX:NewRatio=2 -XX:MaxGCPauseMillis=400 -XX:+PrintGC -XX:+PrintGCDetails -XX:+PrintGCTimeStamps -Xloggc:bin/ktruss/gc.log
JAR = /home/i/subgraph-mining/target/subgraph-mining-1.0-jar-with-dependencies.jar
Loading /home/i/graph-data/cit-Patents.txt
Graph loaded, edges: 16518948, load time: 11219 ms
start ktruss with kc = 10, threads = 12, method = 6 input: /home/i/graph-data/cit-Patents.txt
create fonl in 1003 ms
tcArray duration: 1529 ms
iteration 1, invalid size: 7309734 time: 178 ms
Update in 2345 ms
iteration 2, invalid size: 374267 time: 5 ms
Update in 95 ms
iteration 3, invalid size: 41345 time: 1 ms
Update in 13 ms
iteration 4, invalid size: 13296 time: 0 ms
Update in 5 ms
iteration 5, invalid size: 6131 time: 0 ms
Update in 2 ms
iteration 6, invalid size: 2759 time: 1 ms
Update in 1 ms
iteration 7, invalid size: 1449 time: 0 ms
Update in 1 ms
iteration 8, invalid size: 849 time: 1 ms
Update in 0 ms
iteration 9, invalid size: 491 time: 1 ms
Update in 0 ms
iteration 10, invalid size: 299 time: 0 ms
Update in 1 ms
iteration 11, invalid size: 129 time: 0 ms
Update in 0 ms
iteration 12, invalid size: 50 time: 1 ms
Update in 0 ms
iteration 13, invalid size: 38 time: 0 ms
Update in 1 ms
iteration 14, invalid size: 68 time: 1 ms
Update in 0 ms
iteration 15, invalid size: 50 time: 0 ms
Update in 1 ms
iteration 16, invalid size: 25 time: 0 ms
Update in 0 ms
iteration 17, invalid size: 35 time: 0 ms
Update in 1 ms
iteration 18, invalid size: 30 time: 0 ms
Update in 0 ms
iteration 19, invalid size: 4 time: 1 ms
Update in 1 ms
iteration 20, invalid size: 0 time: 0 ms
Complete in 4619 ms
Total: 7151 ms, iteration count: 19
duration: 9347 ms
**********************************


