GC = -XX:+UseParallelGC  -Xmx100g -Xms100g -XX:NewRatio=2 -XX:MaxGCPauseMillis=400 -XX:+PrintGC -XX:+PrintGCDetails -XX:+PrintGCTimeStamps -Xloggc:bin/ktruss/gc.log
JAR = /home/i/subgraph-mining/target/subgraph-mining-1.0-jar-with-dependencies.jar
Loading /home/i/graph-data/dblp
Graph loaded, triangleEdges: 1049866, load time: 744 ms
start ktruss with kc = 10, threads = 1, method = 6 input: /home/i/graph-data/dblp
create fonl in 149 ms
tcArray duration: 918 ms
iteration 1, invalid size: 781337 time: 35 ms
Update in 1026 ms
iteration 2, invalid size: 31091 time: 1 ms
Update in 22 ms
iteration 3, invalid size: 1016 time: 0 ms
Update in 1 ms
iteration 4, invalid size: 154 time: 0 ms
Update in 1 ms
iteration 5, invalid size: 37 time: 0 ms
Update in 0 ms
iteration 6, invalid size: 16 time: 0 ms
Update in 0 ms
iteration 7, invalid size: 4 time: 0 ms
Update in 0 ms
iteration 8, invalid size: 10 time: 0 ms
Update in 0 ms
iteration 9, invalid size: 0 time: 0 ms
Complete in 1318 ms
Total: 2385 ms, iteration count: 8
duration: 2585 ms
**********************************


GC = -XX:+UseParallelGC  -Xmx100g -Xms100g -XX:NewRatio=2 -XX:MaxGCPauseMillis=400 -XX:+PrintGC -XX:+PrintGCDetails -XX:+PrintGCTimeStamps -Xloggc:bin/ktruss/gc.log
JAR = /home/i/subgraph-mining/target/subgraph-mining-1.0-jar-with-dependencies.jar
Loading /home/i/graph-data/dblp
Graph loaded, triangleEdges: 1049866, load time: 797 ms
start ktruss with kc = 10, threads = 2, method = 6 input: /home/i/graph-data/dblp
create fonl in 170 ms
tcArray duration: 623 ms
iteration 1, invalid size: 781337 time: 52 ms
Update in 518 ms
iteration 2, invalid size: 31091 time: 3 ms
Update in 18 ms
iteration 3, invalid size: 1016 time: 0 ms
Update in 1 ms
iteration 4, invalid size: 154 time: 0 ms
Update in 1 ms
iteration 5, invalid size: 37 time: 0 ms
Update in 0 ms
iteration 6, invalid size: 16 time: 0 ms
Update in 0 ms
iteration 7, invalid size: 4 time: 0 ms
Update in 0 ms
iteration 8, invalid size: 10 time: 1 ms
Update in 0 ms
iteration 9, invalid size: 0 time: 0 ms
Complete in 807 ms
Total: 1600 ms, iteration count: 8
duration: 1808 ms
**********************************


GC = -XX:+UseParallelGC  -Xmx100g -Xms100g -XX:NewRatio=2 -XX:MaxGCPauseMillis=400 -XX:+PrintGC -XX:+PrintGCDetails -XX:+PrintGCTimeStamps -Xloggc:bin/ktruss/gc.log
JAR = /home/i/subgraph-mining/target/subgraph-mining-1.0-jar-with-dependencies.jar
Loading /home/i/graph-data/dblp
Graph loaded, triangleEdges: 1049866, load time: 758 ms
start ktruss with kc = 10, threads = 3, method = 6 input: /home/i/graph-data/dblp
create fonl in 182 ms
tcArray duration: 599 ms
iteration 1, invalid size: 781337 time: 55 ms
Update in 467 ms
iteration 2, invalid size: 31091 time: 7 ms
Update in 25 ms
iteration 3, invalid size: 1016 time: 0 ms
Update in 2 ms
iteration 4, invalid size: 154 time: 0 ms
Update in 1 ms
iteration 5, invalid size: 37 time: 0 ms
Update in 0 ms
iteration 6, invalid size: 16 time: 0 ms
Update in 1 ms
iteration 7, invalid size: 4 time: 0 ms
Update in 0 ms
iteration 8, invalid size: 10 time: 0 ms
Update in 0 ms
iteration 9, invalid size: 0 time: 1 ms
Complete in 778 ms
Total: 1559 ms, iteration count: 8
duration: 1770 ms
**********************************


GC = -XX:+UseParallelGC  -Xmx100g -Xms100g -XX:NewRatio=2 -XX:MaxGCPauseMillis=400 -XX:+PrintGC -XX:+PrintGCDetails -XX:+PrintGCTimeStamps -Xloggc:bin/ktruss/gc.log
JAR = /home/i/subgraph-mining/target/subgraph-mining-1.0-jar-with-dependencies.jar
Loading /home/i/graph-data/dblp
Graph loaded, triangleEdges: 1049866, load time: 754 ms
start ktruss with kc = 10, threads = 4, method = 6 input: /home/i/graph-data/dblp
create fonl in 162 ms
tcArray duration: 458 ms
iteration 1, invalid size: 781337 time: 78 ms
Update in 501 ms
iteration 2, invalid size: 31091 time: 1 ms
Update in 11 ms
iteration 3, invalid size: 1016 time: 1 ms
Update in 2 ms
iteration 4, invalid size: 154 time: 1 ms
Update in 0 ms
iteration 5, invalid size: 37 time: 1 ms
Update in 0 ms
iteration 6, invalid size: 16 time: 0 ms
Update in 0 ms
iteration 7, invalid size: 4 time: 1 ms
Update in 0 ms
iteration 8, invalid size: 10 time: 0 ms
Update in 0 ms
iteration 9, invalid size: 0 time: 0 ms
Complete in 848 ms
Total: 1468 ms, iteration count: 8
duration: 1674 ms
**********************************


GC = -XX:+UseParallelGC  -Xmx100g -Xms100g -XX:NewRatio=2 -XX:MaxGCPauseMillis=400 -XX:+PrintGC -XX:+PrintGCDetails -XX:+PrintGCTimeStamps -Xloggc:bin/ktruss/gc.log
JAR = /home/i/subgraph-mining/target/subgraph-mining-1.0-jar-with-dependencies.jar
Loading /home/i/graph-data/dblp
Graph loaded, triangleEdges: 1049866, load time: 762 ms
start ktruss with kc = 10, threads = 5, method = 6 input: /home/i/graph-data/dblp
create fonl in 189 ms
tcArray duration: 507 ms
iteration 1, invalid size: 781337 time: 91 ms
Update in 599 ms
iteration 2, invalid size: 31091 time: 6 ms
Update in 42 ms
iteration 3, invalid size: 1016 time: 0 ms
Update in 2 ms
iteration 4, invalid size: 154 time: 0 ms
Update in 1 ms
iteration 5, invalid size: 37 time: 0 ms
Update in 1 ms
iteration 6, invalid size: 16 time: 0 ms
Update in 0 ms
iteration 7, invalid size: 4 time: 1 ms
Update in 0 ms
iteration 8, invalid size: 10 time: 0 ms
Update in 1 ms
iteration 9, invalid size: 0 time: 0 ms
Complete in 982 ms
Total: 1678 ms, iteration count: 8
duration: 1877 ms
**********************************


GC = -XX:+UseParallelGC  -Xmx100g -Xms100g -XX:NewRatio=2 -XX:MaxGCPauseMillis=400 -XX:+PrintGC -XX:+PrintGCDetails -XX:+PrintGCTimeStamps -Xloggc:bin/ktruss/gc.log
JAR = /home/i/subgraph-mining/target/subgraph-mining-1.0-jar-with-dependencies.jar
Loading /home/i/graph-data/dblp
Graph loaded, triangleEdges: 1049866, load time: 777 ms
start ktruss with kc = 10, threads = 6, method = 6 input: /home/i/graph-data/dblp
create fonl in 197 ms
tcArray duration: 454 ms
iteration 1, invalid size: 781337 time: 101 ms
Update in 618 ms
iteration 2, invalid size: 31091 time: 3 ms
Update in 27 ms
iteration 3, invalid size: 1016 time: 0 ms
Update in 2 ms
iteration 4, invalid size: 154 time: 0 ms
Update in 0 ms
iteration 5, invalid size: 37 time: 1 ms
Update in 0 ms
iteration 6, invalid size: 16 time: 0 ms
Update in 0 ms
iteration 7, invalid size: 4 time: 1 ms
Update in 0 ms
iteration 8, invalid size: 10 time: 0 ms
Update in 0 ms
iteration 9, invalid size: 0 time: 0 ms
Complete in 972 ms
Total: 1623 ms, iteration count: 8
duration: 1767 ms
**********************************


GC = -XX:+UseParallelGC  -Xmx100g -Xms100g -XX:NewRatio=2 -XX:MaxGCPauseMillis=400 -XX:+PrintGC -XX:+PrintGCDetails -XX:+PrintGCTimeStamps -Xloggc:bin/ktruss/gc.log
JAR = /home/i/subgraph-mining/target/subgraph-mining-1.0-jar-with-dependencies.jar
Loading /home/i/graph-data/dblp
Graph loaded, triangleEdges: 1049866, load time: 756 ms
start ktruss with kc = 10, threads = 7, method = 6 input: /home/i/graph-data/dblp
create fonl in 212 ms
tcArray duration: 452 ms
iteration 1, invalid size: 781337 time: 96 ms
Update in 771 ms
iteration 2, invalid size: 31091 time: 5 ms
Update in 24 ms
iteration 3, invalid size: 1016 time: 1 ms
Update in 2 ms
iteration 4, invalid size: 154 time: 0 ms
Update in 0 ms
iteration 5, invalid size: 37 time: 0 ms
Update in 1 ms
iteration 6, invalid size: 16 time: 0 ms
Update in 0 ms
iteration 7, invalid size: 4 time: 1 ms
Update in 0 ms
iteration 8, invalid size: 10 time: 0 ms
Update in 0 ms
iteration 9, invalid size: 0 time: 1 ms
Complete in 1125 ms
Total: 1789 ms, iteration count: 8
duration: 1974 ms
**********************************


GC = -XX:+UseParallelGC  -Xmx100g -Xms100g -XX:NewRatio=2 -XX:MaxGCPauseMillis=400 -XX:+PrintGC -XX:+PrintGCDetails -XX:+PrintGCTimeStamps -Xloggc:bin/ktruss/gc.log
JAR = /home/i/subgraph-mining/target/subgraph-mining-1.0-jar-with-dependencies.jar
Loading /home/i/graph-data/dblp
Graph loaded, triangleEdges: 1049866, load time: 761 ms
start ktruss with kc = 10, threads = 8, method = 6 input: /home/i/graph-data/dblp
create fonl in 249 ms
tcArray duration: 540 ms
iteration 1, invalid size: 781337 time: 109 ms
Update in 587 ms
iteration 2, invalid size: 31091 time: 7 ms
Update in 11 ms
iteration 3, invalid size: 1016 time: 0 ms
Update in 2 ms
iteration 4, invalid size: 154 time: 0 ms
Update in 1 ms
iteration 5, invalid size: 37 time: 0 ms
Update in 1 ms
iteration 6, invalid size: 16 time: 0 ms
Update in 0 ms
iteration 7, invalid size: 4 time: 1 ms
Update in 0 ms
iteration 8, invalid size: 10 time: 0 ms
Update in 0 ms
iteration 9, invalid size: 0 time: 0 ms
Complete in 960 ms
Total: 1749 ms, iteration count: 8
duration: 1966 ms
**********************************


GC = -XX:+UseParallelGC  -Xmx100g -Xms100g -XX:NewRatio=2 -XX:MaxGCPauseMillis=400 -XX:+PrintGC -XX:+PrintGCDetails -XX:+PrintGCTimeStamps -Xloggc:bin/ktruss/gc.log
JAR = /home/i/subgraph-mining/target/subgraph-mining-1.0-jar-with-dependencies.jar
Loading /home/i/graph-data/dblp
Graph loaded, triangleEdges: 1049866, load time: 717 ms
start ktruss with kc = 10, threads = 9, method = 6 input: /home/i/graph-data/dblp
create fonl in 184 ms
tcArray duration: 453 ms
iteration 1, invalid size: 781337 time: 72 ms
Update in 352 ms
iteration 2, invalid size: 31091 time: 4 ms
Update in 47 ms
iteration 3, invalid size: 1016 time: 0 ms
Update in 2 ms
iteration 4, invalid size: 154 time: 1 ms
Update in 0 ms
iteration 5, invalid size: 37 time: 0 ms
Update in 0 ms
iteration 6, invalid size: 16 time: 1 ms
Update in 0 ms
iteration 7, invalid size: 4 time: 0 ms
Update in 0 ms
iteration 8, invalid size: 10 time: 1 ms
Update in 0 ms
iteration 9, invalid size: 0 time: 0 ms
Complete in 742 ms
Total: 1379 ms, iteration count: 8
duration: 1564 ms
**********************************


GC = -XX:+UseParallelGC  -Xmx100g -Xms100g -XX:NewRatio=2 -XX:MaxGCPauseMillis=400 -XX:+PrintGC -XX:+PrintGCDetails -XX:+PrintGCTimeStamps -Xloggc:bin/ktruss/gc.log
JAR = /home/i/subgraph-mining/target/subgraph-mining-1.0-jar-with-dependencies.jar
Loading /home/i/graph-data/dblp
Graph loaded, triangleEdges: 1049866, load time: 741 ms
start ktruss with kc = 10, threads = 10, method = 6 input: /home/i/graph-data/dblp
create fonl in 253 ms
tcArray duration: 563 ms
iteration 1, invalid size: 781337 time: 101 ms
Update in 366 ms
iteration 2, invalid size: 31091 time: 6 ms
Update in 52 ms
iteration 3, invalid size: 1016 time: 1 ms
Update in 2 ms
iteration 4, invalid size: 154 time: 0 ms
Update in 1 ms
iteration 5, invalid size: 37 time: 0 ms
Update in 0 ms
iteration 6, invalid size: 16 time: 0 ms
Update in 0 ms
iteration 7, invalid size: 4 time: 0 ms
Update in 0 ms
iteration 8, invalid size: 10 time: 0 ms
Update in 0 ms
iteration 9, invalid size: 0 time: 1 ms
Complete in 744 ms
Total: 1560 ms, iteration count: 8
duration: 1767 ms
**********************************


GC = -XX:+UseParallelGC  -Xmx100g -Xms100g -XX:NewRatio=2 -XX:MaxGCPauseMillis=400 -XX:+PrintGC -XX:+PrintGCDetails -XX:+PrintGCTimeStamps -Xloggc:bin/ktruss/gc.log
JAR = /home/i/subgraph-mining/target/subgraph-mining-1.0-jar-with-dependencies.jar
Loading /home/i/graph-data/dblp
Graph loaded, triangleEdges: 1049866, load time: 720 ms
start ktruss with kc = 10, threads = 11, method = 6 input: /home/i/graph-data/dblp
create fonl in 261 ms
tcArray duration: 578 ms
iteration 1, invalid size: 781337 time: 104 ms
Update in 836 ms
iteration 2, invalid size: 31091 time: 5 ms
Update in 41 ms
iteration 3, invalid size: 1016 time: 0 ms
Update in 2 ms
iteration 4, invalid size: 154 time: 1 ms
Update in 0 ms
iteration 5, invalid size: 37 time: 0 ms
Update in 1 ms
iteration 6, invalid size: 16 time: 0 ms
Update in 0 ms
iteration 7, invalid size: 4 time: 0 ms
Update in 0 ms
iteration 8, invalid size: 10 time: 0 ms
Update in 1 ms
iteration 9, invalid size: 0 time: 0 ms
Complete in 1236 ms
Total: 2075 ms, iteration count: 8
duration: 2286 ms
**********************************


GC = -XX:+UseParallelGC  -Xmx100g -Xms100g -XX:NewRatio=2 -XX:MaxGCPauseMillis=400 -XX:+PrintGC -XX:+PrintGCDetails -XX:+PrintGCTimeStamps -Xloggc:bin/ktruss/gc.log
JAR = /home/i/subgraph-mining/target/subgraph-mining-1.0-jar-with-dependencies.jar
Loading /home/i/graph-data/dblp
Graph loaded, triangleEdges: 1049866, load time: 750 ms
start ktruss with kc = 10, threads = 12, method = 6 input: /home/i/graph-data/dblp
create fonl in 247 ms
tcArray duration: 513 ms
iteration 1, invalid size: 781337 time: 121 ms
Update in 1035 ms
iteration 2, invalid size: 31091 time: 6 ms
Update in 16 ms
iteration 3, invalid size: 1016 time: 0 ms
Update in 3 ms
iteration 4, invalid size: 154 time: 0 ms
Update in 1 ms
iteration 5, invalid size: 37 time: 0 ms
Update in 0 ms
iteration 6, invalid size: 16 time: 0 ms
Update in 1 ms
iteration 7, invalid size: 4 time: 0 ms
Update in 0 ms
iteration 8, invalid size: 10 time: 0 ms
Update in 0 ms
iteration 9, invalid size: 0 time: 1 ms
Complete in 1419 ms
Total: 2179 ms, iteration count: 8
duration: 2375 ms
**********************************


