GC = -XX:+UseParallelGC  -Xmx100g -Xms100g -XX:NewRatio=2 -XX:MaxGCPauseMillis=400 -XX:+PrintGC -XX:+PrintGCDetails -XX:+PrintGCTimeStamps -Xloggc:bin/ktruss/gc.log
JAR = /home/i/subgraph-mining/target/subgraph-mining-1.0-jar-with-dependencies.jar
Loading /home/i/graph-data/gowalla
Graph loaded, edges: 1900654, load time: 1313 ms
start ktruss with k = 10, threads = 1, method = 6 input: /home/i/graph-data/gowalla
create fonl in 197 ms
tc duration: 1985 ms
iteration 1, invalid size: 639322 time: 40 ms
Update in 545 ms
iteration 2, invalid size: 60623 time: 2 ms
Update in 101 ms
iteration 3, invalid size: 11513 time: 0 ms
Update in 25 ms
iteration 4, invalid size: 3356 time: 0 ms
Update in 7 ms
iteration 5, invalid size: 1062 time: 0 ms
Update in 2 ms
iteration 6, invalid size: 379 time: 0 ms
Update in 1 ms
iteration 7, invalid size: 116 time: 0 ms
Update in 0 ms
iteration 8, invalid size: 37 time: 0 ms
Update in 0 ms
iteration 9, invalid size: 7 time: 0 ms
Update in 1 ms
iteration 10, invalid size: 2 time: 0 ms
Update in 0 ms
iteration 11, invalid size: 0 time: 0 ms
Complete in 1007 ms
Total: 3189 ms, iteration count: 10
duration: 3443 ms
**********************************


GC = -XX:+UseParallelGC  -Xmx100g -Xms100g -XX:NewRatio=2 -XX:MaxGCPauseMillis=400 -XX:+PrintGC -XX:+PrintGCDetails -XX:+PrintGCTimeStamps -Xloggc:bin/ktruss/gc.log
JAR = /home/i/subgraph-mining/target/subgraph-mining-1.0-jar-with-dependencies.jar
Loading /home/i/graph-data/gowalla
Graph loaded, edges: 1900654, load time: 1354 ms
start ktruss with k = 10, threads = 2, method = 6 input: /home/i/graph-data/gowalla
create fonl in 184 ms
tc duration: 1169 ms
iteration 1, invalid size: 639322 time: 36 ms
Update in 478 ms
iteration 2, invalid size: 60623 time: 1 ms
Update in 52 ms
iteration 3, invalid size: 11513 time: 0 ms
Update in 18 ms
iteration 4, invalid size: 3356 time: 0 ms
Update in 5 ms
iteration 5, invalid size: 1062 time: 0 ms
Update in 2 ms
iteration 6, invalid size: 379 time: 0 ms
Update in 0 ms
iteration 7, invalid size: 116 time: 0 ms
Update in 0 ms
iteration 8, invalid size: 37 time: 0 ms
Update in 0 ms
iteration 9, invalid size: 7 time: 1 ms
Update in 0 ms
iteration 10, invalid size: 2 time: 0 ms
Update in 0 ms
iteration 11, invalid size: 0 time: 0 ms
Complete in 823 ms
Total: 2176 ms, iteration count: 10
duration: 2478 ms
**********************************


GC = -XX:+UseParallelGC  -Xmx100g -Xms100g -XX:NewRatio=2 -XX:MaxGCPauseMillis=400 -XX:+PrintGC -XX:+PrintGCDetails -XX:+PrintGCTimeStamps -Xloggc:bin/ktruss/gc.log
JAR = /home/i/subgraph-mining/target/subgraph-mining-1.0-jar-with-dependencies.jar
Loading /home/i/graph-data/gowalla
Graph loaded, edges: 1900654, load time: 1278 ms
start ktruss with k = 10, threads = 3, method = 6 input: /home/i/graph-data/gowalla
create fonl in 211 ms
tc duration: 936 ms
iteration 1, invalid size: 639322 time: 39 ms
Update in 539 ms
iteration 2, invalid size: 60623 time: 3 ms
Update in 65 ms
iteration 3, invalid size: 11513 time: 0 ms
Update in 17 ms
iteration 4, invalid size: 3356 time: 0 ms
Update in 5 ms
iteration 5, invalid size: 1062 time: 0 ms
Update in 1 ms
iteration 6, invalid size: 379 time: 0 ms
Update in 1 ms
iteration 7, invalid size: 116 time: 0 ms
Update in 0 ms
iteration 8, invalid size: 37 time: 1 ms
Update in 0 ms
iteration 9, invalid size: 7 time: 0 ms
Update in 0 ms
iteration 10, invalid size: 2 time: 2 ms
Update in 6 ms
iteration 11, invalid size: 0 time: 0 ms
Complete in 939 ms
Total: 2086 ms, iteration count: 10
duration: 2286 ms
**********************************


GC = -XX:+UseParallelGC  -Xmx100g -Xms100g -XX:NewRatio=2 -XX:MaxGCPauseMillis=400 -XX:+PrintGC -XX:+PrintGCDetails -XX:+PrintGCTimeStamps -Xloggc:bin/ktruss/gc.log
JAR = /home/i/subgraph-mining/target/subgraph-mining-1.0-jar-with-dependencies.jar
Loading /home/i/graph-data/gowalla
Graph loaded, edges: 1900654, load time: 1328 ms
start ktruss with k = 10, threads = 4, method = 6 input: /home/i/graph-data/gowalla
create fonl in 173 ms
tc duration: 910 ms
iteration 1, invalid size: 639322 time: 44 ms
Update in 438 ms
iteration 2, invalid size: 60623 time: 6 ms
Update in 58 ms
iteration 3, invalid size: 11513 time: 1 ms
Update in 10 ms
iteration 4, invalid size: 3356 time: 0 ms
Update in 4 ms
iteration 5, invalid size: 1062 time: 0 ms
Update in 2 ms
iteration 6, invalid size: 379 time: 0 ms
Update in 0 ms
iteration 7, invalid size: 116 time: 0 ms
Update in 1 ms
iteration 8, invalid size: 37 time: 0 ms
Update in 0 ms
iteration 9, invalid size: 7 time: 0 ms
Update in 1 ms
iteration 10, invalid size: 2 time: 0 ms
Update in 0 ms
iteration 11, invalid size: 0 time: 0 ms
Complete in 831 ms
Total: 1914 ms, iteration count: 10
duration: 2217 ms
**********************************


GC = -XX:+UseParallelGC  -Xmx100g -Xms100g -XX:NewRatio=2 -XX:MaxGCPauseMillis=400 -XX:+PrintGC -XX:+PrintGCDetails -XX:+PrintGCTimeStamps -Xloggc:bin/ktruss/gc.log
JAR = /home/i/subgraph-mining/target/subgraph-mining-1.0-jar-with-dependencies.jar
Loading /home/i/graph-data/gowalla
Graph loaded, edges: 1900654, load time: 1340 ms
start ktruss with k = 10, threads = 5, method = 6 input: /home/i/graph-data/gowalla
create fonl in 258 ms
tc duration: 911 ms
iteration 1, invalid size: 639322 time: 61 ms
Update in 478 ms
iteration 2, invalid size: 60623 time: 5 ms
Update in 60 ms
iteration 3, invalid size: 11513 time: 0 ms
Update in 14 ms
iteration 4, invalid size: 3356 time: 0 ms
Update in 4 ms
iteration 5, invalid size: 1062 time: 0 ms
Update in 2 ms
iteration 6, invalid size: 379 time: 0 ms
Update in 1 ms
iteration 7, invalid size: 116 time: 0 ms
Update in 0 ms
iteration 8, invalid size: 37 time: 1 ms
Update in 0 ms
iteration 9, invalid size: 7 time: 0 ms
Update in 0 ms
iteration 10, invalid size: 2 time: 0 ms
Update in 0 ms
iteration 11, invalid size: 0 time: 0 ms
Complete in 881 ms
Total: 2050 ms, iteration count: 10
duration: 2365 ms
**********************************


GC = -XX:+UseParallelGC  -Xmx100g -Xms100g -XX:NewRatio=2 -XX:MaxGCPauseMillis=400 -XX:+PrintGC -XX:+PrintGCDetails -XX:+PrintGCTimeStamps -Xloggc:bin/ktruss/gc.log
JAR = /home/i/subgraph-mining/target/subgraph-mining-1.0-jar-with-dependencies.jar
Loading /home/i/graph-data/gowalla
Graph loaded, edges: 1900654, load time: 1313 ms
start ktruss with k = 10, threads = 6, method = 6 input: /home/i/graph-data/gowalla
create fonl in 278 ms
tc duration: 907 ms
iteration 1, invalid size: 639322 time: 48 ms
Update in 626 ms
iteration 2, invalid size: 60623 time: 11 ms
Update in 83 ms
iteration 3, invalid size: 11513 time: 2 ms
Update in 18 ms
iteration 4, invalid size: 3356 time: 1 ms
Update in 6 ms
iteration 5, invalid size: 1062 time: 2 ms
Update in 3 ms
iteration 6, invalid size: 379 time: 0 ms
Update in 1 ms
iteration 7, invalid size: 116 time: 0 ms
Update in 1 ms
iteration 8, invalid size: 37 time: 0 ms
Update in 0 ms
iteration 9, invalid size: 7 time: 0 ms
Update in 1 ms
iteration 10, invalid size: 2 time: 0 ms
Update in 1 ms
iteration 11, invalid size: 0 time: 0 ms
Complete in 1146 ms
Total: 2331 ms, iteration count: 10
duration: 2637 ms
**********************************


GC = -XX:+UseParallelGC  -Xmx100g -Xms100g -XX:NewRatio=2 -XX:MaxGCPauseMillis=400 -XX:+PrintGC -XX:+PrintGCDetails -XX:+PrintGCTimeStamps -Xloggc:bin/ktruss/gc.log
JAR = /home/i/subgraph-mining/target/subgraph-mining-1.0-jar-with-dependencies.jar
Loading /home/i/graph-data/gowalla
Graph loaded, edges: 1900654, load time: 1325 ms
start ktruss with k = 10, threads = 7, method = 6 input: /home/i/graph-data/gowalla
create fonl in 376 ms
tc duration: 854 ms
iteration 1, invalid size: 639322 time: 49 ms
Update in 378 ms
iteration 2, invalid size: 60623 time: 2 ms
Update in 55 ms
iteration 3, invalid size: 11513 time: 0 ms
Update in 12 ms
iteration 4, invalid size: 3356 time: 1 ms
Update in 5 ms
iteration 5, invalid size: 1062 time: 0 ms
Update in 2 ms
iteration 6, invalid size: 379 time: 0 ms
Update in 1 ms
iteration 7, invalid size: 116 time: 0 ms
Update in 0 ms
iteration 8, invalid size: 37 time: 0 ms
Update in 1 ms
iteration 9, invalid size: 7 time: 0 ms
Update in 0 ms
iteration 10, invalid size: 2 time: 0 ms
Update in 1 ms
iteration 11, invalid size: 0 time: 0 ms
Complete in 747 ms
Total: 1977 ms, iteration count: 10
duration: 2160 ms
**********************************


GC = -XX:+UseParallelGC  -Xmx100g -Xms100g -XX:NewRatio=2 -XX:MaxGCPauseMillis=400 -XX:+PrintGC -XX:+PrintGCDetails -XX:+PrintGCTimeStamps -Xloggc:bin/ktruss/gc.log
JAR = /home/i/subgraph-mining/target/subgraph-mining-1.0-jar-with-dependencies.jar
Loading /home/i/graph-data/gowalla
Graph loaded, edges: 1900654, load time: 1340 ms
start ktruss with k = 10, threads = 8, method = 6 input: /home/i/graph-data/gowalla
create fonl in 320 ms
tc duration: 850 ms
iteration 1, invalid size: 639322 time: 47 ms
Update in 407 ms
iteration 2, invalid size: 60623 time: 3 ms
Update in 61 ms
iteration 3, invalid size: 11513 time: 0 ms
Update in 19 ms
iteration 4, invalid size: 3356 time: 0 ms
Update in 6 ms
iteration 5, invalid size: 1062 time: 0 ms
Update in 2 ms
iteration 6, invalid size: 379 time: 0 ms
Update in 1 ms
iteration 7, invalid size: 116 time: 0 ms
Update in 1 ms
iteration 8, invalid size: 37 time: 0 ms
Update in 0 ms
iteration 9, invalid size: 7 time: 0 ms
Update in 1 ms
iteration 10, invalid size: 2 time: 0 ms
Update in 0 ms
iteration 11, invalid size: 0 time: 0 ms
Complete in 794 ms
Total: 1964 ms, iteration count: 10
duration: 2245 ms
**********************************


GC = -XX:+UseParallelGC  -Xmx100g -Xms100g -XX:NewRatio=2 -XX:MaxGCPauseMillis=400 -XX:+PrintGC -XX:+PrintGCDetails -XX:+PrintGCTimeStamps -Xloggc:bin/ktruss/gc.log
JAR = /home/i/subgraph-mining/target/subgraph-mining-1.0-jar-with-dependencies.jar
Loading /home/i/graph-data/gowalla
Graph loaded, edges: 1900654, load time: 1329 ms
start ktruss with k = 10, threads = 9, method = 6 input: /home/i/graph-data/gowalla
create fonl in 323 ms
tc duration: 940 ms
iteration 1, invalid size: 639322 time: 61 ms
Update in 740 ms
iteration 2, invalid size: 60623 time: 7 ms
Update in 58 ms
iteration 3, invalid size: 11513 time: 1 ms
Update in 14 ms
iteration 4, invalid size: 3356 time: 0 ms
Update in 4 ms
iteration 5, invalid size: 1062 time: 1 ms
Update in 1 ms
iteration 6, invalid size: 379 time: 0 ms
Update in 1 ms
iteration 7, invalid size: 116 time: 1 ms
Update in 1 ms
iteration 8, invalid size: 37 time: 0 ms
Update in 0 ms
iteration 9, invalid size: 7 time: 0 ms
Update in 1 ms
iteration 10, invalid size: 2 time: 0 ms
Update in 0 ms
iteration 11, invalid size: 0 time: 1 ms
Complete in 1143 ms
Total: 2406 ms, iteration count: 10
duration: 2699 ms
**********************************


GC = -XX:+UseParallelGC  -Xmx100g -Xms100g -XX:NewRatio=2 -XX:MaxGCPauseMillis=400 -XX:+PrintGC -XX:+PrintGCDetails -XX:+PrintGCTimeStamps -Xloggc:bin/ktruss/gc.log
JAR = /home/i/subgraph-mining/target/subgraph-mining-1.0-jar-with-dependencies.jar
Loading /home/i/graph-data/gowalla
Graph loaded, edges: 1900654, load time: 1314 ms
start ktruss with k = 10, threads = 10, method = 6 input: /home/i/graph-data/gowalla
create fonl in 371 ms
tc duration: 958 ms
iteration 1, invalid size: 639322 time: 42 ms
Update in 273 ms
iteration 2, invalid size: 60623 time: 5 ms
Update in 108 ms
iteration 3, invalid size: 11513 time: 0 ms
Update in 21 ms
iteration 4, invalid size: 3356 time: 0 ms
Update in 6 ms
iteration 5, invalid size: 1062 time: 1 ms
Update in 2 ms
iteration 6, invalid size: 379 time: 0 ms
Update in 1 ms
iteration 7, invalid size: 116 time: 0 ms
Update in 0 ms
iteration 8, invalid size: 37 time: 0 ms
Update in 1 ms
iteration 9, invalid size: 7 time: 0 ms
Update in 0 ms
iteration 10, invalid size: 2 time: 1 ms
Update in 0 ms
iteration 11, invalid size: 0 time: 0 ms
Complete in 722 ms
Total: 2051 ms, iteration count: 10
duration: 2320 ms
**********************************


GC = -XX:+UseParallelGC  -Xmx100g -Xms100g -XX:NewRatio=2 -XX:MaxGCPauseMillis=400 -XX:+PrintGC -XX:+PrintGCDetails -XX:+PrintGCTimeStamps -Xloggc:bin/ktruss/gc.log
JAR = /home/i/subgraph-mining/target/subgraph-mining-1.0-jar-with-dependencies.jar
Loading /home/i/graph-data/gowalla
Graph loaded, edges: 1900654, load time: 1220 ms
start ktruss with k = 10, threads = 11, method = 6 input: /home/i/graph-data/gowalla
create fonl in 390 ms
tc duration: 790 ms
iteration 1, invalid size: 639322 time: 66 ms
Update in 281 ms
iteration 2, invalid size: 60623 time: 10 ms
Update in 132 ms
iteration 3, invalid size: 11513 time: 1 ms
Update in 6 ms
iteration 4, invalid size: 3356 time: 0 ms
Update in 2 ms
iteration 5, invalid size: 1062 time: 0 ms
Update in 1 ms
iteration 6, invalid size: 379 time: 1 ms
Update in 0 ms
iteration 7, invalid size: 116 time: 0 ms
Update in 0 ms
iteration 8, invalid size: 37 time: 0 ms
Update in 0 ms
iteration 9, invalid size: 7 time: 2 ms
Update in 0 ms
iteration 10, invalid size: 2 time: 1 ms
Update in 0 ms
iteration 11, invalid size: 0 time: 1 ms
Complete in 726 ms
Total: 1906 ms, iteration count: 10
duration: 2218 ms
**********************************


GC = -XX:+UseParallelGC  -Xmx100g -Xms100g -XX:NewRatio=2 -XX:MaxGCPauseMillis=400 -XX:+PrintGC -XX:+PrintGCDetails -XX:+PrintGCTimeStamps -Xloggc:bin/ktruss/gc.log
JAR = /home/i/subgraph-mining/target/subgraph-mining-1.0-jar-with-dependencies.jar
Loading /home/i/graph-data/gowalla
Graph loaded, edges: 1900654, load time: 1322 ms
start ktruss with k = 10, threads = 12, method = 6 input: /home/i/graph-data/gowalla
create fonl in 306 ms
tc duration: 1112 ms
iteration 1, invalid size: 639322 time: 55 ms
Update in 808 ms
iteration 2, invalid size: 60623 time: 4 ms
Update in 115 ms
iteration 3, invalid size: 11513 time: 1 ms
Update in 24 ms
iteration 4, invalid size: 3356 time: 0 ms
Update in 7 ms
iteration 5, invalid size: 1062 time: 1 ms
Update in 2 ms
iteration 6, invalid size: 379 time: 0 ms
Update in 1 ms
iteration 7, invalid size: 116 time: 0 ms
Update in 1 ms
iteration 8, invalid size: 37 time: 0 ms
Update in 1 ms
iteration 9, invalid size: 7 time: 0 ms
Update in 0 ms
iteration 10, invalid size: 2 time: 1 ms
Update in 0 ms
iteration 11, invalid size: 0 time: 0 ms
Complete in 1250 ms
Total: 2668 ms, iteration count: 10
duration: 2969 ms
**********************************


