GC = -XX:+UseParallelGC  -Xmx100g -Xms100g -XX:NewRatio=2 -XX:MaxGCPauseMillis=400 -XX:+PrintGC -XX:+PrintGCDetails -XX:+PrintGCTimeStamps -Xloggc:bin/ktruss/gc.log
JAR = /home/i/subgraph-mining/target/subgraph-mining-1.0-jar-with-dependencies.jar
Loading /home/i/graph-data/live-journal
Graph loaded, triangleEdges: 34681189, load time: 20984 ms
start ktruss with kc = 10, threads = 1, method = 6 input: /home/i/graph-data/live-journal
create fonl in 2254 ms
tcArray duration: 83234 ms
iteration 1, invalid size: 16864360 time: 54 ms
Update in 30198 ms
iteration 2, invalid size: 2997609 time: 21 ms
Update in 7828 ms
iteration 3, invalid size: 945384 time: 1 ms
Update in 3268 ms
iteration 4, invalid size: 412375 time: 0 ms
Update in 1608 ms
iteration 5, invalid size: 210537 time: 0 ms
Update in 855 ms
iteration 6, invalid size: 118608 time: 0 ms
Update in 540 ms
iteration 7, invalid size: 71938 time: 0 ms
Update in 314 ms
iteration 8, invalid size: 45828 time: 1 ms
Update in 205 ms
iteration 9, invalid size: 30166 time: 0 ms
Update in 135 ms
iteration 10, invalid size: 19875 time: 0 ms
Update in 90 ms
iteration 11, invalid size: 13543 time: 0 ms
Update in 63 ms
iteration 12, invalid size: 9705 time: 0 ms
Update in 46 ms
iteration 13, invalid size: 6474 time: 0 ms
Update in 32 ms
iteration 14, invalid size: 4609 time: 1 ms
Update in 22 ms
iteration 15, invalid size: 3353 time: 1 ms
Update in 16 ms
iteration 16, invalid size: 2455 time: 0 ms
Update in 13 ms
iteration 17, invalid size: 1902 time: 0 ms
Update in 8 ms
iteration 18, invalid size: 1288 time: 0 ms
Update in 6 ms
iteration 19, invalid size: 912 time: 0 ms
Update in 4 ms
iteration 20, invalid size: 772 time: 1 ms
Update in 3 ms
iteration 21, invalid size: 593 time: 0 ms
Update in 2 ms
iteration 22, invalid size: 418 time: 0 ms
Update in 1 ms
iteration 23, invalid size: 283 time: 0 ms
Update in 1 ms
iteration 24, invalid size: 201 time: 0 ms
Update in 1 ms
iteration 25, invalid size: 195 time: 0 ms
Update in 1 ms
iteration 26, invalid size: 141 time: 0 ms
Update in 1 ms
iteration 27, invalid size: 96 time: 0 ms
Update in 0 ms
iteration 28, invalid size: 73 time: 0 ms
Update in 0 ms
iteration 29, invalid size: 65 time: 1 ms
Update in 0 ms
iteration 30, invalid size: 45 time: 0 ms
Update in 0 ms
iteration 31, invalid size: 18 time: 0 ms
Update in 1 ms
iteration 32, invalid size: 12 time: 0 ms
Update in 0 ms
iteration 33, invalid size: 16 time: 0 ms
Update in 0 ms
iteration 34, invalid size: 5 time: 0 ms
Update in 1 ms
iteration 35, invalid size: 4 time: 0 ms
Update in 0 ms
iteration 36, invalid size: 1 time: 0 ms
Update in 0 ms
iteration 37, invalid size: 1 time: 0 ms
Update in 0 ms
iteration 38, invalid size: 1 time: 0 ms
Update in 1 ms
iteration 39, invalid size: 1 time: 0 ms
Update in 0 ms
iteration 40, invalid size: 1 time: 1 ms
Update in 0 ms
iteration 41, invalid size: 4 time: 0 ms
Update in 0 ms
iteration 42, invalid size: 6 time: 0 ms
Update in 0 ms
iteration 43, invalid size: 2 time: 1 ms
Update in 0 ms
iteration 44, invalid size: 1 time: 0 ms
Update in 0 ms
iteration 45, invalid size: 0 time: 0 ms
Complete in 51726 ms
Total: 137214 ms, iteration count: 44
duration: 140152 ms
**********************************


GC = -XX:+UseParallelGC  -Xmx100g -Xms100g -XX:NewRatio=2 -XX:MaxGCPauseMillis=400 -XX:+PrintGC -XX:+PrintGCDetails -XX:+PrintGCTimeStamps -Xloggc:bin/ktruss/gc.log
JAR = /home/i/subgraph-mining/target/subgraph-mining-1.0-jar-with-dependencies.jar
Loading /home/i/graph-data/live-journal
Graph loaded, triangleEdges: 34681189, load time: 23188 ms
start ktruss with kc = 10, threads = 2, method = 6 input: /home/i/graph-data/live-journal
create fonl in 1195 ms
tcArray duration: 40260 ms
iteration 1, invalid size: 16864360 time: 45 ms
Update in 16264 ms
iteration 2, invalid size: 2997609 time: 22 ms
Update in 4462 ms
iteration 3, invalid size: 945384 time: 1 ms
Update in 1882 ms
iteration 4, invalid size: 412375 time: 1 ms
Update in 886 ms
iteration 5, invalid size: 210537 time: 0 ms
Update in 500 ms
iteration 6, invalid size: 118608 time: 0 ms
Update in 290 ms
iteration 7, invalid size: 71938 time: 0 ms
Update in 182 ms
iteration 8, invalid size: 45828 time: 1 ms
Update in 123 ms
iteration 9, invalid size: 30166 time: 0 ms
Update in 76 ms
iteration 10, invalid size: 19875 time: 0 ms
Update in 49 ms
iteration 11, invalid size: 13543 time: 0 ms
Update in 35 ms
iteration 12, invalid size: 9705 time: 0 ms
Update in 25 ms
iteration 13, invalid size: 6474 time: 0 ms
Update in 17 ms
iteration 14, invalid size: 4609 time: 1 ms
Update in 11 ms
iteration 15, invalid size: 3353 time: 1 ms
Update in 8 ms
iteration 16, invalid size: 2455 time: 0 ms
Update in 5 ms
iteration 17, invalid size: 1902 time: 0 ms
Update in 5 ms
iteration 18, invalid size: 1288 time: 0 ms
Update in 4 ms
iteration 19, invalid size: 912 time: 1 ms
Update in 8 ms
iteration 20, invalid size: 772 time: 0 ms
Update in 3 ms
iteration 21, invalid size: 593 time: 0 ms
Update in 4 ms
iteration 22, invalid size: 418 time: 1 ms
Update in 2 ms
iteration 23, invalid size: 283 time: 1 ms
Update in 3 ms
iteration 24, invalid size: 201 time: 0 ms
Update in 2 ms
iteration 25, invalid size: 195 time: 0 ms
Update in 2 ms
iteration 26, invalid size: 141 time: 0 ms
Update in 1 ms
iteration 27, invalid size: 96 time: 0 ms
Update in 1 ms
iteration 28, invalid size: 73 time: 0 ms
Update in 0 ms
iteration 29, invalid size: 65 time: 1 ms
Update in 0 ms
iteration 30, invalid size: 45 time: 0 ms
Update in 1 ms
iteration 31, invalid size: 18 time: 0 ms
Update in 0 ms
iteration 32, invalid size: 12 time: 0 ms
Update in 1 ms
iteration 33, invalid size: 16 time: 0 ms
Update in 0 ms
iteration 34, invalid size: 5 time: 0 ms
Update in 0 ms
iteration 35, invalid size: 4 time: 1 ms
Update in 0 ms
iteration 36, invalid size: 1 time: 0 ms
Update in 0 ms
iteration 37, invalid size: 1 time: 0 ms
Update in 1 ms
iteration 38, invalid size: 1 time: 0 ms
Update in 1 ms
iteration 39, invalid size: 1 time: 0 ms
Update in 0 ms
iteration 40, invalid size: 1 time: 0 ms
Update in 1 ms
iteration 41, invalid size: 4 time: 0 ms
Update in 0 ms
iteration 42, invalid size: 6 time: 0 ms
Update in 1 ms
iteration 43, invalid size: 2 time: 0 ms
Update in 1 ms
iteration 44, invalid size: 1 time: 0 ms
Update in 0 ms
iteration 45, invalid size: 0 time: 0 ms
Complete in 31423 ms
Total: 72878 ms, iteration count: 44
duration: 76105 ms
**********************************


GC = -XX:+UseParallelGC  -Xmx100g -Xms100g -XX:NewRatio=2 -XX:MaxGCPauseMillis=400 -XX:+PrintGC -XX:+PrintGCDetails -XX:+PrintGCTimeStamps -Xloggc:bin/ktruss/gc.log
JAR = /home/i/subgraph-mining/target/subgraph-mining-1.0-jar-with-dependencies.jar
Loading /home/i/graph-data/live-journal
Graph loaded, triangleEdges: 34681189, load time: 22284 ms
start ktruss with kc = 10, threads = 3, method = 6 input: /home/i/graph-data/live-journal
create fonl in 931 ms
tcArray duration: 29279 ms
iteration 1, invalid size: 16864360 time: 51 ms
Update in 11360 ms
iteration 2, invalid size: 2997609 time: 22 ms
Update in 2958 ms
iteration 3, invalid size: 945384 time: 1 ms
Update in 1289 ms
iteration 4, invalid size: 412375 time: 1 ms
Update in 611 ms
iteration 5, invalid size: 210537 time: 1 ms
Update in 337 ms
iteration 6, invalid size: 118608 time: 0 ms
Update in 218 ms
iteration 7, invalid size: 71938 time: 1 ms
Update in 142 ms
iteration 8, invalid size: 45828 time: 1 ms
Update in 94 ms
iteration 9, invalid size: 30166 time: 0 ms
Update in 61 ms
iteration 10, invalid size: 19875 time: 4 ms
Update in 41 ms
iteration 11, invalid size: 13543 time: 1 ms
Update in 29 ms
iteration 12, invalid size: 9705 time: 1 ms
Update in 21 ms
iteration 13, invalid size: 6474 time: 0 ms
Update in 15 ms
iteration 14, invalid size: 4609 time: 0 ms
Update in 11 ms
iteration 15, invalid size: 3353 time: 0 ms
Update in 8 ms
iteration 16, invalid size: 2455 time: 0 ms
Update in 6 ms
iteration 17, invalid size: 1902 time: 0 ms
Update in 4 ms
iteration 18, invalid size: 1288 time: 0 ms
Update in 3 ms
iteration 19, invalid size: 912 time: 0 ms
Update in 2 ms
iteration 20, invalid size: 772 time: 1 ms
Update in 1 ms
iteration 21, invalid size: 593 time: 0 ms
Update in 1 ms
iteration 22, invalid size: 418 time: 0 ms
Update in 1 ms
iteration 23, invalid size: 283 time: 0 ms
Update in 0 ms
iteration 24, invalid size: 201 time: 1 ms
Update in 0 ms
iteration 25, invalid size: 195 time: 1 ms
Update in 0 ms
iteration 26, invalid size: 141 time: 0 ms
Update in 1 ms
iteration 27, invalid size: 96 time: 0 ms
Update in 1 ms
iteration 28, invalid size: 73 time: 0 ms
Update in 0 ms
iteration 29, invalid size: 65 time: 0 ms
Update in 1 ms
iteration 30, invalid size: 45 time: 0 ms
Update in 0 ms
iteration 31, invalid size: 18 time: 0 ms
Update in 1 ms
iteration 32, invalid size: 12 time: 0 ms
Update in 0 ms
iteration 33, invalid size: 16 time: 0 ms
Update in 0 ms
iteration 34, invalid size: 5 time: 0 ms
Update in 1 ms
iteration 35, invalid size: 4 time: 0 ms
Update in 0 ms
iteration 36, invalid size: 1 time: 1 ms
Update in 0 ms
iteration 37, invalid size: 1 time: 0 ms
Update in 0 ms
iteration 38, invalid size: 1 time: 0 ms
Update in 1 ms
iteration 39, invalid size: 1 time: 0 ms
Update in 0 ms
iteration 40, invalid size: 1 time: 0 ms
Update in 1 ms
iteration 41, invalid size: 4 time: 0 ms
Update in 0 ms
iteration 42, invalid size: 6 time: 0 ms
Update in 0 ms
iteration 43, invalid size: 2 time: 1 ms
Update in 0 ms
iteration 44, invalid size: 1 time: 0 ms
Update in 1 ms
iteration 45, invalid size: 0 time: 0 ms
Complete in 23575 ms
Total: 53785 ms, iteration count: 44
duration: 56591 ms
**********************************


GC = -XX:+UseParallelGC  -Xmx100g -Xms100g -XX:NewRatio=2 -XX:MaxGCPauseMillis=400 -XX:+PrintGC -XX:+PrintGCDetails -XX:+PrintGCTimeStamps -Xloggc:bin/ktruss/gc.log
JAR = /home/i/subgraph-mining/target/subgraph-mining-1.0-jar-with-dependencies.jar
Loading /home/i/graph-data/live-journal
Graph loaded, triangleEdges: 34681189, load time: 21402 ms
start ktruss with kc = 10, threads = 4, method = 6 input: /home/i/graph-data/live-journal
create fonl in 754 ms
tcArray duration: 24911 ms
iteration 1, invalid size: 16864360 time: 53 ms
Update in 10419 ms
iteration 2, invalid size: 2997609 time: 29 ms
Update in 2932 ms
iteration 3, invalid size: 945384 time: 2 ms
Update in 1041 ms
iteration 4, invalid size: 412375 time: 1 ms
Update in 519 ms
iteration 5, invalid size: 210537 time: 1 ms
Update in 327 ms
iteration 6, invalid size: 118608 time: 0 ms
Update in 156 ms
iteration 7, invalid size: 71938 time: 1 ms
Update in 116 ms
iteration 8, invalid size: 45828 time: 0 ms
Update in 60 ms
iteration 9, invalid size: 30166 time: 0 ms
Update in 43 ms
iteration 10, invalid size: 19875 time: 0 ms
Update in 33 ms
iteration 11, invalid size: 13543 time: 1 ms
Update in 23 ms
iteration 12, invalid size: 9705 time: 0 ms
Update in 16 ms
iteration 13, invalid size: 6474 time: 0 ms
Update in 9 ms
iteration 14, invalid size: 4609 time: 1 ms
Update in 8 ms
iteration 15, invalid size: 3353 time: 0 ms
Update in 6 ms
iteration 16, invalid size: 2455 time: 1 ms
Update in 3 ms
iteration 17, invalid size: 1902 time: 0 ms
Update in 3 ms
iteration 18, invalid size: 1288 time: 0 ms
Update in 2 ms
iteration 19, invalid size: 912 time: 0 ms
Update in 2 ms
iteration 20, invalid size: 772 time: 0 ms
Update in 2 ms
iteration 21, invalid size: 593 time: 0 ms
Update in 1 ms
iteration 22, invalid size: 418 time: 0 ms
Update in 1 ms
iteration 23, invalid size: 283 time: 0 ms
Update in 1 ms
iteration 24, invalid size: 201 time: 0 ms
Update in 1 ms
iteration 25, invalid size: 195 time: 1 ms
Update in 0 ms
iteration 26, invalid size: 141 time: 1 ms
Update in 0 ms
iteration 27, invalid size: 96 time: 1 ms
Update in 0 ms
iteration 28, invalid size: 73 time: 0 ms
Update in 1 ms
iteration 29, invalid size: 65 time: 0 ms
Update in 1 ms
iteration 30, invalid size: 45 time: 1 ms
Update in 0 ms
iteration 31, invalid size: 18 time: 0 ms
Update in 0 ms
iteration 32, invalid size: 12 time: 1 ms
Update in 0 ms
iteration 33, invalid size: 16 time: 1 ms
Update in 0 ms
iteration 34, invalid size: 5 time: 1 ms
Update in 0 ms
iteration 35, invalid size: 4 time: 0 ms
Update in 1 ms
iteration 36, invalid size: 1 time: 0 ms
Update in 1 ms
iteration 37, invalid size: 1 time: 1 ms
Update in 0 ms
iteration 38, invalid size: 1 time: 0 ms
Update in 0 ms
iteration 39, invalid size: 1 time: 0 ms
Update in 1 ms
iteration 40, invalid size: 1 time: 0 ms
Update in 0 ms
iteration 41, invalid size: 4 time: 0 ms
Update in 1 ms
iteration 42, invalid size: 6 time: 0 ms
Update in 0 ms
iteration 43, invalid size: 2 time: 0 ms
Update in 0 ms
iteration 44, invalid size: 1 time: 0 ms
Update in 0 ms
iteration 45, invalid size: 0 time: 0 ms
Complete in 22268 ms
Total: 47933 ms, iteration count: 44
duration: 50652 ms
**********************************


GC = -XX:+UseParallelGC  -Xmx100g -Xms100g -XX:NewRatio=2 -XX:MaxGCPauseMillis=400 -XX:+PrintGC -XX:+PrintGCDetails -XX:+PrintGCTimeStamps -Xloggc:bin/ktruss/gc.log
JAR = /home/i/subgraph-mining/target/subgraph-mining-1.0-jar-with-dependencies.jar
Loading /home/i/graph-data/live-journal
Graph loaded, triangleEdges: 34681189, load time: 22343 ms
start ktruss with kc = 10, threads = 5, method = 6 input: /home/i/graph-data/live-journal
create fonl in 693 ms
tcArray duration: 21327 ms
iteration 1, invalid size: 16864360 time: 61 ms
Update in 8352 ms
iteration 2, invalid size: 2997609 time: 33 ms
Update in 2468 ms
iteration 3, invalid size: 945384 time: 1 ms
Update in 899 ms
iteration 4, invalid size: 412375 time: 1 ms
Update in 488 ms
iteration 5, invalid size: 210537 time: 1 ms
Update in 241 ms
iteration 6, invalid size: 118608 time: 0 ms
Update in 148 ms
iteration 7, invalid size: 71938 time: 1 ms
Update in 99 ms
iteration 8, invalid size: 45828 time: 1 ms
Update in 61 ms
iteration 9, invalid size: 30166 time: 0 ms
Update in 36 ms
iteration 10, invalid size: 19875 time: 0 ms
Update in 24 ms
iteration 11, invalid size: 13543 time: 1 ms
Update in 16 ms
iteration 12, invalid size: 9705 time: 1 ms
Update in 13 ms
iteration 13, invalid size: 6474 time: 0 ms
Update in 10 ms
iteration 14, invalid size: 4609 time: 0 ms
Update in 7 ms
iteration 15, invalid size: 3353 time: 1 ms
Update in 5 ms
iteration 16, invalid size: 2455 time: 0 ms
Update in 4 ms
iteration 17, invalid size: 1902 time: 0 ms
Update in 3 ms
iteration 18, invalid size: 1288 time: 0 ms
Update in 2 ms
iteration 19, invalid size: 912 time: 1 ms
Update in 2 ms
iteration 20, invalid size: 772 time: 1 ms
Update in 1 ms
iteration 21, invalid size: 593 time: 0 ms
Update in 1 ms
iteration 22, invalid size: 418 time: 0 ms
Update in 1 ms
iteration 23, invalid size: 283 time: 0 ms
Update in 1 ms
iteration 24, invalid size: 201 time: 0 ms
Update in 1 ms
iteration 25, invalid size: 195 time: 0 ms
Update in 1 ms
iteration 26, invalid size: 141 time: 0 ms
Update in 1 ms
iteration 27, invalid size: 96 time: 0 ms
Update in 1 ms
iteration 28, invalid size: 73 time: 0 ms
Update in 1 ms
iteration 29, invalid size: 65 time: 0 ms
Update in 1 ms
iteration 30, invalid size: 45 time: 0 ms
Update in 0 ms
iteration 31, invalid size: 18 time: 0 ms
Update in 1 ms
iteration 32, invalid size: 12 time: 0 ms
Update in 1 ms
iteration 33, invalid size: 16 time: 1 ms
Update in 0 ms
iteration 34, invalid size: 5 time: 0 ms
Update in 1 ms
iteration 35, invalid size: 4 time: 0 ms
Update in 1 ms
iteration 36, invalid size: 1 time: 0 ms
Update in 1 ms
iteration 37, invalid size: 1 time: 0 ms
Update in 0 ms
iteration 38, invalid size: 1 time: 1 ms
Update in 0 ms
iteration 39, invalid size: 1 time: 1 ms
Update in 0 ms
iteration 40, invalid size: 1 time: 0 ms
Update in 0 ms
iteration 41, invalid size: 4 time: 0 ms
Update in 0 ms
iteration 42, invalid size: 6 time: 0 ms
Update in 1 ms
iteration 43, invalid size: 2 time: 0 ms
Update in 0 ms
iteration 44, invalid size: 1 time: 0 ms
Update in 1 ms
iteration 45, invalid size: 0 time: 0 ms
Complete in 19405 ms
Total: 41425 ms, iteration count: 44
duration: 44106 ms
**********************************


GC = -XX:+UseParallelGC  -Xmx100g -Xms100g -XX:NewRatio=2 -XX:MaxGCPauseMillis=400 -XX:+PrintGC -XX:+PrintGCDetails -XX:+PrintGCTimeStamps -Xloggc:bin/ktruss/gc.log
JAR = /home/i/subgraph-mining/target/subgraph-mining-1.0-jar-with-dependencies.jar
Loading /home/i/graph-data/live-journal
Graph loaded, triangleEdges: 34681189, load time: 23254 ms
start ktruss with kc = 10, threads = 6, method = 6 input: /home/i/graph-data/live-journal
create fonl in 621 ms
tcArray duration: 19153 ms
iteration 1, invalid size: 16864360 time: 71 ms
Update in 8054 ms
iteration 2, invalid size: 2997609 time: 31 ms
Update in 2009 ms
iteration 3, invalid size: 945384 time: 0 ms
Update in 740 ms
iteration 4, invalid size: 412375 time: 1 ms
Update in 429 ms
iteration 5, invalid size: 210537 time: 0 ms
Update in 203 ms
iteration 6, invalid size: 118608 time: 1 ms
Update in 132 ms
iteration 7, invalid size: 71938 time: 0 ms
Update in 78 ms
iteration 8, invalid size: 45828 time: 0 ms
Update in 45 ms
iteration 9, invalid size: 30166 time: 0 ms
Update in 34 ms
iteration 10, invalid size: 19875 time: 0 ms
Update in 20 ms
iteration 11, invalid size: 13543 time: 1 ms
Update in 15 ms
iteration 12, invalid size: 9705 time: 1 ms
Update in 12 ms
iteration 13, invalid size: 6474 time: 1 ms
Update in 7 ms
iteration 14, invalid size: 4609 time: 1 ms
Update in 5 ms
iteration 15, invalid size: 3353 time: 0 ms
Update in 4 ms
iteration 16, invalid size: 2455 time: 0 ms
Update in 3 ms
iteration 17, invalid size: 1902 time: 1 ms
Update in 3 ms
iteration 18, invalid size: 1288 time: 0 ms
Update in 2 ms
iteration 19, invalid size: 912 time: 0 ms
Update in 3 ms
iteration 20, invalid size: 772 time: 0 ms
Update in 1 ms
iteration 21, invalid size: 593 time: 1 ms
Update in 1 ms
iteration 22, invalid size: 418 time: 0 ms
Update in 1 ms
iteration 23, invalid size: 283 time: 1 ms
Update in 0 ms
iteration 24, invalid size: 201 time: 0 ms
Update in 1 ms
iteration 25, invalid size: 195 time: 0 ms
Update in 1 ms
iteration 26, invalid size: 141 time: 0 ms
Update in 0 ms
iteration 27, invalid size: 96 time: 0 ms
Update in 0 ms
iteration 28, invalid size: 73 time: 0 ms
Update in 0 ms
iteration 29, invalid size: 65 time: 1 ms
Update in 0 ms
iteration 30, invalid size: 45 time: 0 ms
Update in 1 ms
iteration 31, invalid size: 18 time: 0 ms
Update in 0 ms
iteration 32, invalid size: 12 time: 1 ms
Update in 0 ms
iteration 33, invalid size: 16 time: 0 ms
Update in 0 ms
iteration 34, invalid size: 5 time: 0 ms
Update in 1 ms
iteration 35, invalid size: 4 time: 0 ms
Update in 0 ms
iteration 36, invalid size: 1 time: 2 ms
Update in 0 ms
iteration 37, invalid size: 1 time: 1 ms
Update in 0 ms
iteration 38, invalid size: 1 time: 0 ms
Update in 0 ms
iteration 39, invalid size: 1 time: 1 ms
Update in 0 ms
iteration 40, invalid size: 1 time: 0 ms
Update in 1 ms
iteration 41, invalid size: 4 time: 0 ms
Update in 1 ms
iteration 42, invalid size: 6 time: 0 ms
Update in 0 ms
iteration 43, invalid size: 2 time: 0 ms
Update in 1 ms
iteration 44, invalid size: 1 time: 0 ms
Update in 0 ms
iteration 45, invalid size: 0 time: 0 ms
Complete in 18471 ms
Total: 38245 ms, iteration count: 44
duration: 41000 ms
**********************************


GC = -XX:+UseParallelGC  -Xmx100g -Xms100g -XX:NewRatio=2 -XX:MaxGCPauseMillis=400 -XX:+PrintGC -XX:+PrintGCDetails -XX:+PrintGCTimeStamps -Xloggc:bin/ktruss/gc.log
JAR = /home/i/subgraph-mining/target/subgraph-mining-1.0-jar-with-dependencies.jar
Loading /home/i/graph-data/live-journal
Graph loaded, triangleEdges: 34681189, load time: 21163 ms
start ktruss with kc = 10, threads = 7, method = 6 input: /home/i/graph-data/live-journal
create fonl in 590 ms
tcArray duration: 18985 ms
iteration 1, invalid size: 16864360 time: 61 ms
Update in 6835 ms
iteration 2, invalid size: 2997609 time: 66 ms
Update in 1807 ms
iteration 3, invalid size: 945384 time: 1 ms
Update in 754 ms
iteration 4, invalid size: 412375 time: 1 ms
Update in 417 ms
iteration 5, invalid size: 210537 time: 0 ms
Update in 194 ms
iteration 6, invalid size: 118608 time: 0 ms
Update in 116 ms
iteration 7, invalid size: 71938 time: 1 ms
Update in 69 ms
iteration 8, invalid size: 45828 time: 0 ms
Update in 45 ms
iteration 9, invalid size: 30166 time: 0 ms
Update in 31 ms
iteration 10, invalid size: 19875 time: 1 ms
Update in 20 ms
iteration 11, invalid size: 13543 time: 0 ms
Update in 15 ms
iteration 12, invalid size: 9705 time: 0 ms
Update in 10 ms
iteration 13, invalid size: 6474 time: 1 ms
Update in 7 ms
iteration 14, invalid size: 4609 time: 0 ms
Update in 6 ms
iteration 15, invalid size: 3353 time: 1 ms
Update in 4 ms
iteration 16, invalid size: 2455 time: 1 ms
Update in 3 ms
iteration 17, invalid size: 1902 time: 1 ms
Update in 2 ms
iteration 18, invalid size: 1288 time: 2 ms
Update in 1 ms
iteration 19, invalid size: 912 time: 1 ms
Update in 1 ms
iteration 20, invalid size: 772 time: 1 ms
Update in 1 ms
iteration 21, invalid size: 593 time: 0 ms
Update in 1 ms
iteration 22, invalid size: 418 time: 0 ms
Update in 1 ms
iteration 23, invalid size: 283 time: 0 ms
Update in 1 ms
iteration 24, invalid size: 201 time: 0 ms
Update in 0 ms
iteration 25, invalid size: 195 time: 1 ms
Update in 0 ms
iteration 26, invalid size: 141 time: 0 ms
Update in 1 ms
iteration 27, invalid size: 96 time: 0 ms
Update in 0 ms
iteration 28, invalid size: 73 time: 0 ms
Update in 0 ms
iteration 29, invalid size: 65 time: 0 ms
Update in 0 ms
iteration 30, invalid size: 45 time: 0 ms
Update in 1 ms
iteration 31, invalid size: 18 time: 0 ms
Update in 1 ms
iteration 32, invalid size: 12 time: 0 ms
Update in 0 ms
iteration 33, invalid size: 16 time: 1 ms
Update in 1 ms
iteration 34, invalid size: 5 time: 0 ms
Update in 0 ms
iteration 35, invalid size: 4 time: 1 ms
Update in 0 ms
iteration 36, invalid size: 1 time: 1 ms
Update in 0 ms
iteration 37, invalid size: 1 time: 0 ms
Update in 1 ms
iteration 38, invalid size: 1 time: 1 ms
Update in 0 ms
iteration 39, invalid size: 1 time: 0 ms
Update in 1 ms
iteration 40, invalid size: 1 time: 0 ms
Update in 1 ms
iteration 41, invalid size: 4 time: 0 ms
Update in 0 ms
iteration 42, invalid size: 6 time: 1 ms
Update in 0 ms
iteration 43, invalid size: 2 time: 0 ms
Update in 1 ms
iteration 44, invalid size: 1 time: 0 ms
Update in 0 ms
iteration 45, invalid size: 0 time: 0 ms
Complete in 17043 ms
Total: 36618 ms, iteration count: 44
duration: 39568 ms
**********************************


GC = -XX:+UseParallelGC  -Xmx100g -Xms100g -XX:NewRatio=2 -XX:MaxGCPauseMillis=400 -XX:+PrintGC -XX:+PrintGCDetails -XX:+PrintGCTimeStamps -Xloggc:bin/ktruss/gc.log
JAR = /home/i/subgraph-mining/target/subgraph-mining-1.0-jar-with-dependencies.jar
Loading /home/i/graph-data/live-journal
Graph loaded, triangleEdges: 34681189, load time: 21899 ms
start ktruss with kc = 10, threads = 8, method = 6 input: /home/i/graph-data/live-journal
create fonl in 555 ms
tcArray duration: 17923 ms
iteration 1, invalid size: 16864360 time: 132 ms
Update in 6417 ms
iteration 2, invalid size: 2997609 time: 24 ms
Update in 1790 ms
iteration 3, invalid size: 945384 time: 1 ms
Update in 576 ms
iteration 4, invalid size: 412375 time: 1 ms
Update in 320 ms
iteration 5, invalid size: 210537 time: 1 ms
Update in 161 ms
iteration 6, invalid size: 118608 time: 0 ms
Update in 99 ms
iteration 7, invalid size: 71938 time: 1 ms
Update in 67 ms
iteration 8, invalid size: 45828 time: 1 ms
Update in 40 ms
iteration 9, invalid size: 30166 time: 0 ms
Update in 28 ms
iteration 10, invalid size: 19875 time: 1 ms
Update in 18 ms
iteration 11, invalid size: 13543 time: 1 ms
Update in 12 ms
iteration 12, invalid size: 9705 time: 0 ms
Update in 9 ms
iteration 13, invalid size: 6474 time: 0 ms
Update in 7 ms
iteration 14, invalid size: 4609 time: 0 ms
Update in 4 ms
iteration 15, invalid size: 3353 time: 1 ms
Update in 3 ms
iteration 16, invalid size: 2455 time: 1 ms
Update in 2 ms
iteration 17, invalid size: 1902 time: 1 ms
Update in 2 ms
iteration 18, invalid size: 1288 time: 0 ms
Update in 1 ms
iteration 19, invalid size: 912 time: 1 ms
Update in 1 ms
iteration 20, invalid size: 772 time: 1 ms
Update in 0 ms
iteration 21, invalid size: 593 time: 1 ms
Update in 1 ms
iteration 22, invalid size: 418 time: 0 ms
Update in 1 ms
iteration 23, invalid size: 283 time: 0 ms
Update in 0 ms
iteration 24, invalid size: 201 time: 0 ms
Update in 1 ms
iteration 25, invalid size: 195 time: 0 ms
Update in 1 ms
iteration 26, invalid size: 141 time: 0 ms
Update in 0 ms
iteration 27, invalid size: 96 time: 1 ms
Update in 0 ms
iteration 28, invalid size: 73 time: 0 ms
Update in 1 ms
iteration 29, invalid size: 65 time: 0 ms
Update in 1 ms
iteration 30, invalid size: 45 time: 0 ms
Update in 0 ms
iteration 31, invalid size: 18 time: 0 ms
Update in 1 ms
iteration 32, invalid size: 12 time: 0 ms
Update in 0 ms
iteration 33, invalid size: 16 time: 0 ms
Update in 1 ms
iteration 34, invalid size: 5 time: 0 ms
Update in 1 ms
iteration 35, invalid size: 4 time: 0 ms
Update in 0 ms
iteration 36, invalid size: 1 time: 0 ms
Update in 1 ms
iteration 37, invalid size: 1 time: 0 ms
Update in 0 ms
iteration 38, invalid size: 1 time: 1 ms
Update in 0 ms
iteration 39, invalid size: 1 time: 1 ms
Update in 0 ms
iteration 40, invalid size: 1 time: 0 ms
Update in 0 ms
iteration 41, invalid size: 4 time: 1 ms
Update in 0 ms
iteration 42, invalid size: 6 time: 0 ms
Update in 0 ms
iteration 43, invalid size: 2 time: 0 ms
Update in 0 ms
iteration 44, invalid size: 1 time: 0 ms
Update in 0 ms
iteration 45, invalid size: 0 time: 0 ms
Complete in 16127 ms
Total: 34605 ms, iteration count: 44
duration: 37637 ms
**********************************


GC = -XX:+UseParallelGC  -Xmx100g -Xms100g -XX:NewRatio=2 -XX:MaxGCPauseMillis=400 -XX:+PrintGC -XX:+PrintGCDetails -XX:+PrintGCTimeStamps -Xloggc:bin/ktruss/gc.log
JAR = /home/i/subgraph-mining/target/subgraph-mining-1.0-jar-with-dependencies.jar
Loading /home/i/graph-data/live-journal
Graph loaded, triangleEdges: 34681189, load time: 21710 ms
start ktruss with kc = 10, threads = 9, method = 6 input: /home/i/graph-data/live-journal
create fonl in 530 ms
tcArray duration: 16883 ms
iteration 1, invalid size: 16864360 time: 151 ms
Update in 7228 ms
iteration 2, invalid size: 2997609 time: 111 ms
Update in 1691 ms
iteration 3, invalid size: 945384 time: 1 ms
Update in 580 ms
iteration 4, invalid size: 412375 time: 0 ms
Update in 325 ms
iteration 5, invalid size: 210537 time: 1 ms
Update in 158 ms
iteration 6, invalid size: 118608 time: 1 ms
Update in 95 ms
iteration 7, invalid size: 71938 time: 1 ms
Update in 56 ms
iteration 8, invalid size: 45828 time: 1 ms
Update in 36 ms
iteration 9, invalid size: 30166 time: 1 ms
Update in 23 ms
iteration 10, invalid size: 19875 time: 0 ms
Update in 17 ms
iteration 11, invalid size: 13543 time: 0 ms
Update in 12 ms
iteration 12, invalid size: 9705 time: 0 ms
Update in 9 ms
iteration 13, invalid size: 6474 time: 0 ms
Update in 6 ms
iteration 14, invalid size: 4609 time: 0 ms
Update in 5 ms
iteration 15, invalid size: 3353 time: 0 ms
Update in 4 ms
iteration 16, invalid size: 2455 time: 0 ms
Update in 3 ms
iteration 17, invalid size: 1902 time: 1 ms
Update in 1 ms
iteration 18, invalid size: 1288 time: 0 ms
Update in 1 ms
iteration 19, invalid size: 912 time: 1 ms
Update in 1 ms
iteration 20, invalid size: 772 time: 1 ms
Update in 1 ms
iteration 21, invalid size: 593 time: 0 ms
Update in 1 ms
iteration 22, invalid size: 418 time: 0 ms
Update in 1 ms
iteration 23, invalid size: 283 time: 0 ms
Update in 1 ms
iteration 24, invalid size: 201 time: 0 ms
Update in 0 ms
iteration 25, invalid size: 195 time: 0 ms
Update in 1 ms
iteration 26, invalid size: 141 time: 0 ms
Update in 1 ms
iteration 27, invalid size: 96 time: 0 ms
Update in 0 ms
iteration 28, invalid size: 73 time: 1 ms
Update in 0 ms
iteration 29, invalid size: 65 time: 1 ms
Update in 0 ms
iteration 30, invalid size: 45 time: 0 ms
Update in 1 ms
iteration 31, invalid size: 18 time: 0 ms
Update in 1 ms
iteration 32, invalid size: 12 time: 0 ms
Update in 0 ms
iteration 33, invalid size: 16 time: 1 ms
Update in 0 ms
iteration 34, invalid size: 5 time: 1 ms
Update in 0 ms
iteration 35, invalid size: 4 time: 0 ms
Update in 1 ms
iteration 36, invalid size: 1 time: 0 ms
Update in 0 ms
iteration 37, invalid size: 1 time: 1 ms
Update in 0 ms
iteration 38, invalid size: 1 time: 1 ms
Update in 0 ms
iteration 39, invalid size: 1 time: 1 ms
Update in 0 ms
iteration 40, invalid size: 1 time: 0 ms
Update in 0 ms
iteration 41, invalid size: 4 time: 0 ms
Update in 0 ms
iteration 42, invalid size: 6 time: 0 ms
Update in 1 ms
iteration 43, invalid size: 2 time: 0 ms
Update in 0 ms
iteration 44, invalid size: 1 time: 1 ms
Update in 0 ms
iteration 45, invalid size: 0 time: 1 ms
Complete in 17100 ms
Total: 34513 ms, iteration count: 44
duration: 37500 ms
**********************************


GC = -XX:+UseParallelGC  -Xmx100g -Xms100g -XX:NewRatio=2 -XX:MaxGCPauseMillis=400 -XX:+PrintGC -XX:+PrintGCDetails -XX:+PrintGCTimeStamps -Xloggc:bin/ktruss/gc.log
JAR = /home/i/subgraph-mining/target/subgraph-mining-1.0-jar-with-dependencies.jar
Loading /home/i/graph-data/live-journal
Graph loaded, triangleEdges: 34681189, load time: 22195 ms
start ktruss with kc = 10, threads = 10, method = 6 input: /home/i/graph-data/live-journal
create fonl in 538 ms
tcArray duration: 14344 ms
iteration 1, invalid size: 16864360 time: 171 ms
Update in 6103 ms
iteration 2, invalid size: 2997609 time: 76 ms
Update in 1671 ms
iteration 3, invalid size: 945384 time: 1 ms
Update in 581 ms
iteration 4, invalid size: 412375 time: 1 ms
Update in 284 ms
iteration 5, invalid size: 210537 time: 0 ms
Update in 157 ms
iteration 6, invalid size: 118608 time: 1 ms
Update in 96 ms
iteration 7, invalid size: 71938 time: 0 ms
Update in 53 ms
iteration 8, invalid size: 45828 time: 0 ms
Update in 38 ms
iteration 9, invalid size: 30166 time: 0 ms
Update in 25 ms
iteration 10, invalid size: 19875 time: 1 ms
Update in 15 ms
iteration 11, invalid size: 13543 time: 1 ms
Update in 11 ms
iteration 12, invalid size: 9705 time: 1 ms
Update in 7 ms
iteration 13, invalid size: 6474 time: 0 ms
Update in 7 ms
iteration 14, invalid size: 4609 time: 1 ms
Update in 5 ms
iteration 15, invalid size: 3353 time: 1 ms
Update in 3 ms
iteration 16, invalid size: 2455 time: 0 ms
Update in 3 ms
iteration 17, invalid size: 1902 time: 1 ms
Update in 1 ms
iteration 18, invalid size: 1288 time: 0 ms
Update in 2 ms
iteration 19, invalid size: 912 time: 0 ms
Update in 2 ms
iteration 20, invalid size: 772 time: 0 ms
Update in 1 ms
iteration 21, invalid size: 593 time: 0 ms
Update in 1 ms
iteration 22, invalid size: 418 time: 1 ms
Update in 0 ms
iteration 23, invalid size: 283 time: 1 ms
Update in 1 ms
iteration 24, invalid size: 201 time: 0 ms
Update in 0 ms
iteration 25, invalid size: 195 time: 1 ms
Update in 0 ms
iteration 26, invalid size: 141 time: 1 ms
Update in 0 ms
iteration 27, invalid size: 96 time: 1 ms
Update in 0 ms
iteration 28, invalid size: 73 time: 0 ms
Update in 1 ms
iteration 29, invalid size: 65 time: 0 ms
Update in 0 ms
iteration 30, invalid size: 45 time: 0 ms
Update in 1 ms
iteration 31, invalid size: 18 time: 1 ms
Update in 1 ms
iteration 32, invalid size: 12 time: 0 ms
Update in 0 ms
iteration 33, invalid size: 16 time: 0 ms
Update in 0 ms
iteration 34, invalid size: 5 time: 1 ms
Update in 0 ms
iteration 35, invalid size: 4 time: 0 ms
Update in 0 ms
iteration 36, invalid size: 1 time: 1 ms
Update in 0 ms
iteration 37, invalid size: 1 time: 0 ms
Update in 1 ms
iteration 38, invalid size: 1 time: 0 ms
Update in 0 ms
iteration 39, invalid size: 1 time: 1 ms
Update in 1 ms
iteration 40, invalid size: 1 time: 0 ms
Update in 0 ms
iteration 41, invalid size: 4 time: 0 ms
Update in 0 ms
iteration 42, invalid size: 6 time: 0 ms
Update in 0 ms
iteration 43, invalid size: 2 time: 0 ms
Update in 0 ms
iteration 44, invalid size: 1 time: 0 ms
Update in 0 ms
iteration 45, invalid size: 0 time: 0 ms
Complete in 15801 ms
Total: 30683 ms, iteration count: 44
duration: 33683 ms
**********************************


GC = -XX:+UseParallelGC  -Xmx100g -Xms100g -XX:NewRatio=2 -XX:MaxGCPauseMillis=400 -XX:+PrintGC -XX:+PrintGCDetails -XX:+PrintGCTimeStamps -Xloggc:bin/ktruss/gc.log
JAR = /home/i/subgraph-mining/target/subgraph-mining-1.0-jar-with-dependencies.jar
Loading /home/i/graph-data/live-journal
Graph loaded, triangleEdges: 34681189, load time: 22700 ms
start ktruss with kc = 10, threads = 11, method = 6 input: /home/i/graph-data/live-journal
create fonl in 535 ms
tcArray duration: 15342 ms
iteration 1, invalid size: 16864360 time: 208 ms
Update in 5728 ms
iteration 2, invalid size: 2997609 time: 13 ms
Update in 1642 ms
iteration 3, invalid size: 945384 time: 1 ms
Update in 521 ms
iteration 4, invalid size: 412375 time: 1 ms
Update in 253 ms
iteration 5, invalid size: 210537 time: 0 ms
Update in 133 ms
iteration 6, invalid size: 118608 time: 1 ms
Update in 114 ms
iteration 7, invalid size: 71938 time: 0 ms
Update in 55 ms
iteration 8, invalid size: 45828 time: 0 ms
Update in 40 ms
iteration 9, invalid size: 30166 time: 1 ms
Update in 27 ms
iteration 10, invalid size: 19875 time: 1 ms
Update in 19 ms
iteration 11, invalid size: 13543 time: 0 ms
Update in 11 ms
iteration 12, invalid size: 9705 time: 1 ms
Update in 8 ms
iteration 13, invalid size: 6474 time: 0 ms
Update in 5 ms
iteration 14, invalid size: 4609 time: 1 ms
Update in 4 ms
iteration 15, invalid size: 3353 time: 1 ms
Update in 3 ms
iteration 16, invalid size: 2455 time: 0 ms
Update in 3 ms
iteration 17, invalid size: 1902 time: 0 ms
Update in 2 ms
iteration 18, invalid size: 1288 time: 1 ms
Update in 2 ms
iteration 19, invalid size: 912 time: 1 ms
Update in 1 ms
iteration 20, invalid size: 772 time: 1 ms
Update in 1 ms
iteration 21, invalid size: 593 time: 0 ms
Update in 1 ms
iteration 22, invalid size: 418 time: 0 ms
Update in 1 ms
iteration 23, invalid size: 283 time: 1 ms
Update in 0 ms
iteration 24, invalid size: 201 time: 1 ms
Update in 1 ms
iteration 25, invalid size: 195 time: 1 ms
Update in 0 ms
iteration 26, invalid size: 141 time: 1 ms
Update in 1 ms
iteration 27, invalid size: 96 time: 1 ms
Update in 0 ms
iteration 28, invalid size: 73 time: 0 ms
Update in 0 ms
iteration 29, invalid size: 65 time: 1 ms
Update in 0 ms
iteration 30, invalid size: 45 time: 0 ms
Update in 1 ms
iteration 31, invalid size: 18 time: 0 ms
Update in 0 ms
iteration 32, invalid size: 12 time: 0 ms
Update in 0 ms
iteration 33, invalid size: 16 time: 1 ms
Update in 0 ms
iteration 34, invalid size: 5 time: 1 ms
Update in 0 ms
iteration 35, invalid size: 4 time: 1 ms
Update in 0 ms
iteration 36, invalid size: 1 time: 0 ms
Update in 0 ms
iteration 37, invalid size: 1 time: 1 ms
Update in 1 ms
iteration 38, invalid size: 1 time: 1 ms
Update in 0 ms
iteration 39, invalid size: 1 time: 0 ms
Update in 1 ms
iteration 40, invalid size: 1 time: 0 ms
Update in 0 ms
iteration 41, invalid size: 4 time: 0 ms
Update in 0 ms
iteration 42, invalid size: 6 time: 0 ms
Update in 1 ms
iteration 43, invalid size: 2 time: 0 ms
Update in 0 ms
iteration 44, invalid size: 1 time: 1 ms
Update in 0 ms
iteration 45, invalid size: 0 time: 0 ms
Complete in 15266 ms
Total: 31143 ms, iteration count: 44
duration: 34019 ms
**********************************


GC = -XX:+UseParallelGC  -Xmx100g -Xms100g -XX:NewRatio=2 -XX:MaxGCPauseMillis=400 -XX:+PrintGC -XX:+PrintGCDetails -XX:+PrintGCTimeStamps -Xloggc:bin/ktruss/gc.log
JAR = /home/i/subgraph-mining/target/subgraph-mining-1.0-jar-with-dependencies.jar
Loading /home/i/graph-data/live-journal
Graph loaded, triangleEdges: 34681189, load time: 23597 ms
start ktruss with kc = 10, threads = 12, method = 6 input: /home/i/graph-data/live-journal
create fonl in 478 ms
tcArray duration: 13067 ms
iteration 1, invalid size: 16864360 time: 174 ms
Update in 5909 ms
iteration 2, invalid size: 2997609 time: 79 ms
Update in 1780 ms
iteration 3, invalid size: 945384 time: 2 ms
Update in 536 ms
iteration 4, invalid size: 412375 time: 1 ms
Update in 307 ms
iteration 5, invalid size: 210537 time: 1 ms
Update in 149 ms
iteration 6, invalid size: 118608 time: 1 ms
Update in 85 ms
iteration 7, invalid size: 71938 time: 0 ms
Update in 62 ms
iteration 8, invalid size: 45828 time: 0 ms
Update in 35 ms
iteration 9, invalid size: 30166 time: 0 ms
Update in 24 ms
iteration 10, invalid size: 19875 time: 1 ms
Update in 16 ms
iteration 11, invalid size: 13543 time: 1 ms
Update in 13 ms
iteration 12, invalid size: 9705 time: 0 ms
Update in 8 ms
iteration 13, invalid size: 6474 time: 1 ms
Update in 6 ms
iteration 14, invalid size: 4609 time: 0 ms
Update in 4 ms
iteration 15, invalid size: 3353 time: 0 ms
Update in 4 ms
iteration 16, invalid size: 2455 time: 0 ms
Update in 2 ms
iteration 17, invalid size: 1902 time: 1 ms
Update in 1 ms
iteration 18, invalid size: 1288 time: 0 ms
Update in 2 ms
iteration 19, invalid size: 912 time: 0 ms
Update in 2 ms
iteration 20, invalid size: 772 time: 0 ms
Update in 1 ms
iteration 21, invalid size: 593 time: 1 ms
Update in 1 ms
iteration 22, invalid size: 418 time: 0 ms
Update in 1 ms
iteration 23, invalid size: 283 time: 1 ms
Update in 1 ms
iteration 24, invalid size: 201 time: 0 ms
Update in 1 ms
iteration 25, invalid size: 195 time: 0 ms
Update in 1 ms
iteration 26, invalid size: 141 time: 0 ms
Update in 0 ms
iteration 27, invalid size: 96 time: 1 ms
Update in 0 ms
iteration 28, invalid size: 73 time: 1 ms
Update in 0 ms
iteration 29, invalid size: 65 time: 0 ms
Update in 0 ms
iteration 30, invalid size: 45 time: 1 ms
Update in 1 ms
iteration 31, invalid size: 18 time: 0 ms
Update in 1 ms
iteration 32, invalid size: 12 time: 0 ms
Update in 0 ms
iteration 33, invalid size: 16 time: 0 ms
Update in 1 ms
iteration 34, invalid size: 5 time: 0 ms
Update in 0 ms
iteration 35, invalid size: 4 time: 1 ms
Update in 0 ms
iteration 36, invalid size: 1 time: 0 ms
Update in 0 ms
iteration 37, invalid size: 1 time: 0 ms
Update in 0 ms
iteration 38, invalid size: 1 time: 0 ms
Update in 1 ms
iteration 39, invalid size: 1 time: 0 ms
Update in 1 ms
iteration 40, invalid size: 1 time: 0 ms
Update in 0 ms
iteration 41, invalid size: 4 time: 1 ms
Update in 0 ms
iteration 42, invalid size: 6 time: 0 ms
Update in 1 ms
iteration 43, invalid size: 2 time: 0 ms
Update in 0 ms
iteration 44, invalid size: 1 time: 1 ms
Update in 0 ms
iteration 45, invalid size: 0 time: 0 ms
Complete in 15580 ms
Total: 29125 ms, iteration count: 44
duration: 31929 ms
**********************************


