GC = -XX:+UseParallelGC  -Xmx100g -Xms100g -XX:NewRatio=2 -XX:MaxGCPauseMillis=400 -XX:+PrintGC -XX:+PrintGCDetails -XX:+PrintGCTimeStamps -Xloggc:bin/ktruss/gc.log
JAR = /home/i/subgraph-mining/target/subgraph-mining-1.0-jar-with-dependencies.jar
Loading /home/i/graph-data/youtube
Graph loaded, edges: 2987624, load time: 2141 ms
start ktruss with kc = 10, threads = 1, method = 6 input: /home/i/graph-data/youtube
create fonl in 266 ms
tcArray duration: 1987 ms
iteration 1, invalid size: 1111522 time: 32 ms
Update in 1497 ms
iteration 2, invalid size: 107507 time: 2 ms
Update in 255 ms
iteration 3, invalid size: 27537 time: 0 ms
Update in 106 ms
iteration 4, invalid size: 12408 time: 1 ms
Update in 46 ms
iteration 5, invalid size: 6554 time: 1 ms
Update in 24 ms
iteration 6, invalid size: 3769 time: 0 ms
Update in 14 ms
iteration 7, invalid size: 2482 time: 0 ms
Update in 8 ms
iteration 8, invalid size: 1574 time: 0 ms
Update in 8 ms
iteration 9, invalid size: 961 time: 0 ms
Update in 3 ms
iteration 10, invalid size: 684 time: 0 ms
Update in 2 ms
iteration 11, invalid size: 450 time: 0 ms
Update in 2 ms
iteration 12, invalid size: 348 time: 0 ms
Update in 1 ms
iteration 13, invalid size: 324 time: 0 ms
Update in 1 ms
iteration 14, invalid size: 215 time: 0 ms
Update in 1 ms
iteration 15, invalid size: 171 time: 0 ms
Update in 1 ms
iteration 16, invalid size: 132 time: 0 ms
Update in 0 ms
iteration 17, invalid size: 98 time: 0 ms
Update in 1 ms
iteration 18, invalid size: 76 time: 0 ms
Update in 0 ms
iteration 19, invalid size: 68 time: 1 ms
Update in 0 ms
iteration 20, invalid size: 78 time: 0 ms
Update in 1 ms
iteration 21, invalid size: 66 time: 0 ms
Update in 0 ms
iteration 22, invalid size: 45 time: 0 ms
Update in 0 ms
iteration 23, invalid size: 25 time: 1 ms
Update in 0 ms
iteration 24, invalid size: 18 time: 0 ms
Update in 0 ms
iteration 25, invalid size: 2 time: 0 ms
Update in 0 ms
iteration 26, invalid size: 1 time: 0 ms
Update in 0 ms
iteration 27, invalid size: 2 time: 0 ms
Update in 0 ms
iteration 28, invalid size: 6 time: 0 ms
Update in 1 ms
iteration 29, invalid size: 14 time: 0 ms
Update in 0 ms
iteration 30, invalid size: 19 time: 0 ms
Update in 0 ms
iteration 31, invalid size: 21 time: 0 ms
Update in 0 ms
iteration 32, invalid size: 18 time: 0 ms
Update in 0 ms
iteration 33, invalid size: 8 time: 0 ms
Update in 1 ms
iteration 34, invalid size: 15 time: 0 ms
Update in 0 ms
iteration 35, invalid size: 5 time: 0 ms
Update in 0 ms
iteration 36, invalid size: 0 time: 0 ms
Complete in 2395 ms
Total: 4648 ms, iteration count: 35
duration: 5176 ms
**********************************


GC = -XX:+UseParallelGC  -Xmx100g -Xms100g -XX:NewRatio=2 -XX:MaxGCPauseMillis=400 -XX:+PrintGC -XX:+PrintGCDetails -XX:+PrintGCTimeStamps -Xloggc:bin/ktruss/gc.log
JAR = /home/i/subgraph-mining/target/subgraph-mining-1.0-jar-with-dependencies.jar
Loading /home/i/graph-data/youtube
Graph loaded, edges: 2987624, load time: 2069 ms
start ktruss with kc = 10, threads = 2, method = 6 input: /home/i/graph-data/youtube
create fonl in 216 ms
tcArray duration: 1077 ms
iteration 1, invalid size: 1111522 time: 51 ms
Update in 802 ms
iteration 2, invalid size: 107507 time: 13 ms
Update in 142 ms
iteration 3, invalid size: 27537 time: 1 ms
Update in 54 ms
iteration 4, invalid size: 12408 time: 0 ms
Update in 25 ms
iteration 5, invalid size: 6554 time: 0 ms
Update in 14 ms
iteration 6, invalid size: 3769 time: 0 ms
Update in 9 ms
iteration 7, invalid size: 2482 time: 0 ms
Update in 4 ms
iteration 8, invalid size: 1574 time: 0 ms
Update in 3 ms
iteration 9, invalid size: 961 time: 0 ms
Update in 2 ms
iteration 10, invalid size: 684 time: 0 ms
Update in 1 ms
iteration 11, invalid size: 450 time: 0 ms
Update in 1 ms
iteration 12, invalid size: 348 time: 0 ms
Update in 0 ms
iteration 13, invalid size: 324 time: 0 ms
Update in 0 ms
iteration 14, invalid size: 215 time: 0 ms
Update in 1 ms
iteration 15, invalid size: 171 time: 0 ms
Update in 0 ms
iteration 16, invalid size: 132 time: 0 ms
Update in 1 ms
iteration 17, invalid size: 98 time: 0 ms
Update in 0 ms
iteration 18, invalid size: 76 time: 0 ms
Update in 0 ms
iteration 19, invalid size: 68 time: 0 ms
Update in 0 ms
iteration 20, invalid size: 78 time: 1 ms
Update in 1 ms
iteration 21, invalid size: 66 time: 0 ms
Update in 1 ms
iteration 22, invalid size: 45 time: 0 ms
Update in 0 ms
iteration 23, invalid size: 25 time: 0 ms
Update in 0 ms
iteration 24, invalid size: 18 time: 1 ms
Update in 0 ms
iteration 25, invalid size: 2 time: 0 ms
Update in 0 ms
iteration 26, invalid size: 1 time: 1 ms
Update in 0 ms
iteration 27, invalid size: 2 time: 0 ms
Update in 0 ms
iteration 28, invalid size: 6 time: 1 ms
Update in 0 ms
iteration 29, invalid size: 14 time: 1 ms
Update in 0 ms
iteration 30, invalid size: 19 time: 0 ms
Update in 1 ms
iteration 31, invalid size: 21 time: 0 ms
Update in 0 ms
iteration 32, invalid size: 18 time: 1 ms
Update in 0 ms
iteration 33, invalid size: 8 time: 1 ms
Update in 0 ms
iteration 34, invalid size: 15 time: 1 ms
Update in 0 ms
iteration 35, invalid size: 5 time: 0 ms
Update in 1 ms
iteration 36, invalid size: 0 time: 0 ms
Complete in 1449 ms
Total: 2742 ms, iteration count: 35
duration: 3199 ms
**********************************


GC = -XX:+UseParallelGC  -Xmx100g -Xms100g -XX:NewRatio=2 -XX:MaxGCPauseMillis=400 -XX:+PrintGC -XX:+PrintGCDetails -XX:+PrintGCTimeStamps -Xloggc:bin/ktruss/gc.log
JAR = /home/i/subgraph-mining/target/subgraph-mining-1.0-jar-with-dependencies.jar
Loading /home/i/graph-data/youtube
Graph loaded, edges: 2987624, load time: 2063 ms
start ktruss with kc = 10, threads = 3, method = 6 input: /home/i/graph-data/youtube
create fonl in 231 ms
tcArray duration: 826 ms
iteration 1, invalid size: 1111522 time: 55 ms
Update in 926 ms
iteration 2, invalid size: 107507 time: 10 ms
Update in 186 ms
iteration 3, invalid size: 27537 time: 2 ms
Update in 41 ms
iteration 4, invalid size: 12408 time: 1 ms
Update in 21 ms
iteration 5, invalid size: 6554 time: 0 ms
Update in 14 ms
iteration 6, invalid size: 3769 time: 1 ms
Update in 5 ms
iteration 7, invalid size: 2482 time: 0 ms
Update in 4 ms
iteration 8, invalid size: 1574 time: 0 ms
Update in 2 ms
iteration 9, invalid size: 961 time: 0 ms
Update in 1 ms
iteration 10, invalid size: 684 time: 1 ms
Update in 0 ms
iteration 11, invalid size: 450 time: 0 ms
Update in 0 ms
iteration 12, invalid size: 348 time: 1 ms
Update in 1 ms
iteration 13, invalid size: 324 time: 0 ms
Update in 0 ms
iteration 14, invalid size: 215 time: 1 ms
Update in 0 ms
iteration 15, invalid size: 171 time: 0 ms
Update in 1 ms
iteration 16, invalid size: 132 time: 0 ms
Update in 1 ms
iteration 17, invalid size: 98 time: 0 ms
Update in 0 ms
iteration 18, invalid size: 76 time: 1 ms
Update in 0 ms
iteration 19, invalid size: 68 time: 0 ms
Update in 1 ms
iteration 20, invalid size: 78 time: 0 ms
Update in 1 ms
iteration 21, invalid size: 66 time: 0 ms
Update in 0 ms
iteration 22, invalid size: 45 time: 0 ms
Update in 1 ms
iteration 23, invalid size: 25 time: 0 ms
Update in 0 ms
iteration 24, invalid size: 18 time: 0 ms
Update in 1 ms
iteration 25, invalid size: 2 time: 0 ms
Update in 1 ms
iteration 26, invalid size: 1 time: 0 ms
Update in 0 ms
iteration 27, invalid size: 2 time: 0 ms
Update in 0 ms
iteration 28, invalid size: 6 time: 0 ms
Update in 1 ms
iteration 29, invalid size: 14 time: 0 ms
Update in 0 ms
iteration 30, invalid size: 19 time: 0 ms
Update in 0 ms
iteration 31, invalid size: 21 time: 1 ms
Update in 0 ms
iteration 32, invalid size: 18 time: 1 ms
Update in 0 ms
iteration 33, invalid size: 8 time: 1 ms
Update in 0 ms
iteration 34, invalid size: 15 time: 0 ms
Update in 1 ms
iteration 35, invalid size: 5 time: 0 ms
Update in 1 ms
iteration 36, invalid size: 0 time: 0 ms
Complete in 1619 ms
Total: 2676 ms, iteration count: 35
duration: 3151 ms
**********************************


GC = -XX:+UseParallelGC  -Xmx100g -Xms100g -XX:NewRatio=2 -XX:MaxGCPauseMillis=400 -XX:+PrintGC -XX:+PrintGCDetails -XX:+PrintGCTimeStamps -Xloggc:bin/ktruss/gc.log
JAR = /home/i/subgraph-mining/target/subgraph-mining-1.0-jar-with-dependencies.jar
Loading /home/i/graph-data/youtube
Graph loaded, edges: 2987624, load time: 2117 ms
start ktruss with kc = 10, threads = 4, method = 6 input: /home/i/graph-data/youtube
create fonl in 220 ms
tcArray duration: 801 ms
iteration 1, invalid size: 1111522 time: 99 ms
Update in 1026 ms
iteration 2, invalid size: 107507 time: 3 ms
Update in 89 ms
iteration 3, invalid size: 27537 time: 1 ms
Update in 31 ms
iteration 4, invalid size: 12408 time: 0 ms
Update in 33 ms
iteration 5, invalid size: 6554 time: 1 ms
Update in 19 ms
iteration 6, invalid size: 3769 time: 0 ms
Update in 11 ms
iteration 7, invalid size: 2482 time: 1 ms
Update in 7 ms
iteration 8, invalid size: 1574 time: 0 ms
Update in 4 ms
iteration 9, invalid size: 961 time: 1 ms
Update in 3 ms
iteration 10, invalid size: 684 time: 1 ms
Update in 2 ms
iteration 11, invalid size: 450 time: 0 ms
Update in 2 ms
iteration 12, invalid size: 348 time: 0 ms
Update in 2 ms
iteration 13, invalid size: 324 time: 0 ms
Update in 1 ms
iteration 14, invalid size: 215 time: 0 ms
Update in 1 ms
iteration 15, invalid size: 171 time: 1 ms
Update in 1 ms
iteration 16, invalid size: 132 time: 0 ms
Update in 1 ms
iteration 17, invalid size: 98 time: 0 ms
Update in 1 ms
iteration 18, invalid size: 76 time: 0 ms
Update in 1 ms
iteration 19, invalid size: 68 time: 0 ms
Update in 1 ms
iteration 20, invalid size: 78 time: 0 ms
Update in 1 ms
iteration 21, invalid size: 66 time: 0 ms
Update in 0 ms
iteration 22, invalid size: 45 time: 1 ms
Update in 0 ms
iteration 23, invalid size: 25 time: 0 ms
Update in 1 ms
iteration 24, invalid size: 18 time: 0 ms
Update in 0 ms
iteration 25, invalid size: 2 time: 0 ms
Update in 1 ms
iteration 26, invalid size: 1 time: 0 ms
Update in 0 ms
iteration 27, invalid size: 2 time: 1 ms
Update in 0 ms
iteration 28, invalid size: 6 time: 0 ms
Update in 1 ms
iteration 29, invalid size: 14 time: 0 ms
Update in 1 ms
iteration 30, invalid size: 19 time: 0 ms
Update in 0 ms
iteration 31, invalid size: 21 time: 0 ms
Update in 0 ms
iteration 32, invalid size: 18 time: 0 ms
Update in 1 ms
iteration 33, invalid size: 8 time: 0 ms
Update in 0 ms
iteration 34, invalid size: 15 time: 1 ms
Update in 0 ms
iteration 35, invalid size: 5 time: 0 ms
Update in 0 ms
iteration 36, invalid size: 0 time: 1 ms
Complete in 1735 ms
Total: 2756 ms, iteration count: 35
duration: 3208 ms
**********************************


GC = -XX:+UseParallelGC  -Xmx100g -Xms100g -XX:NewRatio=2 -XX:MaxGCPauseMillis=400 -XX:+PrintGC -XX:+PrintGCDetails -XX:+PrintGCTimeStamps -Xloggc:bin/ktruss/gc.log
JAR = /home/i/subgraph-mining/target/subgraph-mining-1.0-jar-with-dependencies.jar
Loading /home/i/graph-data/youtube
Graph loaded, edges: 2987624, load time: 2054 ms
start ktruss with kc = 10, threads = 5, method = 6 input: /home/i/graph-data/youtube
create fonl in 211 ms
tcArray duration: 551 ms
iteration 1, invalid size: 1111522 time: 87 ms
Update in 1122 ms
iteration 2, invalid size: 107507 time: 9 ms
Update in 83 ms
iteration 3, invalid size: 27537 time: 0 ms
Update in 33 ms
iteration 4, invalid size: 12408 time: 1 ms
Update in 22 ms
iteration 5, invalid size: 6554 time: 1 ms
Update in 12 ms
iteration 6, invalid size: 3769 time: 0 ms
Update in 8 ms
iteration 7, invalid size: 2482 time: 1 ms
Update in 6 ms
iteration 8, invalid size: 1574 time: 0 ms
Update in 3 ms
iteration 9, invalid size: 961 time: 0 ms
Update in 2 ms
iteration 10, invalid size: 684 time: 0 ms
Update in 2 ms
iteration 11, invalid size: 450 time: 0 ms
Update in 1 ms
iteration 12, invalid size: 348 time: 0 ms
Update in 1 ms
iteration 13, invalid size: 324 time: 1 ms
Update in 1 ms
iteration 14, invalid size: 215 time: 0 ms
Update in 1 ms
iteration 15, invalid size: 171 time: 0 ms
Update in 0 ms
iteration 16, invalid size: 132 time: 0 ms
Update in 0 ms
iteration 17, invalid size: 98 time: 0 ms
Update in 1 ms
iteration 18, invalid size: 76 time: 1 ms
Update in 0 ms
iteration 19, invalid size: 68 time: 0 ms
Update in 1 ms
iteration 20, invalid size: 78 time: 0 ms
Update in 0 ms
iteration 21, invalid size: 66 time: 1 ms
Update in 0 ms
iteration 22, invalid size: 45 time: 0 ms
Update in 0 ms
iteration 23, invalid size: 25 time: 0 ms
Update in 1 ms
iteration 24, invalid size: 18 time: 0 ms
Update in 1 ms
iteration 25, invalid size: 2 time: 0 ms
Update in 0 ms
iteration 26, invalid size: 1 time: 0 ms
Update in 0 ms
iteration 27, invalid size: 2 time: 1 ms
Update in 0 ms
iteration 28, invalid size: 6 time: 0 ms
Update in 1 ms
iteration 29, invalid size: 14 time: 0 ms
Update in 1 ms
iteration 30, invalid size: 19 time: 0 ms
Update in 1 ms
iteration 31, invalid size: 21 time: 0 ms
Update in 0 ms
iteration 32, invalid size: 18 time: 1 ms
Update in 0 ms
iteration 33, invalid size: 8 time: 1 ms
Update in 0 ms
iteration 34, invalid size: 15 time: 0 ms
Update in 1 ms
iteration 35, invalid size: 5 time: 0 ms
Update in 0 ms
iteration 36, invalid size: 0 time: 0 ms
Complete in 1751 ms
Total: 2513 ms, iteration count: 35
duration: 3021 ms
**********************************


GC = -XX:+UseParallelGC  -Xmx100g -Xms100g -XX:NewRatio=2 -XX:MaxGCPauseMillis=400 -XX:+PrintGC -XX:+PrintGCDetails -XX:+PrintGCTimeStamps -Xloggc:bin/ktruss/gc.log
JAR = /home/i/subgraph-mining/target/subgraph-mining-1.0-jar-with-dependencies.jar
Loading /home/i/graph-data/youtube
Graph loaded, edges: 2987624, load time: 2040 ms
start ktruss with kc = 10, threads = 6, method = 6 input: /home/i/graph-data/youtube
create fonl in 225 ms
tcArray duration: 530 ms
iteration 1, invalid size: 1111522 time: 126 ms
Update in 636 ms
iteration 2, invalid size: 107507 time: 5 ms
Update in 162 ms
iteration 3, invalid size: 27537 time: 0 ms
Update in 53 ms
iteration 4, invalid size: 12408 time: 0 ms
Update in 23 ms
iteration 5, invalid size: 6554 time: 0 ms
Update in 9 ms
iteration 6, invalid size: 3769 time: 1 ms
Update in 3 ms
iteration 7, invalid size: 2482 time: 1 ms
Update in 2 ms
iteration 8, invalid size: 1574 time: 0 ms
Update in 1 ms
iteration 9, invalid size: 961 time: 0 ms
Update in 1 ms
iteration 10, invalid size: 684 time: 1 ms
Update in 0 ms
iteration 11, invalid size: 450 time: 0 ms
Update in 1 ms
iteration 12, invalid size: 348 time: 0 ms
Update in 1 ms
iteration 13, invalid size: 324 time: 0 ms
Update in 1 ms
iteration 14, invalid size: 215 time: 0 ms
Update in 1 ms
iteration 15, invalid size: 171 time: 0 ms
Update in 0 ms
iteration 16, invalid size: 132 time: 0 ms
Update in 0 ms
iteration 17, invalid size: 98 time: 1 ms
Update in 0 ms
iteration 18, invalid size: 76 time: 0 ms
Update in 1 ms
iteration 19, invalid size: 68 time: 0 ms
Update in 1 ms
iteration 20, invalid size: 78 time: 1 ms
Update in 0 ms
iteration 21, invalid size: 66 time: 0 ms
Update in 1 ms
iteration 22, invalid size: 45 time: 0 ms
Update in 1 ms
iteration 23, invalid size: 25 time: 0 ms
Update in 0 ms
iteration 24, invalid size: 18 time: 1 ms
Update in 1 ms
iteration 25, invalid size: 2 time: 0 ms
Update in 0 ms
iteration 26, invalid size: 1 time: 1 ms
Update in 0 ms
iteration 27, invalid size: 2 time: 0 ms
Update in 1 ms
iteration 28, invalid size: 6 time: 0 ms
Update in 0 ms
iteration 29, invalid size: 14 time: 1 ms
Update in 0 ms
iteration 30, invalid size: 19 time: 0 ms
Update in 0 ms
iteration 31, invalid size: 21 time: 1 ms
Update in 0 ms
iteration 32, invalid size: 18 time: 0 ms
Update in 0 ms
iteration 33, invalid size: 8 time: 0 ms
Update in 1 ms
iteration 34, invalid size: 15 time: 0 ms
Update in 0 ms
iteration 35, invalid size: 5 time: 1 ms
Update in 1 ms
iteration 36, invalid size: 0 time: 0 ms
Complete in 1362 ms
Total: 2117 ms, iteration count: 35
duration: 2599 ms
**********************************


GC = -XX:+UseParallelGC  -Xmx100g -Xms100g -XX:NewRatio=2 -XX:MaxGCPauseMillis=400 -XX:+PrintGC -XX:+PrintGCDetails -XX:+PrintGCTimeStamps -Xloggc:bin/ktruss/gc.log
JAR = /home/i/subgraph-mining/target/subgraph-mining-1.0-jar-with-dependencies.jar
Loading /home/i/graph-data/youtube
Graph loaded, edges: 2987624, load time: 1872 ms
start ktruss with kc = 10, threads = 7, method = 6 input: /home/i/graph-data/youtube
create fonl in 223 ms
tcArray duration: 707 ms
iteration 1, invalid size: 1111522 time: 50 ms
Update in 558 ms
iteration 2, invalid size: 107507 time: 3 ms
Update in 165 ms
iteration 3, invalid size: 27537 time: 0 ms
Update in 32 ms
iteration 4, invalid size: 12408 time: 1 ms
Update in 19 ms
iteration 5, invalid size: 6554 time: 1 ms
Update in 6 ms
iteration 6, invalid size: 3769 time: 1 ms
Update in 4 ms
iteration 7, invalid size: 2482 time: 0 ms
Update in 2 ms
iteration 8, invalid size: 1574 time: 0 ms
Update in 1 ms
iteration 9, invalid size: 961 time: 1 ms
Update in 1 ms
iteration 10, invalid size: 684 time: 0 ms
Update in 1 ms
iteration 11, invalid size: 450 time: 0 ms
Update in 1 ms
iteration 12, invalid size: 348 time: 1 ms
Update in 0 ms
iteration 13, invalid size: 324 time: 1 ms
Update in 0 ms
iteration 14, invalid size: 215 time: 0 ms
Update in 1 ms
iteration 15, invalid size: 171 time: 0 ms
Update in 0 ms
iteration 16, invalid size: 132 time: 0 ms
Update in 1 ms
iteration 17, invalid size: 98 time: 0 ms
Update in 0 ms
iteration 18, invalid size: 76 time: 0 ms
Update in 1 ms
iteration 19, invalid size: 68 time: 0 ms
Update in 1 ms
iteration 20, invalid size: 78 time: 0 ms
Update in 0 ms
iteration 21, invalid size: 66 time: 1 ms
Update in 1 ms
iteration 22, invalid size: 45 time: 0 ms
Update in 0 ms
iteration 23, invalid size: 25 time: 0 ms
Update in 0 ms
iteration 24, invalid size: 18 time: 1 ms
Update in 0 ms
iteration 25, invalid size: 2 time: 0 ms
Update in 1 ms
iteration 26, invalid size: 1 time: 0 ms
Update in 0 ms
iteration 27, invalid size: 2 time: 0 ms
Update in 1 ms
iteration 28, invalid size: 6 time: 0 ms
Update in 0 ms
iteration 29, invalid size: 14 time: 0 ms
Update in 1 ms
iteration 30, invalid size: 19 time: 0 ms
Update in 0 ms
iteration 31, invalid size: 21 time: 0 ms
Update in 1 ms
iteration 32, invalid size: 18 time: 0 ms
Update in 0 ms
iteration 33, invalid size: 8 time: 0 ms
Update in 1 ms
iteration 34, invalid size: 15 time: 0 ms
Update in 1 ms
iteration 35, invalid size: 5 time: 0 ms
Update in 0 ms
iteration 36, invalid size: 0 time: 0 ms
Complete in 1213 ms
Total: 2143 ms, iteration count: 35
duration: 2517 ms
**********************************


GC = -XX:+UseParallelGC  -Xmx100g -Xms100g -XX:NewRatio=2 -XX:MaxGCPauseMillis=400 -XX:+PrintGC -XX:+PrintGCDetails -XX:+PrintGCTimeStamps -Xloggc:bin/ktruss/gc.log
JAR = /home/i/subgraph-mining/target/subgraph-mining-1.0-jar-with-dependencies.jar
Loading /home/i/graph-data/youtube
Graph loaded, edges: 2987624, load time: 1909 ms
start ktruss with kc = 10, threads = 8, method = 6 input: /home/i/graph-data/youtube
create fonl in 227 ms
tcArray duration: 699 ms
iteration 1, invalid size: 1111522 time: 82 ms
Update in 896 ms
iteration 2, invalid size: 107507 time: 4 ms
Update in 110 ms
iteration 3, invalid size: 27537 time: 0 ms
Update in 28 ms
iteration 4, invalid size: 12408 time: 1 ms
Update in 9 ms
iteration 5, invalid size: 6554 time: 0 ms
Update in 6 ms
iteration 6, invalid size: 3769 time: 1 ms
Update in 4 ms
iteration 7, invalid size: 2482 time: 1 ms
Update in 2 ms
iteration 8, invalid size: 1574 time: 0 ms
Update in 2 ms
iteration 9, invalid size: 961 time: 1 ms
Update in 1 ms
iteration 10, invalid size: 684 time: 0 ms
Update in 1 ms
iteration 11, invalid size: 450 time: 0 ms
Update in 0 ms
iteration 12, invalid size: 348 time: 1 ms
Update in 0 ms
iteration 13, invalid size: 324 time: 0 ms
Update in 1 ms
iteration 14, invalid size: 215 time: 0 ms
Update in 0 ms
iteration 15, invalid size: 171 time: 1 ms
Update in 0 ms
iteration 16, invalid size: 132 time: 0 ms
Update in 0 ms
iteration 17, invalid size: 98 time: 1 ms
Update in 0 ms
iteration 18, invalid size: 76 time: 0 ms
Update in 1 ms
iteration 19, invalid size: 68 time: 0 ms
Update in 0 ms
iteration 20, invalid size: 78 time: 1 ms
Update in 0 ms
iteration 21, invalid size: 66 time: 1 ms
Update in 0 ms
iteration 22, invalid size: 45 time: 0 ms
Update in 0 ms
iteration 23, invalid size: 25 time: 1 ms
Update in 0 ms
iteration 24, invalid size: 18 time: 0 ms
Update in 1 ms
iteration 25, invalid size: 2 time: 0 ms
Update in 0 ms
iteration 26, invalid size: 1 time: 1 ms
Update in 0 ms
iteration 27, invalid size: 2 time: 0 ms
Update in 0 ms
iteration 28, invalid size: 6 time: 1 ms
Update in 0 ms
iteration 29, invalid size: 14 time: 0 ms
Update in 0 ms
iteration 30, invalid size: 19 time: 1 ms
Update in 0 ms
iteration 31, invalid size: 21 time: 0 ms
Update in 0 ms
iteration 32, invalid size: 18 time: 1 ms
Update in 0 ms
iteration 33, invalid size: 8 time: 0 ms
Update in 1 ms
iteration 34, invalid size: 15 time: 0 ms
Update in 0 ms
iteration 35, invalid size: 5 time: 1 ms
Update in 0 ms
iteration 36, invalid size: 0 time: 0 ms
Complete in 1511 ms
Total: 2437 ms, iteration count: 35
duration: 2927 ms
**********************************


GC = -XX:+UseParallelGC  -Xmx100g -Xms100g -XX:NewRatio=2 -XX:MaxGCPauseMillis=400 -XX:+PrintGC -XX:+PrintGCDetails -XX:+PrintGCTimeStamps -Xloggc:bin/ktruss/gc.log
JAR = /home/i/subgraph-mining/target/subgraph-mining-1.0-jar-with-dependencies.jar
Loading /home/i/graph-data/youtube
Graph loaded, edges: 2987624, load time: 1945 ms
start ktruss with kc = 10, threads = 9, method = 6 input: /home/i/graph-data/youtube
create fonl in 305 ms
tcArray duration: 827 ms
iteration 1, invalid size: 1111522 time: 150 ms
Update in 426 ms
iteration 2, invalid size: 107507 time: 7 ms
Update in 235 ms
iteration 3, invalid size: 27537 time: 0 ms
Update in 42 ms
iteration 4, invalid size: 12408 time: 0 ms
Update in 22 ms
iteration 5, invalid size: 6554 time: 0 ms
Update in 15 ms
iteration 6, invalid size: 3769 time: 0 ms
Update in 4 ms
iteration 7, invalid size: 2482 time: 0 ms
Update in 6 ms
iteration 8, invalid size: 1574 time: 1 ms
Update in 1 ms
iteration 9, invalid size: 961 time: 0 ms
Update in 1 ms
iteration 10, invalid size: 684 time: 0 ms
Update in 1 ms
iteration 11, invalid size: 450 time: 0 ms
Update in 1 ms
iteration 12, invalid size: 348 time: 0 ms
Update in 1 ms
iteration 13, invalid size: 324 time: 0 ms
Update in 1 ms
iteration 14, invalid size: 215 time: 0 ms
Update in 0 ms
iteration 15, invalid size: 171 time: 1 ms
Update in 0 ms
iteration 16, invalid size: 132 time: 0 ms
Update in 1 ms
iteration 17, invalid size: 98 time: 0 ms
Update in 0 ms
iteration 18, invalid size: 76 time: 1 ms
Update in 0 ms
iteration 19, invalid size: 68 time: 0 ms
Update in 1 ms
iteration 20, invalid size: 78 time: 0 ms
Update in 1 ms
iteration 21, invalid size: 66 time: 0 ms
Update in 0 ms
iteration 22, invalid size: 45 time: 0 ms
Update in 1 ms
iteration 23, invalid size: 25 time: 0 ms
Update in 1 ms
iteration 24, invalid size: 18 time: 0 ms
Update in 0 ms
iteration 25, invalid size: 2 time: 0 ms
Update in 1 ms
iteration 26, invalid size: 1 time: 0 ms
Update in 0 ms
iteration 27, invalid size: 2 time: 0 ms
Update in 1 ms
iteration 28, invalid size: 6 time: 1 ms
Update in 0 ms
iteration 29, invalid size: 14 time: 0 ms
Update in 0 ms
iteration 30, invalid size: 19 time: 1 ms
Update in 1 ms
iteration 31, invalid size: 21 time: 0 ms
Update in 1 ms
iteration 32, invalid size: 18 time: 0 ms
Update in 0 ms
iteration 33, invalid size: 8 time: 1 ms
Update in 0 ms
iteration 34, invalid size: 15 time: 0 ms
Update in 0 ms
iteration 35, invalid size: 5 time: 0 ms
Update in 1 ms
iteration 36, invalid size: 0 time: 0 ms
Complete in 1285 ms
Total: 2417 ms, iteration count: 35
duration: 2885 ms
**********************************


GC = -XX:+UseParallelGC  -Xmx100g -Xms100g -XX:NewRatio=2 -XX:MaxGCPauseMillis=400 -XX:+PrintGC -XX:+PrintGCDetails -XX:+PrintGCTimeStamps -Xloggc:bin/ktruss/gc.log
JAR = /home/i/subgraph-mining/target/subgraph-mining-1.0-jar-with-dependencies.jar
Loading /home/i/graph-data/youtube
Graph loaded, edges: 2987624, load time: 2068 ms
start ktruss with kc = 10, threads = 10, method = 6 input: /home/i/graph-data/youtube
create fonl in 271 ms
tcArray duration: 665 ms
iteration 1, invalid size: 1111522 time: 100 ms
Update in 685 ms
iteration 2, invalid size: 107507 time: 5 ms
Update in 81 ms
iteration 3, invalid size: 27537 time: 1 ms
Update in 51 ms
iteration 4, invalid size: 12408 time: 1 ms
Update in 25 ms
iteration 5, invalid size: 6554 time: 0 ms
Update in 14 ms
iteration 6, invalid size: 3769 time: 0 ms
Update in 11 ms
iteration 7, invalid size: 2482 time: 1 ms
Update in 6 ms
iteration 8, invalid size: 1574 time: 1 ms
Update in 4 ms
iteration 9, invalid size: 961 time: 0 ms
Update in 3 ms
iteration 10, invalid size: 684 time: 0 ms
Update in 2 ms
iteration 11, invalid size: 450 time: 1 ms
Update in 1 ms
iteration 12, invalid size: 348 time: 0 ms
Update in 2 ms
iteration 13, invalid size: 324 time: 0 ms
Update in 1 ms
iteration 14, invalid size: 215 time: 0 ms
Update in 1 ms
iteration 15, invalid size: 171 time: 0 ms
Update in 1 ms
iteration 16, invalid size: 132 time: 0 ms
Update in 1 ms
iteration 17, invalid size: 98 time: 0 ms
Update in 1 ms
iteration 18, invalid size: 76 time: 0 ms
Update in 0 ms
iteration 19, invalid size: 68 time: 1 ms
Update in 0 ms
iteration 20, invalid size: 78 time: 1 ms
Update in 0 ms
iteration 21, invalid size: 66 time: 1 ms
Update in 1 ms
iteration 22, invalid size: 45 time: 0 ms
Update in 0 ms
iteration 23, invalid size: 25 time: 1 ms
Update in 0 ms
iteration 24, invalid size: 18 time: 0 ms
Update in 1 ms
iteration 25, invalid size: 2 time: 0 ms
Update in 0 ms
iteration 26, invalid size: 1 time: 1 ms
Update in 0 ms
iteration 27, invalid size: 2 time: 0 ms
Update in 1 ms
iteration 28, invalid size: 6 time: 0 ms
Update in 0 ms
iteration 29, invalid size: 14 time: 0 ms
Update in 1 ms
iteration 30, invalid size: 19 time: 0 ms
Update in 0 ms
iteration 31, invalid size: 21 time: 0 ms
Update in 0 ms
iteration 32, invalid size: 18 time: 1 ms
Update in 0 ms
iteration 33, invalid size: 8 time: 0 ms
Update in 1 ms
iteration 34, invalid size: 15 time: 0 ms
Update in 0 ms
iteration 35, invalid size: 5 time: 0 ms
Update in 1 ms
iteration 36, invalid size: 0 time: 0 ms
Complete in 1370 ms
Total: 2306 ms, iteration count: 35
duration: 2798 ms
**********************************


GC = -XX:+UseParallelGC  -Xmx100g -Xms100g -XX:NewRatio=2 -XX:MaxGCPauseMillis=400 -XX:+PrintGC -XX:+PrintGCDetails -XX:+PrintGCTimeStamps -Xloggc:bin/ktruss/gc.log
JAR = /home/i/subgraph-mining/target/subgraph-mining-1.0-jar-with-dependencies.jar
Loading /home/i/graph-data/youtube
Graph loaded, edges: 2987624, load time: 2039 ms
start ktruss with kc = 10, threads = 11, method = 6 input: /home/i/graph-data/youtube
create fonl in 258 ms
tcArray duration: 495 ms
iteration 1, invalid size: 1111522 time: 56 ms
Update in 708 ms
iteration 2, invalid size: 107507 time: 4 ms
Update in 63 ms
iteration 3, invalid size: 27537 time: 1 ms
Update in 47 ms
iteration 4, invalid size: 12408 time: 0 ms
Update in 21 ms
iteration 5, invalid size: 6554 time: 0 ms
Update in 16 ms
iteration 6, invalid size: 3769 time: 1 ms
Update in 3 ms
iteration 7, invalid size: 2482 time: 1 ms
Update in 2 ms
iteration 8, invalid size: 1574 time: 0 ms
Update in 1 ms
iteration 9, invalid size: 961 time: 1 ms
Update in 1 ms
iteration 10, invalid size: 684 time: 0 ms
Update in 1 ms
iteration 11, invalid size: 450 time: 0 ms
Update in 1 ms
iteration 12, invalid size: 348 time: 0 ms
Update in 1 ms
iteration 13, invalid size: 324 time: 0 ms
Update in 1 ms
iteration 14, invalid size: 215 time: 0 ms
Update in 1 ms
iteration 15, invalid size: 171 time: 0 ms
Update in 0 ms
iteration 16, invalid size: 132 time: 0 ms
Update in 1 ms
iteration 17, invalid size: 98 time: 0 ms
Update in 0 ms
iteration 18, invalid size: 76 time: 0 ms
Update in 1 ms
iteration 19, invalid size: 68 time: 0 ms
Update in 1 ms
iteration 20, invalid size: 78 time: 0 ms
Update in 0 ms
iteration 21, invalid size: 66 time: 0 ms
Update in 0 ms
iteration 22, invalid size: 45 time: 1 ms
Update in 0 ms
iteration 23, invalid size: 25 time: 1 ms
Update in 0 ms
iteration 24, invalid size: 18 time: 1 ms
Update in 0 ms
iteration 25, invalid size: 2 time: 0 ms
Update in 1 ms
iteration 26, invalid size: 1 time: 0 ms
Update in 0 ms
iteration 27, invalid size: 2 time: 1 ms
Update in 0 ms
iteration 28, invalid size: 6 time: 0 ms
Update in 1 ms
iteration 29, invalid size: 14 time: 0 ms
Update in 0 ms
iteration 30, invalid size: 19 time: 1 ms
Update in 0 ms
iteration 31, invalid size: 21 time: 1 ms
Update in 0 ms
iteration 32, invalid size: 18 time: 0 ms
Update in 1 ms
iteration 33, invalid size: 8 time: 0 ms
Update in 0 ms
iteration 34, invalid size: 15 time: 0 ms
Update in 1 ms
iteration 35, invalid size: 5 time: 0 ms
Update in 1 ms
iteration 36, invalid size: 0 time: 0 ms
Complete in 1283 ms
Total: 2036 ms, iteration count: 35
duration: 2531 ms
**********************************


GC = -XX:+UseParallelGC  -Xmx100g -Xms100g -XX:NewRatio=2 -XX:MaxGCPauseMillis=400 -XX:+PrintGC -XX:+PrintGCDetails -XX:+PrintGCTimeStamps -Xloggc:bin/ktruss/gc.log
JAR = /home/i/subgraph-mining/target/subgraph-mining-1.0-jar-with-dependencies.jar
Loading /home/i/graph-data/youtube
Graph loaded, edges: 2987624, load time: 2052 ms
start ktruss with kc = 10, threads = 12, method = 6 input: /home/i/graph-data/youtube
create fonl in 278 ms
tcArray duration: 645 ms
iteration 1, invalid size: 1111522 time: 51 ms
Update in 1345 ms
iteration 2, invalid size: 107507 time: 6 ms
Update in 244 ms
iteration 3, invalid size: 27537 time: 0 ms
Update in 41 ms
iteration 4, invalid size: 12408 time: 1 ms
Update in 9 ms
iteration 5, invalid size: 6554 time: 1 ms
Update in 5 ms
iteration 6, invalid size: 3769 time: 0 ms
Update in 3 ms
iteration 7, invalid size: 2482 time: 1 ms
Update in 2 ms
iteration 8, invalid size: 1574 time: 0 ms
Update in 1 ms
iteration 9, invalid size: 961 time: 0 ms
Update in 1 ms
iteration 10, invalid size: 684 time: 0 ms
Update in 1 ms
iteration 11, invalid size: 450 time: 0 ms
Update in 1 ms
iteration 12, invalid size: 348 time: 1 ms
Update in 1 ms
iteration 13, invalid size: 324 time: 0 ms
Update in 0 ms
iteration 14, invalid size: 215 time: 0 ms
Update in 0 ms
iteration 15, invalid size: 171 time: 0 ms
Update in 1 ms
iteration 16, invalid size: 132 time: 0 ms
Update in 0 ms
iteration 17, invalid size: 98 time: 1 ms
Update in 0 ms
iteration 18, invalid size: 76 time: 0 ms
Update in 1 ms
iteration 19, invalid size: 68 time: 0 ms
Update in 0 ms
iteration 20, invalid size: 78 time: 1 ms
Update in 0 ms
iteration 21, invalid size: 66 time: 1 ms
Update in 1 ms
iteration 22, invalid size: 45 time: 0 ms
Update in 1 ms
iteration 23, invalid size: 25 time: 0 ms
Update in 1 ms
iteration 24, invalid size: 18 time: 0 ms
Update in 1 ms
iteration 25, invalid size: 2 time: 0 ms
Update in 0 ms
iteration 26, invalid size: 1 time: 0 ms
Update in 0 ms
iteration 27, invalid size: 2 time: 0 ms
Update in 0 ms
iteration 28, invalid size: 6 time: 1 ms
Update in 1 ms
iteration 29, invalid size: 14 time: 0 ms
Update in 0 ms
iteration 30, invalid size: 19 time: 0 ms
Update in 1 ms
iteration 31, invalid size: 21 time: 0 ms
Update in 0 ms
iteration 32, invalid size: 18 time: 0 ms
Update in 1 ms
iteration 33, invalid size: 8 time: 0 ms
Update in 0 ms
iteration 34, invalid size: 15 time: 1 ms
Update in 0 ms
iteration 35, invalid size: 5 time: 1 ms
Update in 0 ms
iteration 36, invalid size: 0 time: 0 ms
Complete in 2057 ms
Total: 2980 ms, iteration count: 35
duration: 3476 ms
**********************************


