GC = -XX:+UseParallelGC  -Xmx100g -Xms100g -XX:NewRatio=2 -XX:MaxGCPauseMillis=400 -XX:+PrintGC -XX:+PrintGCDetails -XX:+PrintGCTimeStamps -Xloggc:bin/ktruss/gc.log
JAR = /home/i/subgraph-mining/target/subgraph-mining-1.0-jar-with-dependencies.jar
Loading /home/i/graph-data/youtube
Graph loaded, triangleEdges: 2987624, load time: 2093 ms
start ktruss with kc = 3, threads = 12, method = 6 input: /home/i/graph-data/youtube
create fonl in 282 ms
tcArray duration: 642 ms
iteration 1, invalid size: 0 time: 21 ms
Complete in 303 ms
Total: 1227 ms, iteration count: 0
duration: 1668 ms
**********************************


GC = -XX:+UseParallelGC  -Xmx100g -Xms100g -XX:NewRatio=2 -XX:MaxGCPauseMillis=400 -XX:+PrintGC -XX:+PrintGCDetails -XX:+PrintGCTimeStamps -Xloggc:bin/ktruss/gc.log
JAR = /home/i/subgraph-mining/target/subgraph-mining-1.0-jar-with-dependencies.jar
Loading /home/i/graph-data/youtube
Graph loaded, triangleEdges: 2987624, load time: 1929 ms
start ktruss with kc = 4, threads = 12, method = 6 input: /home/i/graph-data/youtube
create fonl in 343 ms
tcArray duration: 553 ms
iteration 1, invalid size: 466980 time: 68 ms
Update in 1016 ms
iteration 2, invalid size: 86530 time: 10 ms
Update in 74 ms
iteration 3, invalid size: 9536 time: 0 ms
Update in 20 ms
iteration 4, invalid size: 1718 time: 0 ms
Update in 4 ms
iteration 5, invalid size: 427 time: 1 ms
Update in 1 ms
iteration 6, invalid size: 120 time: 1 ms
Update in 0 ms
iteration 7, invalid size: 38 time: 0 ms
Update in 3 ms
iteration 8, invalid size: 5 time: 1 ms
Update in 0 ms
iteration 9, invalid size: 1 time: 0 ms
Update in 1 ms
iteration 10, invalid size: 1 time: 0 ms
Update in 1 ms
iteration 11, invalid size: 0 time: 0 ms
Complete in 1515 ms
Total: 2411 ms, iteration count: 10
duration: 2900 ms
**********************************


GC = -XX:+UseParallelGC  -Xmx100g -Xms100g -XX:NewRatio=2 -XX:MaxGCPauseMillis=400 -XX:+PrintGC -XX:+PrintGCDetails -XX:+PrintGCTimeStamps -Xloggc:bin/ktruss/gc.log
JAR = /home/i/subgraph-mining/target/subgraph-mining-1.0-jar-with-dependencies.jar
Loading /home/i/graph-data/youtube
Graph loaded, triangleEdges: 2987624, load time: 1967 ms
start ktruss with kc = 5, threads = 12, method = 6 input: /home/i/graph-data/youtube
create fonl in 401 ms
tcArray duration: 879 ms
iteration 1, invalid size: 704820 time: 53 ms
Update in 650 ms
iteration 2, invalid size: 115669 time: 26 ms
Update in 117 ms
iteration 3, invalid size: 22303 time: 4 ms
Update in 38 ms
iteration 4, invalid size: 6561 time: 1 ms
Update in 11 ms
iteration 5, invalid size: 2472 time: 1 ms
Update in 4 ms
iteration 6, invalid size: 987 time: 1 ms
Update in 1 ms
iteration 7, invalid size: 407 time: 0 ms
Update in 1 ms
iteration 8, invalid size: 170 time: 1 ms
Update in 0 ms
iteration 9, invalid size: 84 time: 0 ms
Update in 1 ms
iteration 10, invalid size: 39 time: 0 ms
Update in 1 ms
iteration 11, invalid size: 16 time: 0 ms
Update in 1 ms
iteration 12, invalid size: 8 time: 0 ms
Update in 1 ms
iteration 13, invalid size: 2 time: 0 ms
Update in 0 ms
iteration 14, invalid size: 1 time: 1 ms
Update in 0 ms
iteration 15, invalid size: 0 time: 0 ms
Complete in 1225 ms
Total: 2505 ms, iteration count: 14
duration: 2971 ms
**********************************


GC = -XX:+UseParallelGC  -Xmx100g -Xms100g -XX:NewRatio=2 -XX:MaxGCPauseMillis=400 -XX:+PrintGC -XX:+PrintGCDetails -XX:+PrintGCTimeStamps -Xloggc:bin/ktruss/gc.log
JAR = /home/i/subgraph-mining/target/subgraph-mining-1.0-jar-with-dependencies.jar
Loading /home/i/graph-data/youtube
Graph loaded, triangleEdges: 2987624, load time: 2073 ms
start ktruss with kc = 6, threads = 12, method = 6 input: /home/i/graph-data/youtube
create fonl in 288 ms
tcArray duration: 536 ms
iteration 1, invalid size: 849489 time: 113 ms
Update in 549 ms
iteration 2, invalid size: 121736 time: 9 ms
Update in 236 ms
iteration 3, invalid size: 28622 time: 0 ms
Update in 22 ms
iteration 4, invalid size: 10532 time: 0 ms
Update in 16 ms
iteration 5, invalid size: 4474 time: 0 ms
Update in 9 ms
iteration 6, invalid size: 2095 time: 1 ms
Update in 5 ms
iteration 7, invalid size: 1004 time: 1 ms
Update in 2 ms
iteration 8, invalid size: 517 time: 0 ms
Update in 2 ms
iteration 9, invalid size: 235 time: 0 ms
Update in 1 ms
iteration 10, invalid size: 130 time: 0 ms
Update in 1 ms
iteration 11, invalid size: 89 time: 0 ms
Update in 1 ms
iteration 12, invalid size: 50 time: 0 ms
Update in 0 ms
iteration 13, invalid size: 28 time: 1 ms
Update in 0 ms
iteration 14, invalid size: 22 time: 0 ms
Update in 1 ms
iteration 15, invalid size: 10 time: 0 ms
Update in 0 ms
iteration 16, invalid size: 2 time: 1 ms
Update in 0 ms
iteration 17, invalid size: 1 time: 0 ms
Update in 0 ms
iteration 18, invalid size: 1 time: 1 ms
Update in 0 ms
iteration 19, invalid size: 1 time: 0 ms
Update in 0 ms
iteration 20, invalid size: 0 time: 1 ms
Complete in 1306 ms
Total: 2130 ms, iteration count: 19
duration: 2614 ms
**********************************


GC = -XX:+UseParallelGC  -Xmx100g -Xms100g -XX:NewRatio=2 -XX:MaxGCPauseMillis=400 -XX:+PrintGC -XX:+PrintGCDetails -XX:+PrintGCTimeStamps -Xloggc:bin/ktruss/gc.log
JAR = /home/i/subgraph-mining/target/subgraph-mining-1.0-jar-with-dependencies.jar
Loading /home/i/graph-data/youtube
Graph loaded, triangleEdges: 2987624, load time: 2086 ms
start ktruss with kc = 7, threads = 12, method = 6 input: /home/i/graph-data/youtube
create fonl in 293 ms
tcArray duration: 639 ms
iteration 1, invalid size: 945905 time: 89 ms
Update in 691 ms
iteration 2, invalid size: 120721 time: 12 ms
Update in 267 ms
iteration 3, invalid size: 30755 time: 0 ms
Update in 30 ms
iteration 4, invalid size: 12229 time: 0 ms
Update in 22 ms
iteration 5, invalid size: 5741 time: 0 ms
Update in 14 ms
iteration 6, invalid size: 2989 time: 0 ms
Update in 7 ms
iteration 7, invalid size: 1539 time: 0 ms
Update in 1 ms
iteration 8, invalid size: 821 time: 0 ms
Update in 1 ms
iteration 9, invalid size: 498 time: 0 ms
Update in 0 ms
iteration 10, invalid size: 308 time: 1 ms
Update in 0 ms
iteration 11, invalid size: 165 time: 0 ms
Update in 1 ms
iteration 12, invalid size: 106 time: 0 ms
Update in 0 ms
iteration 13, invalid size: 72 time: 1 ms
Update in 0 ms
iteration 14, invalid size: 42 time: 1 ms
Update in 0 ms
iteration 15, invalid size: 42 time: 0 ms
Update in 1 ms
iteration 16, invalid size: 33 time: 0 ms
Update in 0 ms
iteration 17, invalid size: 13 time: 1 ms
Update in 0 ms
iteration 18, invalid size: 14 time: 0 ms
Update in 0 ms
iteration 19, invalid size: 2 time: 0 ms
Update in 1 ms
iteration 20, invalid size: 0 time: 0 ms
Complete in 1468 ms
Total: 2400 ms, iteration count: 19
duration: 2878 ms
**********************************


GC = -XX:+UseParallelGC  -Xmx100g -Xms100g -XX:NewRatio=2 -XX:MaxGCPauseMillis=400 -XX:+PrintGC -XX:+PrintGCDetails -XX:+PrintGCTimeStamps -Xloggc:bin/ktruss/gc.log
JAR = /home/i/subgraph-mining/target/subgraph-mining-1.0-jar-with-dependencies.jar
Loading /home/i/graph-data/youtube
Graph loaded, triangleEdges: 2987624, load time: 2056 ms
start ktruss with kc = 8, threads = 12, method = 6 input: /home/i/graph-data/youtube
create fonl in 282 ms
tcArray duration: 778 ms
iteration 1, invalid size: 1016523 time: 77 ms
Update in 671 ms
iteration 2, invalid size: 117082 time: 3 ms
Update in 202 ms
iteration 3, invalid size: 30375 time: 1 ms
Update in 32 ms
iteration 4, invalid size: 12517 time: 0 ms
Update in 26 ms
iteration 5, invalid size: 6367 time: 0 ms
Update in 16 ms
iteration 6, invalid size: 3392 time: 1 ms
Update in 2 ms
iteration 7, invalid size: 1916 time: 0 ms
Update in 1 ms
iteration 8, invalid size: 963 time: 0 ms
Update in 1 ms
iteration 9, invalid size: 569 time: 1 ms
Update in 0 ms
iteration 10, invalid size: 359 time: 1 ms
Update in 0 ms
iteration 11, invalid size: 213 time: 1 ms
Update in 0 ms
iteration 12, invalid size: 134 time: 1 ms
Update in 0 ms
iteration 13, invalid size: 83 time: 1 ms
Update in 0 ms
iteration 14, invalid size: 51 time: 0 ms
Update in 1 ms
iteration 15, invalid size: 26 time: 0 ms
Update in 1 ms
iteration 16, invalid size: 35 time: 0 ms
Update in 0 ms
iteration 17, invalid size: 14 time: 0 ms
Update in 1 ms
iteration 18, invalid size: 2 time: 0 ms
Update in 1 ms
iteration 19, invalid size: 0 time: 0 ms
Complete in 1396 ms
Total: 2456 ms, iteration count: 18
duration: 2940 ms
**********************************


GC = -XX:+UseParallelGC  -Xmx100g -Xms100g -XX:NewRatio=2 -XX:MaxGCPauseMillis=400 -XX:+PrintGC -XX:+PrintGCDetails -XX:+PrintGCTimeStamps -Xloggc:bin/ktruss/gc.log
JAR = /home/i/subgraph-mining/target/subgraph-mining-1.0-jar-with-dependencies.jar
Loading /home/i/graph-data/youtube
Graph loaded, triangleEdges: 2987624, load time: 2019 ms
start ktruss with kc = 9, threads = 12, method = 6 input: /home/i/graph-data/youtube
create fonl in 293 ms
tcArray duration: 686 ms
iteration 1, invalid size: 1069922 time: 91 ms
Update in 1203 ms
iteration 2, invalid size: 112063 time: 8 ms
Update in 224 ms
iteration 3, invalid size: 29240 time: 0 ms
Update in 29 ms
iteration 4, invalid size: 12120 time: 1 ms
Update in 10 ms
iteration 5, invalid size: 6390 time: 1 ms
Update in 5 ms
iteration 6, invalid size: 3714 time: 1 ms
Update in 3 ms
iteration 7, invalid size: 2180 time: 1 ms
Update in 2 ms
iteration 8, invalid size: 1338 time: 0 ms
Update in 2 ms
iteration 9, invalid size: 813 time: 0 ms
Update in 1 ms
iteration 10, invalid size: 497 time: 1 ms
Update in 0 ms
iteration 11, invalid size: 346 time: 0 ms
Update in 1 ms
iteration 12, invalid size: 239 time: 0 ms
Update in 1 ms
iteration 13, invalid size: 135 time: 0 ms
Update in 0 ms
iteration 14, invalid size: 89 time: 1 ms
Update in 0 ms
iteration 15, invalid size: 34 time: 1 ms
Update in 0 ms
iteration 16, invalid size: 33 time: 1 ms
Update in 0 ms
iteration 17, invalid size: 18 time: 0 ms
Update in 1 ms
iteration 18, invalid size: 18 time: 0 ms
Update in 1 ms
iteration 19, invalid size: 20 time: 0 ms
Update in 1 ms
iteration 20, invalid size: 6 time: 0 ms
Update in 1 ms
iteration 21, invalid size: 6 time: 0 ms
Update in 1 ms
iteration 22, invalid size: 7 time: 2 ms
Update in 1 ms
iteration 23, invalid size: 10 time: 0 ms
Update in 1 ms
iteration 24, invalid size: 8 time: 0 ms
Update in 1 ms
iteration 25, invalid size: 6 time: 0 ms
Update in 0 ms
iteration 26, invalid size: 0 time: 1 ms
Complete in 1925 ms
Total: 2904 ms, iteration count: 25
duration: 3386 ms
**********************************


GC = -XX:+UseParallelGC  -Xmx100g -Xms100g -XX:NewRatio=2 -XX:MaxGCPauseMillis=400 -XX:+PrintGC -XX:+PrintGCDetails -XX:+PrintGCTimeStamps -Xloggc:bin/ktruss/gc.log
JAR = /home/i/subgraph-mining/target/subgraph-mining-1.0-jar-with-dependencies.jar
Loading /home/i/graph-data/youtube
Graph loaded, triangleEdges: 2987624, load time: 2075 ms
start ktruss with kc = 10, threads = 12, method = 6 input: /home/i/graph-data/youtube
create fonl in 278 ms
tcArray duration: 654 ms
iteration 1, invalid size: 1111522 time: 127 ms
Update in 750 ms
iteration 2, invalid size: 107507 time: 8 ms
Update in 169 ms
iteration 3, invalid size: 27537 time: 1 ms
Update in 55 ms
iteration 4, invalid size: 12408 time: 1 ms
Update in 23 ms
iteration 5, invalid size: 6554 time: 1 ms
Update in 14 ms
iteration 6, invalid size: 3769 time: 1 ms
Update in 13 ms
iteration 7, invalid size: 2482 time: 0 ms
Update in 2 ms
iteration 8, invalid size: 1574 time: 1 ms
Update in 1 ms
iteration 9, invalid size: 961 time: 0 ms
Update in 1 ms
iteration 10, invalid size: 684 time: 1 ms
Update in 0 ms
iteration 11, invalid size: 450 time: 2 ms
Update in 0 ms
iteration 12, invalid size: 348 time: 1 ms
Update in 0 ms
iteration 13, invalid size: 324 time: 0 ms
Update in 1 ms
iteration 14, invalid size: 215 time: 0 ms
Update in 1 ms
iteration 15, invalid size: 171 time: 0 ms
Update in 0 ms
iteration 16, invalid size: 132 time: 1 ms
Update in 1 ms
iteration 17, invalid size: 98 time: 0 ms
Update in 0 ms
iteration 18, invalid size: 76 time: 0 ms
Update in 1 ms
iteration 19, invalid size: 68 time: 0 ms
Update in 1 ms
iteration 20, invalid size: 78 time: 0 ms
Update in 2 ms
iteration 21, invalid size: 66 time: 0 ms
Update in 1 ms
iteration 22, invalid size: 45 time: 1 ms
Update in 0 ms
iteration 23, invalid size: 25 time: 0 ms
Update in 1 ms
iteration 24, invalid size: 18 time: 0 ms
Update in 1 ms
iteration 25, invalid size: 2 time: 0 ms
Update in 0 ms
iteration 26, invalid size: 1 time: 1 ms
Update in 0 ms
iteration 27, invalid size: 2 time: 0 ms
Update in 1 ms
iteration 28, invalid size: 6 time: 0 ms
Update in 0 ms
iteration 29, invalid size: 14 time: 0 ms
Update in 1 ms
iteration 30, invalid size: 19 time: 0 ms
Update in 1 ms
iteration 31, invalid size: 21 time: 0 ms
Update in 0 ms
iteration 32, invalid size: 18 time: 1 ms
Update in 0 ms
iteration 33, invalid size: 8 time: 1 ms
Update in 1 ms
iteration 34, invalid size: 15 time: 0 ms
Update in 1 ms
iteration 35, invalid size: 5 time: 1 ms
Update in 1 ms
iteration 36, invalid size: 0 time: 0 ms
Complete in 1549 ms
Total: 2481 ms, iteration count: 35
duration: 2994 ms
**********************************


GC = -XX:+UseParallelGC  -Xmx100g -Xms100g -XX:NewRatio=2 -XX:MaxGCPauseMillis=400 -XX:+PrintGC -XX:+PrintGCDetails -XX:+PrintGCTimeStamps -Xloggc:bin/ktruss/gc.log
JAR = /home/i/subgraph-mining/target/subgraph-mining-1.0-jar-with-dependencies.jar
Loading /home/i/graph-data/youtube
Graph loaded, triangleEdges: 2987624, load time: 2045 ms
start ktruss with kc = 11, threads = 12, method = 6 input: /home/i/graph-data/youtube
create fonl in 280 ms
tcArray duration: 745 ms
iteration 1, invalid size: 1145315 time: 65 ms
Update in 741 ms
iteration 2, invalid size: 102761 time: 7 ms
Update in 244 ms
iteration 3, invalid size: 26982 time: 0 ms
Update in 34 ms
iteration 4, invalid size: 11700 time: 2 ms
Update in 27 ms
iteration 5, invalid size: 6331 time: 0 ms
Update in 19 ms
iteration 6, invalid size: 3678 time: 0 ms
Update in 3 ms
iteration 7, invalid size: 2403 time: 0 ms
Update in 2 ms
iteration 8, invalid size: 1592 time: 0 ms
Update in 2 ms
iteration 9, invalid size: 926 time: 0 ms
Update in 1 ms
iteration 10, invalid size: 678 time: 1 ms
Update in 1 ms
iteration 11, invalid size: 455 time: 1 ms
Update in 1 ms
iteration 12, invalid size: 258 time: 0 ms
Update in 1 ms
iteration 13, invalid size: 147 time: 0 ms
Update in 0 ms
iteration 14, invalid size: 81 time: 1 ms
Update in 0 ms
iteration 15, invalid size: 57 time: 0 ms
Update in 1 ms
iteration 16, invalid size: 33 time: 0 ms
Update in 0 ms
iteration 17, invalid size: 12 time: 1 ms
Update in 1 ms
iteration 18, invalid size: 11 time: 0 ms
Update in 1 ms
iteration 19, invalid size: 25 time: 0 ms
Update in 1 ms
iteration 20, invalid size: 19 time: 0 ms
Update in 1 ms
iteration 21, invalid size: 5 time: 0 ms
Update in 0 ms
iteration 22, invalid size: 6 time: 1 ms
Update in 0 ms
iteration 23, invalid size: 0 time: 1 ms
Complete in 1480 ms
Total: 2505 ms, iteration count: 22
duration: 2980 ms
**********************************


GC = -XX:+UseParallelGC  -Xmx100g -Xms100g -XX:NewRatio=2 -XX:MaxGCPauseMillis=400 -XX:+PrintGC -XX:+PrintGCDetails -XX:+PrintGCTimeStamps -Xloggc:bin/ktruss/gc.log
JAR = /home/i/subgraph-mining/target/subgraph-mining-1.0-jar-with-dependencies.jar
Loading /home/i/graph-data/youtube
Graph loaded, triangleEdges: 2987624, load time: 2076 ms
start ktruss with kc = 12, threads = 12, method = 6 input: /home/i/graph-data/youtube
create fonl in 224 ms
tcArray duration: 635 ms
iteration 1, invalid size: 1172674 time: 134 ms
Update in 1277 ms
iteration 2, invalid size: 98263 time: 8 ms
Update in 61 ms
iteration 3, invalid size: 25625 time: 1 ms
Update in 31 ms
iteration 4, invalid size: 11239 time: 1 ms
Update in 10 ms
iteration 5, invalid size: 5943 time: 0 ms
Update in 5 ms
iteration 6, invalid size: 3610 time: 0 ms
Update in 3 ms
iteration 7, invalid size: 2042 time: 1 ms
Update in 2 ms
iteration 8, invalid size: 1247 time: 1 ms
Update in 1 ms
iteration 9, invalid size: 850 time: 1 ms
Update in 1 ms
iteration 10, invalid size: 565 time: 0 ms
Update in 1 ms
iteration 11, invalid size: 406 time: 0 ms
Update in 1 ms
iteration 12, invalid size: 280 time: 0 ms
Update in 1 ms
iteration 13, invalid size: 219 time: 0 ms
Update in 1 ms
iteration 14, invalid size: 176 time: 0 ms
Update in 0 ms
iteration 15, invalid size: 146 time: 1 ms
Update in 0 ms
iteration 16, invalid size: 97 time: 1 ms
Update in 0 ms
iteration 17, invalid size: 79 time: 0 ms
Update in 1 ms
iteration 18, invalid size: 35 time: 0 ms
Update in 0 ms
iteration 19, invalid size: 34 time: 0 ms
Update in 1 ms
iteration 20, invalid size: 54 time: 0 ms
Update in 1 ms
iteration 21, invalid size: 22 time: 1 ms
Update in 1 ms
iteration 22, invalid size: 13 time: 0 ms
Update in 0 ms
iteration 23, invalid size: 10 time: 1 ms
Update in 0 ms
iteration 24, invalid size: 9 time: 0 ms
Update in 0 ms
iteration 25, invalid size: 1 time: 1 ms
Update in 0 ms
iteration 26, invalid size: 1 time: 0 ms
Update in 1 ms
iteration 27, invalid size: 2 time: 0 ms
Update in 1 ms
iteration 28, invalid size: 4 time: 0 ms
Update in 1 ms
iteration 29, invalid size: 10 time: 0 ms
Update in 0 ms
iteration 30, invalid size: 0 time: 1 ms
Complete in 1902 ms
Total: 2761 ms, iteration count: 29
duration: 3163 ms
**********************************


GC = -XX:+UseParallelGC  -Xmx100g -Xms100g -XX:NewRatio=2 -XX:MaxGCPauseMillis=400 -XX:+PrintGC -XX:+PrintGCDetails -XX:+PrintGCTimeStamps -Xloggc:bin/ktruss/gc.log
JAR = /home/i/subgraph-mining/target/subgraph-mining-1.0-jar-with-dependencies.jar
Loading /home/i/graph-data/youtube
Graph loaded, triangleEdges: 2987624, load time: 2018 ms
start ktruss with kc = 13, threads = 12, method = 6 input: /home/i/graph-data/youtube
create fonl in 292 ms
tcArray duration: 732 ms
iteration 1, invalid size: 1195995 time: 60 ms
Update in 1343 ms
iteration 2, invalid size: 93692 time: 6 ms
Update in 103 ms
iteration 3, invalid size: 24027 time: 1 ms
Update in 62 ms
iteration 4, invalid size: 10550 time: 1 ms
Update in 27 ms
iteration 5, invalid size: 5603 time: 1 ms
Update in 11 ms
iteration 6, invalid size: 3415 time: 1 ms
Update in 11 ms
iteration 7, invalid size: 2372 time: 0 ms
Update in 8 ms
iteration 8, invalid size: 1475 time: 0 ms
Update in 5 ms
iteration 9, invalid size: 986 time: 0 ms
Update in 4 ms
iteration 10, invalid size: 714 time: 1 ms
Update in 2 ms
iteration 11, invalid size: 498 time: 0 ms
Update in 3 ms
iteration 12, invalid size: 378 time: 0 ms
Update in 1 ms
iteration 13, invalid size: 290 time: 0 ms
Update in 0 ms
iteration 14, invalid size: 197 time: 0 ms
Update in 0 ms
iteration 15, invalid size: 144 time: 1 ms
Update in 0 ms
iteration 16, invalid size: 110 time: 0 ms
Update in 1 ms
iteration 17, invalid size: 84 time: 1 ms
Update in 0 ms
iteration 18, invalid size: 67 time: 0 ms
Update in 1 ms
iteration 19, invalid size: 37 time: 1 ms
Update in 0 ms
iteration 20, invalid size: 38 time: 0 ms
Update in 1 ms
iteration 21, invalid size: 24 time: 0 ms
Update in 1 ms
iteration 22, invalid size: 20 time: 0 ms
Update in 0 ms
iteration 23, invalid size: 11 time: 1 ms
Update in 0 ms
iteration 24, invalid size: 21 time: 1 ms
Update in 0 ms
iteration 25, invalid size: 32 time: 1 ms
Update in 0 ms
iteration 26, invalid size: 1 time: 0 ms
Update in 1 ms
iteration 27, invalid size: 3 time: 0 ms
Update in 0 ms
iteration 28, invalid size: 4 time: 0 ms
Update in 0 ms
iteration 29, invalid size: 7 time: 1 ms
Update in 0 ms
iteration 30, invalid size: 6 time: 1 ms
Update in 0 ms
iteration 31, invalid size: 0 time: 1 ms
Complete in 2056 ms
Total: 3080 ms, iteration count: 30
duration: 3695 ms
**********************************


GC = -XX:+UseParallelGC  -Xmx100g -Xms100g -XX:NewRatio=2 -XX:MaxGCPauseMillis=400 -XX:+PrintGC -XX:+PrintGCDetails -XX:+PrintGCTimeStamps -Xloggc:bin/ktruss/gc.log
JAR = /home/i/subgraph-mining/target/subgraph-mining-1.0-jar-with-dependencies.jar
Loading /home/i/graph-data/youtube
Graph loaded, triangleEdges: 2987624, load time: 2055 ms
start ktruss with kc = 14, threads = 12, method = 6 input: /home/i/graph-data/youtube
create fonl in 287 ms
tcArray duration: 896 ms
iteration 1, invalid size: 1215375 time: 49 ms
Update in 685 ms
iteration 2, invalid size: 89720 time: 4 ms
Update in 184 ms
iteration 3, invalid size: 22411 time: 0 ms
Update in 43 ms
iteration 4, invalid size: 9911 time: 1 ms
Update in 33 ms
iteration 5, invalid size: 5465 time: 0 ms
Update in 9 ms
iteration 6, invalid size: 2987 time: 0 ms
Update in 5 ms
iteration 7, invalid size: 2003 time: 0 ms
Update in 4 ms
iteration 8, invalid size: 1393 time: 0 ms
Update in 2 ms
iteration 9, invalid size: 991 time: 1 ms
Update in 1 ms
iteration 10, invalid size: 616 time: 1 ms
Update in 1 ms
iteration 11, invalid size: 476 time: 1 ms
Update in 1 ms
iteration 12, invalid size: 298 time: 0 ms
Update in 1 ms
iteration 13, invalid size: 318 time: 1 ms
Update in 0 ms
iteration 14, invalid size: 220 time: 0 ms
Update in 1 ms
iteration 15, invalid size: 169 time: 0 ms
Update in 1 ms
iteration 16, invalid size: 144 time: 0 ms
Update in 0 ms
iteration 17, invalid size: 93 time: 1 ms
Update in 0 ms
iteration 18, invalid size: 60 time: 0 ms
Update in 0 ms
iteration 19, invalid size: 22 time: 1 ms
Update in 0 ms
iteration 20, invalid size: 36 time: 1 ms
Update in 1 ms
iteration 21, invalid size: 35 time: 1 ms
Update in 0 ms
iteration 22, invalid size: 28 time: 0 ms
Update in 1 ms
iteration 23, invalid size: 18 time: 1 ms
Update in 0 ms
iteration 24, invalid size: 35 time: 1 ms
Update in 0 ms
iteration 25, invalid size: 2 time: 0 ms
Update in 1 ms
iteration 26, invalid size: 1 time: 0 ms
Update in 0 ms
iteration 27, invalid size: 0 time: 1 ms
Complete in 1416 ms
Total: 2599 ms, iteration count: 26
duration: 3082 ms
**********************************


GC = -XX:+UseParallelGC  -Xmx100g -Xms100g -XX:NewRatio=2 -XX:MaxGCPauseMillis=400 -XX:+PrintGC -XX:+PrintGCDetails -XX:+PrintGCTimeStamps -Xloggc:bin/ktruss/gc.log
JAR = /home/i/subgraph-mining/target/subgraph-mining-1.0-jar-with-dependencies.jar
Loading /home/i/graph-data/youtube
Graph loaded, triangleEdges: 2987624, load time: 2044 ms
start ktruss with kc = 15, threads = 12, method = 6 input: /home/i/graph-data/youtube
create fonl in 263 ms
tcArray duration: 571 ms
iteration 1, invalid size: 1232087 time: 120 ms
Update in 769 ms
iteration 2, invalid size: 85618 time: 6 ms
Update in 80 ms
iteration 3, invalid size: 21350 time: 1 ms
Update in 75 ms
iteration 4, invalid size: 9414 time: 2 ms
Update in 33 ms
iteration 5, invalid size: 5084 time: 0 ms
Update in 13 ms
iteration 6, invalid size: 3033 time: 0 ms
Update in 14 ms
iteration 7, invalid size: 1868 time: 0 ms
Update in 8 ms
iteration 8, invalid size: 1206 time: 1 ms
Update in 7 ms
iteration 9, invalid size: 847 time: 0 ms
Update in 5 ms
iteration 10, invalid size: 617 time: 0 ms
Update in 3 ms
iteration 11, invalid size: 469 time: 1 ms
Update in 3 ms
iteration 12, invalid size: 405 time: 0 ms
Update in 2 ms
iteration 13, invalid size: 308 time: 0 ms
Update in 2 ms
iteration 14, invalid size: 263 time: 1 ms
Update in 1 ms
iteration 15, invalid size: 214 time: 1 ms
Update in 1 ms
iteration 16, invalid size: 173 time: 0 ms
Update in 1 ms
iteration 17, invalid size: 138 time: 1 ms
Update in 0 ms
iteration 18, invalid size: 133 time: 1 ms
Update in 1 ms
iteration 19, invalid size: 168 time: 0 ms
Update in 1 ms
iteration 20, invalid size: 78 time: 0 ms
Update in 0 ms
iteration 21, invalid size: 12 time: 2 ms
Update in 0 ms
iteration 22, invalid size: 25 time: 1 ms
Update in 1 ms
iteration 23, invalid size: 24 time: 1 ms
Update in 0 ms
iteration 24, invalid size: 30 time: 1 ms
Update in 1 ms
iteration 25, invalid size: 13 time: 0 ms
Update in 0 ms
iteration 26, invalid size: 19 time: 1 ms
Update in 0 ms
iteration 27, invalid size: 39 time: 1 ms
Update in 0 ms
iteration 28, invalid size: 6 time: 0 ms
Update in 1 ms
iteration 29, invalid size: 0 time: 0 ms
Complete in 1504 ms
Total: 2338 ms, iteration count: 28
duration: 2729 ms
**********************************


GC = -XX:+UseParallelGC  -Xmx100g -Xms100g -XX:NewRatio=2 -XX:MaxGCPauseMillis=400 -XX:+PrintGC -XX:+PrintGCDetails -XX:+PrintGCTimeStamps -Xloggc:bin/ktruss/gc.log
JAR = /home/i/subgraph-mining/target/subgraph-mining-1.0-jar-with-dependencies.jar
Loading /home/i/graph-data/youtube
Graph loaded, triangleEdges: 2987624, load time: 2168 ms
start ktruss with kc = 16, threads = 12, method = 6 input: /home/i/graph-data/youtube
create fonl in 427 ms
tcArray duration: 528 ms
iteration 1, invalid size: 1246690 time: 75 ms
Update in 1188 ms
iteration 2, invalid size: 81611 time: 5 ms
Update in 90 ms
iteration 3, invalid size: 20084 time: 1 ms
Update in 36 ms
iteration 4, invalid size: 8768 time: 0 ms
Update in 24 ms
iteration 5, invalid size: 4675 time: 1 ms
Update in 19 ms
iteration 6, invalid size: 2809 time: 0 ms
Update in 6 ms
iteration 7, invalid size: 1885 time: 0 ms
Update in 4 ms
iteration 8, invalid size: 1451 time: 0 ms
Update in 3 ms
iteration 9, invalid size: 1346 time: 0 ms
Update in 5 ms
iteration 10, invalid size: 1125 time: 0 ms
Update in 2 ms
iteration 11, invalid size: 780 time: 1 ms
Update in 1 ms
iteration 12, invalid size: 545 time: 1 ms
Update in 1 ms
iteration 13, invalid size: 404 time: 0 ms
Update in 1 ms
iteration 14, invalid size: 375 time: 1 ms
Update in 1 ms
iteration 15, invalid size: 259 time: 0 ms
Update in 1 ms
iteration 16, invalid size: 220 time: 1 ms
Update in 0 ms
iteration 17, invalid size: 177 time: 1 ms
Update in 1 ms
iteration 18, invalid size: 230 time: 0 ms
Update in 0 ms
iteration 19, invalid size: 216 time: 1 ms
Update in 1 ms
iteration 20, invalid size: 98 time: 0 ms
Update in 4 ms
iteration 21, invalid size: 95 time: 0 ms
Update in 1 ms
iteration 22, invalid size: 119 time: 1 ms
Update in 0 ms
iteration 23, invalid size: 145 time: 0 ms
Update in 1 ms
iteration 24, invalid size: 81 time: 1 ms
Update in 0 ms
iteration 25, invalid size: 58 time: 1 ms
Update in 0 ms
iteration 26, invalid size: 46 time: 0 ms
Update in 1 ms
iteration 27, invalid size: 62 time: 0 ms
Update in 1 ms
iteration 28, invalid size: 77 time: 0 ms
Update in 1 ms
iteration 29, invalid size: 86 time: 0 ms
Update in 1 ms
iteration 30, invalid size: 68 time: 0 ms
Update in 0 ms
iteration 31, invalid size: 61 time: 0 ms
Update in 1 ms
iteration 32, invalid size: 56 time: 0 ms
Update in 1 ms
iteration 33, invalid size: 61 time: 0 ms
Update in 1 ms
iteration 34, invalid size: 52 time: 0 ms
Update in 1 ms
iteration 35, invalid size: 39 time: 0 ms
Update in 0 ms
iteration 36, invalid size: 20 time: 0 ms
Update in 1 ms
iteration 37, invalid size: 24 time: 0 ms
Update in 0 ms
iteration 38, invalid size: 22 time: 1 ms
Update in 0 ms
iteration 39, invalid size: 28 time: 1 ms
Update in 0 ms
iteration 40, invalid size: 38 time: 0 ms
Update in 1 ms
iteration 41, invalid size: 52 time: 1 ms
Update in 0 ms
iteration 42, invalid size: 15 time: 0 ms
Update in 0 ms
iteration 43, invalid size: 24 time: 0 ms
Update in 0 ms
iteration 44, invalid size: 1 time: 0 ms
Update in 0 ms
iteration 45, invalid size: 1 time: 0 ms
Update in 0 ms
iteration 46, invalid size: 2 time: 0 ms
Update in 0 ms
iteration 47, invalid size: 5 time: 0 ms
Update in 1 ms
iteration 48, invalid size: 15 time: 0 ms
Update in 1 ms
iteration 49, invalid size: 6 time: 0 ms
Update in 1 ms
iteration 50, invalid size: 11 time: 0 ms
Update in 0 ms
iteration 51, invalid size: 6 time: 0 ms
Update in 1 ms
iteration 52, invalid size: 0 time: 0 ms
Complete in 1833 ms
Total: 2788 ms, iteration count: 51
duration: 3274 ms
**********************************


GC = -XX:+UseParallelGC  -Xmx100g -Xms100g -XX:NewRatio=2 -XX:MaxGCPauseMillis=400 -XX:+PrintGC -XX:+PrintGCDetails -XX:+PrintGCTimeStamps -Xloggc:bin/ktruss/gc.log
JAR = /home/i/subgraph-mining/target/subgraph-mining-1.0-jar-with-dependencies.jar
Loading /home/i/graph-data/youtube
Graph loaded, triangleEdges: 2987624, load time: 2066 ms
start ktruss with kc = 17, threads = 12, method = 6 input: /home/i/graph-data/youtube
create fonl in 260 ms
tcArray duration: 826 ms
iteration 1, invalid size: 1259437 time: 101 ms
Update in 494 ms
iteration 2, invalid size: 78028 time: 5 ms
Update in 234 ms
iteration 3, invalid size: 18864 time: 0 ms
Update in 35 ms
iteration 4, invalid size: 8164 time: 1 ms
Update in 12 ms
iteration 5, invalid size: 4421 time: 1 ms
Update in 7 ms
iteration 6, invalid size: 3173 time: 0 ms
Update in 5 ms
iteration 7, invalid size: 2350 time: 0 ms
Update in 4 ms
iteration 8, invalid size: 1853 time: 0 ms
Update in 3 ms
iteration 9, invalid size: 1220 time: 0 ms
Update in 3 ms
iteration 10, invalid size: 866 time: 0 ms
Update in 2 ms
iteration 11, invalid size: 626 time: 1 ms
Update in 1 ms
iteration 12, invalid size: 524 time: 0 ms
Update in 1 ms
iteration 13, invalid size: 401 time: 1 ms
Update in 0 ms
iteration 14, invalid size: 418 time: 0 ms
Update in 1 ms
iteration 15, invalid size: 358 time: 0 ms
Update in 1 ms
iteration 16, invalid size: 262 time: 0 ms
Update in 0 ms
iteration 17, invalid size: 229 time: 1 ms
Update in 1 ms
iteration 18, invalid size: 198 time: 0 ms
Update in 4 ms
iteration 19, invalid size: 167 time: 0 ms
Update in 1 ms
iteration 20, invalid size: 50 time: 1 ms
Update in 0 ms
iteration 21, invalid size: 5 time: 1 ms
Update in 0 ms
iteration 22, invalid size: 2 time: 1 ms
Update in 0 ms
iteration 23, invalid size: 2 time: 0 ms
Update in 1 ms
iteration 24, invalid size: 4 time: 0 ms
Update in 1 ms
iteration 25, invalid size: 8 time: 0 ms
Update in 0 ms
iteration 26, invalid size: 12 time: 1 ms
Update in 0 ms
iteration 27, invalid size: 0 time: 0 ms
Complete in 1299 ms
Total: 2385 ms, iteration count: 26
duration: 2841 ms
**********************************


GC = -XX:+UseParallelGC  -Xmx100g -Xms100g -XX:NewRatio=2 -XX:MaxGCPauseMillis=400 -XX:+PrintGC -XX:+PrintGCDetails -XX:+PrintGCTimeStamps -Xloggc:bin/ktruss/gc.log
JAR = /home/i/subgraph-mining/target/subgraph-mining-1.0-jar-with-dependencies.jar
Loading /home/i/graph-data/youtube
Graph loaded, triangleEdges: 2987624, load time: 1947 ms
start ktruss with kc = 18, threads = 12, method = 6 input: /home/i/graph-data/youtube
create fonl in 408 ms
tcArray duration: 621 ms
iteration 1, invalid size: 1270640 time: 133 ms
Update in 820 ms
iteration 2, invalid size: 74762 time: 10 ms
Update in 71 ms
iteration 3, invalid size: 17594 time: 0 ms
Update in 23 ms
iteration 4, invalid size: 7803 time: 1 ms
Update in 12 ms
iteration 5, invalid size: 4747 time: 1 ms
Update in 8 ms
iteration 6, invalid size: 3046 time: 0 ms
Update in 5 ms
iteration 7, invalid size: 2093 time: 0 ms
Update in 3 ms
iteration 8, invalid size: 1518 time: 1 ms
Update in 2 ms
iteration 9, invalid size: 946 time: 1 ms
Update in 2 ms
iteration 10, invalid size: 675 time: 0 ms
Update in 1 ms
iteration 11, invalid size: 442 time: 1 ms
Update in 1 ms
iteration 12, invalid size: 320 time: 1 ms
Update in 1 ms
iteration 13, invalid size: 186 time: 0 ms
Update in 0 ms
iteration 14, invalid size: 133 time: 0 ms
Update in 1 ms
iteration 15, invalid size: 110 time: 0 ms
Update in 0 ms
iteration 16, invalid size: 17 time: 1 ms
Update in 0 ms
iteration 17, invalid size: 13 time: 0 ms
Update in 1 ms
iteration 18, invalid size: 16 time: 0 ms
Update in 0 ms
iteration 19, invalid size: 0 time: 1 ms
Complete in 1436 ms
Total: 2465 ms, iteration count: 18
duration: 2971 ms
**********************************


GC = -XX:+UseParallelGC  -Xmx100g -Xms100g -XX:NewRatio=2 -XX:MaxGCPauseMillis=400 -XX:+PrintGC -XX:+PrintGCDetails -XX:+PrintGCTimeStamps -Xloggc:bin/ktruss/gc.log
JAR = /home/i/subgraph-mining/target/subgraph-mining-1.0-jar-with-dependencies.jar
Loading /home/i/graph-data/youtube
Graph loaded, triangleEdges: 2987624, load time: 2083 ms
start ktruss with kc = 19, threads = 12, method = 6 input: /home/i/graph-data/youtube
create fonl in 275 ms
tcArray duration: 588 ms
iteration 1, invalid size: 1280498 time: 91 ms
Update in 471 ms
iteration 2, invalid size: 71430 time: 10 ms
Update in 209 ms
iteration 3, invalid size: 16592 time: 1 ms
Update in 46 ms
iteration 4, invalid size: 7600 time: 0 ms
Update in 14 ms
iteration 5, invalid size: 4462 time: 1 ms
Update in 8 ms
iteration 6, invalid size: 2589 time: 0 ms
Update in 6 ms
iteration 7, invalid size: 1710 time: 0 ms
Update in 5 ms
iteration 8, invalid size: 1201 time: 1 ms
Update in 3 ms
iteration 9, invalid size: 889 time: 1 ms
Update in 2 ms
iteration 10, invalid size: 702 time: 1 ms
Update in 1 ms
iteration 11, invalid size: 477 time: 1 ms
Update in 2 ms
iteration 12, invalid size: 412 time: 0 ms
Update in 2 ms
iteration 13, invalid size: 176 time: 0 ms
Update in 1 ms
iteration 14, invalid size: 137 time: 0 ms
Update in 1 ms
iteration 15, invalid size: 124 time: 0 ms
Update in 1 ms
iteration 16, invalid size: 114 time: 0 ms
Update in 1 ms
iteration 17, invalid size: 112 time: 0 ms
Update in 0 ms
iteration 18, invalid size: 118 time: 0 ms
Update in 0 ms
iteration 19, invalid size: 155 time: 1 ms
Update in 1 ms
iteration 20, invalid size: 171 time: 0 ms
Update in 1 ms
iteration 21, invalid size: 127 time: 1 ms
Update in 1 ms
iteration 22, invalid size: 94 time: 0 ms
Update in 1 ms
iteration 23, invalid size: 64 time: 1 ms
Update in 0 ms
iteration 24, invalid size: 64 time: 1 ms
Update in 0 ms
iteration 25, invalid size: 65 time: 1 ms
Update in 0 ms
iteration 26, invalid size: 31 time: 1 ms
Update in 0 ms
iteration 27, invalid size: 7 time: 0 ms
Update in 1 ms
iteration 28, invalid size: 19 time: 0 ms
Update in 0 ms
iteration 29, invalid size: 4 time: 1 ms
Update in 0 ms
iteration 30, invalid size: 7 time: 1 ms
Update in 0 ms
iteration 31, invalid size: 21 time: 0 ms
Update in 1 ms
iteration 32, invalid size: 9 time: 0 ms
Update in 0 ms
iteration 33, invalid size: 16 time: 0 ms
Update in 1 ms
iteration 34, invalid size: 9 time: 0 ms
Update in 1 ms
iteration 35, invalid size: 2 time: 0 ms
Update in 0 ms
iteration 36, invalid size: 2 time: 1 ms
Update in 0 ms
iteration 37, invalid size: 3 time: 0 ms
Update in 1 ms
iteration 38, invalid size: 4 time: 0 ms
Update in 0 ms
iteration 39, invalid size: 10 time: 1 ms
Update in 1 ms
iteration 40, invalid size: 13 time: 0 ms
Update in 0 ms
iteration 41, invalid size: 2 time: 0 ms
Update in 1 ms
iteration 42, invalid size: 5 time: 1 ms
Update in 0 ms
iteration 43, invalid size: 13 time: 1 ms
Update in 0 ms
iteration 44, invalid size: 6 time: 0 ms
Update in 0 ms
iteration 45, invalid size: 0 time: 1 ms
Complete in 1243 ms
Total: 2106 ms, iteration count: 44
duration: 2598 ms
**********************************


GC = -XX:+UseParallelGC  -Xmx100g -Xms100g -XX:NewRatio=2 -XX:MaxGCPauseMillis=400 -XX:+PrintGC -XX:+PrintGCDetails -XX:+PrintGCTimeStamps -Xloggc:bin/ktruss/gc.log
JAR = /home/i/subgraph-mining/target/subgraph-mining-1.0-jar-with-dependencies.jar
Loading /home/i/graph-data/youtube
Graph loaded, triangleEdges: 2987624, load time: 1936 ms
start ktruss with kc = 20, threads = 12, method = 6 input: /home/i/graph-data/youtube
create fonl in 296 ms
tcArray duration: 640 ms
iteration 1, invalid size: 1289178 time: 57 ms
Update in 791 ms
iteration 2, invalid size: 68237 time: 4 ms
Update in 222 ms
iteration 3, invalid size: 15807 time: 0 ms
Update in 48 ms
iteration 4, invalid size: 7202 time: 0 ms
Update in 12 ms
iteration 5, invalid size: 3973 time: 1 ms
Update in 7 ms
iteration 6, invalid size: 2575 time: 2 ms
Update in 5 ms
iteration 7, invalid size: 1594 time: 1 ms
Update in 5 ms
iteration 8, invalid size: 1085 time: 1 ms
Update in 4 ms
iteration 9, invalid size: 716 time: 0 ms
Update in 2 ms
iteration 10, invalid size: 633 time: 1 ms
Update in 1 ms
iteration 11, invalid size: 488 time: 0 ms
Update in 2 ms
iteration 12, invalid size: 459 time: 1 ms
Update in 1 ms
iteration 13, invalid size: 402 time: 0 ms
Update in 2 ms
iteration 14, invalid size: 428 time: 1 ms
Update in 1 ms
iteration 15, invalid size: 359 time: 0 ms
Update in 1 ms
iteration 16, invalid size: 299 time: 1 ms
Update in 0 ms
iteration 17, invalid size: 358 time: 1 ms
Update in 1 ms
iteration 18, invalid size: 272 time: 0 ms
Update in 1 ms
iteration 19, invalid size: 304 time: 1 ms
Update in 1 ms
iteration 20, invalid size: 379 time: 0 ms
Update in 1 ms
iteration 21, invalid size: 390 time: 1 ms
Update in 1 ms
iteration 22, invalid size: 216 time: 2 ms
Update in 1 ms
iteration 23, invalid size: 90 time: 0 ms
Update in 1 ms
iteration 24, invalid size: 51 time: 0 ms
Update in 1 ms
iteration 25, invalid size: 62 time: 0 ms
Update in 1 ms
iteration 26, invalid size: 44 time: 1 ms
Update in 0 ms
iteration 27, invalid size: 38 time: 1 ms
Update in 0 ms
iteration 28, invalid size: 21 time: 1 ms
Update in 0 ms
iteration 29, invalid size: 48 time: 0 ms
Update in 1 ms
iteration 30, invalid size: 40 time: 0 ms
Update in 0 ms
iteration 31, invalid size: 26 time: 1 ms
Update in 0 ms
iteration 32, invalid size: 35 time: 0 ms
Update in 1 ms
iteration 33, invalid size: 48 time: 0 ms
Update in 1 ms
iteration 34, invalid size: 26 time: 0 ms
Update in 1 ms
iteration 35, invalid size: 52 time: 0 ms
Update in 1 ms
iteration 36, invalid size: 84 time: 0 ms
Update in 1 ms
iteration 37, invalid size: 100 time: 0 ms
Update in 1 ms
iteration 38, invalid size: 128 time: 0 ms
Update in 1 ms
iteration 39, invalid size: 110 time: 1 ms
Update in 0 ms
iteration 40, invalid size: 63 time: 1 ms
Update in 0 ms
iteration 41, invalid size: 26 time: 0 ms
Update in 1 ms
iteration 42, invalid size: 9 time: 0 ms
Update in 0 ms
iteration 43, invalid size: 2 time: 0 ms
Update in 1 ms
iteration 44, invalid size: 6 time: 0 ms
Update in 1 ms
iteration 45, invalid size: 18 time: 0 ms
Update in 0 ms
iteration 46, invalid size: 10 time: 0 ms
Update in 1 ms
iteration 47, invalid size: 12 time: 0 ms
Update in 0 ms
iteration 48, invalid size: 39 time: 0 ms
Update in 1 ms
iteration 49, invalid size: 34 time: 0 ms
Update in 0 ms
iteration 50, invalid size: 64 time: 1 ms
Update in 0 ms
iteration 51, invalid size: 78 time: 1 ms
Update in 0 ms
iteration 52, invalid size: 98 time: 0 ms
Update in 1 ms
iteration 53, invalid size: 126 time: 0 ms
Update in 0 ms
iteration 54, invalid size: 203 time: 1 ms
Update in 0 ms
iteration 55, invalid size: 133 time: 1 ms
Update in 0 ms
iteration 56, invalid size: 0 time: 0 ms
Complete in 1533 ms
Total: 2469 ms, iteration count: 55
duration: 2948 ms
**********************************


