GC = -XX:+UseParallelGC  -Xmx100g -Xms100g -XX:NewRatio=2 -XX:MaxGCPauseMillis=400 -XX:+PrintGC -XX:+PrintGCDetails -XX:+PrintGCTimeStamps -Xloggc:bin/ktruss/gc.log
JAR = /home/i/subgraph-mining/target/subgraph-mining-1.0-jar-with-dependencies.jar
Loading /home/i/graph-data/as-skitter
Graph loaded, edges: 11095298, load time: 7472 ms
start ktruss with k = 10, threads = 1, method = 6 input: /home/i/graph-data/as-skitter
create fonl in 694 ms
tc duration: 11870 ms
iteration 1, invalid size: 6347152 time: 46 ms
Update in 8714 ms
iteration 2, invalid size: 654076 time: 13 ms
Update in 1197 ms
iteration 3, invalid size: 115080 time: 1 ms
Update in 347 ms
iteration 4, invalid size: 43303 time: 1 ms
Update in 148 ms
iteration 5, invalid size: 21135 time: 0 ms
Update in 77 ms
iteration 6, invalid size: 11456 time: 0 ms
Update in 44 ms
iteration 7, invalid size: 6872 time: 0 ms
Update in 27 ms
iteration 8, invalid size: 4383 time: 1 ms
Update in 17 ms
iteration 9, invalid size: 2904 time: 0 ms
Update in 11 ms
iteration 10, invalid size: 1815 time: 0 ms
Update in 7 ms
iteration 11, invalid size: 1207 time: 0 ms
Update in 5 ms
iteration 12, invalid size: 867 time: 0 ms
Update in 4 ms
iteration 13, invalid size: 610 time: 0 ms
Update in 3 ms
iteration 14, invalid size: 489 time: 0 ms
Update in 2 ms
iteration 15, invalid size: 363 time: 0 ms
Update in 2 ms
iteration 16, invalid size: 264 time: 0 ms
Update in 1 ms
iteration 17, invalid size: 241 time: 0 ms
Update in 1 ms
iteration 18, invalid size: 173 time: 0 ms
Update in 1 ms
iteration 19, invalid size: 161 time: 0 ms
Update in 1 ms
iteration 20, invalid size: 150 time: 0 ms
Update in 1 ms
iteration 21, invalid size: 126 time: 0 ms
Update in 1 ms
iteration 22, invalid size: 88 time: 0 ms
Update in 0 ms
iteration 23, invalid size: 92 time: 0 ms
Update in 0 ms
iteration 24, invalid size: 74 time: 0 ms
Update in 0 ms
iteration 25, invalid size: 57 time: 1 ms
Update in 0 ms
iteration 26, invalid size: 35 time: 0 ms
Update in 0 ms
iteration 27, invalid size: 29 time: 0 ms
Update in 1 ms
iteration 28, invalid size: 32 time: 0 ms
Update in 0 ms
iteration 29, invalid size: 33 time: 0 ms
Update in 0 ms
iteration 30, invalid size: 38 time: 0 ms
Update in 1 ms
iteration 31, invalid size: 29 time: 0 ms
Update in 0 ms
iteration 32, invalid size: 36 time: 0 ms
Update in 0 ms
iteration 33, invalid size: 22 time: 0 ms
Update in 1 ms
iteration 34, invalid size: 21 time: 0 ms
Update in 0 ms
iteration 35, invalid size: 21 time: 0 ms
Update in 1 ms
iteration 36, invalid size: 33 time: 0 ms
Update in 0 ms
iteration 37, invalid size: 16 time: 0 ms
Update in 0 ms
iteration 38, invalid size: 5 time: 0 ms
Update in 1 ms
iteration 39, invalid size: 0 time: 0 ms
Complete in 12565 ms
Total: 25129 ms, iteration count: 38
duration: 26172 ms
**********************************


GC = -XX:+UseParallelGC  -Xmx100g -Xms100g -XX:NewRatio=2 -XX:MaxGCPauseMillis=400 -XX:+PrintGC -XX:+PrintGCDetails -XX:+PrintGCTimeStamps -Xloggc:bin/ktruss/gc.log
JAR = /home/i/subgraph-mining/target/subgraph-mining-1.0-jar-with-dependencies.jar
Loading /home/i/graph-data/as-skitter
Graph loaded, edges: 11095298, load time: 7489 ms
start ktruss with k = 10, threads = 2, method = 6 input: /home/i/graph-data/as-skitter
create fonl in 423 ms
tc duration: 5611 ms
iteration 1, invalid size: 6347152 time: 47 ms
Update in 3711 ms
iteration 2, invalid size: 654076 time: 24 ms
Update in 641 ms
iteration 3, invalid size: 115080 time: 12 ms
Update in 207 ms
iteration 4, invalid size: 43303 time: 0 ms
Update in 92 ms
iteration 5, invalid size: 21135 time: 1 ms
Update in 45 ms
iteration 6, invalid size: 11456 time: 1 ms
Update in 22 ms
iteration 7, invalid size: 6872 time: 0 ms
Update in 14 ms
iteration 8, invalid size: 4383 time: 0 ms
Update in 8 ms
iteration 9, invalid size: 2904 time: 0 ms
Update in 5 ms
iteration 10, invalid size: 1815 time: 0 ms
Update in 4 ms
iteration 11, invalid size: 1207 time: 0 ms
Update in 2 ms
iteration 12, invalid size: 867 time: 0 ms
Update in 2 ms
iteration 13, invalid size: 610 time: 0 ms
Update in 1 ms
iteration 14, invalid size: 489 time: 0 ms
Update in 2 ms
iteration 15, invalid size: 363 time: 1 ms
Update in 2 ms
iteration 16, invalid size: 264 time: 0 ms
Update in 1 ms
iteration 17, invalid size: 241 time: 0 ms
Update in 1 ms
iteration 18, invalid size: 173 time: 0 ms
Update in 1 ms
iteration 19, invalid size: 161 time: 0 ms
Update in 1 ms
iteration 20, invalid size: 150 time: 0 ms
Update in 1 ms
iteration 21, invalid size: 126 time: 0 ms
Update in 1 ms
iteration 22, invalid size: 88 time: 0 ms
Update in 0 ms
iteration 23, invalid size: 92 time: 1 ms
Update in 0 ms
iteration 24, invalid size: 74 time: 0 ms
Update in 0 ms
iteration 25, invalid size: 57 time: 1 ms
Update in 0 ms
iteration 26, invalid size: 35 time: 0 ms
Update in 0 ms
iteration 27, invalid size: 29 time: 0 ms
Update in 1 ms
iteration 28, invalid size: 32 time: 0 ms
Update in 0 ms
iteration 29, invalid size: 33 time: 0 ms
Update in 0 ms
iteration 30, invalid size: 38 time: 0 ms
Update in 0 ms
iteration 31, invalid size: 29 time: 0 ms
Update in 1 ms
iteration 32, invalid size: 36 time: 0 ms
Update in 1 ms
iteration 33, invalid size: 22 time: 0 ms
Update in 1 ms
iteration 34, invalid size: 21 time: 0 ms
Update in 1 ms
iteration 35, invalid size: 21 time: 0 ms
Update in 1 ms
iteration 36, invalid size: 33 time: 0 ms
Update in 1 ms
iteration 37, invalid size: 16 time: 0 ms
Update in 0 ms
iteration 38, invalid size: 5 time: 0 ms
Update in 1 ms
iteration 39, invalid size: 0 time: 0 ms
Complete in 6643 ms
Total: 12677 ms, iteration count: 38
duration: 13779 ms
**********************************


GC = -XX:+UseParallelGC  -Xmx100g -Xms100g -XX:NewRatio=2 -XX:MaxGCPauseMillis=400 -XX:+PrintGC -XX:+PrintGCDetails -XX:+PrintGCTimeStamps -Xloggc:bin/ktruss/gc.log
JAR = /home/i/subgraph-mining/target/subgraph-mining-1.0-jar-with-dependencies.jar
Loading /home/i/graph-data/as-skitter
Graph loaded, edges: 11095298, load time: 6978 ms
start ktruss with k = 10, threads = 3, method = 6 input: /home/i/graph-data/as-skitter
create fonl in 354 ms
tc duration: 4025 ms
iteration 1, invalid size: 6347152 time: 62 ms
Update in 3278 ms
iteration 2, invalid size: 654076 time: 17 ms
Update in 494 ms
iteration 3, invalid size: 115080 time: 1 ms
Update in 228 ms
iteration 4, invalid size: 43303 time: 1 ms
Update in 58 ms
iteration 5, invalid size: 21135 time: 1 ms
Update in 40 ms
iteration 6, invalid size: 11456 time: 1 ms
Update in 19 ms
iteration 7, invalid size: 6872 time: 0 ms
Update in 13 ms
iteration 8, invalid size: 4383 time: 0 ms
Update in 7 ms
iteration 9, invalid size: 2904 time: 0 ms
Update in 6 ms
iteration 10, invalid size: 1815 time: 0 ms
Update in 3 ms
iteration 11, invalid size: 1207 time: 0 ms
Update in 2 ms
iteration 12, invalid size: 867 time: 1 ms
Update in 2 ms
iteration 13, invalid size: 610 time: 0 ms
Update in 1 ms
iteration 14, invalid size: 489 time: 1 ms
Update in 1 ms
iteration 15, invalid size: 363 time: 0 ms
Update in 1 ms
iteration 16, invalid size: 264 time: 0 ms
Update in 1 ms
iteration 17, invalid size: 241 time: 0 ms
Update in 1 ms
iteration 18, invalid size: 173 time: 0 ms
Update in 1 ms
iteration 19, invalid size: 161 time: 0 ms
Update in 1 ms
iteration 20, invalid size: 150 time: 0 ms
Update in 1 ms
iteration 21, invalid size: 126 time: 0 ms
Update in 1 ms
iteration 22, invalid size: 88 time: 0 ms
Update in 0 ms
iteration 23, invalid size: 92 time: 0 ms
Update in 1 ms
iteration 24, invalid size: 74 time: 0 ms
Update in 0 ms
iteration 25, invalid size: 57 time: 1 ms
Update in 0 ms
iteration 26, invalid size: 35 time: 0 ms
Update in 1 ms
iteration 27, invalid size: 29 time: 0 ms
Update in 1 ms
iteration 28, invalid size: 32 time: 0 ms
Update in 0 ms
iteration 29, invalid size: 33 time: 0 ms
Update in 1 ms
iteration 30, invalid size: 38 time: 0 ms
Update in 0 ms
iteration 31, invalid size: 29 time: 1 ms
Update in 0 ms
iteration 32, invalid size: 36 time: 1 ms
Update in 0 ms
iteration 33, invalid size: 22 time: 0 ms
Update in 1 ms
iteration 34, invalid size: 21 time: 0 ms
Update in 0 ms
iteration 35, invalid size: 21 time: 0 ms
Update in 1 ms
iteration 36, invalid size: 33 time: 1 ms
Update in 0 ms
iteration 37, invalid size: 16 time: 0 ms
Update in 1 ms
iteration 38, invalid size: 5 time: 0 ms
Update in 0 ms
iteration 39, invalid size: 0 time: 1 ms
Complete in 6186 ms
Total: 10565 ms, iteration count: 38
duration: 11799 ms
**********************************


GC = -XX:+UseParallelGC  -Xmx100g -Xms100g -XX:NewRatio=2 -XX:MaxGCPauseMillis=400 -XX:+PrintGC -XX:+PrintGCDetails -XX:+PrintGCTimeStamps -Xloggc:bin/ktruss/gc.log
JAR = /home/i/subgraph-mining/target/subgraph-mining-1.0-jar-with-dependencies.jar
Loading /home/i/graph-data/as-skitter
Graph loaded, edges: 11095298, load time: 7388 ms
start ktruss with k = 10, threads = 4, method = 6 input: /home/i/graph-data/as-skitter
create fonl in 351 ms
tc duration: 2882 ms
iteration 1, invalid size: 6347152 time: 86 ms
Update in 3157 ms
iteration 2, invalid size: 654076 time: 26 ms
Update in 432 ms
iteration 3, invalid size: 115080 time: 0 ms
Update in 153 ms
iteration 4, invalid size: 43303 time: 0 ms
Update in 60 ms
iteration 5, invalid size: 21135 time: 1 ms
Update in 44 ms
iteration 6, invalid size: 11456 time: 0 ms
Update in 19 ms
iteration 7, invalid size: 6872 time: 0 ms
Update in 10 ms
iteration 8, invalid size: 4383 time: 1 ms
Update in 5 ms
iteration 9, invalid size: 2904 time: 1 ms
Update in 3 ms
iteration 10, invalid size: 1815 time: 1 ms
Update in 2 ms
iteration 11, invalid size: 1207 time: 1 ms
Update in 1 ms
iteration 12, invalid size: 867 time: 0 ms
Update in 1 ms
iteration 13, invalid size: 610 time: 1 ms
Update in 1 ms
iteration 14, invalid size: 489 time: 0 ms
Update in 1 ms
iteration 15, invalid size: 363 time: 0 ms
Update in 1 ms
iteration 16, invalid size: 264 time: 1 ms
Update in 0 ms
iteration 17, invalid size: 241 time: 1 ms
Update in 1 ms
iteration 18, invalid size: 173 time: 0 ms
Update in 0 ms
iteration 19, invalid size: 161 time: 1 ms
Update in 0 ms
iteration 20, invalid size: 150 time: 1 ms
Update in 0 ms
iteration 21, invalid size: 126 time: 1 ms
Update in 0 ms
iteration 22, invalid size: 88 time: 1 ms
Update in 0 ms
iteration 23, invalid size: 92 time: 0 ms
Update in 1 ms
iteration 24, invalid size: 74 time: 0 ms
Update in 0 ms
iteration 25, invalid size: 57 time: 1 ms
Update in 0 ms
iteration 26, invalid size: 35 time: 0 ms
Update in 1 ms
iteration 27, invalid size: 29 time: 0 ms
Update in 0 ms
iteration 28, invalid size: 32 time: 1 ms
Update in 0 ms
iteration 29, invalid size: 33 time: 0 ms
Update in 0 ms
iteration 30, invalid size: 38 time: 1 ms
Update in 0 ms
iteration 31, invalid size: 29 time: 0 ms
Update in 1 ms
iteration 32, invalid size: 36 time: 0 ms
Update in 1 ms
iteration 33, invalid size: 22 time: 0 ms
Update in 1 ms
iteration 34, invalid size: 21 time: 0 ms
Update in 1 ms
iteration 35, invalid size: 21 time: 0 ms
Update in 0 ms
iteration 36, invalid size: 33 time: 0 ms
Update in 0 ms
iteration 37, invalid size: 16 time: 1 ms
Update in 0 ms
iteration 38, invalid size: 5 time: 0 ms
Update in 1 ms
iteration 39, invalid size: 0 time: 0 ms
Complete in 5881 ms
Total: 9114 ms, iteration count: 38
duration: 10198 ms
**********************************


GC = -XX:+UseParallelGC  -Xmx100g -Xms100g -XX:NewRatio=2 -XX:MaxGCPauseMillis=400 -XX:+PrintGC -XX:+PrintGCDetails -XX:+PrintGCTimeStamps -Xloggc:bin/ktruss/gc.log
JAR = /home/i/subgraph-mining/target/subgraph-mining-1.0-jar-with-dependencies.jar
Loading /home/i/graph-data/as-skitter
Graph loaded, edges: 11095298, load time: 7446 ms
start ktruss with k = 10, threads = 5, method = 6 input: /home/i/graph-data/as-skitter
create fonl in 349 ms
tc duration: 2477 ms
iteration 1, invalid size: 6347152 time: 102 ms
Update in 2073 ms
iteration 2, invalid size: 654076 time: 77 ms
Update in 402 ms
iteration 3, invalid size: 115080 time: 1 ms
Update in 136 ms
iteration 4, invalid size: 43303 time: 1 ms
Update in 51 ms
iteration 5, invalid size: 21135 time: 0 ms
Update in 23 ms
iteration 6, invalid size: 11456 time: 1 ms
Update in 13 ms
iteration 7, invalid size: 6872 time: 0 ms
Update in 11 ms
iteration 8, invalid size: 4383 time: 1 ms
Update in 35 ms
iteration 9, invalid size: 2904 time: 1 ms
Update in 4 ms
iteration 10, invalid size: 1815 time: 1 ms
Update in 2 ms
iteration 11, invalid size: 1207 time: 0 ms
Update in 2 ms
iteration 12, invalid size: 867 time: 0 ms
Update in 1 ms
iteration 13, invalid size: 610 time: 1 ms
Update in 1 ms
iteration 14, invalid size: 489 time: 0 ms
Update in 1 ms
iteration 15, invalid size: 363 time: 0 ms
Update in 1 ms
iteration 16, invalid size: 264 time: 0 ms
Update in 1 ms
iteration 17, invalid size: 241 time: 0 ms
Update in 1 ms
iteration 18, invalid size: 173 time: 0 ms
Update in 0 ms
iteration 19, invalid size: 161 time: 1 ms
Update in 1 ms
iteration 20, invalid size: 150 time: 0 ms
Update in 0 ms
iteration 21, invalid size: 126 time: 1 ms
Update in 0 ms
iteration 22, invalid size: 88 time: 0 ms
Update in 0 ms
iteration 23, invalid size: 92 time: 0 ms
Update in 0 ms
iteration 24, invalid size: 74 time: 0 ms
Update in 1 ms
iteration 25, invalid size: 57 time: 0 ms
Update in 0 ms
iteration 26, invalid size: 35 time: 1 ms
Update in 0 ms
iteration 27, invalid size: 29 time: 1 ms
Update in 0 ms
iteration 28, invalid size: 32 time: 0 ms
Update in 0 ms
iteration 29, invalid size: 33 time: 0 ms
Update in 1 ms
iteration 30, invalid size: 38 time: 0 ms
Update in 1 ms
iteration 31, invalid size: 29 time: 0 ms
Update in 0 ms
iteration 32, invalid size: 36 time: 0 ms
Update in 1 ms
iteration 33, invalid size: 22 time: 0 ms
Update in 1 ms
iteration 34, invalid size: 21 time: 0 ms
Update in 0 ms
iteration 35, invalid size: 21 time: 1 ms
Update in 0 ms
iteration 36, invalid size: 33 time: 0 ms
Update in 1 ms
iteration 37, invalid size: 16 time: 0 ms
Update in 0 ms
iteration 38, invalid size: 5 time: 0 ms
Update in 1 ms
iteration 39, invalid size: 0 time: 0 ms
Complete in 4930 ms
Total: 7756 ms, iteration count: 38
duration: 8964 ms
**********************************


GC = -XX:+UseParallelGC  -Xmx100g -Xms100g -XX:NewRatio=2 -XX:MaxGCPauseMillis=400 -XX:+PrintGC -XX:+PrintGCDetails -XX:+PrintGCTimeStamps -Xloggc:bin/ktruss/gc.log
JAR = /home/i/subgraph-mining/target/subgraph-mining-1.0-jar-with-dependencies.jar
Loading /home/i/graph-data/as-skitter
Graph loaded, edges: 11095298, load time: 7399 ms
start ktruss with k = 10, threads = 6, method = 6 input: /home/i/graph-data/as-skitter
create fonl in 379 ms
tc duration: 2246 ms
iteration 1, invalid size: 6347152 time: 65 ms
Update in 1955 ms
iteration 2, invalid size: 654076 time: 30 ms
Update in 423 ms
iteration 3, invalid size: 115080 time: 0 ms
Update in 93 ms
iteration 4, invalid size: 43303 time: 0 ms
Update in 41 ms
iteration 5, invalid size: 21135 time: 0 ms
Update in 21 ms
iteration 6, invalid size: 11456 time: 1 ms
Update in 13 ms
iteration 7, invalid size: 6872 time: 1 ms
Update in 8 ms
iteration 8, invalid size: 4383 time: 0 ms
Update in 6 ms
iteration 9, invalid size: 2904 time: 0 ms
Update in 4 ms
iteration 10, invalid size: 1815 time: 0 ms
Update in 2 ms
iteration 11, invalid size: 1207 time: 0 ms
Update in 1 ms
iteration 12, invalid size: 867 time: 0 ms
Update in 1 ms
iteration 13, invalid size: 610 time: 1 ms
Update in 1 ms
iteration 14, invalid size: 489 time: 0 ms
Update in 1 ms
iteration 15, invalid size: 363 time: 0 ms
Update in 0 ms
iteration 16, invalid size: 264 time: 1 ms
Update in 0 ms
iteration 17, invalid size: 241 time: 0 ms
Update in 1 ms
iteration 18, invalid size: 173 time: 1 ms
Update in 0 ms
iteration 19, invalid size: 161 time: 0 ms
Update in 2 ms
iteration 20, invalid size: 150 time: 0 ms
Update in 0 ms
iteration 21, invalid size: 126 time: 0 ms
Update in 1 ms
iteration 22, invalid size: 88 time: 0 ms
Update in 1 ms
iteration 23, invalid size: 92 time: 0 ms
Update in 1 ms
iteration 24, invalid size: 74 time: 0 ms
Update in 0 ms
iteration 25, invalid size: 57 time: 1 ms
Update in 0 ms
iteration 26, invalid size: 35 time: 0 ms
Update in 1 ms
iteration 27, invalid size: 29 time: 0 ms
Update in 0 ms
iteration 28, invalid size: 32 time: 0 ms
Update in 1 ms
iteration 29, invalid size: 33 time: 0 ms
Update in 0 ms
iteration 30, invalid size: 38 time: 1 ms
Update in 0 ms
iteration 31, invalid size: 29 time: 0 ms
Update in 1 ms
iteration 32, invalid size: 36 time: 0 ms
Update in 0 ms
iteration 33, invalid size: 22 time: 0 ms
Update in 1 ms
iteration 34, invalid size: 21 time: 0 ms
Update in 0 ms
iteration 35, invalid size: 21 time: 1 ms
Update in 0 ms
iteration 36, invalid size: 33 time: 1 ms
Update in 0 ms
iteration 37, invalid size: 16 time: 1 ms
Update in 0 ms
iteration 38, invalid size: 5 time: 1 ms
Update in 0 ms
iteration 39, invalid size: 0 time: 0 ms
Complete in 4683 ms
Total: 7308 ms, iteration count: 38
duration: 8683 ms
**********************************


GC = -XX:+UseParallelGC  -Xmx100g -Xms100g -XX:NewRatio=2 -XX:MaxGCPauseMillis=400 -XX:+PrintGC -XX:+PrintGCDetails -XX:+PrintGCTimeStamps -Xloggc:bin/ktruss/gc.log
JAR = /home/i/subgraph-mining/target/subgraph-mining-1.0-jar-with-dependencies.jar
Loading /home/i/graph-data/as-skitter
Graph loaded, edges: 11095298, load time: 7293 ms
start ktruss with k = 10, threads = 7, method = 6 input: /home/i/graph-data/as-skitter
create fonl in 308 ms
tc duration: 1897 ms
iteration 1, invalid size: 6347152 time: 179 ms
Update in 3970 ms
iteration 2, invalid size: 654076 time: 7 ms
Update in 370 ms
iteration 3, invalid size: 115080 time: 1 ms
Update in 101 ms
iteration 4, invalid size: 43303 time: 1 ms
Update in 56 ms
iteration 5, invalid size: 21135 time: 0 ms
Update in 31 ms
iteration 6, invalid size: 11456 time: 0 ms
Update in 13 ms
iteration 7, invalid size: 6872 time: 1 ms
Update in 8 ms
iteration 8, invalid size: 4383 time: 0 ms
Update in 6 ms
iteration 9, invalid size: 2904 time: 0 ms
Update in 3 ms
iteration 10, invalid size: 1815 time: 1 ms
Update in 2 ms
iteration 11, invalid size: 1207 time: 0 ms
Update in 2 ms
iteration 12, invalid size: 867 time: 0 ms
Update in 1 ms
iteration 13, invalid size: 610 time: 0 ms
Update in 1 ms
iteration 14, invalid size: 489 time: 0 ms
Update in 1 ms
iteration 15, invalid size: 363 time: 0 ms
Update in 1 ms
iteration 16, invalid size: 264 time: 0 ms
Update in 0 ms
iteration 17, invalid size: 241 time: 1 ms
Update in 0 ms
iteration 18, invalid size: 173 time: 0 ms
Update in 0 ms
iteration 19, invalid size: 161 time: 0 ms
Update in 2 ms
iteration 20, invalid size: 150 time: 0 ms
Update in 1 ms
iteration 21, invalid size: 126 time: 0 ms
Update in 1 ms
iteration 22, invalid size: 88 time: 0 ms
Update in 0 ms
iteration 23, invalid size: 92 time: 0 ms
Update in 1 ms
iteration 24, invalid size: 74 time: 0 ms
Update in 0 ms
iteration 25, invalid size: 57 time: 0 ms
Update in 1 ms
iteration 26, invalid size: 35 time: 0 ms
Update in 0 ms
iteration 27, invalid size: 29 time: 0 ms
Update in 1 ms
iteration 28, invalid size: 32 time: 0 ms
Update in 1 ms
iteration 29, invalid size: 33 time: 0 ms
Update in 0 ms
iteration 30, invalid size: 38 time: 1 ms
Update in 0 ms
iteration 31, invalid size: 29 time: 0 ms
Update in 0 ms
iteration 32, invalid size: 36 time: 1 ms
Update in 0 ms
iteration 33, invalid size: 22 time: 0 ms
Update in 0 ms
iteration 34, invalid size: 21 time: 1 ms
Update in 0 ms
iteration 35, invalid size: 21 time: 0 ms
Update in 0 ms
iteration 36, invalid size: 33 time: 0 ms
Update in 1 ms
iteration 37, invalid size: 16 time: 1 ms
Update in 0 ms
iteration 38, invalid size: 5 time: 0 ms
Update in 1 ms
iteration 39, invalid size: 0 time: 0 ms
Complete in 6923 ms
Total: 9128 ms, iteration count: 38
duration: 10214 ms
**********************************


GC = -XX:+UseParallelGC  -Xmx100g -Xms100g -XX:NewRatio=2 -XX:MaxGCPauseMillis=400 -XX:+PrintGC -XX:+PrintGCDetails -XX:+PrintGCTimeStamps -Xloggc:bin/ktruss/gc.log
JAR = /home/i/subgraph-mining/target/subgraph-mining-1.0-jar-with-dependencies.jar
Loading /home/i/graph-data/as-skitter
Graph loaded, edges: 11095298, load time: 6895 ms
start ktruss with k = 10, threads = 8, method = 6 input: /home/i/graph-data/as-skitter
create fonl in 438 ms
tc duration: 1764 ms
iteration 1, invalid size: 6347152 time: 191 ms
Update in 1803 ms
iteration 2, invalid size: 654076 time: 16 ms
Update in 355 ms
iteration 3, invalid size: 115080 time: 1 ms
Update in 69 ms
iteration 4, invalid size: 43303 time: 0 ms
Update in 30 ms
iteration 5, invalid size: 21135 time: 0 ms
Update in 19 ms
iteration 6, invalid size: 11456 time: 0 ms
Update in 12 ms
iteration 7, invalid size: 6872 time: 0 ms
Update in 7 ms
iteration 8, invalid size: 4383 time: 0 ms
Update in 6 ms
iteration 9, invalid size: 2904 time: 0 ms
Update in 3 ms
iteration 10, invalid size: 1815 time: 1 ms
Update in 2 ms
iteration 11, invalid size: 1207 time: 0 ms
Update in 1 ms
iteration 12, invalid size: 867 time: 1 ms
Update in 1 ms
iteration 13, invalid size: 610 time: 0 ms
Update in 1 ms
iteration 14, invalid size: 489 time: 0 ms
Update in 1 ms
iteration 15, invalid size: 363 time: 0 ms
Update in 1 ms
iteration 16, invalid size: 264 time: 0 ms
Update in 1 ms
iteration 17, invalid size: 241 time: 0 ms
Update in 1 ms
iteration 18, invalid size: 173 time: 0 ms
Update in 1 ms
iteration 19, invalid size: 161 time: 1 ms
Update in 0 ms
iteration 20, invalid size: 150 time: 0 ms
Update in 0 ms
iteration 21, invalid size: 126 time: 1 ms
Update in 0 ms
iteration 22, invalid size: 88 time: 0 ms
Update in 0 ms
iteration 23, invalid size: 92 time: 1 ms
Update in 0 ms
iteration 24, invalid size: 74 time: 0 ms
Update in 1 ms
iteration 25, invalid size: 57 time: 0 ms
Update in 0 ms
iteration 26, invalid size: 35 time: 0 ms
Update in 1 ms
iteration 27, invalid size: 29 time: 0 ms
Update in 0 ms
iteration 28, invalid size: 32 time: 1 ms
Update in 0 ms
iteration 29, invalid size: 33 time: 0 ms
Update in 1 ms
iteration 30, invalid size: 38 time: 0 ms
Update in 0 ms
iteration 31, invalid size: 29 time: 0 ms
Update in 1 ms
iteration 32, invalid size: 36 time: 0 ms
Update in 1 ms
iteration 33, invalid size: 22 time: 0 ms
Update in 1 ms
iteration 34, invalid size: 21 time: 0 ms
Update in 0 ms
iteration 35, invalid size: 21 time: 1 ms
Update in 0 ms
iteration 36, invalid size: 33 time: 1 ms
Update in 0 ms
iteration 37, invalid size: 16 time: 1 ms
Update in 0 ms
iteration 38, invalid size: 5 time: 0 ms
Update in 0 ms
iteration 39, invalid size: 0 time: 0 ms
Complete in 6585 ms
Total: 8787 ms, iteration count: 38
duration: 10109 ms
**********************************


GC = -XX:+UseParallelGC  -Xmx100g -Xms100g -XX:NewRatio=2 -XX:MaxGCPauseMillis=400 -XX:+PrintGC -XX:+PrintGCDetails -XX:+PrintGCTimeStamps -Xloggc:bin/ktruss/gc.log
JAR = /home/i/subgraph-mining/target/subgraph-mining-1.0-jar-with-dependencies.jar
Loading /home/i/graph-data/as-skitter
Graph loaded, edges: 11095298, load time: 7393 ms
start ktruss with k = 10, threads = 9, method = 6 input: /home/i/graph-data/as-skitter
create fonl in 389 ms
tc duration: 2300 ms
iteration 1, invalid size: 6347152 time: 115 ms
Update in 1832 ms
iteration 2, invalid size: 654076 time: 3 ms
Update in 364 ms
iteration 3, invalid size: 115080 time: 1 ms
Update in 64 ms
iteration 4, invalid size: 43303 time: 1 ms
Update in 28 ms
iteration 5, invalid size: 21135 time: 0 ms
Update in 16 ms
iteration 6, invalid size: 11456 time: 0 ms
Update in 10 ms
iteration 7, invalid size: 6872 time: 1 ms
Update in 6 ms
iteration 8, invalid size: 4383 time: 0 ms
Update in 5 ms
iteration 9, invalid size: 2904 time: 0 ms
Update in 3 ms
iteration 10, invalid size: 1815 time: 0 ms
Update in 2 ms
iteration 11, invalid size: 1207 time: 0 ms
Update in 2 ms
iteration 12, invalid size: 867 time: 0 ms
Update in 1 ms
iteration 13, invalid size: 610 time: 0 ms
Update in 1 ms
iteration 14, invalid size: 489 time: 0 ms
Update in 1 ms
iteration 15, invalid size: 363 time: 1 ms
Update in 0 ms
iteration 16, invalid size: 264 time: 1 ms
Update in 1 ms
iteration 17, invalid size: 241 time: 0 ms
Update in 0 ms
iteration 18, invalid size: 173 time: 1 ms
Update in 0 ms
iteration 19, invalid size: 161 time: 1 ms
Update in 1 ms
iteration 20, invalid size: 150 time: 0 ms
Update in 1 ms
iteration 21, invalid size: 126 time: 0 ms
Update in 0 ms
iteration 22, invalid size: 88 time: 1 ms
Update in 0 ms
iteration 23, invalid size: 92 time: 0 ms
Update in 1 ms
iteration 24, invalid size: 74 time: 0 ms
Update in 0 ms
iteration 25, invalid size: 57 time: 0 ms
Update in 1 ms
iteration 26, invalid size: 35 time: 0 ms
Update in 1 ms
iteration 27, invalid size: 29 time: 0 ms
Update in 0 ms
iteration 28, invalid size: 32 time: 0 ms
Update in 1 ms
iteration 29, invalid size: 33 time: 1 ms
Update in 0 ms
iteration 30, invalid size: 38 time: 1 ms
Update in 0 ms
iteration 31, invalid size: 29 time: 0 ms
Update in 0 ms
iteration 32, invalid size: 36 time: 1 ms
Update in 0 ms
iteration 33, invalid size: 22 time: 0 ms
Update in 1 ms
iteration 34, invalid size: 21 time: 1 ms
Update in 0 ms
iteration 35, invalid size: 21 time: 0 ms
Update in 1 ms
iteration 36, invalid size: 33 time: 0 ms
Update in 1 ms
iteration 37, invalid size: 16 time: 1 ms
Update in 0 ms
iteration 38, invalid size: 5 time: 0 ms
Update in 1 ms
iteration 39, invalid size: 0 time: 0 ms
Complete in 4588 ms
Total: 7277 ms, iteration count: 38
duration: 8485 ms
**********************************


GC = -XX:+UseParallelGC  -Xmx100g -Xms100g -XX:NewRatio=2 -XX:MaxGCPauseMillis=400 -XX:+PrintGC -XX:+PrintGCDetails -XX:+PrintGCTimeStamps -Xloggc:bin/ktruss/gc.log
JAR = /home/i/subgraph-mining/target/subgraph-mining-1.0-jar-with-dependencies.jar
Loading /home/i/graph-data/as-skitter
Graph loaded, edges: 11095298, load time: 7385 ms
start ktruss with k = 10, threads = 10, method = 6 input: /home/i/graph-data/as-skitter
create fonl in 414 ms
tc duration: 2497 ms
iteration 1, invalid size: 6347152 time: 192 ms
Update in 1532 ms
iteration 2, invalid size: 654076 time: 5 ms
Update in 379 ms
iteration 3, invalid size: 115080 time: 0 ms
Update in 60 ms
iteration 4, invalid size: 43303 time: 1 ms
Update in 36 ms
iteration 5, invalid size: 21135 time: 0 ms
Update in 20 ms
iteration 6, invalid size: 11456 time: 0 ms
Update in 11 ms
iteration 7, invalid size: 6872 time: 0 ms
Update in 8 ms
iteration 8, invalid size: 4383 time: 0 ms
Update in 5 ms
iteration 9, invalid size: 2904 time: 1 ms
Update in 3 ms
iteration 10, invalid size: 1815 time: 0 ms
Update in 2 ms
iteration 11, invalid size: 1207 time: 0 ms
Update in 2 ms
iteration 12, invalid size: 867 time: 0 ms
Update in 1 ms
iteration 13, invalid size: 610 time: 0 ms
Update in 1 ms
iteration 14, invalid size: 489 time: 1 ms
Update in 0 ms
iteration 15, invalid size: 363 time: 1 ms
Update in 0 ms
iteration 16, invalid size: 264 time: 0 ms
Update in 1 ms
iteration 17, invalid size: 241 time: 0 ms
Update in 1 ms
iteration 18, invalid size: 173 time: 0 ms
Update in 1 ms
iteration 19, invalid size: 161 time: 0 ms
Update in 1 ms
iteration 20, invalid size: 150 time: 0 ms
Update in 0 ms
iteration 21, invalid size: 126 time: 1 ms
Update in 0 ms
iteration 22, invalid size: 88 time: 1 ms
Update in 0 ms
iteration 23, invalid size: 92 time: 0 ms
Update in 0 ms
iteration 24, invalid size: 74 time: 1 ms
Update in 0 ms
iteration 25, invalid size: 57 time: 1 ms
Update in 0 ms
iteration 26, invalid size: 35 time: 1 ms
Update in 0 ms
iteration 27, invalid size: 29 time: 0 ms
Update in 0 ms
iteration 28, invalid size: 32 time: 1 ms
Update in 0 ms
iteration 29, invalid size: 33 time: 1 ms
Update in 0 ms
iteration 30, invalid size: 38 time: 0 ms
Update in 1 ms
iteration 31, invalid size: 29 time: 0 ms
Update in 1 ms
iteration 32, invalid size: 36 time: 0 ms
Update in 0 ms
iteration 33, invalid size: 22 time: 0 ms
Update in 1 ms
iteration 34, invalid size: 21 time: 0 ms
Update in 0 ms
iteration 35, invalid size: 21 time: 1 ms
Update in 0 ms
iteration 36, invalid size: 33 time: 0 ms
Update in 1 ms
iteration 37, invalid size: 16 time: 1 ms
Update in 0 ms
iteration 38, invalid size: 5 time: 0 ms
Update in 0 ms
iteration 39, invalid size: 0 time: 0 ms
Complete in 4552 ms
Total: 7463 ms, iteration count: 38
duration: 8604 ms
**********************************


GC = -XX:+UseParallelGC  -Xmx100g -Xms100g -XX:NewRatio=2 -XX:MaxGCPauseMillis=400 -XX:+PrintGC -XX:+PrintGCDetails -XX:+PrintGCTimeStamps -Xloggc:bin/ktruss/gc.log
JAR = /home/i/subgraph-mining/target/subgraph-mining-1.0-jar-with-dependencies.jar
Loading /home/i/graph-data/as-skitter
Graph loaded, edges: 11095298, load time: 6764 ms
start ktruss with k = 10, threads = 11, method = 6 input: /home/i/graph-data/as-skitter
create fonl in 470 ms
tc duration: 2288 ms
iteration 1, invalid size: 6347152 time: 83 ms
Update in 1674 ms
iteration 2, invalid size: 654076 time: 9 ms
Update in 210 ms
iteration 3, invalid size: 115080 time: 1 ms
Update in 238 ms
iteration 4, invalid size: 43303 time: 0 ms
Update in 51 ms
iteration 5, invalid size: 21135 time: 1 ms
Update in 13 ms
iteration 6, invalid size: 11456 time: 1 ms
Update in 9 ms
iteration 7, invalid size: 6872 time: 0 ms
Update in 5 ms
iteration 8, invalid size: 4383 time: 1 ms
Update in 3 ms
iteration 9, invalid size: 2904 time: 0 ms
Update in 2 ms
iteration 10, invalid size: 1815 time: 1 ms
Update in 1 ms
iteration 11, invalid size: 1207 time: 1 ms
Update in 1 ms
iteration 12, invalid size: 867 time: 0 ms
Update in 2 ms
iteration 13, invalid size: 610 time: 0 ms
Update in 1 ms
iteration 14, invalid size: 489 time: 0 ms
Update in 1 ms
iteration 15, invalid size: 363 time: 0 ms
Update in 0 ms
iteration 16, invalid size: 264 time: 1 ms
Update in 0 ms
iteration 17, invalid size: 241 time: 0 ms
Update in 1 ms
iteration 18, invalid size: 173 time: 0 ms
Update in 1 ms
iteration 19, invalid size: 161 time: 1 ms
Update in 1 ms
iteration 20, invalid size: 150 time: 0 ms
Update in 0 ms
iteration 21, invalid size: 126 time: 1 ms
Update in 0 ms
iteration 22, invalid size: 88 time: 0 ms
Update in 1 ms
iteration 23, invalid size: 92 time: 0 ms
Update in 1 ms
iteration 24, invalid size: 74 time: 0 ms
Update in 1 ms
iteration 25, invalid size: 57 time: 0 ms
Update in 1 ms
iteration 26, invalid size: 35 time: 0 ms
Update in 0 ms
iteration 27, invalid size: 29 time: 1 ms
Update in 0 ms
iteration 28, invalid size: 32 time: 0 ms
Update in 1 ms
iteration 29, invalid size: 33 time: 0 ms
Update in 1 ms
iteration 30, invalid size: 38 time: 0 ms
Update in 0 ms
iteration 31, invalid size: 29 time: 0 ms
Update in 0 ms
iteration 32, invalid size: 36 time: 0 ms
Update in 1 ms
iteration 33, invalid size: 22 time: 0 ms
Update in 1 ms
iteration 34, invalid size: 21 time: 0 ms
Update in 0 ms
iteration 35, invalid size: 21 time: 1 ms
Update in 1 ms
iteration 36, invalid size: 33 time: 0 ms
Update in 1 ms
iteration 37, invalid size: 16 time: 0 ms
Update in 0 ms
iteration 38, invalid size: 5 time: 1 ms
Update in 0 ms
iteration 39, invalid size: 0 time: 0 ms
Complete in 4665 ms
Total: 7423 ms, iteration count: 38
duration: 8490 ms
**********************************


GC = -XX:+UseParallelGC  -Xmx100g -Xms100g -XX:NewRatio=2 -XX:MaxGCPauseMillis=400 -XX:+PrintGC -XX:+PrintGCDetails -XX:+PrintGCTimeStamps -Xloggc:bin/ktruss/gc.log
JAR = /home/i/subgraph-mining/target/subgraph-mining-1.0-jar-with-dependencies.jar
Loading /home/i/graph-data/as-skitter
Graph loaded, edges: 11095298, load time: 7265 ms
start ktruss with k = 10, threads = 12, method = 6 input: /home/i/graph-data/as-skitter
create fonl in 520 ms
tc duration: 2212 ms
iteration 1, invalid size: 6347152 time: 133 ms
Update in 1948 ms
iteration 2, invalid size: 654076 time: 8 ms
Update in 227 ms
iteration 3, invalid size: 115080 time: 0 ms
Update in 64 ms
iteration 4, invalid size: 43303 time: 1 ms
Update in 35 ms
iteration 5, invalid size: 21135 time: 0 ms
Update in 37 ms
iteration 6, invalid size: 11456 time: 0 ms
Update in 9 ms
iteration 7, invalid size: 6872 time: 1 ms
Update in 6 ms
iteration 8, invalid size: 4383 time: 0 ms
Update in 4 ms
iteration 9, invalid size: 2904 time: 0 ms
Update in 3 ms
iteration 10, invalid size: 1815 time: 0 ms
Update in 2 ms
iteration 11, invalid size: 1207 time: 0 ms
Update in 2 ms
iteration 12, invalid size: 867 time: 0 ms
Update in 1 ms
iteration 13, invalid size: 610 time: 0 ms
Update in 1 ms
iteration 14, invalid size: 489 time: 0 ms
Update in 1 ms
iteration 15, invalid size: 363 time: 0 ms
Update in 1 ms
iteration 16, invalid size: 264 time: 0 ms
Update in 0 ms
iteration 17, invalid size: 241 time: 0 ms
Update in 1 ms
iteration 18, invalid size: 173 time: 0 ms
Update in 0 ms
iteration 19, invalid size: 161 time: 1 ms
Update in 1 ms
iteration 20, invalid size: 150 time: 0 ms
Update in 1 ms
iteration 21, invalid size: 126 time: 0 ms
Update in 1 ms
iteration 22, invalid size: 88 time: 0 ms
Update in 1 ms
iteration 23, invalid size: 92 time: 0 ms
Update in 1 ms
iteration 24, invalid size: 74 time: 0 ms
Update in 0 ms
iteration 25, invalid size: 57 time: 0 ms
Update in 1 ms
iteration 26, invalid size: 35 time: 0 ms
Update in 0 ms
iteration 27, invalid size: 29 time: 1 ms
Update in 0 ms
iteration 28, invalid size: 32 time: 0 ms
Update in 1 ms
iteration 29, invalid size: 33 time: 0 ms
Update in 1 ms
iteration 30, invalid size: 38 time: 0 ms
Update in 0 ms
iteration 31, invalid size: 29 time: 1 ms
Update in 0 ms
iteration 32, invalid size: 36 time: 1 ms
Update in 0 ms
iteration 33, invalid size: 22 time: 0 ms
Update in 1 ms
iteration 34, invalid size: 21 time: 0 ms
Update in 0 ms
iteration 35, invalid size: 21 time: 1 ms
Update in 0 ms
iteration 36, invalid size: 33 time: 0 ms
Update in 1 ms
iteration 37, invalid size: 16 time: 0 ms
Update in 1 ms
iteration 38, invalid size: 5 time: 0 ms
Update in 0 ms
iteration 39, invalid size: 0 time: 0 ms
Complete in 4595 ms
Total: 7327 ms, iteration count: 38
duration: 8593 ms
**********************************


