/home/i/spark-2.2/bin/spark-submit --class ir.ac.sbu.graph.ktruss.spark.KTrussSpark --total-executor-cores 120 --master spark://alemi-1:7077 /home/i/subgraph-mining/target/subgraph-mining-1.0-jar-with-dependencies.jar hdfs://alemi-1/graph-data/twitter 700 7
[SBM] Input: hdfs://alemi-1/graph-data/twitter, partitionNum: 700, kc: 7
[SBM] Spark conf: spark.app.name=KTrussSpark-700-twitter
spark.cores.max=120
spark.driver.maxResultSize=1g
spark.driver.memory=2g
spark.dynamicAllocation.enabled=true
spark.dynamicAllocation.maxExecutors=50
spark.dynamicAllocation.minExecutors=20
spark.eventLog.dir=hdfs://alemi-1/shared/spark-logs
spark.eventLog.enabled=true
spark.executor.cores=4
spark.executor.extraJavaOptions=-XX:+UseG1GC -XX:-ResizePLAB -XX:+PrintFlagsFinal -XX:+PrintReferenceGC -verbose:gc -XX:+PrintGCDetails -XX:+PrintGCTimeStamps -XX:+PrintAdaptiveSizePolicy -XX:+UnlockDiagnosticVMOptions -XX:+G1SummarizeConcMark -XX:+PrintFlagsFinal -XX:+UseCompressedOops -verbose:gc -XX:InitiatingHeapOccupancyPercent=20
spark.executor.memory=20G
spark.history.fs.logDirectory=hdfs://alemi-1/shared/spark-logs
spark.io.compression.codec=lz4
spark.io.compression.lz4.blockSize=32k
spark.jars=file:/home/i/subgraph-mining/target/subgraph-mining-1.0-jar-with-dependencies.jar
spark.kryo.classesToRegister=
spark.kryo.unsafe=true
spark.kryoserializer.buffer=256k
spark.kryoserializer.buffer.max=256m
spark.local.dir=/mnt/sde/spark-data,/mnt/sdf/spark-data
spark.master=spark://alemi-1:7077
spark.rdd.compress=false
spark.reducer.maxSizeInFlight=32m
spark.rpc.netty.dispatcher.numThreads=3
spark.serializer=org.apache.spark.serializer.KryoSerializer
spark.shuffle.compress=true
spark.shuffle.file.buffer=32k
spark.shuffle.io.numConnectionsPerPeer=3
spark.shuffle.io.preferDirectBufs=false
spark.shuffle.service.enabled=true
spark.submit.deployMode=client
spark.worker.cleanup.enabled=true
[KTrussSpark] iteration: 1, invalid edge count: 335924382, duration: 33630250 ms
[KTrussSpark] iteration: 2, invalid edge count: 52456645, duration: 9455048 ms
[KTrussSpark] iteration: 3, invalid edge count: 14859775, duration: 11273526 ms
[KTrussSpark] iteration: 4, invalid edge count: 5457212, duration: 8763432 ms
[KTrussSpark] iteration: 5, invalid edge count: 2380215, duration: 4877474 ms
[KTrussSpark] iteration: 6, invalid edge count: 1123100, duration: 517771 ms
[KTrussSpark] iteration: 7, invalid edge count: 546430, duration: 507335 ms
[KTrussSpark] iteration: 8, invalid edge count: 271552, duration: 649513 ms
[KTrussSpark] iteration: 9, invalid edge count: 139868, duration: 431026 ms
[KTrussSpark] iteration: 10, invalid edge count: 73577, duration: 417616 ms
[KTrussSpark] iteration: 11, invalid edge count: 39189, duration: 434264 ms
[KTrussSpark] iteration: 12, invalid edge count: 21110, duration: 483535 ms
[KTrussSpark] iteration: 13, invalid edge count: 11858, duration: 460850 ms
[KTrussSpark] iteration: 14, invalid edge count: 6594, duration: 434711 ms
[KTrussSpark] iteration: 15, invalid edge count: 3833, duration: 455230 ms
[KTrussSpark] iteration: 16, invalid edge count: 2108, duration: 442302 ms
[KTrussSpark] iteration: 17, invalid edge count: 1273, duration: 430105 ms
[KTrussSpark] iteration: 18, invalid edge count: 836, duration: 419186 ms
[KTrussSpark] iteration: 19, invalid edge count: 526, duration: 412163 ms
[KTrussSpark] iteration: 20, invalid edge count: 355, duration: 401814 ms
[KTrussSpark] iteration: 21, invalid edge count: 219, duration: 413631 ms
[KTrussSpark] iteration: 22, invalid edge count: 147, duration: 401595 ms
[KTrussSpark] iteration: 23, invalid edge count: 86, duration: 407342 ms
[KTrussSpark] iteration: 24, invalid edge count: 72, duration: 408512 ms
[KTrussSpark] iteration: 25, invalid edge count: 56, duration: 408074 ms
[KTrussSpark] iteration: 26, invalid edge count: 49, duration: 412767 ms
[KTrussSpark] iteration: 27, invalid edge count: 36, duration: 416773 ms
[KTrussSpark] iteration: 28, invalid edge count: 36, duration: 414315 ms
[KTrussSpark] iteration: 29, invalid edge count: 42, duration: 413914 ms
[KTrussSpark] iteration: 30, invalid edge count: 22, duration: 409875 ms
[KTrussSpark] iteration: 31, invalid edge count: 11, duration: 410703 ms
[KTrussSpark] iteration: 32, invalid edge count: 6, duration: 406074 ms
[KTrussSpark] iteration: 33, invalid edge count: 7, duration: 412390 ms
[KTrussSpark] iteration: 34, invalid edge count: 10, duration: 404917 ms
[KTrussSpark] iteration: 35, invalid edge count: 10, duration: 415351 ms
[KTrussSpark] iteration: 36, invalid edge count: 11, duration: 415228 ms
[KTrussSpark] iteration: 37, invalid edge count: 11, duration: 409824 ms
[KTrussSpark] iteration: 38, invalid edge count: 15, duration: 407438 ms
[KTrussSpark] iteration: 39, invalid edge count: 13, duration: 421515 ms
[KTrussSpark] iteration: 40, invalid edge count: 11, duration: 399879 ms
[KTrussSpark] iteration: 41, invalid edge count: 14, duration: 405060 ms
[KTrussSpark] KTruss Edge Count: 696340351, duration: 84031753 ms
